Option                 	Type   	Value           	Range
redirectOut            	boolean	true            
classpath              	String	.               
randomSeed             	long	e9232493f22057d 
smallPrime             	int	two             	{two, three, five, seven}
abortProbability       	double	0.0             	0.0..1.0
nRuns                  	int	50              	1..inf
mode                   	String	exec            	{dot, exec}
someFlag               	boolean	false           	[1]
oddPrime               	boolean	false           	[2]
evenPrime              	boolean	false           	[3]
[1] requires redirectOut to be set to true if option is set.
[2] requires smallPrime to be set to value other than two if option is set.
[3] requires smallPrime to be set to two if option is set.
Option                 	Type   	Value           	Range
redirectOut            	boolean	true            
classpath              	String	.               
randomSeed             	long	e9232493f22057d 
smallPrime             	int	two             	{two, three, five, seven}
abortProbability       	double	0.0             	0.0..1.0
nRuns                  	int	50              	1..inf
mode                   	String	exec            	{dot, exec}
someFlag               	boolean	false           	[1]
oddPrime               	boolean	false           	[2]
evenPrime              	boolean	false           	[3]
[1] requires redirectOut to be set to true if option is set.
[2] requires smallPrime to be set to value other than two if option is set.
[3] requires smallPrime to be set to two if option is set.
