       1 3ba471c1785a0175
       2 402b73cd0066eaea
       3 41530f4040856586
       4  89a82931be29e65
       5 49a846e52b813972
       6 27fe2d950fc74b21
       7 19b6aa1b14a29017
       8 5ff50ec9279365d2
       9  85780661bf76533
      10 486e122d1bcbade7
      11  a410ce32fc39dfb
      12  745035c2b643033
      13  1e528010d3d2d54
      14 1690fa4e0c732f7d
      15 8d32a08e0d0b1183
      16 5a92477004cf57fb
      17 284ca782182a253f
      18 5e7dfc9e0a3af5da
      19 8e80db4b43867a5a
      20 7bb4b043219b1ba6
      21 636e772f0798297b
      22 433bb5b50b64a008
      23 66809a782bf43de4
      24 572341b810ffdb34
      25 2512cb9b3c34c93f
      26 72dad7a5374659e4
      27 79a5b58718b0a686
      28 6666de042dbcc690
      29 7d3db60a36899abc
      30 66b0c7572a7ff949
      31 7073195f4478074f
      32  e50486a02022728
      33 28d961ca0ac12e82
      34 3729e4b30cc61f61
      35 8102b494089e6116
      36 65ddd1b61aaa637e
      37 764cc9831b53a60a
      38 71accd072d9aba73
      39 73a8798b3335e38a
      40 44907dab3e7f0a55
      41 46e3ffb302d6b70f
      42 903dd74e32475186
      43 7974bf3b16645027
      44 6be018a71603cc94
      45  de8785f38307c43
      46 43e6dcdf22215f20
      47 7c984b5d1a209c21
      48 2a83b5bd2ae1ea70
      49 6685050840640de1
      50  2d6f6cd03d01cb4
      51 8b388ceb07e23410
      52 4f7e879b0e4cace2
      53 4c7f1e112f7be0ec
      54 10f631783dc7013b
      55 1be7db2e0056c237
      56 7ba3e1c53557bb86
      57 7f5be57033817337
      58 816d9a4b1fa53eb1
      59 5709fa3011381cf5
      60 8d21f4b907f41bc8
      61 8a0cfd0207a16674
      62 8eb96fde1c23c3e1
      63 3f1b50c735ccd873
      64 2d9150ba3b734bbc
      65 2d89e9db14cd4e33
      66 83eb485c157a76bd
      67 28d1f1a7209cde8a
      68 885136503d1f67bc
      69 1ea3cf211c7e0fdf
      70 74d7a32c045c0c2e
      71 5c0c21e3035866bc
      72 131df2271c378618
      73 8899551c24d493b7
      74 3003311528925804
      75 1bb021a0182cc1d2
      76 12f7e650353c15cc
      77 81eb89c705fcccfc
      78 4db8f48a384cfcbc
      79 89f23a52456a9b0c
      80 20e695942a96012a
      81 5460ba9a005203b6
      82 69437d8a0104ed32
      83 46d186dd4125cca4
      84 4c13e77638350c65
      85 82919b790367b5c5
      86 57b4573231ecaef7
      87 31303b36300e691c
      88 2166da561cdeb0ce
      89 7b2a0eac308fb13e
      90  8473fb630ae87ef
      91 23f089ed2556055e
      92 4dce0625017986b6
      93  377a2fb24ffde59
      94 5bf00c6a3d11f6cf
      95  701136a43c9f7c1
      96  af39d7b440c7619
      97 58d5d266207001dc
      98 76b004ab0082dd30
      99  2a290d33cc03f82
     100 51b2192d1171a160
     101  e33f5272c52bf71
     102 8a4a8b323494e5a2
     103 4e85c1cc3f124334
     104 6d528b3112757752
     105 4e85146b20c5c815
     106  b84de6836f46555
     107 7d75c42c1bd51f84
     108 6ea9b38108a80d15
     109 65429e920397dd38
     110 59738f243cc27517
     111 50bf4f3720291df2
     112 2cafbe4e0839a7c9
     113 6b5a1aad2e156d09
     114  f0cac4f1df2b6e5
     115 61332b73323be382
     116 1882e35e3e7cd6db
     117 80423a103b0344ec
     118 20c150d212ee4cc3
     119 2d9766e3151561de
     120 3a0a10b21ae15e75
     121  96b330c19f19d71
     122 1ccbb9572b3e3341
     123 688d117a0e13f58e
     124  9dc339743719e73
     125 1d1a22cb2b853961
     126 13a0925d0fc29fd5
     127 52906bc52be64052
     128 3ccb565d11aab186
     129 30b7f8f030c22f8a
     130 8c6d4b270d0ec7e2
     131 2a654f6c36e64fae
     132 2ccd7db115e2b146
     133 46e74a6630b09fc2
     134 29f82abd2be12950
     135 181c017d0b58f4e1
     136   d70461434217a8
     137  2785ca0067f97c2
     138 3440001829ae7f1f
     139    dbe1822ea5d5e
     140 6b3b77e519a5044a
     141 43a26828012dacc5
     142 3ac17c0a2f73dcbd
     143 45f8badb3ca0d883
     144 696819cb3b77b790
     145  e8d2dab326af877
     146 19c2f9b0443e619a
     147 8cd982f21acee05e
     148 49de621b3d9fec2e
     149 3757b6f140de9fff
     150 6732d0302bf1fa8e
     151 7570cae244d14c51
     152 7272cc2214f64421
     153 73274c6412b66546
     154 2b18082b1bd0dc96
     155  49bb4bb3c960eb0
     156 65f3554e0408f396
     157 301f42f142e726e8
     158 25c334f80aafdb67
     159 1de15f7b3c42c4df
     160 35dc77543612bbf2
     161 43506750339f1db2
     162 3a47a3200828273f
     163 5c0522670ac785d8
     164 1368684424c2ee47
     165 3ad1174c417204f2
     166  d2488fd015bf912
     167 4d468ce94468c2fb
     168 4f7d28d7358dd4d8
     169 1709ffac3a75c90d
     170 9039b49537389c85
     171 65de71562afd7ec8
     172 3fef422422d2797d
     173 254fa0b3215e47e2
     174 5aa6beba13be63fe
     175 6b9734f01b76c71e
     176 1ddd220736b088d6
     177 133202bc25957d90
     178  18af24e227cc295
     179 88af43883571af0c
     180 2618bb7730143131
     181 69bff9e70d82f564
     182 8cf8d97e436614c2
     183 7ab0a1a605b3cc06
     184 5b3027c638096b93
     185 16700b661d8c07f9
     186  66e23460230b15c
     187 13e5de2430b696f0
     188 7d4f70a92974fbb6
     189 3f8dc2a045229654
     190 6dca132d294a3762
     191  ad19b3f0f3643ea
     192 579327a812a74456
     193 165f1b7b12c4f187
     194  f808bd2425676f4
     195 4edf88a220ac2696
     196 4d1379510a99338c
     197 446f9f4c0e286e59
     198 59dc5a9b1e4edff8
     199 331cb36f3d83ebce
     200 65383ba340c441e3
     201 21a48b131218e9b4
     202 4e73dc6f40305258
     203 7c5927fa169e0bb0
     204 168d81e30335dd9e
     205 49450ca83cde7895
     206  723fa2d211ea96e
     207 8d1ff3982e89277e
     208 8969f6770ad8f9e9
     209 8b08903844a3d9a8
     210 515b32003bc83923
     211 1c34d35b0fb1a8b8
     212 7739fc872e571931
     213 8e73fa9806eb73a7
     214 8d5cd6cb1fc3d51b
     215 792ad69f3a881a33
     216 7911f06107325c78
     217 8799a0da1965bcb2
     218 5abd210333d3bd05
     219 129f94f833eaa363
     220 5408ac572ce054da
     221 6137f3b7174e4d00
     222 897b47461526274e
     223 283525310acbb186
     224 14faf94e30c228ab
     225 8ca235f80b2ba832
     226 1e722f5a2e3246cb
     227 1ab62a5c1371cfa2
     228 17e53a7239074211
     229 20f830a712258457
     230 1b72057724593755
     231  31549410f32ace9
     232 29529ebe2f7dce02
     233 598c254038951c1d
     234 1503a0cc07b8efa5
     235 5ab4c8af41d20948
     236 71351a7b028cd852
     237  ef07da83b6a082c
     238 46e218d8023ed12a
     239  e03f77a3972db5e
     240 8b9a2f0d3c407ad2
     241 1a8b27ef21bc09e0
     242 1686eb9202b677bc
     243 84e2d56820e2d576
     244 78628c8a3aa119c2
     245 4f47bcfc07135341
     246 6a9b92a316ddd163
     247 52b83f76398297cd
     248 23ccba1e29b1b792
     249 68fd5a1a326b7351
     250 32d3fda71fac61bb
     251 8f162c521ad7cc1c
     252 1900dcb8380f8b97
     253 7c8220782657213f
     254 12514dba0921c407
     255 2bd8939b35d73551
     256 5343e66b0ea50527
     257 81fb0526016a54d5
     258  2e7fe91174cc1fa
     259 8f99fc603547116c
     260 8e5e12f904c92f07
     261  ab4667f0ceaa0f9
     262 39d184cb2c3670ba
     263 4ae8e1141ef64256
     264 7ef7dc1c12385dd6
     265 7c2a867319c5e918
     266 4bd8515540058145
     267 2de177b523818395
     268 4387171e24240011
     269  d0a9ed50004cf74
     270 5999026738fa8c44
     271  15b45d82686a63a
     272 276626f32da7f4a6
     273 15f8d11143320587
     274 75ef65f10184e762
     275 3981d5c83f8d1c24
     276 7898688907bae2cd
     277 3af868c93e4af5ca
     278 3b1c45694382496a
     279 2727c32d142a30a2
     280 6e19849c0d5b92ca
     281 4ace92152851287b
     282 5268056b0b1e70c1
     283  30ebb4b1ef80d6e
     284 69a704d103b06558
     285  2b7f3601bd5bf30
     286 8949d5173482fad5
     287 7834dfb844e4d512
     288 7e33baac3a85c684
     289 694dcebf36865bc5
     290 74a0a5a41934c216
     291 5d70a4e4354ec414
     292 5d043ef435daf38e
     293 23836f1842e5263a
     294 3eab345b0a801105
     295 1d88e7fe04acba10
     296 82de24b6331a89ac
     297 14b5f18425d040da
     298 883d63d911d005f0
     299 38538c3e01a18cd0
     300 4f1c9dc126ace2a1
     301 58fd93453e3efefc
     302 5313904a4608d4fe
     303 5165216d3a804968
     304 12db571a14299b00
     305 31226c852a928429
     306 3d3783af244cad62
     307 4a48affe2f9f1eec
     308 63475976087e615f
     309 327774ad1abe702e
     310 41d15d6c1ecfbd1e
     311 34b3531d33f16c2f
     312 2ee29b981db6dca1
     313 57c5803a3c991606
     314 48558f8f060cc279
     315 50fb99fc3569e1dc
     316 56dd39573e08f229
     317 2058cb8c428320d8
     318 72d25cc409059603
     319 3454bf362933bbf5
     320 6bdd017a339fe3c3
     321   d5a6e73e8eb28f
     322 5e266594310b253e
     323 394d47da0a3ac86b
     324 288851b7370bedaa
     325 2e189c974146f82b
     326 58555807442990b6
     327 31a8633427bf4109
     328 37f621fc11dcf08f
     329 132be8524212588c
     330 830d7ccd185235d2
     331 466703220ec855f2
     332  1c4af59179b1668
     333 62e9fd450627881b
     334 8edf14362561f097
     335  b67390542149e91
     336 202a3e742b8d7564
     337 233afdbe203e32cd
     338 8f2316280df40e4e
     339  c80258b03edda54
     340 152da2833bf7362d
     341 5bac6ce80ee17807
     342 3d6f86d420f77b11
     343 4c0eca6321cd3c47
     344 722afea9108e61fd
     345 8fa7f57b1ae9dd9e
     346 8a7a6f1a3cde9049
     347 3eacbc2427a149ae
     348 6a21a970143cc201
     349 5f94e9113548fa8c
     350 8379878d44d0c908
     351 4c776c4e37374750
     352 3d18987513966037
     353 560095151a6d2ec6
     354 54194b9d0cd8dc4d
     355 2aa7a77e3c81f2e8
     356 5e7bbd5542b79501
     357 6acdd65828ed1907
     358 78e9d4e506dfe51d
     359 78189ad63eed8def
     360 575859de26fbf39d
     361 32b2136642e9360b
     362  af187880ed82859
     363 4c7421b90b1500a8
     364 13063155002e2f95
     365 1bd41ee30d119cbe
     366 116c76ef2b0cfc71
     367 431749734555f45c
     368 296f1342431dca15
     369  add2f81378127ad
     370 1acc16c60ae5eb91
     371  cd8d20240b34e35
     372 76774faa157b2f43
     373 2cf0c3310cfb2c6b
     374 6e1bcc090c33306b
     375 73192dcc0d4c6fa3
     376 19d5fbc51ea9823c
     377 8e062da223c53969
     378 19be65780fc4ca95
     379 393d37f637a41c54
     380 1f918d2307c809e4
     381 4f9db2ec02b77708
     382 64ee726920b16537
     383 408a61ff1bcccbe1
     384 3747e22137ff581c
     385 7f8f86d0183368bf
     386 4c0ccadf1cc50de3
     387 7270f18303d085b5
     388 883d312b24b94a60
     389 1bbce2e0146da2b9
     390 7ffb299c2cb1843d
     391 177950f724522dc1
     392 2dac3cc80c9136a2
     393 22499bb40f016b31
     394 57d53f1d1d70f451
     395 239a8aba431a9cc0
     396 4e41a9e42b0dbf1a
     397 5fd63cc5347cff2d
     398 22481ca34616408c
     399 1027912311bab9d6
     400 51df4782330aa89a
     401 2856c6312e4eff2a
     402 6fcd026f4615676e
     403  15fdf541c68ac75
     404 7dfadad32f5dfef8
     405 7b70ee854607acdd
     406 868d1ffd2f7ab917
     407 120bf55232d650aa
     408 8a62d0ad1627e3f6
     409 75b771573e9c9707
     410 3fefe266297b5acc
     411 7fb67bc518f0513b
     412 45d21383164f9d60
     413  b01f68d2b39844f
     414 8b147ad624571de9
     415 454b4cda08373327
     416 2b5a6ab50e0cae67
     417 3c31bf972fe6b83c
     418 6c13c120329a2aa6
     419 6cf1a2330bb6ea7a
     420 5b7fa3dc4066add6
     421 5c6f50bb2fbf1746
     422 2d8aa9220664999f
     423 5f68ac7c2a318214
     424 614cde4423ba4871
     425 7d61cb3013e5ad0a
     426 729ed4112f86e305
     427 77a0fd973e5a7f16
     428 8f0d6a8f22e7f93a
     429 3c1cb3b44473e107
     430 655f30f03dce80a3
     431 1b9b77cf235502be
     432 4395af8200c0f2b5
     433 63015fe742a95750
     434 3619a8c017fb6ba9
     435 5f316cd91d91f2cb
     436 3d67143242af7f01
     437  b64a5e922e238ff
     438 5d9727f50fa7ac92
     439 168a91142f65e947
     440 51d6d7be40127f95
     441 79b3aec4230adca2
     442 629668173c9961aa
     443 3ab804051ad33db9
     444  244b0c510f3faa3
     445 63b7531144d6f5e3
     446 2edc05b043892dc6
     447  335840c0c92b569
     448 4a7cec2131d37362
     449 8533b4051fb10c73
     450 658d2b40036b75a1
     451 186622cd204ecbbb
     452 13a1ae7b37f4ecbe
     453 626cd41441062754
     454 77a29ea00acd8346
     455 597b8742240e34ad
     456 4c4cf38d0e77e81e
     457 896381213fc0cbd7
     458 48d80fec37fcbcf0
     459  8fb90a433e4e2fc
     460 51979c3f3e580aa4
     461 5823d76e02ec6998
     462 798694411d00926c
     463 53a1d82f283766c0
     464 79f36ee81c38c437
     465 3e90771b35e47768
     466 433048a320cbf664
     467 28f9be0b43ac780b
     468 6b344b7c20f8c91c
     469 2a952110373ca1b8
     470 12a6ba252c6b10bc
     471 69013bd30498cf2b
     472 21bfa28c38e68408
     473 5bb18d2b2443ab66
     474 4fa272542f139823
     475 407e741629c94c03
     476 417c3d8414e0bcb9
     477 22b3bca033d5a4b0
     478 6a6780532d3bcad5
     479 4863bc7237b5cdcb
     480 6a4db32538860925
     481 650eb47a02833216
     482 65cf0b180dc1ad63
     483  64272a72f9f4eb1
     484 40acfcc1159d2cef
     485 8e947bd50c577a4d
     486 45db28f121975267
     487 1718a0b416a20bc7
     488 5aa740ec033c2ed2
     489 249fbb730cdc10dc
     490 69bdb6ca04a1799c
     491 671d02972166ad61
     492  176670c2f9ed5b6
     493 3a2105623ab2bc7e
     494  3098f5333c59612
     495 50d97c1429380565
     496 45fe750d017b76c8
     497 42079853209fcffb
     498 55ed6c12391fc10f
     499 3cf6c94f3506a7cf
     500 718f3e5d2e173fb6
     501 232e55b4117fdaf7
     502 30588a023c2408af
     503 4dd9eb2a0262ccd4
     504 84a862133841fca2
     505 37536e73456376e1
     506 3e4e347e20a6f1b3
     507 1d9ca5fc42629a96
     508 5da1f1f82a759542
     509 887f1c5928fedb15
     510  ffe39003c2c5d8e
     511 202770fe19b24c8c
     512 3fbd585515064d72
     513 31d44a9a154574a6
     514 2a156afe2009ed25
     515 3c5aec4341225999
     516 8546d3d5189c16f2
     517 777f37a3064d703c
     518 1f62f95a1ed3810d
     519 8ca9054c237200e3
     520  2fd78d5003e7c62
     521 4429625a2229aade
     522 377b3b132eee3b89
     523 21532246105a3fbe
     524 135590091181efba
     525 5140370641d7d7a1
     526 1f0a42b63b39aa27
     527 25a1dbb02ebc1169
     528 7bed40d104c8558c
     529 2490a1a6177f0888
     530 5b2fd1a60257f1ff
     531 7643b84542775c07
     532 67f2da901946eea7
     533 7b4b0d02418c5776
     534  756f11d1805da6c
     535 88033c3b3bfde1c5
     536 21fa6c363e02a78d
     537 3d0ae4202e052812
     538 80afce2a0b019fa5
     539 744cafe92bd90c91
     540 633baadd0373bf29
     541 6062c7e03480f643
     542 70c05b4243a37b70
     543 337afed221e776a3
     544 8fbed79c2095c6d7
     545 79a0beba369d0dc5
     546 6b9753ea03c8622d
     547 2f5676911af6ffd8
     548 42e260cf46451e76
     549 369c67c9085e0f25
     550 3a8bd80d0428e1ee
     551 79e027e03e0db288
     552 167ed4c03109388d
     553 7803593e0f886b19
     554 3257f2711d6a5d58
     555 88c332b019a358ea
     556 1c9852f3186bdec3
     557 2ecad2433d2f075b
     558 769c1c4502056b9f
     559  ff2dee91d8f1db5
     560 7dbe8d830828e41f
     561 4fd438793ea7cbd8
     562 1fdb897537fd0227
     563 4d8a50d800978e2d
     564 2d9af622270cbca7
     565 8ad8418c33d0c53c
     566 24fa2d44362c3e90
     567 1988f5de112f232c
     568 8ab1d19609a916ef
     569 763ae137064c8e59
     570 7f0bc5c92718d81c
     571 6f92ae7c3b5b57d8
     572 626dc06e1820bedb
     573 6c8d2f8b346b9e90
     574 1ad21c902b8d216b
     575 101cd1e2092ddefd
     576 766545ce3d3ee63d
     577 2760f7e33f3cde4e
     578 8bd5837b3d0f0b9c
     579 4a2ba948033085cf
     580 5f7e38b324c06de0
     581 1ffc50e91e2dbac0
     582 2da45f8d334afa2d
     583 35e6ae7944b6af5a
     584 626bd5873029acd6
     585 7873e6ca2f78b709
     586 8230c14d3245d848
     587 6d0b1ac53b6778c5
     588  f1a37d8212bd6f7
     589 1f8076b23b0ad85b
     590 42f4ee823b6cb97a
     591 868b364632f18d8c
     592 1e9e294126e0b6b1
     593 17459a47322da430
     594 57074e642d18a12d
     595 2c38be0b2c44d928
     596 6b344ebb3ba4f8c4
     597 2c69e5e7445390e4
     598 81b0682827cbe393
     599 3ac1ba183e8177bb
     600 68fa0e9920e2caf1
     601  83c75bb37bd7232
     602 426981ef1f5d935d
     603 494bfd7028799a6d
     604 8ef73c3b2a6a3889
     605 21fa732a0f874b3a
     606 40f6fe3414a96da7
     607 8f65c44a1e1e02d9
     608 6ebab1bf00c857ee
     609 6444c61118268f28
     610 6fbb313d2751c4a6
     611 1bc6f1c03602ff31
     612 885f438646175b52
     613 26179a5519153bb7
     614 570f42f41066cc45
     615 25c50d23381ac3f6
     616  769392035d2b8fa
     617 2039758932ce5ff2
     618 424d656a1a5a5a6e
     619 39357ac718d670ba
     620 454284d41ef62ef6
     621 4aee00360ce60fd6
     622   1ec114045983c6
     623 6cea715224315639
     624 3fed078c17aeac01
     625  44218592f3e1dfe
     626  dbc10c3083d029e
     627  9749db700b80d9d
     628 58f7a98303bd2fc8
     629 5f9f8fb20d1fa23d
     630 510f6fa12c8f6e2f
     631 3ef8aa181e43753f
     632 5ff382d02033fbf3
     633 49cb074345334e23
     634  418f44615764223
     635 89cb94ce122a5266
     636 53f1724916a1b60a
     637 407843e231ffb5c1
     638 264b382a31ebc44f
     639 1faecf8535eb249b
     640 75100d3b0a0e085b
     641  7771243024b887e
     642  a4d34f2257d1dab
     643 1ddde18f08262ced
     644 7f3d11840c56e036
     645  9e1ee613d94e136
     646 86785faa3ddb6274
     647 35f763321b0aba1b
     648 37f50579331da57a
     649  31686962d73453d
     650 4beb969c13047e83
     651 54f5d1e722bf6df4
     652 76685cb41e3336ff
     653 344bbc3c0f1b07e3
     654 6a2f28e7022a980b
     655 171320ee29c2879a
     656 129378b1253ea5e2
     657 4415232c2d8fc7de
     658 13d7712136e556ef
     659 3fd10a6017e0bb95
     660  5da813133857470
     661 48e092f31ffb3685
     662 52e53e8b0ef9878b
     663 234829e8253a6c69
     664 17a3d3701dc6bc0a
     665 7745d09333a59ce6
     666 75a8b3902b181f85
     667 654b1bb808a862a8
     668  fa343c31b18cd28
     669 26398a9e38592798
     670 4e31e1070ae027d9
     671 7ef08a100af1d4b0
     672 4de21f803a6aa1f1
     673 11c539622c7abbba
     674 205ebaf7338fb29a
     675 6977bfad310e1faf
     676 6c20576c08b3f1be
     677 3151076c42658813
     678  42ffc9d255ffa55
     679 8e7ff09444c19def
     680 87b67b332b60f971
     681 457fbfa1448304b0
     682 6c196e880149db83
     683 3e5a41e13c4a6c39
     684 2529d3a31db9a41a
     685 7762a3042d1281d9
     686 5bf5940623aa16e2
     687 5380726b0649164a
     688 408b7163061f3969
     689 3ff672260fc4acef
     690 4064718c2f7f7474
     691 400d92d01ffc4bbf
     692 52d1775d14ce05ac
     693 435597f6018ee28e
     694 55b8f73b3e39a1ee
     695 8b76eceb2c79ec99
     696 85a5e7d940fbf249
     697 82c9ada6428bedcb
     698 61f51bdf415013fb
     699  fb9406c057d21c0
     700 24573c050945117d
     701 21db926404cdae55
     702 52946cdf2fe1bd5d
     703 3d6a6a0b3402caf1
     704 3bd1ebed37bd8552
     705 85165006249e4d5d
     706 2d24b78c153fbfae
     707 678a359034a58f9f
     708 1e375f9a27729055
     709 35edf46127a48002
     710 89db01b62328b444
     711   f79d8131831068
     712 58d92ae00481c203
     713 182feeb935497771
     714 86aa121020ce6e99
     715  a30ef3a1e60869e
     716 86f2c8fa24f963c0
     717 715f957c1b65d0f9
     718 5453813b39657f35
     719 48e6858622f077f5
     720 4b526cdc20f29d80
     721 3d68b18e2b4258f2
     722 6428f0a6186e22e2
     723 87c0783e0994cb0e
     724 43d4b92e37c551f4
     725 687617b216828c05
     726  d5e407826753612
     727 245dfe960ed9f815
     728 8f9cefe344235369
     729 8752a3b716e90af3
     730 5c5a9d610301f4d9
     731 58c77923433fdcd1
     732 4455b8223ca66a8f
     733 67deea471d44a356
     734 84286efd2cdcac24
     735 3e9c59ed2f47d01c
     736 32ba70d13928e007
     737 3fa408733d882558
     738  4c466cf0a41f908
     739 39fe9fab44660cc1
     740 5a11e721038106b6
     741 8261b69a01d7e061
     742 6702078b3da0a627
     743  441af052da2d3d0
     744 62ba9d4e3a2d3ea2
     745 58bcc7b8113418cd
     746 70a9c33406cfdf44
     747 6e1dc0fd3d52640f
     748 6cdde5e21b7b9c02
     749 81add68f2ad9681b
     750 7908f2541c981549
     751 88b31d7c05d8b968
     752 10a2608f32ec6658
     753 36781b491c1c3e6c
     754  f647769112525dc
     755 435c19750a660de5
     756  e5c845903d0fff6
     757 4aa866dd464d44b0
     758 3a06cb4d12dddd4d
     759 72aeec9b3cc848ed
     760 8578ae411407d4d8
     761 624c8e213a75a787
     762 502d3dd52e037ea5
     763 22e17c8a22c8df93
     764 4640d77b3d6832b8
     765 798dd7b30dee66e8
     766 79ada1f81c43a66e
     767 5b5e68652db632a3
     768 3ae3fccb0de892a6
     769 8e9a1a26284745c8
     770  ec0a830132aa6c7
     771 5ee00a702dce9b5a
     772  5e3a6d02aab55ee
     773 5e197133179a190b
     774 3fdb7c0406e0ed0a
     775 45f55d7f411ad600
     776 34be0f0c3ac7211a
     777  87d20aa0917aee7
     778 126d0e373009db47
     779  804d6fc3c3a2039
     780 7945f56008d9e40a
     781 8a6b1da53ea207f9
     782 10b983180230d272
     783 49f3559139ccf1d0
     784 3044f26c426aaacc
     785 88c05e902ee96a2a
     786 355851d01d28d809
     787 2e26c3a83b5615f8
     788 6e5eee0e0608e8d6
     789 8649f21c3ff34ce8
     790 889393c5151fb873
     791 535bf46032a92b0f
     792 89da8ebb0bd3c159
     793 5084448d351acda3
     794 26abbe59387b0a0a
     795 6b60492c02c2179b
     796 29472e6c067bc532
     797 1a2ff3933629521b
     798 8966b17a168d4099
     799 641df47011be1c5d
     800 89e3a60d07ca5cce
     801 5dabf538197d5c2a
     802 8a5471a31950629d
     803 401ad62f1b15d860
     804 78d289613b6df915
     805 4d7f619b4469cffd
     806 370f861239207179
     807 4ba154711f2ac4f0
     808 2fa27dfa36174a2a
     809 47107b2c145edf37
     810 457b8c1c3d4edf8e
     811 4f097cf73d66edae
     812 467e8058414817c6
     813 48666a960687d328
     814 3c205fec39fef307
     815 361c53ec42c0162e
     816 2f5761e80617c520
     817 373ad77f36246017
     818 79900a511a648754
     819  5d244c9252b5ca4
     820 26cd4c431971f06b
     821 2b051e4842087ce1
     822 1115168d224cce58
     823  cb8a0ea38acadcc
     824 5ac5acb22fbc506c
     825 616b4fc71616d97c
     826 2d010a0a3bbbf4d6
     827  5a9eb1b433f429b
     828 849fa3bc124b75af
     829 5c5d6cbb2052b2fb
     830 3d5625103128b0c2
     831 14e870e6308c79c8
     832 3fafc33e2172ef0c
     833 6e23341d41a81d32
     834 1d661e0808050d48
     835 10f0eeae03a5de85
     836 86a3d64e3d1deb35
     837 78e44ca1409a3bad
     838 2b3a76ed106434aa
     839 4316426f0e770184
     840 2579f29d006a9fb7
     841 88dbf7de2bddf39a
     842 8bd312e942e867fd
     843  aab5d641c8feff8
     844 34ae98af41e8ea0f
     845 5621447540498098
     846 269e3a1e2351ffc9
     847 20c8dcec46410821
     848 7c9f7d94023bd691
     849 46d73e533aeeb58b
     850 232886e231dcf85e
     851 4c1695da4437833c
     852 54886280240baef7
     853 3790bb08300e5b3b
     854 69816dd8190ed47e
     855 3df6f7193a5cf46e
     856 8b63a7374322b0bc
     857 5e5410f2308ae5e2
     858  98f71963f23d32a
     859 4013001539ffb843
     860    c18b0329c20ef
     861  ded203c090bd74c
     862 122f06893b2218cb
     863  3afd06006cf7c92
     864 758b7b0f2236e06f
     865 456b5eb23da49ee6
     866 356b3c6d2ba4c984
     867 22164e2037593ce4
     868 2c122d3610b99699
     869 19811738295cf689
     870  d191f7943b6aa2c
     871 11c105ba2ebd7976
     872  33b0b0b215c679d
     873  63ababe1c75706c
     874 69577e281ee0c635
     875 472aa7bf36708d70
     876 5ea0848126d90970
     877 4abf47890297b9d9
     878 285ab1f0330b6c67
     879 646023ca1dc63d3b
     880 1430b23a10d16236
     881 6489cdfa1af985b1
     882 7431801324b84849
     883 483fabfc13dab188
     884 6104929b30c2be5a
     885 52b3b297344848e2
     886 64be82a21404c6e8
     887 49b1193036a1ac84
     888  e359e612f6237e1
     889 595793fe0f592bb2
     890 537bec850c0062f9
     891 856c26081b2f0fd0
     892 15749eb40457ec2f
     893 59866d4840dead07
     894 3da5ac0e2f863d0e
     895 610eaf6310c517e6
     896 62f000a906906ca5
     897   5fb8411dd71820
     898 67f0230806a067d7
     899 13c346381c8543d0
     900 279c60bb12a02d85
     901 3691044f0c80aa30
     902  26e6af82ebe5b80
     903 3c5762261921c6be
     904 375ddded36962881
     905 7d308d920b2024e6
     906 4fdcae120a227700
     907 6231d53e20af3a22
     908 784ab89f0ff7974f
     909 6825a181298ef2a7
     910 5b1b360e42a5a7be
     911 1e7e66d92e12a205
     912 3a045d7f2c802da2
     913 34be031b0c88bb20
     914  1c0aad133654688
     915 605ba179135f6de5
     916 5b16aafc1e2f08ef
     917 60743c72027442df
     918 22194b36125de224
     919 2a6d5b3f3e1c959d
     920 337907442917ed2c
     921  4196e5d41244ed7
     922 3e41983e15a7ae54
     923 55e18faf2fe187e7
     924 510db4a82553d211
     925 65e8e9f539b270a3
     926 83fa2b651eeffea2
     927 187b206745effd8f
     928 124752ba45a49c9f
     929 2eaaa0912b04b154
     930 5a939a2330b48d44
     931 56f342ee26ccedf4
     932 25c1aa91415b3b0c
     933 6037ab3a1037fd1b
     934 60973b0145848aa7
     935 21492400261543b4
     936 144ee54912988655
     937 81572f3f24e54b28
     938 1aa7522e14a49165
     939 2e5baf8527ef2234
     940 6302fbe80965102f
     941 8e1a352a0471f215
     942 1dfdfc54427d6901
     943 8e56dc711cd758cd
     944 7c5a88af1863eae7
     945 4d1afc214084aa93
     946 8e3a46a32ed9c074
     947 27d9371534dc0b19
     948 1f128f76030c82ac
     949 50ed567823e3e0cc
     950 30c748253dbe2ba3
     951 28b297f40bfc72ae
     952 55b7bbc61f7f765c
     953 69ecb9ed2082443f
     954 68e1fc2112beae32
     955 8e3a626a2fd82e5e
     956 37848bb40cbc6138
     957 4ecec4581ab3be3c
     958 6ec256e6343ff573
     959 31057318436a5a2f
     960 40ece5dd18c54c1a
     961 81aad89114e6fce5
     962 7a2ae5234575ba76
     963 814225853336ce55
     964 152ab4cf38abebc6
     965 65feae1140c20a8b
     966 62315af702e58e32
     967 3350a180270e1e85
     968 5b1a70d008620e9e
     969 3fa3a06a0403cdc2
     970 5a7dab1d38835ca3
     971 6086d9621971bd73
     972 7aa0a9b83408bf61
     973 5fbd971834908858
     974 553bd8952572e010
     975 7a2cfa583d8a8a72
     976 8d38a8442606ad2a
     977 5eebd11c2f8fbf26
     978 75f5e36734804f6f
     979 8047ab3415d16130
     980 6093f89b1ab194d1
     981 8c3d882628dfc201
     982 4ccdc3d335490f2f
     983 6e774e58042bcdf9
     984 2c32108f389277fb
     985  95766d920f45902
     986 3a04485818727d94
     987 28cf661c227dceb2
     988 3999ca4b38c5661d
     989 721d625c1c0c0fd5
     990 377c89d904594c9c
     991 4dc2d17d150a9d19
     992 762c8a072b2602da
     993 4ddd030b00c8ab46
     994  1b7bd602f0aaaa8
     995 6ad3ae172edf738a
     996 6234c2421fbc05ff
     997 6d952f4601a5b96c
     998 1aab314b32ed7b65
     999 1bce826e21e4607d
    1000 49937aec1a8076f4
[INFO] 1000 tests executed, 1000 ok, 0 failed.
[INFO] 7 states covered (100 % out of 7),
[INFO] 17 transitions covered (100 % out of 17).
[INFO] Random seed for next test would be: 4557745f20abfec0
