[DEBUG] Adding ../../build/modbat-examples.jar to classpath.
       1 1
[DEBUG] modbat.examples.CounterPosNeg-1: Registered state transition from zero to pos
[DEBUG] modbat.examples.CounterPosNeg-1: Registered state transition from pos to pos
[DEBUG] modbat.examples.CounterPosNeg-1: Registered state transition from pos to any
[DEBUG] modbat.examples.CounterPosNeg-1: Registered state transition from any to any
[DEBUG] modbat.examples.CounterPosNeg-1: Registered state transition from any to any
[DEBUG] modbat.examples.CounterPosNeg-1: Registered state transition from zero to neg
[DEBUG] modbat.examples.CounterPosNeg-1: Registered state transition from neg to neg
[DEBUG] modbat.examples.CounterPosNeg-1: Registered state transition from neg to any
[FINE] Launching new model instance modbat.examples.CounterPosNeg-1...
[DEBUG] --- Exploring model ---
[DEBUG] modbat.examples.CounterPosNeg-1: Current state: zero
[DEBUG] modbat.examples.CounterPosNeg-1: Possible successor: pos
[DEBUG] modbat.examples.CounterPosNeg-1: Possible successor: neg
[DEBUG] State pos in model modbat.examples.CounterPosNeg-1 was visited 0 times.
[DEBUG] State neg in model modbat.examples.CounterPosNeg-1 was visited 0 times.
[FINE] modbat.examples.CounterPosNeg-1: Executing transition zero => pos...
[DEBUG] modbat.examples.CounterPosNeg-1: Current state: pos
[DEBUG] modbat.examples.CounterPosNeg-1: Possible successor: pos
[DEBUG] modbat.examples.CounterPosNeg-1: Possible successor: any
[DEBUG] State pos in model modbat.examples.CounterPosNeg-1 was visited 1 times.
[DEBUG] State any in model modbat.examples.CounterPosNeg-1 was visited 0 times.
[FINE] modbat.examples.CounterPosNeg-1: Executing transition dec...
[DEBUG] modbat.examples.CounterPosNeg-1: Current state: any
[DEBUG] modbat.examples.CounterPosNeg-1: Possible successor: any
[DEBUG] modbat.examples.CounterPosNeg-1: Possible successor: any
[DEBUG] State any in model modbat.examples.CounterPosNeg-1 was visited 1 times.
[DEBUG] State any in model modbat.examples.CounterPosNeg-1 was visited 1 times.
[FINE] modbat.examples.CounterPosNeg-1: Executing transition dec...
[DEBUG] modbat.examples.CounterPosNeg-1: Current state: any
[DEBUG] modbat.examples.CounterPosNeg-1: Possible successor: any
[DEBUG] modbat.examples.CounterPosNeg-1: Possible successor: any
[DEBUG] State any in model modbat.examples.CounterPosNeg-1 was visited 2 times.
[DEBUG] State any in model modbat.examples.CounterPosNeg-1 was visited 2 times.
[FINE] modbat.examples.CounterPosNeg-1: Executing transition any => any (1)...
[DEBUG] modbat.examples.CounterPosNeg-1: Current state: any
[DEBUG] modbat.examples.CounterPosNeg-1: Possible successor: any
[DEBUG] modbat.examples.CounterPosNeg-1: Possible successor: any
[DEBUG] State any in model modbat.examples.CounterPosNeg-1 was visited 3 times.
[DEBUG] State any in model modbat.examples.CounterPosNeg-1 was visited 3 times.
[FINE] modbat.examples.CounterPosNeg-1: Executing transition dec...
[DEBUG] modbat.examples.CounterPosNeg-1: Current state: any
[DEBUG] modbat.examples.CounterPosNeg-1: Possible successor: any
[DEBUG] modbat.examples.CounterPosNeg-1: Possible successor: any
[DEBUG] State any in model modbat.examples.CounterPosNeg-1 was visited 4 times.
[DEBUG] State any in model modbat.examples.CounterPosNeg-1 was visited 4 times.
[FINE] modbat.examples.CounterPosNeg-1: Executing transition any => any (1)...
[DEBUG] modbat.examples.CounterPosNeg-1: Current state: any
[DEBUG] modbat.examples.CounterPosNeg-1: Possible successor: any
[DEBUG] modbat.examples.CounterPosNeg-1: Possible successor: any
[DEBUG] State any in model modbat.examples.CounterPosNeg-1 was visited 5 times.
[DEBUG] State any in model modbat.examples.CounterPosNeg-1 was visited 5 times.
[FINE] modbat.examples.CounterPosNeg-1: Executing transition dec...
[DEBUG] modbat.examples.CounterPosNeg-1: Current state: any
[DEBUG] modbat.examples.CounterPosNeg-1: Possible successor: any
[DEBUG] modbat.examples.CounterPosNeg-1: Possible successor: any
[DEBUG] State any in model modbat.examples.CounterPosNeg-1 was visited 6 times.
[DEBUG] State any in model modbat.examples.CounterPosNeg-1 was visited 6 times.
[FINE] modbat.examples.CounterPosNeg-1: Executing transition any => any (1)...
[DEBUG] modbat.examples.CounterPosNeg-1: Current state: any
[DEBUG] modbat.examples.CounterPosNeg-1: Possible successor: any
[DEBUG] modbat.examples.CounterPosNeg-1: Possible successor: any
[DEBUG] State any in model modbat.examples.CounterPosNeg-1 was visited 7 times.
[DEBUG] State any in model modbat.examples.CounterPosNeg-1 was visited 7 times.
[FINE] modbat.examples.CounterPosNeg-1: Executing transition any => any (1)...
[DEBUG] modbat.examples.CounterPosNeg-1: Current state: any
[DEBUG] modbat.examples.CounterPosNeg-1: Possible successor: any
[DEBUG] modbat.examples.CounterPosNeg-1: Possible successor: any
[DEBUG] State any in model modbat.examples.CounterPosNeg-1 was visited 8 times.
[DEBUG] State any in model modbat.examples.CounterPosNeg-1 was visited 8 times.
[FINE] modbat.examples.CounterPosNeg-1: Executing transition dec...
[DEBUG] modbat.examples.CounterPosNeg-1: Current state: any
[DEBUG] modbat.examples.CounterPosNeg-1: Possible successor: any
[DEBUG] modbat.examples.CounterPosNeg-1: Possible successor: any
[DEBUG] State any in model modbat.examples.CounterPosNeg-1 was visited 9 times.
[DEBUG] State any in model modbat.examples.CounterPosNeg-1 was visited 9 times.
[FINE] modbat.examples.CounterPosNeg-1: Executing transition any => any (1)...
[DEBUG] modbat.examples.CounterPosNeg-1: Current state: any
[DEBUG] modbat.examples.CounterPosNeg-1: Possible successor: any
[DEBUG] modbat.examples.CounterPosNeg-1: Possible successor: any
[DEBUG] State any in model modbat.examples.CounterPosNeg-1 was visited 10 times.
[DEBUG] State any in model modbat.examples.CounterPosNeg-1 was visited 10 times.
[FINE] modbat.examples.CounterPosNeg-1: Executing transition dec...
[DEBUG] modbat.examples.CounterPosNeg-1: Current state: any
[DEBUG] modbat.examples.CounterPosNeg-1: Possible successor: any
[DEBUG] modbat.examples.CounterPosNeg-1: Possible successor: any
[DEBUG] State any in model modbat.examples.CounterPosNeg-1 was visited 11 times.
[DEBUG] State any in model modbat.examples.CounterPosNeg-1 was visited 11 times.
[FINE] modbat.examples.CounterPosNeg-1: Executing transition any => any (1)...
[DEBUG] modbat.examples.CounterPosNeg-1: Current state: any
[DEBUG] modbat.examples.CounterPosNeg-1: Possible successor: any
[DEBUG] modbat.examples.CounterPosNeg-1: Possible successor: any
[DEBUG] State any in model modbat.examples.CounterPosNeg-1 was visited 12 times.
[DEBUG] State any in model modbat.examples.CounterPosNeg-1 was visited 12 times.
[FINE] modbat.examples.CounterPosNeg-1: Executing transition dec...
[DEBUG] modbat.examples.CounterPosNeg-1: Current state: any
[DEBUG] modbat.examples.CounterPosNeg-1: Possible successor: any
[DEBUG] modbat.examples.CounterPosNeg-1: Possible successor: any
[DEBUG] State any in model modbat.examples.CounterPosNeg-1 was visited 13 times.
[DEBUG] State any in model modbat.examples.CounterPosNeg-1 was visited 13 times.
[FINE] modbat.examples.CounterPosNeg-1: Executing transition dec...
[DEBUG] modbat.examples.CounterPosNeg-1: Current state: any
[DEBUG] modbat.examples.CounterPosNeg-1: Possible successor: any
[DEBUG] modbat.examples.CounterPosNeg-1: Possible successor: any
[DEBUG] State any in model modbat.examples.CounterPosNeg-1 was visited 14 times.
[DEBUG] State any in model modbat.examples.CounterPosNeg-1 was visited 14 times.
[FINE] modbat.examples.CounterPosNeg-1: Executing transition any => any (1)...
[DEBUG] modbat.examples.CounterPosNeg-1: Current state: any
[DEBUG] modbat.examples.CounterPosNeg-1: Possible successor: any
[DEBUG] modbat.examples.CounterPosNeg-1: Possible successor: any
[DEBUG] State any in model modbat.examples.CounterPosNeg-1 was visited 15 times.
[DEBUG] State any in model modbat.examples.CounterPosNeg-1 was visited 15 times.
[FINE] modbat.examples.CounterPosNeg-1: Executing transition any => any (1)...
[DEBUG] modbat.examples.CounterPosNeg-1: Current state: any
[DEBUG] modbat.examples.CounterPosNeg-1: Possible successor: any
[DEBUG] modbat.examples.CounterPosNeg-1: Possible successor: any
[DEBUG] State any in model modbat.examples.CounterPosNeg-1 was visited 16 times.
[DEBUG] State any in model modbat.examples.CounterPosNeg-1 was visited 16 times.
[FINE] modbat.examples.CounterPosNeg-1: Executing transition dec...
[DEBUG] modbat.examples.CounterPosNeg-1: Current state: any
[DEBUG] modbat.examples.CounterPosNeg-1: Possible successor: any
[DEBUG] modbat.examples.CounterPosNeg-1: Possible successor: any
[DEBUG] State any in model modbat.examples.CounterPosNeg-1 was visited 17 times.
[DEBUG] State any in model modbat.examples.CounterPosNeg-1 was visited 17 times.
[FINE] modbat.examples.CounterPosNeg-1: Executing transition any => any (1)...
[DEBUG] modbat.examples.CounterPosNeg-1: Current state: any
[DEBUG] modbat.examples.CounterPosNeg-1: Possible successor: any
[DEBUG] modbat.examples.CounterPosNeg-1: Possible successor: any
[DEBUG] State any in model modbat.examples.CounterPosNeg-1 was visited 18 times.
[DEBUG] State any in model modbat.examples.CounterPosNeg-1 was visited 18 times.
[FINE] modbat.examples.CounterPosNeg-1: Executing transition dec...
[DEBUG] modbat.examples.CounterPosNeg-1: Current state: any
[DEBUG] modbat.examples.CounterPosNeg-1: Possible successor: any
[DEBUG] modbat.examples.CounterPosNeg-1: Possible successor: any
[DEBUG] State any in model modbat.examples.CounterPosNeg-1 was visited 19 times.
[DEBUG] State any in model modbat.examples.CounterPosNeg-1 was visited 19 times.
[FINE] modbat.examples.CounterPosNeg-1: Executing transition dec...
[DEBUG] modbat.examples.CounterPosNeg-1: Current state: any
[DEBUG] modbat.examples.CounterPosNeg-1: Possible successor: any
[DEBUG] modbat.examples.CounterPosNeg-1: Possible successor: any
[DEBUG] State any in model modbat.examples.CounterPosNeg-1 was visited 20 times.
[DEBUG] State any in model modbat.examples.CounterPosNeg-1 was visited 20 times.
[FINE] modbat.examples.CounterPosNeg-1: Executing transition any => any (1)...
[DEBUG] modbat.examples.CounterPosNeg-1: Current state: any
[DEBUG] modbat.examples.CounterPosNeg-1: Possible successor: any
[DEBUG] modbat.examples.CounterPosNeg-1: Possible successor: any
[DEBUG] State any in model modbat.examples.CounterPosNeg-1 was visited 21 times.
[DEBUG] State any in model modbat.examples.CounterPosNeg-1 was visited 21 times.
[FINE] modbat.examples.CounterPosNeg-1: Executing transition dec...
[DEBUG] modbat.examples.CounterPosNeg-1: Current state: any
[DEBUG] modbat.examples.CounterPosNeg-1: Possible successor: any
[DEBUG] modbat.examples.CounterPosNeg-1: Possible successor: any
[DEBUG] State any in model modbat.examples.CounterPosNeg-1 was visited 22 times.
[DEBUG] State any in model modbat.examples.CounterPosNeg-1 was visited 22 times.
[FINE] modbat.examples.CounterPosNeg-1: Executing transition dec...
[DEBUG] modbat.examples.CounterPosNeg-1: Current state: any
[DEBUG] modbat.examples.CounterPosNeg-1: Possible successor: any
[DEBUG] modbat.examples.CounterPosNeg-1: Possible successor: any
[DEBUG] State any in model modbat.examples.CounterPosNeg-1 was visited 23 times.
[DEBUG] State any in model modbat.examples.CounterPosNeg-1 was visited 23 times.
[FINE] modbat.examples.CounterPosNeg-1: Executing transition dec...
[DEBUG] Loop 1
[DEBUG] modbat/examples/CounterPosNeg.scala:18: zero => pos, modbat/examples/CounterPosNeg.scala:24: dec
[DEBUG] modbat/examples/CounterPosNeg.scala:29: dec
[DEBUG] modbat/examples/CounterPosNeg.scala:27: any => any (1)
[DEBUG] modbat/examples/CounterPosNeg.scala:29: dec
[DEBUG] modbat/examples/CounterPosNeg.scala:27: any => any (1)
[DEBUG] modbat/examples/CounterPosNeg.scala:29: dec
[DEBUG] modbat/examples/CounterPosNeg.scala:27: any => any (1)
[DEBUG] modbat/examples/CounterPosNeg.scala:27: any => any (1)
[DEBUG] modbat/examples/CounterPosNeg.scala:29: dec
[DEBUG] modbat/examples/CounterPosNeg.scala:27: any => any (1)
[DEBUG] modbat/examples/CounterPosNeg.scala:29: dec
[DEBUG] modbat/examples/CounterPosNeg.scala:27: any => any (1)
[DEBUG] modbat/examples/CounterPosNeg.scala:29: dec
[DEBUG] modbat/examples/CounterPosNeg.scala:29: dec
[DEBUG] modbat/examples/CounterPosNeg.scala:27: any => any (1)
[DEBUG] modbat/examples/CounterPosNeg.scala:27: any => any (1)
[DEBUG] modbat/examples/CounterPosNeg.scala:29: dec
[DEBUG] modbat/examples/CounterPosNeg.scala:27: any => any (1)
[DEBUG] modbat/examples/CounterPosNeg.scala:29: dec
[DEBUG] modbat/examples/CounterPosNeg.scala:29: dec
[DEBUG] modbat/examples/CounterPosNeg.scala:27: any => any (1)
[DEBUG] modbat/examples/CounterPosNeg.scala:29: dec
[DEBUG] modbat/examples/CounterPosNeg.scala:29: dec
[DEBUG] modbat/examples/CounterPosNeg.scala:29: dec
[DEBUG] 
[DEBUG] Identical model found: modbat.examples.CounterPosNeg-1
[DEBUG] modbat.examples.CounterPosNeg-1: Registered state transition from zero to pos
[DEBUG] modbat.examples.CounterPosNeg-1: Registered state transition from pos to pos
[DEBUG] modbat.examples.CounterPosNeg-1: Registered state transition from pos to any
[DEBUG] modbat.examples.CounterPosNeg-1: Registered state transition from any to any
[DEBUG] modbat.examples.CounterPosNeg-1: Registered state transition from any to any
[DEBUG] modbat.examples.CounterPosNeg-1: Registered state transition from zero to neg
[DEBUG] modbat.examples.CounterPosNeg-1: Registered state transition from neg to neg
[DEBUG] modbat.examples.CounterPosNeg-1: Registered state transition from neg to any
[FINE] Launching new model instance modbat.examples.CounterPosNeg-1...
[FINE] Replaying trace (for trace reduction)...
[DEBUG] Replaying prefix, 2 transitions...
[FINE] modbat.examples.CounterPosNeg-1: Executing transition zero => pos...
[FINE] modbat.examples.CounterPosNeg-1: Executing transition dec...
[DEBUG] Replaying 23 loops, total number of 23 transitions...
[FINE] modbat.examples.CounterPosNeg-1: Executing transition dec...
[FINE] modbat.examples.CounterPosNeg-1: Executing transition any => any (1)...
[FINE] modbat.examples.CounterPosNeg-1: Executing transition dec...
[FINE] modbat.examples.CounterPosNeg-1: Executing transition any => any (1)...
[FINE] modbat.examples.CounterPosNeg-1: Executing transition dec...
[FINE] modbat.examples.CounterPosNeg-1: Executing transition any => any (1)...
[FINE] modbat.examples.CounterPosNeg-1: Executing transition any => any (1)...
[FINE] modbat.examples.CounterPosNeg-1: Executing transition dec...
[FINE] modbat.examples.CounterPosNeg-1: Executing transition any => any (1)...
[FINE] modbat.examples.CounterPosNeg-1: Executing transition dec...
[FINE] modbat.examples.CounterPosNeg-1: Executing transition any => any (1)...
[FINE] modbat.examples.CounterPosNeg-1: Executing transition dec...
[FINE] modbat.examples.CounterPosNeg-1: Executing transition dec...
[FINE] modbat.examples.CounterPosNeg-1: Executing transition any => any (1)...
[FINE] modbat.examples.CounterPosNeg-1: Executing transition any => any (1)...
[FINE] modbat.examples.CounterPosNeg-1: Executing transition dec...
[FINE] modbat.examples.CounterPosNeg-1: Executing transition any => any (1)...
[FINE] modbat.examples.CounterPosNeg-1: Executing transition dec...
[FINE] modbat.examples.CounterPosNeg-1: Executing transition dec...
[FINE] modbat.examples.CounterPosNeg-1: Executing transition any => any (1)...
[FINE] modbat.examples.CounterPosNeg-1: Executing transition dec...
[FINE] modbat.examples.CounterPosNeg-1: Executing transition dec...
[FINE] modbat.examples.CounterPosNeg-1: Executing transition dec...
[DEBUG] Replaying suffix, 0 transitions...
[DEBUG] --- Resetting to initial state ---
       2 4650
[DEBUG] Identical model found: modbat.examples.CounterPosNeg-1
[DEBUG] modbat.examples.CounterPosNeg-1: Registered state transition from zero to pos
[DEBUG] modbat.examples.CounterPosNeg-1: Registered state transition from pos to pos
[DEBUG] modbat.examples.CounterPosNeg-1: Registered state transition from pos to any
[DEBUG] modbat.examples.CounterPosNeg-1: Registered state transition from any to any
[DEBUG] modbat.examples.CounterPosNeg-1: Registered state transition from any to any
[DEBUG] modbat.examples.CounterPosNeg-1: Registered state transition from zero to neg
[DEBUG] modbat.examples.CounterPosNeg-1: Registered state transition from neg to neg
[DEBUG] modbat.examples.CounterPosNeg-1: Registered state transition from neg to any
[FINE] Launching new model instance modbat.examples.CounterPosNeg-1...
[DEBUG] --- Exploring model ---
[DEBUG] modbat.examples.CounterPosNeg-1: Current state: zero
[DEBUG] modbat.examples.CounterPosNeg-1: Possible successor: pos
[DEBUG] modbat.examples.CounterPosNeg-1: Possible successor: neg
[DEBUG] State pos in model modbat.examples.CounterPosNeg-1 was visited 0 times.
[DEBUG] State neg in model modbat.examples.CounterPosNeg-1 was visited 0 times.
[FINE] modbat.examples.CounterPosNeg-1: Executing transition dec...
[DEBUG] modbat.examples.CounterPosNeg-1: Current state: neg
[DEBUG] modbat.examples.CounterPosNeg-1: Possible successor: neg
[DEBUG] modbat.examples.CounterPosNeg-1: Possible successor: any
[DEBUG] State neg in model modbat.examples.CounterPosNeg-1 was visited 1 times.
[DEBUG] State any in model modbat.examples.CounterPosNeg-1 was visited 0 times.
[FINE] modbat.examples.CounterPosNeg-1: Executing transition dec...
[DEBUG] modbat.examples.CounterPosNeg-1: Current state: neg
[DEBUG] modbat.examples.CounterPosNeg-1: Possible successor: neg
[DEBUG] modbat.examples.CounterPosNeg-1: Possible successor: any
[DEBUG] State neg in model modbat.examples.CounterPosNeg-1 was visited 2 times.
[DEBUG] State any in model modbat.examples.CounterPosNeg-1 was visited 0 times.
[FINE] modbat.examples.CounterPosNeg-1: Executing transition dec...
[DEBUG] Loop 1
[DEBUG] modbat/examples/CounterPosNeg.scala:34: dec
[DEBUG] modbat/examples/CounterPosNeg.scala:36: dec
[DEBUG] modbat/examples/CounterPosNeg.scala:36: dec
[DEBUG] 
[DEBUG] Identical model found: modbat.examples.CounterPosNeg-1
[DEBUG] modbat.examples.CounterPosNeg-1: Registered state transition from zero to pos
[DEBUG] modbat.examples.CounterPosNeg-1: Registered state transition from pos to pos
[DEBUG] modbat.examples.CounterPosNeg-1: Registered state transition from pos to any
[DEBUG] modbat.examples.CounterPosNeg-1: Registered state transition from any to any
[DEBUG] modbat.examples.CounterPosNeg-1: Registered state transition from any to any
[DEBUG] modbat.examples.CounterPosNeg-1: Registered state transition from zero to neg
[DEBUG] modbat.examples.CounterPosNeg-1: Registered state transition from neg to neg
[DEBUG] modbat.examples.CounterPosNeg-1: Registered state transition from neg to any
[FINE] Launching new model instance modbat.examples.CounterPosNeg-1...
[FINE] Replaying trace (for trace reduction)...
[DEBUG] Replaying prefix, 1 transitions...
[FINE] modbat.examples.CounterPosNeg-1: Executing transition dec...
[DEBUG] Replaying 2 loops, total number of 2 transitions...
[FINE] modbat.examples.CounterPosNeg-1: Executing transition dec...
[FINE] modbat.examples.CounterPosNeg-1: Executing transition dec...
[DEBUG] Replaying suffix, 0 transitions...
[DEBUG] --- Resetting to initial state ---
[INFO] 2 tests executed, 0 ok, 2 failed.
[INFO] 4 states covered (100 % out of 4), 6 transitions covered (75 % out of 8).
[INFO] Random seed for next test would be: 134fd900
