       1 3ba471c1785a0175
[FINE] Launching new model instance modbat.examples.JavaNioServerSocket-1...
[FINE] modbat.examples.JavaNioServerSocket-1: Executing transition reset => open...
[FINE] modbat.examples.JavaNioServerSocket-1: Executing transition open => closed...
[FINE] modbat.examples.JavaNioServerSocket-1: Executing transition closed => closed...
[FINE] modbat.examples.JavaNioServerSocket-1: Executing transition closed => closed...
[FINE] modbat.examples.JavaNioServerSocket-1: Executing transition closed => closed...
[FINE] modbat.examples.JavaNioServerSocket-1: Executing transition closed => closed...
[FINE] modbat.examples.JavaNioServerSocket-1: Executing transition closed => closed...
[FINE] modbat.examples.JavaNioServerSocket-1: Executing transition closed => closed...
[FINE] modbat.examples.JavaNioServerSocket-1: Executing transition closed => closed...
[FINE] modbat.examples.JavaNioServerSocket-1: Executing transition closed => err...
[FINE] java.nio.channels.ClosedChannelException generated as expected.
       2 402b73cd0066eaea
[FINE] Launching new model instance modbat.examples.JavaNioServerSocket-1...
[FINE] modbat.examples.JavaNioServerSocket-1: Executing transition reset => open...
[FINE] modbat.examples.JavaNioServerSocket-1: Executing transition open => bound...
[FINE] modbat.examples.JavaNioServerSocket-1: Executing transition bound => connected...
[FINE] modbat.examples.JavaNioServerSocket-1: Executing transition connected => connected...
[FINE] modbat.examples.JavaNioServerSocket-1: Executing transition connected => connected...
[FINE] modbat.examples.JavaNioServerSocket-1: Executing transition connected => connected...
       3 41530f4040856586, one test failed.
[FINE] Launching new model instance modbat.examples.JavaNioServerSocket-1...
[FINE] modbat.examples.JavaNioServerSocket-1: Executing transition reset => open...
[FINE] modbat.examples.JavaNioServerSocket-1: Executing transition open => bound...
[FINE] modbat.examples.JavaNioServerSocket-1: Executing transition bound => bound...
[FINE] modbat.examples.JavaNioServerSocket-1: Executing transition bound => connected...
[FINE] Precondition violated, backtracking to bound.
[FINE] modbat.examples.JavaNioServerSocket-1: Executing transition bound => accepting...
[FINE] modbat.examples.JavaNioServerSocket-1: Executing transition accepting => bound...
[FINE] modbat.examples.JavaNioServerSocket-1: Executing transition bound => connected...
[FINE] Precondition violated, backtracking to bound.
[FINE] modbat.examples.JavaNioServerSocket-1: Executing transition bound => accepting...
[FINE] modbat.examples.JavaNioServerSocket-1: Executing transition accepting => bound...
[FINE] modbat.examples.JavaNioServerSocket-1: Executing transition bound => bound...
[FINE] modbat.examples.JavaNioServerSocket-1: Executing transition bound => closed...
[FINE] modbat.examples.JavaNioServerSocket-1: Executing transition closed => err...
[FINE] java.nio.channels.ClosedChannelException generated as expected.
       4  89a82931be29e65, one test failed.
[FINE] Launching new model instance modbat.examples.JavaNioServerSocket-1...
[FINE] modbat.examples.JavaNioServerSocket-1: Executing transition reset => open...
[FINE] modbat.examples.JavaNioServerSocket-1: Executing transition open => bound...
[FINE] modbat.examples.JavaNioServerSocket-1: Executing transition bound => connected...
[FINE] modbat.examples.JavaNioServerSocket-1: Executing transition connected => connected...
[FINE] modbat.examples.JavaNioServerSocket-1: Executing transition connected => connected...
[FINE] modbat.examples.JavaNioServerSocket-1: Executing transition connected => bound...
[FINE] modbat.examples.JavaNioServerSocket-1: Executing transition bound => bound...
[FINE] modbat.examples.JavaNioServerSocket-1: Executing transition bound => accepting...
[FINE] modbat.examples.JavaNioServerSocket-1: Executing transition accepting => bound...
[FINE] modbat.examples.JavaNioServerSocket-1: Executing transition bound => accepting...
[FINE] modbat.examples.JavaNioServerSocket-1: Executing transition accepting => accepting...
[FINE] modbat.examples.JavaNioServerSocket-1: Executing transition accepting => closed...
[FINE] modbat.examples.JavaNioServerSocket-1: Executing transition closed => err...
[FINE] java.nio.channels.ClosedChannelException generated as expected.
       5 49a846e52b813972, one test failed.
[FINE] Launching new model instance modbat.examples.JavaNioServerSocket-1...
[FINE] modbat.examples.JavaNioServerSocket-1: Executing transition reset => open...
[FINE] modbat.examples.JavaNioServerSocket-1: Executing transition open => open...
[FINE] modbat.examples.JavaNioServerSocket-1: Executing transition open => bound...
[FINE] modbat.examples.JavaNioServerSocket-1: Executing transition bound => connected...
[FINE] Precondition violated, backtracking to bound.
[FINE] modbat.examples.JavaNioServerSocket-1: Executing transition bound => accepting...
[FINE] modbat.examples.JavaNioServerSocket-1: Executing transition accepting => bound...
[FINE] modbat.examples.JavaNioServerSocket-1: Executing transition bound => connected...
[FINE] Precondition violated, backtracking to bound.
[FINE] modbat.examples.JavaNioServerSocket-1: Executing transition bound => accepting...
[FINE] modbat.examples.JavaNioServerSocket-1: Executing transition accepting => accepting...
[FINE] modbat.examples.JavaNioServerSocket-1: Executing transition accepting => bound...
[FINE] modbat.examples.JavaNioServerSocket-1: Executing transition bound => accepting...
[FINE] modbat.examples.JavaNioServerSocket-1: Executing transition accepting => accepting...
[FINE] modbat.examples.JavaNioServerSocket-1: Executing transition accepting => closed...
[FINE] modbat.examples.JavaNioServerSocket-1: Executing transition closed => err...
[FINE] java.nio.channels.ClosedChannelException generated as expected.
       6 27fe2d950fc74b21, one test failed.
[FINE] Launching new model instance modbat.examples.JavaNioServerSocket-1...
[FINE] modbat.examples.JavaNioServerSocket-1: Executing transition reset => open...
[FINE] modbat.examples.JavaNioServerSocket-1: Executing transition open => bound...
[FINE] modbat.examples.JavaNioServerSocket-1: Executing transition bound => connected...
[FINE] modbat.examples.JavaNioServerSocket-1: Executing transition connected => connected...
[FINE] modbat.examples.JavaNioServerSocket-1: Executing transition connected => bound...
[FINE] modbat.examples.JavaNioServerSocket-1: Executing transition bound => bound...
[FINE] modbat.examples.JavaNioServerSocket-1: Executing transition bound => accepting...
[FINE] modbat.examples.JavaNioServerSocket-1: Executing transition accepting => bound...
[FINE] modbat.examples.JavaNioServerSocket-1: Executing transition bound => accepting...
[FINE] modbat.examples.JavaNioServerSocket-1: Executing transition accepting => accepting...
[FINE] modbat.examples.JavaNioServerSocket-1: Executing transition accepting => closed...
[FINE] modbat.examples.JavaNioServerSocket-1: Executing transition closed => err...
[FINE] java.nio.channels.ClosedChannelException generated as expected.
       7 19b6aa1b14a29017, one test failed.
[FINE] Launching new model instance modbat.examples.JavaNioServerSocket-1...
[FINE] modbat.examples.JavaNioServerSocket-1: Executing transition reset => open...
[FINE] modbat.examples.JavaNioServerSocket-1: Executing transition open => bound...
[FINE] modbat.examples.JavaNioServerSocket-1: Executing transition bound => connected...
[FINE] modbat.examples.JavaNioServerSocket-1: Executing transition connected => connected...
[FINE] modbat.examples.JavaNioServerSocket-1: Executing transition connected => connected...
[FINE] modbat.examples.JavaNioServerSocket-1: Executing transition connected => connected...
       8 5ff50ec9279365d2, 2 tests failed.
[FINE] Launching new model instance modbat.examples.JavaNioServerSocket-1...
[FINE] modbat.examples.JavaNioServerSocket-1: Executing transition reset => open...
[FINE] modbat.examples.JavaNioServerSocket-1: Executing transition open => bound...
[FINE] modbat.examples.JavaNioServerSocket-1: Executing transition bound => bound...
[FINE] modbat.examples.JavaNioServerSocket-1: Executing transition bound => accepting...
[FINE] modbat.examples.JavaNioServerSocket-1: Executing transition accepting => accepting...
[FINE] Next state predicate holds, go to state connected.
[FINE] modbat.examples.JavaNioServerSocket-1: Executing transition connected => bound...
[FINE] modbat.examples.JavaNioServerSocket-1: Executing transition bound => accepting...
[FINE] modbat.examples.JavaNioServerSocket-1: Executing transition accepting => accepting...
[FINE] Next state predicate holds, go to state connected.
[FINE] modbat.examples.JavaNioServerSocket-1: Executing transition connected => connected...
[FINE] modbat.examples.JavaNioServerSocket-1: Executing transition connected => bound...
[FINE] modbat.examples.JavaNioServerSocket-1: Executing transition bound => accepting...
[FINE] modbat.examples.JavaNioServerSocket-1: Executing transition accepting => closed...
[FINE] modbat.examples.JavaNioServerSocket-1: Executing transition closed => err...
[FINE] java.nio.channels.ClosedChannelException generated as expected.
       9  85780661bf76533, 2 tests failed.
[FINE] Launching new model instance modbat.examples.JavaNioServerSocket-1...
[FINE] modbat.examples.JavaNioServerSocket-1: Executing transition reset => open...
[FINE] modbat.examples.JavaNioServerSocket-1: Executing transition open => bound...
[FINE] modbat.examples.JavaNioServerSocket-1: Executing transition bound => connected...
[FINE] modbat.examples.JavaNioServerSocket-1: Executing transition connected => connected...
[FINE] modbat.examples.JavaNioServerSocket-1: Executing transition connected => connected...
[FINE] modbat.examples.JavaNioServerSocket-1: Executing transition connected => bound...
[FINE] modbat.examples.JavaNioServerSocket-1: Executing transition bound => accepting...
[FINE] Precondition violated, backtracking to bound.
[FINE] modbat.examples.JavaNioServerSocket-1: Executing transition bound => connected...
[FINE] modbat.examples.JavaNioServerSocket-1: Executing transition connected => connected...
[FINE] modbat.examples.JavaNioServerSocket-1: Executing transition connected => bound...
[FINE] modbat.examples.JavaNioServerSocket-1: Executing transition bound => closed...
[FINE] modbat.examples.JavaNioServerSocket-1: Executing transition closed => err...
[FINE] java.nio.channels.ClosedChannelException generated as expected.
      10 486e122d1bcbade7, 2 tests failed.
[FINE] Launching new model instance modbat.examples.JavaNioServerSocket-1...
[FINE] modbat.examples.JavaNioServerSocket-1: Executing transition reset => open...
[FINE] modbat.examples.JavaNioServerSocket-1: Executing transition open => open...
[FINE] modbat.examples.JavaNioServerSocket-1: Executing transition open => err...
[FINE] java.nio.channels.NotYetBoundException generated as expected.
      11  a410ce32fc39dfb, 2 tests failed.
[FINE] Launching new model instance modbat.examples.JavaNioServerSocket-1...
[FINE] modbat.examples.JavaNioServerSocket-1: Executing transition reset => open...
[FINE] modbat.examples.JavaNioServerSocket-1: Executing transition open => bound...
[FINE] modbat.examples.JavaNioServerSocket-1: Executing transition bound => connected...
[FINE] modbat.examples.JavaNioServerSocket-1: Executing transition connected => connected...
[FINE] modbat.examples.JavaNioServerSocket-1: Executing transition connected => bound...
[FINE] modbat.examples.JavaNioServerSocket-1: Executing transition bound => accepting...
[FINE] Precondition violated, backtracking to bound.
[FINE] modbat.examples.JavaNioServerSocket-1: Executing transition bound => connected...
[FINE] modbat.examples.JavaNioServerSocket-1: Executing transition connected => connected...
[FINE] modbat.examples.JavaNioServerSocket-1: Executing transition connected => bound...
[FINE] modbat.examples.JavaNioServerSocket-1: Executing transition bound => closed...
[FINE] modbat.examples.JavaNioServerSocket-1: Executing transition closed => err...
[FINE] java.nio.channels.ClosedChannelException generated as expected.
      12  745035c2b643033, 2 tests failed.
[FINE] Launching new model instance modbat.examples.JavaNioServerSocket-1...
[FINE] modbat.examples.JavaNioServerSocket-1: Executing transition reset => open...
[FINE] modbat.examples.JavaNioServerSocket-1: Executing transition open => err...
[FINE] java.nio.channels.NotYetBoundException generated as expected.
      13  1e528010d3d2d54, 2 tests failed.
[FINE] Launching new model instance modbat.examples.JavaNioServerSocket-1...
[FINE] modbat.examples.JavaNioServerSocket-1: Executing transition reset => open...
[FINE] modbat.examples.JavaNioServerSocket-1: Executing transition open => bound...
[FINE] modbat.examples.JavaNioServerSocket-1: Executing transition bound => bound...
[FINE] modbat.examples.JavaNioServerSocket-1: Executing transition bound => closed...
[FINE] modbat.examples.JavaNioServerSocket-1: Executing transition closed => err...
[FINE] java.nio.channels.ClosedChannelException generated as expected.
      14 1690fa4e0c732f7d, 2 tests failed.
[FINE] Launching new model instance modbat.examples.JavaNioServerSocket-1...
[FINE] modbat.examples.JavaNioServerSocket-1: Executing transition reset => open...
[FINE] modbat.examples.JavaNioServerSocket-1: Executing transition open => open...
[FINE] modbat.examples.JavaNioServerSocket-1: Executing transition open => err...
[FINE] java.nio.channels.NotYetBoundException generated as expected.
      15 8d32a08e0d0b1183, 2 tests failed.
[FINE] Launching new model instance modbat.examples.JavaNioServerSocket-1...
[FINE] modbat.examples.JavaNioServerSocket-1: Executing transition reset => open...
[FINE] modbat.examples.JavaNioServerSocket-1: Executing transition open => open...
[FINE] modbat.examples.JavaNioServerSocket-1: Executing transition open => closed...
[FINE] modbat.examples.JavaNioServerSocket-1: Executing transition closed => err...
[FINE] java.nio.channels.ClosedChannelException generated as expected.
      16 5a92477004cf57fb, 2 tests failed.
[FINE] Launching new model instance modbat.examples.JavaNioServerSocket-1...
[FINE] modbat.examples.JavaNioServerSocket-1: Executing transition reset => open...
[FINE] modbat.examples.JavaNioServerSocket-1: Executing transition open => err...
[FINE] java.nio.channels.NotYetBoundException generated as expected.
      17 284ca782182a253f, 2 tests failed.
[FINE] Launching new model instance modbat.examples.JavaNioServerSocket-1...
[FINE] modbat.examples.JavaNioServerSocket-1: Executing transition reset => open...
[FINE] modbat.examples.JavaNioServerSocket-1: Executing transition open => closed...
[FINE] modbat.examples.JavaNioServerSocket-1: Executing transition closed => err...
[FINE] java.nio.channels.ClosedChannelException generated as expected.
      18 5e7dfc9e0a3af5da, 2 tests failed.
[FINE] Launching new model instance modbat.examples.JavaNioServerSocket-1...
[FINE] modbat.examples.JavaNioServerSocket-1: Executing transition reset => open...
[FINE] modbat.examples.JavaNioServerSocket-1: Executing transition open => err...
[FINE] java.nio.channels.NotYetBoundException generated as expected.
      19 8e80db4b43867a5a, 2 tests failed.
[FINE] Launching new model instance modbat.examples.JavaNioServerSocket-1...
[FINE] modbat.examples.JavaNioServerSocket-1: Executing transition reset => open...
[FINE] modbat.examples.JavaNioServerSocket-1: Executing transition open => err...
[FINE] java.nio.channels.NotYetBoundException generated as expected.
      20 7bb4b043219b1ba6, 2 tests failed.
[FINE] Launching new model instance modbat.examples.JavaNioServerSocket-1...
[FINE] modbat.examples.JavaNioServerSocket-1: Executing transition reset => open...
[FINE] modbat.examples.JavaNioServerSocket-1: Executing transition open => err...
[FINE] java.nio.channels.NotYetBoundException generated as expected.
      21 636e772f0798297b, 2 tests failed.
[FINE] Launching new model instance modbat.examples.JavaNioServerSocket-1...
[FINE] modbat.examples.JavaNioServerSocket-1: Executing transition reset => open...
[FINE] modbat.examples.JavaNioServerSocket-1: Executing transition open => open...
[FINE] modbat.examples.JavaNioServerSocket-1: Executing transition open => err...
[FINE] java.nio.channels.NotYetBoundException generated as expected.
      22 433bb5b50b64a008, 2 tests failed.
[FINE] Launching new model instance modbat.examples.JavaNioServerSocket-1...
[FINE] modbat.examples.JavaNioServerSocket-1: Executing transition reset => open...
[FINE] modbat.examples.JavaNioServerSocket-1: Executing transition open => open...
[FINE] modbat.examples.JavaNioServerSocket-1: Executing transition open => open...
[FINE] modbat.examples.JavaNioServerSocket-1: Executing transition open => closed...
[FINE] modbat.examples.JavaNioServerSocket-1: Executing transition closed => err...
[FINE] java.nio.channels.ClosedChannelException generated as expected.
      23 66809a782bf43de4, 2 tests failed.
[FINE] Launching new model instance modbat.examples.JavaNioServerSocket-1...
[FINE] modbat.examples.JavaNioServerSocket-1: Executing transition reset => open...
[FINE] modbat.examples.JavaNioServerSocket-1: Executing transition open => err...
[FINE] java.nio.channels.NotYetBoundException generated as expected.
      24 572341b810ffdb34, 2 tests failed.
[FINE] Launching new model instance modbat.examples.JavaNioServerSocket-1...
[FINE] modbat.examples.JavaNioServerSocket-1: Executing transition reset => open...
[FINE] modbat.examples.JavaNioServerSocket-1: Executing transition open => open...
[FINE] modbat.examples.JavaNioServerSocket-1: Executing transition open => closed...
[FINE] modbat.examples.JavaNioServerSocket-1: Executing transition closed => err...
[FINE] java.nio.channels.ClosedChannelException generated as expected.
      25 2512cb9b3c34c93f, 2 tests failed.
[FINE] Launching new model instance modbat.examples.JavaNioServerSocket-1...
[FINE] modbat.examples.JavaNioServerSocket-1: Executing transition reset => open...
[FINE] modbat.examples.JavaNioServerSocket-1: Executing transition open => closed...
[FINE] modbat.examples.JavaNioServerSocket-1: Executing transition closed => err...
[FINE] java.nio.channels.ClosedChannelException generated as expected.
      26 72dad7a5374659e4, 2 tests failed.
[FINE] Launching new model instance modbat.examples.JavaNioServerSocket-1...
[FINE] modbat.examples.JavaNioServerSocket-1: Executing transition reset => open...
[FINE] modbat.examples.JavaNioServerSocket-1: Executing transition open => closed...
[FINE] modbat.examples.JavaNioServerSocket-1: Executing transition closed => err...
[FINE] java.nio.channels.ClosedChannelException generated as expected.
      27 79a5b58718b0a686, 2 tests failed.
[FINE] Launching new model instance modbat.examples.JavaNioServerSocket-1...
[FINE] modbat.examples.JavaNioServerSocket-1: Executing transition reset => open...
[FINE] modbat.examples.JavaNioServerSocket-1: Executing transition open => err...
[FINE] java.nio.channels.NotYetBoundException generated as expected.
      28 6666de042dbcc690, 2 tests failed.
[FINE] Launching new model instance modbat.examples.JavaNioServerSocket-1...
[FINE] modbat.examples.JavaNioServerSocket-1: Executing transition reset => open...
[FINE] modbat.examples.JavaNioServerSocket-1: Executing transition open => err...
[FINE] java.nio.channels.NotYetBoundException generated as expected.
      29 7d3db60a36899abc, 2 tests failed.
[FINE] Launching new model instance modbat.examples.JavaNioServerSocket-1...
[FINE] modbat.examples.JavaNioServerSocket-1: Executing transition reset => open...
[FINE] modbat.examples.JavaNioServerSocket-1: Executing transition open => closed...
[FINE] modbat.examples.JavaNioServerSocket-1: Executing transition closed => closed...
[FINE] modbat.examples.JavaNioServerSocket-1: Executing transition closed => err...
[FINE] java.nio.channels.ClosedChannelException generated as expected.
      30 66b0c7572a7ff949, 2 tests failed.
[FINE] Launching new model instance modbat.examples.JavaNioServerSocket-1...
[FINE] modbat.examples.JavaNioServerSocket-1: Executing transition reset => open...
[FINE] modbat.examples.JavaNioServerSocket-1: Executing transition open => closed...
[FINE] modbat.examples.JavaNioServerSocket-1: Executing transition closed => err...
[FINE] java.nio.channels.ClosedChannelException generated as expected.
      31 7073195f4478074f, 2 tests failed.
[FINE] Launching new model instance modbat.examples.JavaNioServerSocket-1...
[FINE] modbat.examples.JavaNioServerSocket-1: Executing transition reset => open...
[FINE] modbat.examples.JavaNioServerSocket-1: Executing transition open => bound...
[FINE] modbat.examples.JavaNioServerSocket-1: Executing transition bound => closed...
[FINE] modbat.examples.JavaNioServerSocket-1: Executing transition closed => closed...
[FINE] modbat.examples.JavaNioServerSocket-1: Executing transition closed => closed...
[FINE] modbat.examples.JavaNioServerSocket-1: Executing transition closed => err...
[FINE] java.nio.channels.ClosedChannelException generated as expected.
      32  e50486a02022728, 2 tests failed.
[FINE] Launching new model instance modbat.examples.JavaNioServerSocket-1...
[FINE] modbat.examples.JavaNioServerSocket-1: Executing transition reset => open...
[FINE] modbat.examples.JavaNioServerSocket-1: Executing transition open => closed...
[FINE] modbat.examples.JavaNioServerSocket-1: Executing transition closed => err...
[FINE] java.nio.channels.ClosedChannelException generated as expected.
      33 28d961ca0ac12e82, 2 tests failed.
[FINE] Launching new model instance modbat.examples.JavaNioServerSocket-1...
[FINE] modbat.examples.JavaNioServerSocket-1: Executing transition reset => open...
[FINE] modbat.examples.JavaNioServerSocket-1: Executing transition open => closed...
[FINE] modbat.examples.JavaNioServerSocket-1: Executing transition closed => closed...
[FINE] modbat.examples.JavaNioServerSocket-1: Executing transition closed => closed...
[FINE] modbat.examples.JavaNioServerSocket-1: Executing transition closed => err...
[FINE] java.nio.channels.ClosedChannelException generated as expected.
      34 3729e4b30cc61f61, 2 tests failed.
[FINE] Launching new model instance modbat.examples.JavaNioServerSocket-1...
[FINE] modbat.examples.JavaNioServerSocket-1: Executing transition reset => open...
[FINE] modbat.examples.JavaNioServerSocket-1: Executing transition open => closed...
[FINE] modbat.examples.JavaNioServerSocket-1: Executing transition closed => closed...
[FINE] modbat.examples.JavaNioServerSocket-1: Executing transition closed => closed...
[FINE] modbat.examples.JavaNioServerSocket-1: Executing transition closed => closed...
[FINE] modbat.examples.JavaNioServerSocket-1: Executing transition closed => err...
[FINE] java.nio.channels.ClosedChannelException generated as expected.
      35 8102b494089e6116, 2 tests failed.
[FINE] Launching new model instance modbat.examples.JavaNioServerSocket-1...
[FINE] modbat.examples.JavaNioServerSocket-1: Executing transition reset => open...
[FINE] modbat.examples.JavaNioServerSocket-1: Executing transition open => bound...
[FINE] modbat.examples.JavaNioServerSocket-1: Executing transition bound => bound...
[FINE] modbat.examples.JavaNioServerSocket-1: Executing transition bound => accepting...
[FINE] modbat.examples.JavaNioServerSocket-1: Executing transition accepting => bound...
[FINE] modbat.examples.JavaNioServerSocket-1: Executing transition bound => closed...
[FINE] modbat.examples.JavaNioServerSocket-1: Executing transition closed => err...
[FINE] java.nio.channels.ClosedChannelException generated as expected.
      36 65ddd1b61aaa637e, 2 tests failed.
[FINE] Launching new model instance modbat.examples.JavaNioServerSocket-1...
[FINE] modbat.examples.JavaNioServerSocket-1: Executing transition reset => open...
[FINE] modbat.examples.JavaNioServerSocket-1: Executing transition open => bound...
[FINE] modbat.examples.JavaNioServerSocket-1: Executing transition bound => bound...
[FINE] modbat.examples.JavaNioServerSocket-1: Executing transition bound => connected...
[FINE] Precondition violated, backtracking to bound.
[FINE] modbat.examples.JavaNioServerSocket-1: Executing transition bound => accepting...
[FINE] modbat.examples.JavaNioServerSocket-1: Executing transition accepting => closed...
[FINE] modbat.examples.JavaNioServerSocket-1: Executing transition closed => err...
[FINE] java.nio.channels.ClosedChannelException generated as expected.
      37 764cc9831b53a60a, 2 tests failed.
[FINE] Launching new model instance modbat.examples.JavaNioServerSocket-1...
[FINE] modbat.examples.JavaNioServerSocket-1: Executing transition reset => open...
[FINE] modbat.examples.JavaNioServerSocket-1: Executing transition open => open...
[FINE] modbat.examples.JavaNioServerSocket-1: Executing transition open => err...
[FINE] java.nio.channels.NotYetBoundException generated as expected.
      38 71accd072d9aba73, 2 tests failed.
[FINE] Launching new model instance modbat.examples.JavaNioServerSocket-1...
[FINE] modbat.examples.JavaNioServerSocket-1: Executing transition reset => open...
[FINE] modbat.examples.JavaNioServerSocket-1: Executing transition open => open...
[FINE] modbat.examples.JavaNioServerSocket-1: Executing transition open => bound...
[FINE] modbat.examples.JavaNioServerSocket-1: Executing transition bound => closed...
[FINE] modbat.examples.JavaNioServerSocket-1: Executing transition closed => err...
[FINE] java.nio.channels.ClosedChannelException generated as expected.
      39 73a8798b3335e38a, 2 tests failed.
[FINE] Launching new model instance modbat.examples.JavaNioServerSocket-1...
[FINE] modbat.examples.JavaNioServerSocket-1: Executing transition reset => open...
[FINE] modbat.examples.JavaNioServerSocket-1: Executing transition open => err...
[FINE] java.nio.channels.NotYetBoundException generated as expected.
      40 44907dab3e7f0a55, 2 tests failed.
[FINE] Launching new model instance modbat.examples.JavaNioServerSocket-1...
[FINE] modbat.examples.JavaNioServerSocket-1: Executing transition reset => open...
[FINE] modbat.examples.JavaNioServerSocket-1: Executing transition open => bound...
[FINE] modbat.examples.JavaNioServerSocket-1: Executing transition bound => closed...
[FINE] modbat.examples.JavaNioServerSocket-1: Executing transition closed => err...
[FINE] java.nio.channels.ClosedChannelException generated as expected.
      41 46e3ffb302d6b70f, 2 tests failed.
[FINE] Launching new model instance modbat.examples.JavaNioServerSocket-1...
[FINE] modbat.examples.JavaNioServerSocket-1: Executing transition reset => open...
[FINE] modbat.examples.JavaNioServerSocket-1: Executing transition open => bound...
[FINE] modbat.examples.JavaNioServerSocket-1: Executing transition bound => closed...
[FINE] modbat.examples.JavaNioServerSocket-1: Executing transition closed => err...
[FINE] java.nio.channels.ClosedChannelException generated as expected.
      42 903dd74e32475186, 2 tests failed.
[FINE] Launching new model instance modbat.examples.JavaNioServerSocket-1...
[FINE] modbat.examples.JavaNioServerSocket-1: Executing transition reset => open...
[FINE] modbat.examples.JavaNioServerSocket-1: Executing transition open => closed...
[FINE] modbat.examples.JavaNioServerSocket-1: Executing transition closed => err...
[FINE] java.nio.channels.ClosedChannelException generated as expected.
      43 7974bf3b16645027, 2 tests failed.
[FINE] Launching new model instance modbat.examples.JavaNioServerSocket-1...
[FINE] modbat.examples.JavaNioServerSocket-1: Executing transition reset => open...
[FINE] modbat.examples.JavaNioServerSocket-1: Executing transition open => closed...
[FINE] modbat.examples.JavaNioServerSocket-1: Executing transition closed => err...
[FINE] java.nio.channels.ClosedChannelException generated as expected.
      44 6be018a71603cc94, 2 tests failed.
[FINE] Launching new model instance modbat.examples.JavaNioServerSocket-1...
[FINE] modbat.examples.JavaNioServerSocket-1: Executing transition reset => open...
[FINE] modbat.examples.JavaNioServerSocket-1: Executing transition open => closed...
[FINE] modbat.examples.JavaNioServerSocket-1: Executing transition closed => err...
[FINE] java.nio.channels.ClosedChannelException generated as expected.
      45  de8785f38307c43, 2 tests failed.
[FINE] Launching new model instance modbat.examples.JavaNioServerSocket-1...
[FINE] modbat.examples.JavaNioServerSocket-1: Executing transition reset => open...
[FINE] modbat.examples.JavaNioServerSocket-1: Executing transition open => err...
[FINE] java.nio.channels.NotYetBoundException generated as expected.
      46 43e6dcdf22215f20, 2 tests failed.
[FINE] Launching new model instance modbat.examples.JavaNioServerSocket-1...
[FINE] modbat.examples.JavaNioServerSocket-1: Executing transition reset => open...
[FINE] modbat.examples.JavaNioServerSocket-1: Executing transition open => closed...
[FINE] modbat.examples.JavaNioServerSocket-1: Executing transition closed => closed...
[FINE] modbat.examples.JavaNioServerSocket-1: Executing transition closed => err...
[FINE] java.nio.channels.ClosedChannelException generated as expected.
      47 7c984b5d1a209c21, 2 tests failed.
[FINE] Launching new model instance modbat.examples.JavaNioServerSocket-1...
[FINE] modbat.examples.JavaNioServerSocket-1: Executing transition reset => open...
[FINE] modbat.examples.JavaNioServerSocket-1: Executing transition open => open...
[FINE] modbat.examples.JavaNioServerSocket-1: Executing transition open => err...
[FINE] java.nio.channels.NotYetBoundException generated as expected.
      48 2a83b5bd2ae1ea70, 2 tests failed.
[FINE] Launching new model instance modbat.examples.JavaNioServerSocket-1...
[FINE] modbat.examples.JavaNioServerSocket-1: Executing transition reset => open...
[FINE] modbat.examples.JavaNioServerSocket-1: Executing transition open => open...
[FINE] modbat.examples.JavaNioServerSocket-1: Executing transition open => closed...
[FINE] modbat.examples.JavaNioServerSocket-1: Executing transition closed => closed...
[FINE] modbat.examples.JavaNioServerSocket-1: Executing transition closed => closed...
[FINE] modbat.examples.JavaNioServerSocket-1: Executing transition closed => err...
[FINE] java.nio.channels.ClosedChannelException generated as expected.
      49 6685050840640de1, 2 tests failed.
[FINE] Launching new model instance modbat.examples.JavaNioServerSocket-1...
[FINE] modbat.examples.JavaNioServerSocket-1: Executing transition reset => open...
[FINE] modbat.examples.JavaNioServerSocket-1: Executing transition open => err...
[FINE] java.nio.channels.NotYetBoundException generated as expected.
      50  2d6f6cd03d01cb4, 2 tests failed.
[FINE] Launching new model instance modbat.examples.JavaNioServerSocket-1...
[FINE] modbat.examples.JavaNioServerSocket-1: Executing transition reset => open...
[FINE] modbat.examples.JavaNioServerSocket-1: Executing transition open => closed...
[FINE] modbat.examples.JavaNioServerSocket-1: Executing transition closed => closed...
[FINE] modbat.examples.JavaNioServerSocket-1: Executing transition closed => closed...
[FINE] modbat.examples.JavaNioServerSocket-1: Executing transition closed => err...
[FINE] java.nio.channels.ClosedChannelException generated as expected.
[INFO] 50 tests executed, 48 ok, 2 failed.
[INFO] One type of test failure:
[INFO] 1) java.lang.AssertionError: assertion failed at readFrom
[INFO]    402b73cd0066eaea 19b6aa1b14a29017
[INFO] 7 states covered (100 % out of 7),
[INFO] 17 transitions covered (100 % out of 17).
[INFO] Random seed for next test would be: 8b388ceb07e23410
