       1 3ba471c1785a0175
[FINE] Launching new model instance modbat.examples.SimpleModel-1...
[FINE] modbat.examples.SimpleModel-1: Executing transition reset => zero...
[FINE] modbat.examples.SimpleModel-1: Executing transition zero => two...
[FINE] modbat.examples.SimpleModel-1: Executing transition two => end...
       2 402b73cd0066eaea
[FINE] Launching new model instance modbat.examples.SimpleModel-1...
[FINE] modbat.examples.SimpleModel-1: Executing transition reset => zero...
[FINE] modbat.examples.SimpleModel-1: Executing transition zero => one...
[FINE] modbat.examples.SimpleModel-1: Executing transition one => two...
[FINE] modbat.examples.SimpleModel-1: Executing transition two => end...
       3 41530f4040856586
[FINE] Launching new model instance modbat.examples.SimpleModel-1...
[FINE] modbat.examples.SimpleModel-1: Executing transition reset => zero...
[FINE] modbat.examples.SimpleModel-1: Executing transition zero => one...
[FINE] modbat.examples.SimpleModel-1: Executing transition one => two...
[FINE] modbat.examples.SimpleModel-1: Executing transition two => end...
       4  89a82931be29e65
[FINE] Launching new model instance modbat.examples.SimpleModel-1...
[FINE] modbat.examples.SimpleModel-1: Executing transition reset => zero...
[FINE] modbat.examples.SimpleModel-1: Executing transition zero => one...
[FINE] modbat.examples.SimpleModel-1: Executing transition one => two...
[FINE] modbat.examples.SimpleModel-1: Executing transition two => end...
       5 49a846e52b813972
[FINE] Launching new model instance modbat.examples.SimpleModel-1...
[FINE] modbat.examples.SimpleModel-1: Executing transition reset => zero...
[FINE] modbat.examples.SimpleModel-1: Executing transition zero => zero...
[FINE] modbat.examples.SimpleModel-1: Executing transition zero => one...
[FINE] modbat.examples.SimpleModel-1: Executing transition one => two...
[FINE] modbat.examples.SimpleModel-1: Executing transition two => end...
       6 27fe2d950fc74b21, one test failed.
[FINE] Launching new model instance modbat.examples.SimpleModel-1...
[FINE] modbat.examples.SimpleModel-1: Executing transition reset => zero...
[FINE] modbat.examples.SimpleModel-1: Executing transition zero => one...
[FINE] modbat.examples.SimpleModel-1: Executing transition one => two...
[FINE] modbat.examples.SimpleModel-1: Executing transition two => end...
       7 19b6aa1b14a29017, one test failed.
[FINE] Launching new model instance modbat.examples.SimpleModel-1...
[FINE] modbat.examples.SimpleModel-1: Executing transition reset => zero...
[FINE] modbat.examples.SimpleModel-1: Executing transition zero => one...
[FINE] modbat.examples.SimpleModel-1: Executing transition one => two...
[FINE] modbat.examples.SimpleModel-1: Executing transition two => end...
       8 5ff50ec9279365d2, one test failed.
[FINE] Launching new model instance modbat.examples.SimpleModel-1...
[FINE] modbat.examples.SimpleModel-1: Executing transition reset => zero...
[FINE] modbat.examples.SimpleModel-1: Executing transition zero => one...
[FINE] modbat.examples.SimpleModel-1: Executing transition one => two...
[FINE] modbat.examples.SimpleModel-1: Executing transition two => end...
       9  85780661bf76533, one test failed.
[FINE] Launching new model instance modbat.examples.SimpleModel-1...
[FINE] modbat.examples.SimpleModel-1: Executing transition reset => zero...
[FINE] modbat.examples.SimpleModel-1: Executing transition zero => one...
[FINE] modbat.examples.SimpleModel-1: Executing transition one => two...
[FINE] modbat.examples.SimpleModel-1: Executing transition two => end...
      10 486e122d1bcbade7, one test failed.
[FINE] Launching new model instance modbat.examples.SimpleModel-1...
[FINE] modbat.examples.SimpleModel-1: Executing transition reset => zero...
[FINE] modbat.examples.SimpleModel-1: Executing transition zero => zero...
[FINE] modbat.examples.SimpleModel-1: Executing transition zero => one...
[FINE] modbat.examples.SimpleModel-1: Executing transition one => two...
[FINE] modbat.examples.SimpleModel-1: Executing transition two => end...
      11  a410ce32fc39dfb, 2 tests failed.
[FINE] Launching new model instance modbat.examples.SimpleModel-1...
[FINE] modbat.examples.SimpleModel-1: Executing transition reset => zero...
[FINE] modbat.examples.SimpleModel-1: Executing transition zero => one...
[FINE] modbat.examples.SimpleModel-1: Executing transition one => two...
[FINE] modbat.examples.SimpleModel-1: Executing transition two => end...
      12  745035c2b643033, 2 tests failed.
[FINE] Launching new model instance modbat.examples.SimpleModel-1...
[FINE] modbat.examples.SimpleModel-1: Executing transition reset => zero...
[FINE] modbat.examples.SimpleModel-1: Executing transition zero => one...
[FINE] modbat.examples.SimpleModel-1: Executing transition one => two...
[FINE] modbat.examples.SimpleModel-1: Executing transition two => end...
      13  1e528010d3d2d54, 2 tests failed.
[FINE] Launching new model instance modbat.examples.SimpleModel-1...
[FINE] modbat.examples.SimpleModel-1: Executing transition reset => zero...
[FINE] modbat.examples.SimpleModel-1: Executing transition zero => one...
[FINE] modbat.examples.SimpleModel-1: Executing transition one => two...
[FINE] modbat.examples.SimpleModel-1: Executing transition two => end...
      14 1690fa4e0c732f7d, 2 tests failed.
[FINE] Launching new model instance modbat.examples.SimpleModel-1...
[FINE] modbat.examples.SimpleModel-1: Executing transition reset => zero...
[FINE] modbat.examples.SimpleModel-1: Executing transition zero => zero...
[FINE] modbat.examples.SimpleModel-1: Executing transition zero => one...
[FINE] modbat.examples.SimpleModel-1: Executing transition one => two...
[FINE] modbat.examples.SimpleModel-1: Executing transition two => end...
      15 8d32a08e0d0b1183, 3 tests failed.
[FINE] Launching new model instance modbat.examples.SimpleModel-1...
[FINE] modbat.examples.SimpleModel-1: Executing transition reset => zero...
[FINE] modbat.examples.SimpleModel-1: Executing transition zero => zero...
[FINE] modbat.examples.SimpleModel-1: Executing transition zero => two...
[FINE] modbat.examples.SimpleModel-1: Executing transition two => end...
      16 5a92477004cf57fb, 3 tests failed.
[FINE] Launching new model instance modbat.examples.SimpleModel-1...
[FINE] modbat.examples.SimpleModel-1: Executing transition reset => zero...
[FINE] modbat.examples.SimpleModel-1: Executing transition zero => one...
[FINE] modbat.examples.SimpleModel-1: Executing transition one => two...
[FINE] modbat.examples.SimpleModel-1: Executing transition two => end...
      17 284ca782182a253f, 3 tests failed.
[FINE] Launching new model instance modbat.examples.SimpleModel-1...
[FINE] modbat.examples.SimpleModel-1: Executing transition reset => zero...
[FINE] modbat.examples.SimpleModel-1: Executing transition zero => two...
[FINE] modbat.examples.SimpleModel-1: Executing transition two => end...
      18 5e7dfc9e0a3af5da, 3 tests failed.
[FINE] Launching new model instance modbat.examples.SimpleModel-1...
[FINE] modbat.examples.SimpleModel-1: Executing transition reset => zero...
[FINE] modbat.examples.SimpleModel-1: Executing transition zero => one...
[FINE] modbat.examples.SimpleModel-1: Executing transition one => two...
[FINE] modbat.examples.SimpleModel-1: Executing transition two => end...
      19 8e80db4b43867a5a, 3 tests failed.
[FINE] Launching new model instance modbat.examples.SimpleModel-1...
[FINE] modbat.examples.SimpleModel-1: Executing transition reset => zero...
[FINE] modbat.examples.SimpleModel-1: Executing transition zero => one...
[FINE] modbat.examples.SimpleModel-1: Executing transition one => two...
[FINE] modbat.examples.SimpleModel-1: Executing transition two => end...
      20 7bb4b043219b1ba6, 3 tests failed.
[FINE] Launching new model instance modbat.examples.SimpleModel-1...
[FINE] modbat.examples.SimpleModel-1: Executing transition reset => zero...
[FINE] modbat.examples.SimpleModel-1: Executing transition zero => one...
[FINE] modbat.examples.SimpleModel-1: Executing transition one => two...
[FINE] modbat.examples.SimpleModel-1: Executing transition two => end...
      21 636e772f0798297b, 3 tests failed.
[FINE] Launching new model instance modbat.examples.SimpleModel-1...
[FINE] modbat.examples.SimpleModel-1: Executing transition reset => zero...
[FINE] modbat.examples.SimpleModel-1: Executing transition zero => zero...
[FINE] modbat.examples.SimpleModel-1: Executing transition zero => one...
[FINE] modbat.examples.SimpleModel-1: Executing transition one => two...
[FINE] modbat.examples.SimpleModel-1: Executing transition two => end...
      22 433bb5b50b64a008, 4 tests failed.
[FINE] Launching new model instance modbat.examples.SimpleModel-1...
[FINE] modbat.examples.SimpleModel-1: Executing transition reset => zero...
[FINE] modbat.examples.SimpleModel-1: Executing transition zero => zero...
[FINE] modbat.examples.SimpleModel-1: Executing transition zero => zero...
[FINE] modbat.examples.SimpleModel-1: Executing transition zero => two...
[FINE] modbat.examples.SimpleModel-1: Executing transition two => end...
      23 66809a782bf43de4, 4 tests failed.
[FINE] Launching new model instance modbat.examples.SimpleModel-1...
[FINE] modbat.examples.SimpleModel-1: Executing transition reset => zero...
[FINE] modbat.examples.SimpleModel-1: Executing transition zero => one...
[FINE] modbat.examples.SimpleModel-1: Executing transition one => two...
[FINE] modbat.examples.SimpleModel-1: Executing transition two => end...
      24 572341b810ffdb34, 4 tests failed.
[FINE] Launching new model instance modbat.examples.SimpleModel-1...
[FINE] modbat.examples.SimpleModel-1: Executing transition reset => zero...
[FINE] modbat.examples.SimpleModel-1: Executing transition zero => zero...
[FINE] modbat.examples.SimpleModel-1: Executing transition zero => two...
[FINE] modbat.examples.SimpleModel-1: Executing transition two => end...
      25 2512cb9b3c34c93f, 4 tests failed.
[FINE] Launching new model instance modbat.examples.SimpleModel-1...
[FINE] modbat.examples.SimpleModel-1: Executing transition reset => zero...
[FINE] modbat.examples.SimpleModel-1: Executing transition zero => two...
[FINE] modbat.examples.SimpleModel-1: Executing transition two => end...
      26 72dad7a5374659e4, 4 tests failed.
[FINE] Launching new model instance modbat.examples.SimpleModel-1...
[FINE] modbat.examples.SimpleModel-1: Executing transition reset => zero...
[FINE] modbat.examples.SimpleModel-1: Executing transition zero => two...
[FINE] modbat.examples.SimpleModel-1: Executing transition two => end...
      27 79a5b58718b0a686, 4 tests failed.
[FINE] Launching new model instance modbat.examples.SimpleModel-1...
[FINE] modbat.examples.SimpleModel-1: Executing transition reset => zero...
[FINE] modbat.examples.SimpleModel-1: Executing transition zero => two...
[FINE] modbat.examples.SimpleModel-1: Executing transition two => end...
      28 6666de042dbcc690, 4 tests failed.
[FINE] Launching new model instance modbat.examples.SimpleModel-1...
[FINE] modbat.examples.SimpleModel-1: Executing transition reset => zero...
[FINE] modbat.examples.SimpleModel-1: Executing transition zero => one...
[FINE] modbat.examples.SimpleModel-1: Executing transition one => two...
[FINE] modbat.examples.SimpleModel-1: Executing transition two => end...
      29 7d3db60a36899abc, 4 tests failed.
[FINE] Launching new model instance modbat.examples.SimpleModel-1...
[FINE] modbat.examples.SimpleModel-1: Executing transition reset => zero...
[FINE] modbat.examples.SimpleModel-1: Executing transition zero => two...
[FINE] modbat.examples.SimpleModel-1: Executing transition two => end...
      30 66b0c7572a7ff949, 4 tests failed.
[FINE] Launching new model instance modbat.examples.SimpleModel-1...
[FINE] modbat.examples.SimpleModel-1: Executing transition reset => zero...
[FINE] modbat.examples.SimpleModel-1: Executing transition zero => two...
[FINE] modbat.examples.SimpleModel-1: Executing transition two => end...
[INFO] 30 tests executed, 26 ok, 4 failed.
[INFO] One type of test failure:
[INFO] 1) java.lang.AssertionError: assertion failed at assert
[INFO]    49a846e52b813972 486e122d1bcbade7 1690fa4e0c732f7d 636e772f0798297b
[INFO] 5 states covered (100 % out of 5),
[INFO] 6 transitions covered (100 % out of 6).
[INFO] Random seed for next test would be: 7073195f4478074f
