scala modbat.jar v3.3-dev
Usage: scala modbat.jar [--OPTION=value] ... CLASSNAME
  -h, --help                    show this help and exit
  -s, --show                    show current configuration
  -v, --version                 show version number and exit
      --[no-]redirect-out       redirect output to log file
      --[no-]init               run initialization code
      --[no-]shutdown           run shutdown code
      --[no-]setup              execute setup methods before each test
      --[no-]cleanup            execute cleanup methods after each test
      --[no-]delete-empty-log   remove empty log files after test
      --[no-]remove-log-on-success remove non-empty log files on success
      --[no-]dotify-coverage    show coverage in dot file format
      --dot-dir                 output directory for dot files
      --[no-]stop-on-failure    stop model exploration after a test failed
      --[no-]precond-as-failure test fails if scala.Predef.requires fails
      --[no-]print-stack-trace  print stack trace of uncaught exception
      --[no-]show-choices       show choices inside transitions [1]
      --classpath               overrides environment variable CLASSPATH if set
      --log-path                output path for traces
      --offline                 generate source code for offline testing
      --offline-dest            destination dir. for generated offline code
      --[no-]rethrow-exceptions re-throw exceptions in offline mode
      --log-level               level at which messages are logged
  -s, --random-seed             random seed for initial test
      --abort-probability       probability of aborting test sequence
      --maybe-probability       probability of executing "maybe" statement
  -n, --n-runs                  number of test runs
      --mode                    usage mode (execute tests or generate dot file)
      --loop-limit              limit times same state is visited; 0 = no limit
      --[no-]auto-labels        use auto-generated labels if no label given
[1] Error trace shows internal choices; dot output shows choices and launches.
    Note: Nested choices and coverage of choices currently not supported.
