[DEBUG] Adding ../../build/modbat-examples.jar to classpath.
       1 3461ca9c
[DEBUG] modbat.examples.CounterModel-1: Registered state transition from reset to zero
[DEBUG] modbat.examples.CounterModel-1: Registered state transition from zero to zero
[DEBUG] modbat.examples.CounterModel-1: Registered state transition from zero to one
[DEBUG] modbat.examples.CounterModel-1: Registered state transition from one to two
[DEBUG] modbat.examples.CounterModel-1: Registered state transition from zero to two
[DEBUG] modbat.examples.CounterModel-1: Registered state transition from two to end
[FINE] Launching new model instance modbat.examples.CounterModel-1...
[DEBUG] --- Exploring model ---
[DEBUG] modbat.examples.CounterModel-1: Current state: reset
[DEBUG] modbat.examples.CounterModel-1: Possible successor: zero
[DEBUG] State zero in model modbat.examples.CounterModel-1 was visited 0 times.
[FINE] modbat.examples.CounterModel-1: Executing transition reset => zero...
[DEBUG] modbat.examples.CounterModel-1: Current state: zero
[DEBUG] modbat.examples.CounterModel-1: Possible successor: zero
[DEBUG] modbat.examples.CounterModel-1: Possible successor: one
[DEBUG] modbat.examples.CounterModel-1: Possible successor: two
[DEBUG] State zero in model modbat.examples.CounterModel-1 was visited 1 times.
[DEBUG] State one in model modbat.examples.CounterModel-1 was visited 0 times.
[DEBUG] State two in model modbat.examples.CounterModel-1 was visited 0 times.
[FINE] modbat.examples.CounterModel-1: Executing transition zero => one...
[DEBUG] modbat.examples.CounterModel-1: Current state: one
[DEBUG] modbat.examples.CounterModel-1: Possible successor: two
[DEBUG] State two in model modbat.examples.CounterModel-1 was visited 0 times.
[FINE] modbat.examples.CounterModel-1: Executing transition one => two...
[DEBUG] modbat.examples.CounterModel-1: Current state: two
[DEBUG] modbat.examples.CounterModel-1: Possible successor: end
[DEBUG] State end in model modbat.examples.CounterModel-1 was visited 0 times.
[FINE] modbat.examples.CounterModel-1: Executing transition two => end...
[DEBUG] modbat.examples.CounterModel-1: Current state: end
[DEBUG] No more successors.
[DEBUG] --- Resetting to initial state ---
       2 37a62d21
[DEBUG] Identical model found: modbat.examples.CounterModel-1
[DEBUG] modbat.examples.CounterModel-1: Registered state transition from reset to zero
[DEBUG] modbat.examples.CounterModel-1: Registered state transition from zero to zero
[DEBUG] modbat.examples.CounterModel-1: Registered state transition from zero to one
[DEBUG] modbat.examples.CounterModel-1: Registered state transition from one to two
[DEBUG] modbat.examples.CounterModel-1: Registered state transition from zero to two
[DEBUG] modbat.examples.CounterModel-1: Registered state transition from two to end
[FINE] Launching new model instance modbat.examples.CounterModel-1...
[DEBUG] --- Exploring model ---
[DEBUG] modbat.examples.CounterModel-1: Current state: reset
[DEBUG] modbat.examples.CounterModel-1: Possible successor: zero
[DEBUG] State zero in model modbat.examples.CounterModel-1 was visited 0 times.
[FINE] modbat.examples.CounterModel-1: Executing transition reset => zero...
[DEBUG] modbat.examples.CounterModel-1: Current state: zero
[DEBUG] modbat.examples.CounterModel-1: Possible successor: zero
[DEBUG] modbat.examples.CounterModel-1: Possible successor: one
[DEBUG] modbat.examples.CounterModel-1: Possible successor: two
[DEBUG] State zero in model modbat.examples.CounterModel-1 was visited 1 times.
[DEBUG] State one in model modbat.examples.CounterModel-1 was visited 0 times.
[DEBUG] State two in model modbat.examples.CounterModel-1 was visited 0 times.
[FINE] modbat.examples.CounterModel-1: Executing transition zero => zero...
[DEBUG] modbat.examples.CounterModel-1: Current state: zero
[DEBUG] modbat.examples.CounterModel-1: Possible successor: zero
[DEBUG] modbat.examples.CounterModel-1: Possible successor: one
[DEBUG] modbat.examples.CounterModel-1: Possible successor: two
[DEBUG] State zero in model modbat.examples.CounterModel-1 was visited 2 times.
[DEBUG] State one in model modbat.examples.CounterModel-1 was visited 0 times.
[DEBUG] State two in model modbat.examples.CounterModel-1 was visited 0 times.
[FINE] modbat.examples.CounterModel-1: Executing transition zero => zero...
[DEBUG] modbat.examples.CounterModel-1: Current state: zero
[DEBUG] modbat.examples.CounterModel-1: Possible successor: zero
[DEBUG] modbat.examples.CounterModel-1: Possible successor: one
[DEBUG] modbat.examples.CounterModel-1: Possible successor: two
[DEBUG] State zero in model modbat.examples.CounterModel-1 was visited 3 times.
[DEBUG] State one in model modbat.examples.CounterModel-1 was visited 0 times.
[DEBUG] State two in model modbat.examples.CounterModel-1 was visited 0 times.
[FINE] modbat.examples.CounterModel-1: Executing transition zero => zero...
[DEBUG] modbat.examples.CounterModel-1: Current state: zero
[DEBUG] modbat.examples.CounterModel-1: Possible successor: zero
[DEBUG] modbat.examples.CounterModel-1: Possible successor: one
[DEBUG] modbat.examples.CounterModel-1: Possible successor: two
[DEBUG] State zero in model modbat.examples.CounterModel-1 was visited 4 times.
[DEBUG] State one in model modbat.examples.CounterModel-1 was visited 0 times.
[DEBUG] State two in model modbat.examples.CounterModel-1 was visited 0 times.
[FINE] modbat.examples.CounterModel-1: Executing transition zero => one...
[DEBUG] modbat.examples.CounterModel-1: Current state: one
[DEBUG] modbat.examples.CounterModel-1: Possible successor: two
[DEBUG] State two in model modbat.examples.CounterModel-1 was visited 0 times.
[FINE] modbat.examples.CounterModel-1: Executing transition one => two...
[DEBUG] modbat.examples.CounterModel-1: Current state: two
[DEBUG] modbat.examples.CounterModel-1: Possible successor: end
[DEBUG] State end in model modbat.examples.CounterModel-1 was visited 0 times.
[FINE] modbat.examples.CounterModel-1: Executing transition two => end...
[DEBUG] Loop 1
[DEBUG] modbat/examples/CounterModel.scala:13: reset => zero
[DEBUG] modbat/examples/CounterModel.scala:16: zero => zero
[DEBUG] modbat/examples/CounterModel.scala:16: zero => zero
[DEBUG] modbat/examples/CounterModel.scala:16: zero => zero
[DEBUG] modbat/examples/CounterModel.scala:19: zero => one, modbat/examples/CounterModel.scala:22: one => two, modbat/examples/CounterModel.scala:28: two => end
[DEBUG] Identical model found: modbat.examples.CounterModel-1
[DEBUG] modbat.examples.CounterModel-1: Registered state transition from reset to zero
[DEBUG] modbat.examples.CounterModel-1: Registered state transition from zero to zero
[DEBUG] modbat.examples.CounterModel-1: Registered state transition from zero to one
[DEBUG] modbat.examples.CounterModel-1: Registered state transition from one to two
[DEBUG] modbat.examples.CounterModel-1: Registered state transition from zero to two
[DEBUG] modbat.examples.CounterModel-1: Registered state transition from two to end
[FINE] Launching new model instance modbat.examples.CounterModel-1...
[FINE] Replaying trace (for trace reduction)...
[DEBUG] Replaying prefix, 1 transitions...
[FINE] modbat.examples.CounterModel-1: Executing transition reset => zero...
[DEBUG] Replaying 3 loops, total number of 3 transitions...
[FINE] modbat.examples.CounterModel-1: Executing transition zero => zero...
[FINE] modbat.examples.CounterModel-1: Executing transition zero => zero...
[FINE] modbat.examples.CounterModel-1: Executing transition zero => zero...
[DEBUG] Replaying suffix, 3 transitions...
[FINE] modbat.examples.CounterModel-1: Executing transition zero => one...
[FINE] modbat.examples.CounterModel-1: Executing transition one => two...
[FINE] modbat.examples.CounterModel-1: Executing transition two => end...
[DEBUG] --- Resetting to initial state ---
       3 c6557f6
[DEBUG] Identical model found: modbat.examples.CounterModel-1
[DEBUG] modbat.examples.CounterModel-1: Registered state transition from reset to zero
[DEBUG] modbat.examples.CounterModel-1: Registered state transition from zero to zero
[DEBUG] modbat.examples.CounterModel-1: Registered state transition from zero to one
[DEBUG] modbat.examples.CounterModel-1: Registered state transition from one to two
[DEBUG] modbat.examples.CounterModel-1: Registered state transition from zero to two
[DEBUG] modbat.examples.CounterModel-1: Registered state transition from two to end
[FINE] Launching new model instance modbat.examples.CounterModel-1...
[DEBUG] --- Exploring model ---
[DEBUG] modbat.examples.CounterModel-1: Current state: reset
[DEBUG] modbat.examples.CounterModel-1: Possible successor: zero
[DEBUG] State zero in model modbat.examples.CounterModel-1 was visited 0 times.
[FINE] modbat.examples.CounterModel-1: Executing transition reset => zero...
[DEBUG] modbat.examples.CounterModel-1: Current state: zero
[DEBUG] modbat.examples.CounterModel-1: Possible successor: zero
[DEBUG] modbat.examples.CounterModel-1: Possible successor: one
[DEBUG] modbat.examples.CounterModel-1: Possible successor: two
[DEBUG] State zero in model modbat.examples.CounterModel-1 was visited 1 times.
[DEBUG] State one in model modbat.examples.CounterModel-1 was visited 0 times.
[DEBUG] State two in model modbat.examples.CounterModel-1 was visited 0 times.
[FINE] modbat.examples.CounterModel-1: Executing transition zero => two...
[DEBUG] modbat.examples.CounterModel-1: Current state: two
[DEBUG] modbat.examples.CounterModel-1: Possible successor: end
[DEBUG] State end in model modbat.examples.CounterModel-1 was visited 0 times.
[FINE] modbat.examples.CounterModel-1: Executing transition two => end...
[DEBUG] modbat.examples.CounterModel-1: Current state: end
[DEBUG] No more successors.
[DEBUG] --- Resetting to initial state ---
[INFO] 3 tests executed, 2 ok, 1 failed.
[INFO] 5 states covered (100 % out of 5), 6 transitions covered (100 % out of 6).
[INFO] Random seed for next test would be: 1828cd45
