       1 3ba471c1785a0175
[FINE] Launching new model instance modbat.examples.NioSocket1-1...
[FINE] modbat.examples.NioSocket1-1: Executing transition reset => open...
[FINE] modbat.examples.NioSocket1-1: Executing transition open => closed...
[FINE] modbat.examples.NioSocket1-1: Executing transition closed => closed...
[FINE] modbat.examples.NioSocket1-1: Executing transition closed => closed...
[FINE] modbat.examples.NioSocket1-1: Executing transition closed => closed...
[FINE] modbat.examples.NioSocket1-1: Executing transition closed => closed...
[FINE] modbat.examples.NioSocket1-1: Executing transition closed => closed...
[FINE] modbat.examples.NioSocket1-1: Executing transition closed => closed...
[FINE] modbat.examples.NioSocket1-1: Executing transition closed => closed...
[FINE] modbat.examples.NioSocket1-1: Executing transition closed => err...
[FINE] java.nio.channels.AsynchronousCloseException generated as expected.
       2 402b73cd0066eaea
[FINE] Launching new model instance modbat.examples.NioSocket1-1...
[FINE] modbat.examples.NioSocket1-1: Executing transition reset => open...
[FINE] modbat.examples.NioSocket1-1: Executing transition open => maybeconnected...
[FINE] Precondition violated, backtracking to open.
[FINE] modbat.examples.NioSocket1-1: Executing transition open => err (1)...
[FINE] java.nio.channels.NoConnectionPendingException generated as expected.
       3 41530f4040856586
[FINE] Launching new model instance modbat.examples.NioSocket1-1...
[FINE] modbat.examples.NioSocket1-1: Executing transition reset => open...
[FINE] modbat.examples.NioSocket1-1: Executing transition open => maybeconnected...
[FINE] Precondition violated, backtracking to open.
[FINE] modbat.examples.NioSocket1-1: Executing transition open => err (1)...
[FINE] java.nio.channels.NoConnectionPendingException generated as expected.
       4  89a82931be29e65
[FINE] Launching new model instance modbat.examples.NioSocket1-1...
[FINE] modbat.examples.NioSocket1-1: Executing transition reset => open...
[FINE] modbat.examples.NioSocket1-1: Executing transition open => maybeconnected...
[FINE] Precondition violated, backtracking to open.
[FINE] modbat.examples.NioSocket1-1: Executing transition open => err (1)...
[FINE] java.nio.channels.NoConnectionPendingException generated as expected.
       5 49a846e52b813972
[FINE] Launching new model instance modbat.examples.NioSocket1-1...
[FINE] modbat.examples.NioSocket1-1: Executing transition reset => open...
[FINE] modbat.examples.NioSocket1-1: Executing transition open => connected...
[FINE] modbat.examples.NioSocket1-1: Executing transition connected => connected (1)...
[FINE] modbat.examples.NioSocket1-1: Executing transition connected => connected (1)...
[FINE] modbat.examples.NioSocket1-1: Executing transition connected => connected (1)...
[FINE] modbat.examples.NioSocket1-1: Executing transition connected => connected (1)...
[FINE] modbat.examples.NioSocket1-1: Executing transition connected => err...
[FINE] java.nio.channels.AlreadyConnectedException generated as expected.
       6 27fe2d950fc74b21
[FINE] Launching new model instance modbat.examples.NioSocket1-1...
[FINE] modbat.examples.NioSocket1-1: Executing transition reset => open...
[FINE] modbat.examples.NioSocket1-1: Executing transition open => maybeconnected...
[FINE] Precondition violated, backtracking to open.
[FINE] modbat.examples.NioSocket1-1: Executing transition open => connected...
[FINE] modbat.examples.NioSocket1-1: Executing transition connected => connected (1)...
[FINE] modbat.examples.NioSocket1-1: Executing transition connected => err...
[FINE] java.nio.channels.AlreadyConnectedException generated as expected.
       7 19b6aa1b14a29017
[FINE] Launching new model instance modbat.examples.NioSocket1-1...
[FINE] modbat.examples.NioSocket1-1: Executing transition reset => open...
[FINE] modbat.examples.NioSocket1-1: Executing transition open => maybeconnected...
[FINE] Precondition violated, backtracking to open.
[FINE] modbat.examples.NioSocket1-1: Executing transition open => err (1)...
[FINE] java.nio.channels.NoConnectionPendingException generated as expected.
       8 5ff50ec9279365d2
[FINE] Launching new model instance modbat.examples.NioSocket1-1...
[FINE] modbat.examples.NioSocket1-1: Executing transition reset => open...
[FINE] modbat.examples.NioSocket1-1: Executing transition open => maybeconnected...
[FINE] Precondition violated, backtracking to open.
[FINE] modbat.examples.NioSocket1-1: Executing transition open => connected...
[FINE] modbat.examples.NioSocket1-1: Executing transition connected => err...
[FINE] java.nio.channels.AlreadyConnectedException generated as expected.
       9  85780661bf76533
[FINE] Launching new model instance modbat.examples.NioSocket1-1...
[FINE] modbat.examples.NioSocket1-1: Executing transition reset => open...
[FINE] modbat.examples.NioSocket1-1: Executing transition open => maybeconnected...
[FINE] Precondition violated, backtracking to open.
[FINE] modbat.examples.NioSocket1-1: Executing transition open => err (1)...
[FINE] java.nio.channels.NoConnectionPendingException generated as expected.
      10 486e122d1bcbade7
[FINE] Launching new model instance modbat.examples.NioSocket1-1...
[FINE] modbat.examples.NioSocket1-1: Executing transition reset => open...
[FINE] modbat.examples.NioSocket1-1: Executing transition open => open...
[FINE] modbat.examples.NioSocket1-1: Executing transition open => err (1)...
[FINE] java.nio.channels.NoConnectionPendingException generated as expected.
[INFO] 10 tests executed, 10 ok, 0 failed.
[INFO] 5 states covered (83 % out of 6),
[INFO] 9 transitions covered (45 % out of 20).
[INFO] Precondition 1 always passed at transition modbat/examples/NioSocket1.scala:82 connect
[INFO] Precondition 1 always failed at transition modbat/examples/NioSocket1.scala:86 connect
[INFO] Random seed for next test would be: a410ce32fc39dfb
