       1 3ba471c1785a0175
       2 402b73cd0066eaea
[INFO] *** bandit UCB candidates:List((1.7774100225154745,0))
[INFO] *** bandit UCB chosen candidate's index:0
       3 41530f4040856586
[INFO] *** bandit UCB candidates:List((1.6481470739682051,0))
[INFO] *** bandit UCB chosen candidate's index:0
       4  89a82931be29e65
[INFO] *** bandit UCB candidates:List((1.561351257733922,0))
[INFO] *** bandit UCB chosen candidate's index:0
       5 49a846e52b813972
[INFO] *** bandit UCB candidates:List((1.4970612889970507,0))
[INFO] *** bandit UCB chosen candidate's index:0
[INFO] *** bandit UCB candidates:List((3.472769702248751,1))
[INFO] *** bandit UCB chosen candidate's index:1
[INFO] *** bandit UCB candidates:List((2.082303807367511,1))
[INFO] *** bandit UCB chosen candidate's index:1
       6 27fe2d950fc74b21
[INFO] *** bandit UCB candidates:List((1.4465835975798385,0))
[INFO] *** bandit UCB chosen candidate's index:0
[INFO] *** bandit UCB candidates:List((3.339333980337618,2))
[INFO] *** bandit UCB chosen candidate's index:2
[INFO] *** bandit UCB candidates:List((2.842026886600883,1))
[INFO] *** bandit UCB chosen candidate's index:1
[INFO] *** bandit UCB candidates:List((2.8941225779941018,2))
[INFO] *** bandit UCB chosen candidate's index:2
[INFO] *** bandit UCB candidates:List((2.4930184728248452,0), (2.4930184728248452,3))
[INFO] *** bandit UCB chosen candidate's index:3
[INFO] *** bandit UCB candidates:List((2.0651092223153955,0))
[INFO] *** bandit UCB chosen candidate's index:0
[INFO] *** bandit UCB candidates:List((1.8686362411795194,1))
[INFO] *** bandit UCB chosen candidate's index:1
       7 19b6aa1b14a29017
[INFO] *** bandit UCB candidates:List((1.4053798584219568,0))
[INFO] *** bandit UCB chosen candidate's index:0
[INFO] *** bandit UCB candidates:List((2.917427129385146,2))
[INFO] *** bandit UCB chosen candidate's index:2
[INFO] *** bandit UCB candidates:List((2.69629414793641,2), (2.69629414793641,3), (2.69629414793641,4))
[INFO] *** bandit UCB chosen candidate's index:3
       8 5ff50ec9279365d2
[INFO] *** bandit UCB candidates:List((1.3707957931681174,0))
[INFO] *** bandit UCB chosen candidate's index:0
[INFO] *** bandit UCB candidates:List((2.8293078072747155,3), (2.8293078072747155,5))
[INFO] *** bandit UCB chosen candidate's index:5
[INFO] *** bandit UCB candidates:List((1.7385661990458505,0))
[INFO] *** bandit UCB chosen candidate's index:0
[INFO] *** bandit UCB candidates:List((1.7389791186424546,1))
[INFO] *** bandit UCB chosen candidate's index:1
       9  85780661bf76533
[INFO] *** bandit UCB candidates:List((1.3411519036837556,0))
[INFO] *** bandit UCB chosen candidate's index:0
[INFO] *** bandit UCB candidates:List((2.8649279712439144,3))
[INFO] *** bandit UCB chosen candidate's index:3
      10 486e122d1bcbade7
[INFO] *** bandit UCB candidates:List((1.3153220087631157,0))
[INFO] *** bandit UCB chosen candidate's index:0
[INFO] *** bandit UCB candidates:List((2.7597463734821552,2))
[INFO] *** bandit UCB chosen candidate's index:2
[INFO] *** bandit UCB candidates:List((2.6537581293032577,1))
[INFO] *** bandit UCB chosen candidate's index:1
[INFO] *** bandit UCB candidates:List((2.5727697022487512,0))
[INFO] *** bandit UCB chosen candidate's index:0
[INFO] 8 main paths executed.
[INFO] the shortest path has 2 transitions.
[INFO] the longest path has 7 transitions.
[INFO] path length results: Map(2 -> 2, 4 -> 2, 7 -> 2, 3 -> 1, 6 -> 1)
[INFO] the average length of paths is: 4.375
[INFO] the standard deviation for the length of paths is: 1.9324531042175384
[INFO] the total number of nodes in path-based graph:25
[INFO] the total number of choice nodes in path-based graph: 0
[INFO] the total number of edges in path-based graph: 35
[INFO] the total number of non choice related edges in path-based graph: 35
[INFO] the total number of backtracked edges in path-based graph: 4
[INFO] the total number of failed edges in path-based graph: 0
[INFO] the total number of choice related edges in path-based graph: 0
[INFO] the total number of cycles in path-based graph: 7
[INFO] ---------------------- table data of PG -----------------------
Name & Test Cases & Nodes & Choice Nodes & Edges & failEdges & Cycles & LIP & LP & SP & AVE & SD
modbat.examples.NioSocket1 & 10 & 25  & 0  & 35   & 0         & 7    & 8 & 7 & 2  & 4.375 & 1.9324531042175384
--------------------------------------------------------------
[INFO] the total number of choice nodes in state-based graph: 0
[INFO] the total number of edges in state-based graph: 17
[INFO] the total number of non choice related edges in state-based graph: 17
[INFO] the total number of backtracked edges in state-based graph: 2
[INFO] the total number of failed edges in state-based graph: 0
[INFO] the total number of choice related edges in state-based graph: 0
[INFO] the total number of Jumped dotted edges in state-based graph: 0
[INFO] the total number of cycles in state-based graph: 5
[INFO] ---------------------- table data of SG -----------------------
Name & Test Cases & Choice Nodes & Edges & failEdges & Cycles
modbat.examples.NioSocket1 & 10 & 0 & 17 & 0 & 5
--------------------------------------------------------------
[INFO] 10 tests executed, 10 ok, 0 failed.
[INFO] 6 states covered (100 % out of 6),
[INFO] 15 transitions covered (75 % out of 20).
[INFO] Precondition 1 always passed at transition modbat/examples/NioSocket1.scala:95 finishConnect
[INFO] Random seed for next test would be: a410ce32fc39dfb
