       1 3ba471c1785a0175
       2 402b73cd0066eaea
       3 41530f4040856586
       4  89a82931be29e65
       5 49a846e52b813972
       6 27fe2d950fc74b21
       7 19b6aa1b14a29017
       8 5ff50ec9279365d2
       9  85780661bf76533
      10 486e122d1bcbade7
      11  a410ce32fc39dfb
      12  745035c2b643033
      13  1e528010d3d2d54
      14 1690fa4e0c732f7d
      15 8d32a08e0d0b1183
      16 5a92477004cf57fb
      17 284ca782182a253f
      18 5e7dfc9e0a3af5da
      19 8e80db4b43867a5a
      20 7bb4b043219b1ba6
      21 636e772f0798297b
      22 433bb5b50b64a008
      23 66809a782bf43de4
      24 572341b810ffdb34
      25 2512cb9b3c34c93f
      26 72dad7a5374659e4
      27 79a5b58718b0a686
      28 6666de042dbcc690
      29 7d3db60a36899abc
      30 66b0c7572a7ff949
      31 7073195f4478074f
      32  e50486a02022728
      33 28d961ca0ac12e82
      34 3729e4b30cc61f61
      35 8102b494089e6116
      36 65ddd1b61aaa637e
      37 764cc9831b53a60a
      38 71accd072d9aba73
      39 73a8798b3335e38a
      40 44907dab3e7f0a55
      41 46e3ffb302d6b70f
      42 903dd74e32475186
      43 7974bf3b16645027
      44 6be018a71603cc94
      45  de8785f38307c43
      46 43e6dcdf22215f20
      47 7c984b5d1a209c21
      48 2a83b5bd2ae1ea70
      49 6685050840640de1
      50  2d6f6cd03d01cb4
      51 8b388ceb07e23410
      52 4f7e879b0e4cace2
      53 4c7f1e112f7be0ec
      54 10f631783dc7013b
      55 1be7db2e0056c237
      56 7ba3e1c53557bb86
      57 7f5be57033817337
      58 816d9a4b1fa53eb1
      59 5709fa3011381cf5
      60 8d21f4b907f41bc8
      61 8a0cfd0207a16674
      62 8eb96fde1c23c3e1
      63 3f1b50c735ccd873
      64 2d9150ba3b734bbc
      65 2d89e9db14cd4e33
      66 83eb485c157a76bd
      67 28d1f1a7209cde8a
      68 885136503d1f67bc
      69 1ea3cf211c7e0fdf
      70 74d7a32c045c0c2e
      71 5c0c21e3035866bc
      72 131df2271c378618
      73 8899551c24d493b7
      74 3003311528925804
      75 1bb021a0182cc1d2
      76 12f7e650353c15cc
      77 81eb89c705fcccfc
      78 4db8f48a384cfcbc
      79 89f23a52456a9b0c
      80 20e695942a96012a
      81 5460ba9a005203b6
      82 69437d8a0104ed32
      83 46d186dd4125cca4
      84 4c13e77638350c65
      85 82919b790367b5c5
      86 57b4573231ecaef7
      87 31303b36300e691c
      88 2166da561cdeb0ce
      89 7b2a0eac308fb13e
      90  8473fb630ae87ef
      91 23f089ed2556055e
      92 4dce0625017986b6
      93  377a2fb24ffde59
      94 5bf00c6a3d11f6cf
      95  701136a43c9f7c1
      96  af39d7b440c7619
      97 58d5d266207001dc
      98 76b004ab0082dd30
      99  2a290d33cc03f82
     100 51b2192d1171a160
     101  e33f5272c52bf71
     102 8a4a8b323494e5a2
     103 4e85c1cc3f124334, one test failed.
     104 6d528b3112757752, one test failed.
     105 4e85146b20c5c815, one test failed.
     106  b84de6836f46555, one test failed.
     107 7d75c42c1bd51f84, one test failed.
     108 6ea9b38108a80d15, one test failed.
     109 65429e920397dd38, one test failed.
     110 59738f243cc27517, one test failed.
     111 50bf4f3720291df2, one test failed.
     112 2cafbe4e0839a7c9, one test failed.
     113 6b5a1aad2e156d09, one test failed.
     114  f0cac4f1df2b6e5, one test failed.
     115 61332b73323be382, one test failed.
     116 1882e35e3e7cd6db, one test failed.
     117 80423a103b0344ec, one test failed.
     118 20c150d212ee4cc3, one test failed.
     119 2d9766e3151561de, one test failed.
     120 3a0a10b21ae15e75, one test failed.
     121  96b330c19f19d71, one test failed.
     122 1ccbb9572b3e3341, one test failed.
     123 688d117a0e13f58e, one test failed.
     124  9dc339743719e73, one test failed.
     125 1d1a22cb2b853961, one test failed.
     126 13a0925d0fc29fd5, one test failed.
     127 52906bc52be64052, one test failed.
     128 3ccb565d11aab186, one test failed.
     129 30b7f8f030c22f8a, one test failed.
     130 8c6d4b270d0ec7e2, one test failed.
     131 2a654f6c36e64fae, one test failed.
     132 2ccd7db115e2b146, one test failed.
     133 46e74a6630b09fc2, one test failed.
     134 29f82abd2be12950, one test failed.
     135 181c017d0b58f4e1, one test failed.
     136   d70461434217a8, one test failed.
     137  2785ca0067f97c2, one test failed.
     138 3440001829ae7f1f, one test failed.
     139    dbe1822ea5d5e, one test failed.
     140 6b3b77e519a5044a, one test failed.
     141 43a26828012dacc5, one test failed.
     142 3ac17c0a2f73dcbd, one test failed.
     143 45f8badb3ca0d883, one test failed.
     144 696819cb3b77b790, one test failed.
     145  e8d2dab326af877, one test failed.
     146 19c2f9b0443e619a, one test failed.
     147 8cd982f21acee05e, one test failed.
     148 49de621b3d9fec2e, one test failed.
     149 3757b6f140de9fff, one test failed.
     150 6732d0302bf1fa8e, one test failed.
     151 7570cae244d14c51, one test failed.
     152 7272cc2214f64421, one test failed.
     153 73274c6412b66546, one test failed.
     154 2b18082b1bd0dc96, one test failed.
     155  49bb4bb3c960eb0, one test failed.
     156 65f3554e0408f396, one test failed.
     157 301f42f142e726e8, one test failed.
     158 25c334f80aafdb67, one test failed.
     159 1de15f7b3c42c4df, one test failed.
     160 35dc77543612bbf2, one test failed.
     161 43506750339f1db2, one test failed.
     162 3a47a3200828273f, one test failed.
     163 5c0522670ac785d8, one test failed.
     164 1368684424c2ee47, one test failed.
     165 3ad1174c417204f2, one test failed.
     166  d2488fd015bf912, one test failed.
     167 4d468ce94468c2fb, one test failed.
     168 4f7d28d7358dd4d8, one test failed.
     169 1709ffac3a75c90d, one test failed.
     170 9039b49537389c85, one test failed.
     171 65de71562afd7ec8, one test failed.
     172 3fef422422d2797d, one test failed.
     173 254fa0b3215e47e2, one test failed.
     174 5aa6beba13be63fe, one test failed.
     175 6b9734f01b76c71e, one test failed.
     176 1ddd220736b088d6, one test failed.
     177 133202bc25957d90, one test failed.
     178  18af24e227cc295, one test failed.
     179 88af43883571af0c, one test failed.
     180 2618bb7730143131, one test failed.
     181 69bff9e70d82f564, one test failed.
     182 8cf8d97e436614c2, one test failed.
     183 7ab0a1a605b3cc06, one test failed.
     184 5b3027c638096b93, one test failed.
     185 16700b661d8c07f9, one test failed.
     186  66e23460230b15c, one test failed.
     187 13e5de2430b696f0, one test failed.
     188 7d4f70a92974fbb6, one test failed.
     189 3f8dc2a045229654, one test failed.
     190 6dca132d294a3762, one test failed.
     191  ad19b3f0f3643ea, one test failed.
     192 579327a812a74456, one test failed.
     193 165f1b7b12c4f187, one test failed.
     194  f808bd2425676f4, one test failed.
     195 4edf88a220ac2696, one test failed.
     196 4d1379510a99338c, one test failed.
     197 446f9f4c0e286e59, one test failed.
     198 59dc5a9b1e4edff8, one test failed.
     199 331cb36f3d83ebce, one test failed.
     200 65383ba340c441e3, one test failed.
     201 21a48b131218e9b4, one test failed.
     202 4e73dc6f40305258, one test failed.
     203 7c5927fa169e0bb0, one test failed.
     204 168d81e30335dd9e, one test failed.
     205 49450ca83cde7895, one test failed.
     206  723fa2d211ea96e, one test failed.
     207 8d1ff3982e89277e, one test failed.
     208 8969f6770ad8f9e9, one test failed.
     209 8b08903844a3d9a8, one test failed.
     210 515b32003bc83923, one test failed.
     211 1c34d35b0fb1a8b8, one test failed.
     212 7739fc872e571931, one test failed.
     213 8e73fa9806eb73a7, one test failed.
     214 8d5cd6cb1fc3d51b, one test failed.
     215 792ad69f3a881a33, one test failed.
     216 7911f06107325c78, one test failed.
     217 8799a0da1965bcb2, one test failed.
     218 5abd210333d3bd05, one test failed.
     219 129f94f833eaa363, one test failed.
     220 5408ac572ce054da, 2 tests failed.
     221 6137f3b7174e4d00, 2 tests failed.
     222 897b47461526274e, 2 tests failed.
     223 283525310acbb186, 2 tests failed.
     224 14faf94e30c228ab, 2 tests failed.
     225 8ca235f80b2ba832, 2 tests failed.
     226 1e722f5a2e3246cb, 2 tests failed.
     227 1ab62a5c1371cfa2, 2 tests failed.
     228 17e53a7239074211, 2 tests failed.
     229 20f830a712258457, 2 tests failed.
     230 1b72057724593755, 2 tests failed.
     231  31549410f32ace9, 2 tests failed.
     232 29529ebe2f7dce02, 2 tests failed.
     233 598c254038951c1d, 2 tests failed.
     234 1503a0cc07b8efa5, 2 tests failed.
     235 5ab4c8af41d20948, 2 tests failed.
     236 71351a7b028cd852, 2 tests failed.
     237  ef07da83b6a082c, 2 tests failed.
     238 46e218d8023ed12a, 2 tests failed.
     239  e03f77a3972db5e, 2 tests failed.
     240 8b9a2f0d3c407ad2, 2 tests failed.
     241 1a8b27ef21bc09e0, 2 tests failed.
     242 1686eb9202b677bc, 2 tests failed.
     243 84e2d56820e2d576, 2 tests failed.
     244 78628c8a3aa119c2, 2 tests failed.
     245 4f47bcfc07135341, 2 tests failed.
     246 6a9b92a316ddd163, 2 tests failed.
     247 52b83f76398297cd, 2 tests failed.
     248 23ccba1e29b1b792, 2 tests failed.
     249 68fd5a1a326b7351, 2 tests failed.
     250 32d3fda71fac61bb, 2 tests failed.
     251 8f162c521ad7cc1c, 2 tests failed.
     252 1900dcb8380f8b97, 2 tests failed.
     253 7c8220782657213f, 2 tests failed.
     254 12514dba0921c407, 2 tests failed.
     255 2bd8939b35d73551, 2 tests failed.
     256 5343e66b0ea50527, 2 tests failed.
     257 81fb0526016a54d5, 2 tests failed.
     258  2e7fe91174cc1fa, 2 tests failed.
     259 8f99fc603547116c, 2 tests failed.
     260 8e5e12f904c92f07, 2 tests failed.
     261  ab4667f0ceaa0f9, 2 tests failed.
     262 39d184cb2c3670ba, 2 tests failed.
     263 4ae8e1141ef64256, 2 tests failed.
     264 7ef7dc1c12385dd6, 2 tests failed.
     265 7c2a867319c5e918, 2 tests failed.
     266 4bd8515540058145, 2 tests failed.
     267 2de177b523818395, 2 tests failed.
     268 4387171e24240011, 2 tests failed.
     269  d0a9ed50004cf74, 2 tests failed.
     270 5999026738fa8c44, 2 tests failed.
     271  15b45d82686a63a, 2 tests failed.
     272 276626f32da7f4a6, 2 tests failed.
     273 15f8d11143320587, 2 tests failed.
     274 75ef65f10184e762, 2 tests failed.
     275 3981d5c83f8d1c24, 2 tests failed.
     276 7898688907bae2cd, 2 tests failed.
     277 3af868c93e4af5ca, 2 tests failed.
     278 3b1c45694382496a, 2 tests failed.
     279 2727c32d142a30a2, 2 tests failed.
     280 6e19849c0d5b92ca, 2 tests failed.
     281 4ace92152851287b, 2 tests failed.
     282 5268056b0b1e70c1, 2 tests failed.
     283  30ebb4b1ef80d6e, 2 tests failed.
     284 69a704d103b06558, 2 tests failed.
     285  2b7f3601bd5bf30, 2 tests failed.
     286 8949d5173482fad5, 2 tests failed.
     287 7834dfb844e4d512, 2 tests failed.
     288 7e33baac3a85c684, 2 tests failed.
     289 694dcebf36865bc5, 2 tests failed.
     290 74a0a5a41934c216, 2 tests failed.
     291 5d70a4e4354ec414, 2 tests failed.
     292 5d043ef435daf38e, 2 tests failed.
     293 23836f1842e5263a, 2 tests failed.
     294 3eab345b0a801105, 2 tests failed.
     295 1d88e7fe04acba10, 2 tests failed.
     296 82de24b6331a89ac, 2 tests failed.
     297 14b5f18425d040da, 2 tests failed.
     298 883d63d911d005f0, 2 tests failed.
     299 38538c3e01a18cd0, 2 tests failed.
     300 4f1c9dc126ace2a1, 2 tests failed.
     301 58fd93453e3efefc, 2 tests failed.
     302 5313904a4608d4fe, 2 tests failed.
     303 5165216d3a804968, 2 tests failed.
     304 12db571a14299b00, 2 tests failed.
     305 31226c852a928429, 2 tests failed.
     306 3d3783af244cad62, 2 tests failed.
     307 4a48affe2f9f1eec, 2 tests failed.
     308 63475976087e615f, 2 tests failed.
     309 327774ad1abe702e, 2 tests failed.
     310 41d15d6c1ecfbd1e, 2 tests failed.
     311 34b3531d33f16c2f, 2 tests failed.
     312 2ee29b981db6dca1, 2 tests failed.
     313 57c5803a3c991606, 2 tests failed.
     314 48558f8f060cc279, 2 tests failed.
     315 50fb99fc3569e1dc, 2 tests failed.
     316 56dd39573e08f229, 2 tests failed.
     317 2058cb8c428320d8, 2 tests failed.
     318 72d25cc409059603, 2 tests failed.
     319 3454bf362933bbf5, 2 tests failed.
     320 6bdd017a339fe3c3, 2 tests failed.
     321   d5a6e73e8eb28f, 2 tests failed.
     322 5e266594310b253e, 2 tests failed.
     323 394d47da0a3ac86b, 2 tests failed.
     324 288851b7370bedaa, 2 tests failed.
     325 2e189c974146f82b, 2 tests failed.
     326 58555807442990b6, 2 tests failed.
     327 31a8633427bf4109, 2 tests failed.
     328 37f621fc11dcf08f, 2 tests failed.
     329 132be8524212588c, 2 tests failed.
     330 830d7ccd185235d2, 2 tests failed.
     331 466703220ec855f2, 2 tests failed.
     332  1c4af59179b1668, 2 tests failed.
     333 62e9fd450627881b, 2 tests failed.
     334 8edf14362561f097, 2 tests failed.
     335  b67390542149e91, 2 tests failed.
     336 202a3e742b8d7564, 2 tests failed.
     337 233afdbe203e32cd, 2 tests failed.
     338 8f2316280df40e4e, 2 tests failed.
     339  c80258b03edda54, 2 tests failed.
     340 152da2833bf7362d, 2 tests failed.
     341 5bac6ce80ee17807, 2 tests failed.
     342 3d6f86d420f77b11, 2 tests failed.
     343 4c0eca6321cd3c47, 2 tests failed.
     344 722afea9108e61fd, 2 tests failed.
     345 8fa7f57b1ae9dd9e, 2 tests failed.
     346 8a7a6f1a3cde9049, 2 tests failed.
     347 3eacbc2427a149ae, 2 tests failed.
     348 6a21a970143cc201, 2 tests failed.
     349 5f94e9113548fa8c, 2 tests failed.
     350 8379878d44d0c908, 2 tests failed.
     351 4c776c4e37374750, 2 tests failed.
     352 3d18987513966037, 2 tests failed.
     353 560095151a6d2ec6, 2 tests failed.
     354 54194b9d0cd8dc4d, 2 tests failed.
     355 2aa7a77e3c81f2e8, 2 tests failed.
     356 5e7bbd5542b79501, 2 tests failed.
     357 6acdd65828ed1907, 2 tests failed.
     358 78e9d4e506dfe51d, 2 tests failed.
     359 78189ad63eed8def, 2 tests failed.
     360 575859de26fbf39d, 2 tests failed.
     361 32b2136642e9360b, 2 tests failed.
     362  af187880ed82859, 2 tests failed.
     363 4c7421b90b1500a8, 2 tests failed.
     364 13063155002e2f95, 2 tests failed.
     365 1bd41ee30d119cbe, 2 tests failed.
     366 116c76ef2b0cfc71, 2 tests failed.
     367 431749734555f45c, 2 tests failed.
     368 296f1342431dca15, 2 tests failed.
     369  add2f81378127ad, 2 tests failed.
     370 1acc16c60ae5eb91, 2 tests failed.
     371  cd8d20240b34e35, 2 tests failed.
     372 76774faa157b2f43, 2 tests failed.
     373 2cf0c3310cfb2c6b, 2 tests failed.
     374 6e1bcc090c33306b, 2 tests failed.
     375 73192dcc0d4c6fa3, 2 tests failed.
     376 19d5fbc51ea9823c, 2 tests failed.
     377 8e062da223c53969, 2 tests failed.
     378 19be65780fc4ca95, 2 tests failed.
     379 393d37f637a41c54, 2 tests failed.
     380 1f918d2307c809e4, 2 tests failed.
     381 4f9db2ec02b77708, 2 tests failed.
     382 64ee726920b16537, 2 tests failed.
     383 408a61ff1bcccbe1, 2 tests failed.
     384 3747e22137ff581c, 2 tests failed.
     385 7f8f86d0183368bf, 2 tests failed.
     386 4c0ccadf1cc50de3, 2 tests failed.
     387 7270f18303d085b5, 2 tests failed.
     388 883d312b24b94a60, 2 tests failed.
     389 1bbce2e0146da2b9, 2 tests failed.
     390 7ffb299c2cb1843d, 2 tests failed.
     391 177950f724522dc1, 2 tests failed.
     392 2dac3cc80c9136a2, 2 tests failed.
     393 22499bb40f016b31, 2 tests failed.
     394 57d53f1d1d70f451, 2 tests failed.
     395 239a8aba431a9cc0, 2 tests failed.
     396 4e41a9e42b0dbf1a, 2 tests failed.
     397 5fd63cc5347cff2d, 2 tests failed.
     398 22481ca34616408c, 2 tests failed.
     399 1027912311bab9d6, 2 tests failed.
     400 51df4782330aa89a, 2 tests failed.
     401 2856c6312e4eff2a, 2 tests failed.
     402 6fcd026f4615676e, 2 tests failed.
     403  15fdf541c68ac75, 2 tests failed.
     404 7dfadad32f5dfef8, 2 tests failed.
     405 7b70ee854607acdd, 2 tests failed.
     406 868d1ffd2f7ab917, 2 tests failed.
     407 120bf55232d650aa, 2 tests failed.
     408 8a62d0ad1627e3f6, 2 tests failed.
     409 75b771573e9c9707, 2 tests failed.
     410 3fefe266297b5acc, 2 tests failed.
     411 7fb67bc518f0513b, 2 tests failed.
     412 45d21383164f9d60, 2 tests failed.
     413  b01f68d2b39844f, 2 tests failed.
     414 8b147ad624571de9, 2 tests failed.
     415 454b4cda08373327, 2 tests failed.
     416 2b5a6ab50e0cae67, 2 tests failed.
     417 3c31bf972fe6b83c, 2 tests failed.
     418 6c13c120329a2aa6, 2 tests failed.
     419 6cf1a2330bb6ea7a, 2 tests failed.
     420 5b7fa3dc4066add6, 2 tests failed.
     421 5c6f50bb2fbf1746, 2 tests failed.
     422 2d8aa9220664999f, 2 tests failed.
     423 5f68ac7c2a318214, 2 tests failed.
     424 614cde4423ba4871, 2 tests failed.
     425 7d61cb3013e5ad0a, 2 tests failed.
     426 729ed4112f86e305, 2 tests failed.
     427 77a0fd973e5a7f16, 2 tests failed.
     428 8f0d6a8f22e7f93a, 2 tests failed.
     429 3c1cb3b44473e107, 2 tests failed.
     430 655f30f03dce80a3, 2 tests failed.
     431 1b9b77cf235502be, 2 tests failed.
     432 4395af8200c0f2b5, 2 tests failed.
     433 63015fe742a95750, 2 tests failed.
     434 3619a8c017fb6ba9, 2 tests failed.
     435 5f316cd91d91f2cb, 2 tests failed.
     436 3d67143242af7f01, 2 tests failed.
     437  b64a5e922e238ff, 2 tests failed.
     438 5d9727f50fa7ac92, 2 tests failed.
     439 168a91142f65e947, 2 tests failed.
     440 51d6d7be40127f95, 2 tests failed.
     441 79b3aec4230adca2, 2 tests failed.
     442 629668173c9961aa, 2 tests failed.
     443 3ab804051ad33db9, 2 tests failed.
     444  244b0c510f3faa3, 2 tests failed.
     445 63b7531144d6f5e3, 2 tests failed.
     446 2edc05b043892dc6, 2 tests failed.
     447  335840c0c92b569, 2 tests failed.
     448 4a7cec2131d37362, 2 tests failed.
     449 8533b4051fb10c73, 2 tests failed.
     450 658d2b40036b75a1, 2 tests failed.
     451 186622cd204ecbbb, 2 tests failed.
     452 13a1ae7b37f4ecbe, 3 tests failed.
     453 626cd41441062754, 3 tests failed.
     454 77a29ea00acd8346, 3 tests failed.
     455 597b8742240e34ad, 3 tests failed.
     456 4c4cf38d0e77e81e, 3 tests failed.
     457 896381213fc0cbd7, 3 tests failed.
     458 48d80fec37fcbcf0, 3 tests failed.
     459  8fb90a433e4e2fc, 3 tests failed.
     460 51979c3f3e580aa4, 3 tests failed.
     461 5823d76e02ec6998, 3 tests failed.
     462 798694411d00926c, 3 tests failed.
     463 53a1d82f283766c0, 3 tests failed.
     464 79f36ee81c38c437, 3 tests failed.
     465 3e90771b35e47768, 3 tests failed.
     466 433048a320cbf664, 3 tests failed.
     467 28f9be0b43ac780b, 3 tests failed.
     468 6b344b7c20f8c91c, 3 tests failed.
     469 2a952110373ca1b8, 3 tests failed.
     470 12a6ba252c6b10bc, 3 tests failed.
     471 69013bd30498cf2b, 3 tests failed.
     472 21bfa28c38e68408, 3 tests failed.
     473 5bb18d2b2443ab66, 3 tests failed.
     474 4fa272542f139823, 3 tests failed.
     475 407e741629c94c03, 3 tests failed.
     476 417c3d8414e0bcb9, 3 tests failed.
     477 22b3bca033d5a4b0, 3 tests failed.
     478 6a6780532d3bcad5, 3 tests failed.
     479 4863bc7237b5cdcb, 3 tests failed.
     480 6a4db32538860925, 3 tests failed.
     481 650eb47a02833216, 3 tests failed.
     482 65cf0b180dc1ad63, 3 tests failed.
     483  64272a72f9f4eb1, 3 tests failed.
     484 40acfcc1159d2cef, 3 tests failed.
     485 8e947bd50c577a4d, 3 tests failed.
     486 45db28f121975267, 3 tests failed.
     487 1718a0b416a20bc7, 3 tests failed.
     488 5aa740ec033c2ed2, 3 tests failed.
     489 249fbb730cdc10dc, 3 tests failed.
     490 69bdb6ca04a1799c, 3 tests failed.
     491 671d02972166ad61, 3 tests failed.
     492  176670c2f9ed5b6, 3 tests failed.
     493 3a2105623ab2bc7e, 3 tests failed.
     494  3098f5333c59612, 3 tests failed.
     495 50d97c1429380565, 3 tests failed.
     496 45fe750d017b76c8, 3 tests failed.
     497 42079853209fcffb, 3 tests failed.
     498 55ed6c12391fc10f, 3 tests failed.
     499 3cf6c94f3506a7cf, 3 tests failed.
     500 718f3e5d2e173fb6, 3 tests failed.
     501 232e55b4117fdaf7, 3 tests failed.
     502 30588a023c2408af, 3 tests failed.
     503 4dd9eb2a0262ccd4, 3 tests failed.
     504 84a862133841fca2, 3 tests failed.
     505 37536e73456376e1, 3 tests failed.
     506 3e4e347e20a6f1b3, 3 tests failed.
     507 1d9ca5fc42629a96, 3 tests failed.
     508 5da1f1f82a759542, 3 tests failed.
     509 887f1c5928fedb15, 3 tests failed.
     510  ffe39003c2c5d8e, 3 tests failed.
     511 202770fe19b24c8c, 3 tests failed.
     512 3fbd585515064d72, 3 tests failed.
     513 31d44a9a154574a6, 3 tests failed.
     514 2a156afe2009ed25, 3 tests failed.
     515 3c5aec4341225999, 3 tests failed.
     516 8546d3d5189c16f2, 3 tests failed.
     517 777f37a3064d703c, 3 tests failed.
     518 1f62f95a1ed3810d, 3 tests failed.
     519 8ca9054c237200e3, 3 tests failed.
     520  2fd78d5003e7c62, 3 tests failed.
     521 4429625a2229aade, 3 tests failed.
     522 377b3b132eee3b89, 3 tests failed.
     523 21532246105a3fbe, 3 tests failed.
     524 135590091181efba, 3 tests failed.
     525 5140370641d7d7a1, 3 tests failed.
     526 1f0a42b63b39aa27, 3 tests failed.
     527 25a1dbb02ebc1169, 3 tests failed.
     528 7bed40d104c8558c, 3 tests failed.
     529 2490a1a6177f0888, 3 tests failed.
     530 5b2fd1a60257f1ff, 3 tests failed.
     531 7643b84542775c07, 3 tests failed.
     532 67f2da901946eea7, 3 tests failed.
     533 7b4b0d02418c5776, 3 tests failed.
     534  756f11d1805da6c, 3 tests failed.
     535 88033c3b3bfde1c5, 3 tests failed.
     536 21fa6c363e02a78d, 3 tests failed.
     537 3d0ae4202e052812, 3 tests failed.
     538 80afce2a0b019fa5, 3 tests failed.
     539 744cafe92bd90c91, 3 tests failed.
     540 633baadd0373bf29, 3 tests failed.
     541 6062c7e03480f643, 3 tests failed.
     542 70c05b4243a37b70, 3 tests failed.
     543 337afed221e776a3, 3 tests failed.
     544 8fbed79c2095c6d7, 3 tests failed.
     545 79a0beba369d0dc5, 3 tests failed.
     546 6b9753ea03c8622d, 3 tests failed.
     547 2f5676911af6ffd8, 3 tests failed.
     548 42e260cf46451e76, 3 tests failed.
     549 369c67c9085e0f25, 3 tests failed.
     550 3a8bd80d0428e1ee, 3 tests failed.
     551 79e027e03e0db288, 3 tests failed.
     552 167ed4c03109388d, 3 tests failed.
     553 7803593e0f886b19, 3 tests failed.
     554 3257f2711d6a5d58, 3 tests failed.
     555 88c332b019a358ea, 3 tests failed.
     556 1c9852f3186bdec3, 3 tests failed.
     557 2ecad2433d2f075b, 3 tests failed.
     558 769c1c4502056b9f, 3 tests failed.
     559  ff2dee91d8f1db5, 3 tests failed.
     560 7dbe8d830828e41f, 3 tests failed.
     561 4fd438793ea7cbd8, 3 tests failed.
     562 1fdb897537fd0227, 3 tests failed.
     563 4d8a50d800978e2d, 3 tests failed.
     564 2d9af622270cbca7, 3 tests failed.
     565 8ad8418c33d0c53c, 3 tests failed.
     566 24fa2d44362c3e90, 3 tests failed.
     567 1988f5de112f232c, 3 tests failed.
     568 8ab1d19609a916ef, 3 tests failed.
     569 763ae137064c8e59, 3 tests failed.
     570 7f0bc5c92718d81c, 3 tests failed.
     571 6f92ae7c3b5b57d8, 3 tests failed.
     572 626dc06e1820bedb, 3 tests failed.
     573 6c8d2f8b346b9e90, 3 tests failed.
     574 1ad21c902b8d216b, 3 tests failed.
     575 101cd1e2092ddefd, 3 tests failed.
     576 766545ce3d3ee63d, 3 tests failed.
     577 2760f7e33f3cde4e, 3 tests failed.
     578 8bd5837b3d0f0b9c, 3 tests failed.
     579 4a2ba948033085cf, 3 tests failed.
     580 5f7e38b324c06de0, 3 tests failed.
     581 1ffc50e91e2dbac0, 3 tests failed.
     582 2da45f8d334afa2d, 3 tests failed.
     583 35e6ae7944b6af5a, 3 tests failed.
     584 626bd5873029acd6, 3 tests failed.
     585 7873e6ca2f78b709, 3 tests failed.
     586 8230c14d3245d848, 3 tests failed.
     587 6d0b1ac53b6778c5, 3 tests failed.
     588  f1a37d8212bd6f7, 3 tests failed.
     589 1f8076b23b0ad85b, 3 tests failed.
     590 42f4ee823b6cb97a, 3 tests failed.
     591 868b364632f18d8c, 3 tests failed.
     592 1e9e294126e0b6b1, 3 tests failed.
     593 17459a47322da430, 3 tests failed.
     594 57074e642d18a12d, 3 tests failed.
     595 2c38be0b2c44d928, 3 tests failed.
     596 6b344ebb3ba4f8c4, 3 tests failed.
     597 2c69e5e7445390e4, 3 tests failed.
     598 81b0682827cbe393, 3 tests failed.
     599 3ac1ba183e8177bb, 3 tests failed.
     600 68fa0e9920e2caf1, 3 tests failed.
     601  83c75bb37bd7232, 3 tests failed.
     602 426981ef1f5d935d, 3 tests failed.
     603 494bfd7028799a6d, 3 tests failed.
     604 8ef73c3b2a6a3889, 3 tests failed.
     605 21fa732a0f874b3a, 3 tests failed.
     606 40f6fe3414a96da7, 3 tests failed.
     607 8f65c44a1e1e02d9, 3 tests failed.
     608 6ebab1bf00c857ee, 3 tests failed.
     609 6444c61118268f28, 3 tests failed.
     610 6fbb313d2751c4a6, 3 tests failed.
     611 1bc6f1c03602ff31, 3 tests failed.
     612 885f438646175b52, 3 tests failed.
     613 26179a5519153bb7, 3 tests failed.
     614 570f42f41066cc45, 3 tests failed.
     615 25c50d23381ac3f6, 3 tests failed.
     616  769392035d2b8fa, 3 tests failed.
     617 2039758932ce5ff2, 3 tests failed.
     618 424d656a1a5a5a6e, 3 tests failed.
     619 39357ac718d670ba, 3 tests failed.
     620 454284d41ef62ef6, 3 tests failed.
     621 4aee00360ce60fd6, 3 tests failed.
     622   1ec114045983c6, 3 tests failed.
     623 6cea715224315639, 3 tests failed.
     624 3fed078c17aeac01, 3 tests failed.
     625  44218592f3e1dfe, 3 tests failed.
     626  dbc10c3083d029e, 3 tests failed.
     627  9749db700b80d9d, 3 tests failed.
     628 58f7a98303bd2fc8, 3 tests failed.
     629 5f9f8fb20d1fa23d, 3 tests failed.
     630 510f6fa12c8f6e2f, 3 tests failed.
     631 3ef8aa181e43753f, 3 tests failed.
     632 5ff382d02033fbf3, 3 tests failed.
     633 49cb074345334e23, 3 tests failed.
     634  418f44615764223, 3 tests failed.
     635 89cb94ce122a5266, 3 tests failed.
     636 53f1724916a1b60a, 3 tests failed.
     637 407843e231ffb5c1, 3 tests failed.
     638 264b382a31ebc44f, 3 tests failed.
     639 1faecf8535eb249b, 3 tests failed.
     640 75100d3b0a0e085b, 3 tests failed.
     641  7771243024b887e, 3 tests failed.
     642  a4d34f2257d1dab, 3 tests failed.
     643 1ddde18f08262ced, 3 tests failed.
     644 7f3d11840c56e036, 3 tests failed.
     645  9e1ee613d94e136, 3 tests failed.
     646 86785faa3ddb6274, 3 tests failed.
     647 35f763321b0aba1b, 3 tests failed.
     648 37f50579331da57a, 3 tests failed.
     649  31686962d73453d, 3 tests failed.
     650 4beb969c13047e83, 3 tests failed.
     651 54f5d1e722bf6df4, 3 tests failed.
     652 76685cb41e3336ff, 3 tests failed.
     653 344bbc3c0f1b07e3, 3 tests failed.
     654 6a2f28e7022a980b, 3 tests failed.
     655 171320ee29c2879a, 3 tests failed.
     656 129378b1253ea5e2, 3 tests failed.
     657 4415232c2d8fc7de, 3 tests failed.
     658 13d7712136e556ef, 3 tests failed.
     659 3fd10a6017e0bb95, 3 tests failed.
     660  5da813133857470, 3 tests failed.
     661 48e092f31ffb3685, 3 tests failed.
     662 52e53e8b0ef9878b, 3 tests failed.
     663 234829e8253a6c69, 3 tests failed.
     664 17a3d3701dc6bc0a, 3 tests failed.
     665 7745d09333a59ce6, 3 tests failed.
     666 75a8b3902b181f85, 3 tests failed.
     667 654b1bb808a862a8, 3 tests failed.
     668  fa343c31b18cd28, 3 tests failed.
     669 26398a9e38592798, 3 tests failed.
     670 4e31e1070ae027d9, 3 tests failed.
     671 7ef08a100af1d4b0, 3 tests failed.
     672 4de21f803a6aa1f1, 3 tests failed.
     673 11c539622c7abbba, 3 tests failed.
     674 205ebaf7338fb29a, 3 tests failed.
     675 6977bfad310e1faf, 3 tests failed.
     676 6c20576c08b3f1be, 3 tests failed.
     677 3151076c42658813, 3 tests failed.
     678  42ffc9d255ffa55, 3 tests failed.
     679 8e7ff09444c19def, 3 tests failed.
     680 87b67b332b60f971, 3 tests failed.
     681 457fbfa1448304b0, 3 tests failed.
     682 6c196e880149db83, 3 tests failed.
     683 3e5a41e13c4a6c39, 3 tests failed.
     684 2529d3a31db9a41a, 3 tests failed.
     685 7762a3042d1281d9, 3 tests failed.
     686 5bf5940623aa16e2, 3 tests failed.
     687 5380726b0649164a, 3 tests failed.
     688 408b7163061f3969, 3 tests failed.
     689 3ff672260fc4acef, 3 tests failed.
     690 4064718c2f7f7474, 3 tests failed.
     691 400d92d01ffc4bbf, 3 tests failed.
     692 52d1775d14ce05ac, 3 tests failed.
     693 435597f6018ee28e, 3 tests failed.
     694 55b8f73b3e39a1ee, 3 tests failed.
     695 8b76eceb2c79ec99, 3 tests failed.
     696 85a5e7d940fbf249, 3 tests failed.
     697 82c9ada6428bedcb, 3 tests failed.
     698 61f51bdf415013fb, 3 tests failed.
     699  fb9406c057d21c0, 3 tests failed.
     700 24573c050945117d, 3 tests failed.
     701 21db926404cdae55, 3 tests failed.
     702 52946cdf2fe1bd5d, 3 tests failed.
     703 3d6a6a0b3402caf1, 3 tests failed.
     704 3bd1ebed37bd8552, 3 tests failed.
     705 85165006249e4d5d, 3 tests failed.
     706 2d24b78c153fbfae, 3 tests failed.
     707 678a359034a58f9f, 3 tests failed.
     708 1e375f9a27729055, 3 tests failed.
     709 35edf46127a48002, 3 tests failed.
     710 89db01b62328b444, 3 tests failed.
     711   f79d8131831068, 3 tests failed.
     712 58d92ae00481c203, 3 tests failed.
     713 182feeb935497771, 3 tests failed.
     714 86aa121020ce6e99, 3 tests failed.
     715  a30ef3a1e60869e, 3 tests failed.
     716 86f2c8fa24f963c0, 3 tests failed.
     717 715f957c1b65d0f9, 3 tests failed.
     718 5453813b39657f35, 3 tests failed.
     719 48e6858622f077f5, 3 tests failed.
     720 4b526cdc20f29d80, 3 tests failed.
     721 3d68b18e2b4258f2, 3 tests failed.
     722 6428f0a6186e22e2, 3 tests failed.
     723 87c0783e0994cb0e, 3 tests failed.
     724 43d4b92e37c551f4, 3 tests failed.
     725 687617b216828c05, 3 tests failed.
     726  d5e407826753612, 3 tests failed.
     727 245dfe960ed9f815, 3 tests failed.
     728 8f9cefe344235369, 3 tests failed.
     729 8752a3b716e90af3, 3 tests failed.
     730 5c5a9d610301f4d9, 3 tests failed.
     731 58c77923433fdcd1, 3 tests failed.
     732 4455b8223ca66a8f, 3 tests failed.
     733 67deea471d44a356, 3 tests failed.
     734 84286efd2cdcac24, 3 tests failed.
     735 3e9c59ed2f47d01c, 3 tests failed.
     736 32ba70d13928e007, 3 tests failed.
     737 3fa408733d882558, 3 tests failed.
     738  4c466cf0a41f908, 3 tests failed.
     739 39fe9fab44660cc1, 3 tests failed.
     740 5a11e721038106b6, 3 tests failed.
     741 8261b69a01d7e061, 3 tests failed.
     742 6702078b3da0a627, 3 tests failed.
     743  441af052da2d3d0, 3 tests failed.
     744 62ba9d4e3a2d3ea2, 3 tests failed.
     745 58bcc7b8113418cd, 3 tests failed.
     746 70a9c33406cfdf44, 3 tests failed.
     747 6e1dc0fd3d52640f, 3 tests failed.
     748 6cdde5e21b7b9c02, 3 tests failed.
     749 81add68f2ad9681b, 3 tests failed.
     750 7908f2541c981549, 3 tests failed.
     751 88b31d7c05d8b968, 3 tests failed.
     752 10a2608f32ec6658, 3 tests failed.
     753 36781b491c1c3e6c, 3 tests failed.
     754  f647769112525dc, 3 tests failed.
     755 435c19750a660de5, 3 tests failed.
     756  e5c845903d0fff6, 3 tests failed.
     757 4aa866dd464d44b0, 3 tests failed.
     758 3a06cb4d12dddd4d, 3 tests failed.
     759 72aeec9b3cc848ed, 3 tests failed.
     760 8578ae411407d4d8, 3 tests failed.
     761 624c8e213a75a787, 3 tests failed.
     762 502d3dd52e037ea5, 3 tests failed.
     763 22e17c8a22c8df93, 3 tests failed.
     764 4640d77b3d6832b8, 3 tests failed.
     765 798dd7b30dee66e8, 3 tests failed.
     766 79ada1f81c43a66e, 3 tests failed.
     767 5b5e68652db632a3, 3 tests failed.
     768 3ae3fccb0de892a6, 3 tests failed.
     769 8e9a1a26284745c8, 3 tests failed.
     770  ec0a830132aa6c7, 3 tests failed.
     771 5ee00a702dce9b5a, 3 tests failed.
     772  5e3a6d02aab55ee, 3 tests failed.
     773 5e197133179a190b, 3 tests failed.
     774 3fdb7c0406e0ed0a, 3 tests failed.
     775 45f55d7f411ad600, 3 tests failed.
     776 34be0f0c3ac7211a, 3 tests failed.
     777  87d20aa0917aee7, 3 tests failed.
     778 126d0e373009db47, 3 tests failed.
     779  804d6fc3c3a2039, 3 tests failed.
     780 7945f56008d9e40a, 3 tests failed.
     781 8a6b1da53ea207f9, 3 tests failed.
     782 10b983180230d272, 3 tests failed.
     783 49f3559139ccf1d0, 3 tests failed.
     784 3044f26c426aaacc, 3 tests failed.
     785 88c05e902ee96a2a, 3 tests failed.
     786 355851d01d28d809, 3 tests failed.
     787 2e26c3a83b5615f8, 3 tests failed.
     788 6e5eee0e0608e8d6, 3 tests failed.
     789 8649f21c3ff34ce8, 3 tests failed.
     790 889393c5151fb873, 3 tests failed.
     791 535bf46032a92b0f, 3 tests failed.
     792 89da8ebb0bd3c159, 3 tests failed.
     793 5084448d351acda3, 3 tests failed.
     794 26abbe59387b0a0a, 3 tests failed.
     795 6b60492c02c2179b, 3 tests failed.
     796 29472e6c067bc532, 3 tests failed.
     797 1a2ff3933629521b, 3 tests failed.
     798 8966b17a168d4099, 3 tests failed.
     799 641df47011be1c5d, 3 tests failed.
     800 89e3a60d07ca5cce, 3 tests failed.
     801 5dabf538197d5c2a, 3 tests failed.
     802 8a5471a31950629d, 3 tests failed.
     803 401ad62f1b15d860, 3 tests failed.
     804 78d289613b6df915, 3 tests failed.
     805 4d7f619b4469cffd, 3 tests failed.
     806 370f861239207179, 3 tests failed.
     807 4ba154711f2ac4f0, 3 tests failed.
     808 2fa27dfa36174a2a, 3 tests failed.
     809 47107b2c145edf37, 3 tests failed.
     810 457b8c1c3d4edf8e, 3 tests failed.
     811 4f097cf73d66edae, 3 tests failed.
     812 467e8058414817c6, 3 tests failed.
     813 48666a960687d328, 3 tests failed.
     814 3c205fec39fef307, 3 tests failed.
     815 361c53ec42c0162e, 3 tests failed.
     816 2f5761e80617c520, 3 tests failed.
     817 373ad77f36246017, 3 tests failed.
     818 79900a511a648754, 3 tests failed.
     819  5d244c9252b5ca4, 3 tests failed.
     820 26cd4c431971f06b, 3 tests failed.
     821 2b051e4842087ce1, 3 tests failed.
     822 1115168d224cce58, 3 tests failed.
     823  cb8a0ea38acadcc, 3 tests failed.
     824 5ac5acb22fbc506c, 3 tests failed.
     825 616b4fc71616d97c, 3 tests failed.
     826 2d010a0a3bbbf4d6, 3 tests failed.
     827  5a9eb1b433f429b, 3 tests failed.
     828 849fa3bc124b75af, 3 tests failed.
     829 5c5d6cbb2052b2fb, 3 tests failed.
     830 3d5625103128b0c2, 3 tests failed.
     831 14e870e6308c79c8, 3 tests failed.
     832 3fafc33e2172ef0c, 3 tests failed.
     833 6e23341d41a81d32, 3 tests failed.
     834 1d661e0808050d48, 3 tests failed.
     835 10f0eeae03a5de85, 3 tests failed.
     836 86a3d64e3d1deb35, 3 tests failed.
     837 78e44ca1409a3bad, 3 tests failed.
     838 2b3a76ed106434aa, 3 tests failed.
     839 4316426f0e770184, 3 tests failed.
     840 2579f29d006a9fb7, 3 tests failed.
     841 88dbf7de2bddf39a, 3 tests failed.
     842 8bd312e942e867fd, 3 tests failed.
     843  aab5d641c8feff8, 3 tests failed.
     844 34ae98af41e8ea0f, 3 tests failed.
     845 5621447540498098, 3 tests failed.
     846 269e3a1e2351ffc9, 3 tests failed.
     847 20c8dcec46410821, 3 tests failed.
     848 7c9f7d94023bd691, 3 tests failed.
     849 46d73e533aeeb58b, 3 tests failed.
     850 232886e231dcf85e, 3 tests failed.
     851 4c1695da4437833c, 3 tests failed.
     852 54886280240baef7, 3 tests failed.
     853 3790bb08300e5b3b, 3 tests failed.
     854 69816dd8190ed47e, 3 tests failed.
     855 3df6f7193a5cf46e, 3 tests failed.
     856 8b63a7374322b0bc, 3 tests failed.
     857 5e5410f2308ae5e2, 3 tests failed.
     858  98f71963f23d32a, 3 tests failed.
     859 4013001539ffb843, 3 tests failed.
     860    c18b0329c20ef, 3 tests failed.
     861  ded203c090bd74c, 3 tests failed.
     862 122f06893b2218cb, 3 tests failed.
     863  3afd06006cf7c92, 3 tests failed.
     864 758b7b0f2236e06f, 3 tests failed.
     865 456b5eb23da49ee6, 3 tests failed.
     866 356b3c6d2ba4c984, 3 tests failed.
     867 22164e2037593ce4, 3 tests failed.
     868 2c122d3610b99699, 3 tests failed.
     869 19811738295cf689, 3 tests failed.
     870  d191f7943b6aa2c, 3 tests failed.
     871 11c105ba2ebd7976, 3 tests failed.
     872  33b0b0b215c679d, 3 tests failed.
     873  63ababe1c75706c, 3 tests failed.
     874 69577e281ee0c635, 3 tests failed.
     875 472aa7bf36708d70, 3 tests failed.
     876 5ea0848126d90970, 3 tests failed.
     877 4abf47890297b9d9, 3 tests failed.
     878 285ab1f0330b6c67, 3 tests failed.
     879 646023ca1dc63d3b, 3 tests failed.
     880 1430b23a10d16236, 3 tests failed.
     881 6489cdfa1af985b1, 3 tests failed.
     882 7431801324b84849, 3 tests failed.
     883 483fabfc13dab188, 3 tests failed.
     884 6104929b30c2be5a, 3 tests failed.
     885 52b3b297344848e2, 3 tests failed.
     886 64be82a21404c6e8, 4 tests failed.
     887 49b1193036a1ac84, 4 tests failed.
     888  e359e612f6237e1, 4 tests failed.
     889 595793fe0f592bb2, 4 tests failed.
     890 537bec850c0062f9, 4 tests failed.
     891 856c26081b2f0fd0, 4 tests failed.
     892 15749eb40457ec2f, 4 tests failed.
     893 59866d4840dead07, 4 tests failed.
     894 3da5ac0e2f863d0e, 4 tests failed.
     895 610eaf6310c517e6, 4 tests failed.
     896 62f000a906906ca5, 4 tests failed.
     897   5fb8411dd71820, 4 tests failed.
     898 67f0230806a067d7, 4 tests failed.
     899 13c346381c8543d0, 4 tests failed.
     900 279c60bb12a02d85, 4 tests failed.
     901 3691044f0c80aa30, 4 tests failed.
     902  26e6af82ebe5b80, 4 tests failed.
     903 3c5762261921c6be, 4 tests failed.
     904 375ddded36962881, 4 tests failed.
     905 7d308d920b2024e6, 4 tests failed.
     906 4fdcae120a227700, 4 tests failed.
     907 6231d53e20af3a22, 4 tests failed.
     908 784ab89f0ff7974f, 4 tests failed.
     909 6825a181298ef2a7, 4 tests failed.
     910 5b1b360e42a5a7be, 4 tests failed.
     911 1e7e66d92e12a205, 4 tests failed.
     912 3a045d7f2c802da2, 4 tests failed.
     913 34be031b0c88bb20, 4 tests failed.
     914  1c0aad133654688, 4 tests failed.
     915 605ba179135f6de5, 4 tests failed.
     916 5b16aafc1e2f08ef, 4 tests failed.
     917 60743c72027442df, 4 tests failed.
     918 22194b36125de224, 4 tests failed.
     919 2a6d5b3f3e1c959d, 4 tests failed.
     920 337907442917ed2c, 4 tests failed.
     921  4196e5d41244ed7, 4 tests failed.
     922 3e41983e15a7ae54, 4 tests failed.
     923 55e18faf2fe187e7, 4 tests failed.
     924 510db4a82553d211, 4 tests failed.
     925 65e8e9f539b270a3, 4 tests failed.
     926 83fa2b651eeffea2, 4 tests failed.
     927 187b206745effd8f, 4 tests failed.
     928 124752ba45a49c9f, 4 tests failed.
     929 2eaaa0912b04b154, 4 tests failed.
     930 5a939a2330b48d44, 4 tests failed.
     931 56f342ee26ccedf4, 4 tests failed.
     932 25c1aa91415b3b0c, 4 tests failed.
     933 6037ab3a1037fd1b, 4 tests failed.
     934 60973b0145848aa7, 4 tests failed.
     935 21492400261543b4, 4 tests failed.
     936 144ee54912988655, 4 tests failed.
     937 81572f3f24e54b28, 4 tests failed.
     938 1aa7522e14a49165, 4 tests failed.
     939 2e5baf8527ef2234, 4 tests failed.
     940 6302fbe80965102f, 4 tests failed.
     941 8e1a352a0471f215, 4 tests failed.
     942 1dfdfc54427d6901, 4 tests failed.
     943 8e56dc711cd758cd, 4 tests failed.
     944 7c5a88af1863eae7, 4 tests failed.
     945 4d1afc214084aa93, 4 tests failed.
     946 8e3a46a32ed9c074, 4 tests failed.
     947 27d9371534dc0b19, 4 tests failed.
     948 1f128f76030c82ac, 4 tests failed.
     949 50ed567823e3e0cc, 4 tests failed.
     950 30c748253dbe2ba3, 4 tests failed.
     951 28b297f40bfc72ae, 4 tests failed.
     952 55b7bbc61f7f765c, 4 tests failed.
     953 69ecb9ed2082443f, 4 tests failed.
     954 68e1fc2112beae32, 4 tests failed.
     955 8e3a626a2fd82e5e, 4 tests failed.
     956 37848bb40cbc6138, 4 tests failed.
     957 4ecec4581ab3be3c, 4 tests failed.
     958 6ec256e6343ff573, 4 tests failed.
     959 31057318436a5a2f, 4 tests failed.
     960 40ece5dd18c54c1a, 4 tests failed.
     961 81aad89114e6fce5, 4 tests failed.
     962 7a2ae5234575ba76, 4 tests failed.
     963 814225853336ce55, 4 tests failed.
     964 152ab4cf38abebc6, 4 tests failed.
     965 65feae1140c20a8b, 4 tests failed.
     966 62315af702e58e32, 4 tests failed.
     967 3350a180270e1e85, 4 tests failed.
     968 5b1a70d008620e9e, 4 tests failed.
     969 3fa3a06a0403cdc2, 4 tests failed.
     970 5a7dab1d38835ca3, 4 tests failed.
     971 6086d9621971bd73, 4 tests failed.
     972 7aa0a9b83408bf61, 4 tests failed.
     973 5fbd971834908858, 4 tests failed.
     974 553bd8952572e010, 4 tests failed.
     975 7a2cfa583d8a8a72, 4 tests failed.
     976 8d38a8442606ad2a, 4 tests failed.
     977 5eebd11c2f8fbf26, 4 tests failed.
     978 75f5e36734804f6f, 4 tests failed.
     979 8047ab3415d16130, 4 tests failed.
     980 6093f89b1ab194d1, 4 tests failed.
     981 8c3d882628dfc201, 4 tests failed.
     982 4ccdc3d335490f2f, 4 tests failed.
     983 6e774e58042bcdf9, 4 tests failed.
     984 2c32108f389277fb, 4 tests failed.
     985  95766d920f45902, 4 tests failed.
     986 3a04485818727d94, 4 tests failed.
     987 28cf661c227dceb2, 4 tests failed.
     988 3999ca4b38c5661d, 4 tests failed.
     989 721d625c1c0c0fd5, 4 tests failed.
     990 377c89d904594c9c, 4 tests failed.
     991 4dc2d17d150a9d19, 4 tests failed.
     992 762c8a072b2602da, 4 tests failed.
     993 4ddd030b00c8ab46, 4 tests failed.
     994  1b7bd602f0aaaa8, 4 tests failed.
     995 6ad3ae172edf738a, 4 tests failed.
     996 6234c2421fbc05ff, 4 tests failed.
     997 6d952f4601a5b96c, 4 tests failed.
     998 1aab314b32ed7b65, 4 tests failed.
     999 1bce826e21e4607d, 4 tests failed.
    1000 49937aec1a8076f4, 4 tests failed.
[INFO] 81 main paths executed.
[INFO] the shortest path has 2 transitions.
[INFO] the longest path has 11 transitions.
[INFO] path length results: Map(8 -> 7, 11 -> 1, 2 -> 2, 5 -> 17, 4 -> 9, 7 -> 14, 10 -> 2, 9 -> 4, 3 -> 5, 6 -> 20)
[INFO] the average length of paths is: 5.938271604938271
[INFO] the standard deviation for the length of paths is: 1.8077042190343828
[INFO] the total number of nodes in path-based graph:271
[INFO] the total number of choice nodes in path-based graph: 0
[INFO] the total number of edges in path-based graph: 481
[INFO] the total number of non choice related edges in path-based graph: 481
[INFO] the total number of backtracked edges in path-based graph: 47
[INFO] the total number of failed edges in path-based graph: 4
[INFO] the total number of choice related edges in path-based graph: 0
[INFO] the total number of cycles in path-based graph: 160
[INFO] ---------------------- table data of PG -----------------------
Name & Test Cases & Nodes & Choice Nodes & Edges & failEdges & Cycles & LIP & LP & SP & AVE & SD
modbat.examples.NioSocket1 & 1000 & 271  & 0  & 481   & 4         & 160    & 81 & 11 & 2  & 5.938271604938271 & 1.8077042190343828
--------------------------------------------------------------
[INFO] the total number of choice nodes in state-based graph: 0
[INFO] the total number of edges in state-based graph: 26
[INFO] the total number of non choice related edges in state-based graph: 25
[INFO] the total number of backtracked edges in state-based graph: 4
[INFO] the total number of failed edges in state-based graph: 1
[INFO] the total number of choice related edges in state-based graph: 0
[INFO] the total number of Jumped dotted edges in state-based graph: 1
[INFO] the total number of cycles in state-based graph: 7
[INFO] ---------------------- table data of SG -----------------------
Name & Test Cases & Choice Nodes & Edges & failEdges & Cycles
modbat.examples.NioSocket1 & 1000 & 0 & 26 & 1 & 7
--------------------------------------------------------------
[INFO] 1000 tests executed, 996 ok, 4 failed.
[INFO] One type of test failure:
[INFO] 1) java.lang.AssertionError: assertion failed at readFrom
[INFO]    8a4a8b323494e5a2 129f94f833eaa363 186622cd204ecbbb 52b3b297344848e2
[INFO] 6 states covered (100 % out of 6),
[INFO] 20 transitions covered (100 % out of 20).
[INFO] Random seed for next test would be: 4557745f20abfec0
