       1 3ba471c1785a0175
       2 402b73cd0066eaea
[INFO] *** bandit UCB candidates:List((1.7774100225154745,0))
[INFO] *** bandit UCB chosen candidate's index:0
       3 41530f4040856586
[INFO] *** bandit UCB candidates:List((1.6481470739682051,0))
[INFO] *** bandit UCB chosen candidate's index:0
       4  89a82931be29e65
[INFO] *** bandit UCB candidates:List((1.561351257733922,0))
[INFO] *** bandit UCB chosen candidate's index:0
       5 49a846e52b813972
[INFO] *** bandit UCB candidates:List((1.4970612889970507,0))
[INFO] *** bandit UCB chosen candidate's index:0
[INFO] *** bandit UCB candidates:List((3.472769702248751,1))
[INFO] *** bandit UCB chosen candidate's index:1
[INFO] *** bandit UCB candidates:List((2.082303807367511,1))
[INFO] *** bandit UCB chosen candidate's index:1
       6 27fe2d950fc74b21
[INFO] *** bandit UCB candidates:List((1.4465835975798385,0))
[INFO] *** bandit UCB chosen candidate's index:0
[INFO] *** bandit UCB candidates:List((3.339333980337618,2))
[INFO] *** bandit UCB chosen candidate's index:2
[INFO] *** bandit UCB candidates:List((2.842026886600883,1))
[INFO] *** bandit UCB chosen candidate's index:1
[INFO] *** bandit UCB candidates:List((2.8941225779941018,2))
[INFO] *** bandit UCB chosen candidate's index:2
[INFO] *** bandit UCB candidates:List((2.4930184728248452,0), (2.4930184728248452,3))
[INFO] *** bandit UCB chosen candidate's index:3
[INFO] *** bandit UCB candidates:List((2.0651092223153955,0))
[INFO] *** bandit UCB chosen candidate's index:0
[INFO] *** bandit UCB candidates:List((1.8686362411795194,1))
[INFO] *** bandit UCB chosen candidate's index:1
       7 19b6aa1b14a29017
[INFO] *** bandit UCB candidates:List((1.4053798584219568,0))
[INFO] *** bandit UCB chosen candidate's index:0
[INFO] *** bandit UCB candidates:List((2.917427129385146,2))
[INFO] *** bandit UCB chosen candidate's index:2
[INFO] *** bandit UCB candidates:List((2.69629414793641,2), (2.69629414793641,3), (2.69629414793641,4))
[INFO] *** bandit UCB chosen candidate's index:3
       8 5ff50ec9279365d2
[INFO] *** bandit UCB candidates:List((1.3707957931681174,0))
[INFO] *** bandit UCB chosen candidate's index:0
[INFO] *** bandit UCB candidates:List((2.8293078072747155,3), (2.8293078072747155,5))
[INFO] *** bandit UCB chosen candidate's index:5
[INFO] *** bandit UCB candidates:List((1.7385661990458505,0))
[INFO] *** bandit UCB chosen candidate's index:0
[INFO] *** bandit UCB candidates:List((1.7389791186424546,1))
[INFO] *** bandit UCB chosen candidate's index:1
       9  85780661bf76533
[INFO] *** bandit UCB candidates:List((1.3411519036837556,0))
[INFO] *** bandit UCB chosen candidate's index:0
[INFO] *** bandit UCB candidates:List((2.8649279712439144,3))
[INFO] *** bandit UCB chosen candidate's index:3
      10 486e122d1bcbade7
[INFO] *** bandit UCB candidates:List((1.3153220087631157,0))
[INFO] *** bandit UCB chosen candidate's index:0
[INFO] *** bandit UCB candidates:List((2.7597463734821552,2))
[INFO] *** bandit UCB chosen candidate's index:2
[INFO] *** bandit UCB candidates:List((2.6537581293032577,1))
[INFO] *** bandit UCB chosen candidate's index:1
[INFO] *** bandit UCB candidates:List((2.5727697022487512,0))
[INFO] *** bandit UCB chosen candidate's index:0
      11  a410ce32fc39dfb
[INFO] *** bandit UCB candidates:List((1.2925164651903043,0))
[INFO] *** bandit UCB chosen candidate's index:0
[INFO] *** bandit UCB candidates:List((2.7548200450309492,0))
[INFO] *** bandit UCB chosen candidate's index:0
[INFO] *** bandit UCB candidates:List((2.640212868367717,2))
[INFO] *** bandit UCB chosen candidate's index:2
[INFO] *** bandit UCB candidates:List((2.5420268866008833,2))
[INFO] *** bandit UCB chosen candidate's index:2
[INFO] *** bandit UCB candidates:List((2.49629414793641,1))
[INFO] *** bandit UCB chosen candidate's index:1
[INFO] *** bandit UCB candidates:List((2.338974062949946,2))
[INFO] *** bandit UCB chosen candidate's index:2
[INFO] *** bandit UCB candidates:List((2.1949646735850363,2))
[INFO] *** bandit UCB chosen candidate's index:2
      12  745035c2b643033, one test failed.
[INFO] *** bandit UCB candidates:List((1.2721615944491054,0))
[INFO] *** bandit UCB chosen candidate's index:0
[INFO] *** bandit UCB candidates:List((2.5521588409807094,1))
[INFO] *** bandit UCB chosen candidate's index:1
[INFO] *** bandit UCB candidates:List((2.2346539036373576,2))
[INFO] *** bandit UCB chosen candidate's index:2
[INFO] *** bandit UCB candidates:List((2.2015459273656615,0), (2.2015459273656615,3))
[INFO] *** bandit UCB chosen candidate's index:0
      13  1e528010d3d2d54, one test failed.
[INFO] *** bandit UCB candidates:List((1.2538283869463933,0))
[INFO] *** bandit UCB chosen candidate's index:0
[INFO] *** bandit UCB candidates:List((2.5052536992181027,2))
[INFO] *** bandit UCB chosen candidate's index:2
[INFO] *** bandit UCB candidates:List((2.3931075390936636,1))
[INFO] *** bandit UCB chosen candidate's index:1
[INFO] *** bandit UCB candidates:List((2.224517568269195,3))
[INFO] *** bandit UCB chosen candidate's index:3
[INFO] *** bandit UCB candidates:List((1.6196669901688088,1))
[INFO] *** bandit UCB chosen candidate's index:1
      14 1690fa4e0c732f7d, one test failed.
[INFO] *** bandit UCB candidates:List((1.2371882139060708,0))
[INFO] *** bandit UCB chosen candidate's index:0
[INFO] *** bandit UCB candidates:List((2.440726410823185,2))
[INFO] *** bandit UCB chosen candidate's index:2
[INFO] *** bandit UCB candidates:List((2.305138070931756,1))
[INFO] *** bandit UCB chosen candidate's index:1
[INFO] *** bandit UCB candidates:List((2.1574452600480276,2))
[INFO] *** bandit UCB chosen candidate's index:2
[INFO] *** bandit UCB candidates:List((2.075636972019636,2))
[INFO] *** bandit UCB chosen candidate's index:2
[INFO] *** bandit UCB candidates:List((2.0832151805566084,1))
[INFO] *** bandit UCB chosen candidate's index:1
[INFO] *** bandit UCB candidates:List((2.021246665609314,2))
[INFO] *** bandit UCB chosen candidate's index:2
      15 8d32a08e0d0b1183, 2 tests failed.
[INFO] *** bandit UCB candidates:List((1.2219841753961052,0))
[INFO] *** bandit UCB chosen candidate's index:0
[INFO] *** bandit UCB candidates:List((2.3893535719394037,2))
[INFO] *** bandit UCB chosen candidate's index:2
[INFO] *** bandit UCB candidates:List((2.30010933704164,2), (2.30010933704164,3), (2.30010933704164,4))
[INFO] *** bandit UCB chosen candidate's index:3
      16 5a92477004cf57fb, 2 tests failed.
[INFO] *** bandit UCB candidates:List((1.208011921181351,0))
[INFO] *** bandit UCB chosen candidate's index:0
[INFO] *** bandit UCB candidates:List((2.3941225779941013,3), (2.3941225779941013,5))
[INFO] *** bandit UCB chosen candidate's index:3
      17 284ca782182a253f, 2 tests failed.
[INFO] *** bandit UCB candidates:List((1.1951064341838582,0))
[INFO] *** bandit UCB chosen candidate's index:0
[INFO] *** bandit UCB candidates:List((2.4050198165176697,5))
[INFO] *** bandit UCB chosen candidate's index:5
[INFO] *** bandit UCB candidates:List((1.6102959906117236,0))
[INFO] *** bandit UCB chosen candidate's index:0
[INFO] *** bandit UCB candidates:List((1.5597051824376162,1))
[INFO] *** bandit UCB chosen candidate's index:1
      18 5e7dfc9e0a3af5da, 2 tests failed.
[INFO] *** bandit UCB candidates:List((1.1831326917804197,0))
[INFO] *** bandit UCB chosen candidate's index:0
[INFO] *** bandit UCB candidates:List((2.3577219929587923,2))
[INFO] *** bandit UCB chosen candidate's index:2
[INFO] *** bandit UCB candidates:List((2.2612361880832608,1))
[INFO] *** bandit UCB chosen candidate's index:1
[INFO] *** bandit UCB candidates:List((2.0394290035762634,2))
[INFO] *** bandit UCB chosen candidate's index:2
[INFO] *** bandit UCB candidates:List((2.013207291601623,0), (2.013207291601623,3))
[INFO] *** bandit UCB chosen candidate's index:0
      19 8e80db4b43867a5a, 2 tests failed.
[INFO] *** bandit UCB candidates:List((1.1719789214420833,0))
[INFO] *** bandit UCB chosen candidate's index:0
[INFO] *** bandit UCB candidates:List((2.320591949136321,2))
[INFO] *** bandit UCB chosen candidate's index:2
[INFO] *** bandit UCB candidates:List((2.2040680368091987,1))
[INFO] *** bandit UCB chosen candidate's index:1
[INFO] *** bandit UCB candidates:List((2.0246689528269184,3))
[INFO] *** bandit UCB chosen candidate's index:3
[INFO] *** bandit UCB candidates:List((1.4949646735850366,0))
[INFO] *** bandit UCB chosen candidate's index:0
[INFO] *** bandit UCB candidates:List((1.5101111012376456,1))
[INFO] *** bandit UCB chosen candidate's index:1
      20 7bb4b043219b1ba6, 2 tests failed.
[INFO] *** bandit UCB candidates:List((1.161551635489981,0))
[INFO] *** bandit UCB chosen candidate's index:0
[INFO] *** bandit UCB candidates:List((2.2887324302192047,2))
[INFO] *** bandit UCB chosen candidate's index:2
[INFO] *** bandit UCB candidates:List((2.1707326777154,0))
[INFO] *** bandit UCB chosen candidate's index:0
[INFO] *** bandit UCB candidates:List((2.260962299210618,2))
[INFO] *** bandit UCB chosen candidate's index:2
[INFO] *** bandit UCB candidates:List((1.9990680368091989,2))
[INFO] *** bandit UCB chosen candidate's index:2
[INFO] *** bandit UCB candidates:List((1.9529132075692666,2))
[INFO] *** bandit UCB chosen candidate's index:2
[INFO] *** bandit UCB candidates:List((1.913918675801538,2))
[INFO] *** bandit UCB chosen candidate's index:2
      21 636e772f0798297b, 3 tests failed.
[INFO] *** bandit UCB candidates:List((1.1517719128157413,0))
[INFO] *** bandit UCB chosen candidate's index:0
[INFO] *** bandit UCB candidates:List((2.2166333896346373,2))
[INFO] *** bandit UCB chosen candidate's index:2
[INFO] *** bandit UCB candidates:List((2.1679797163419017,1))
[INFO] *** bandit UCB chosen candidate's index:1
[INFO] *** bandit UCB candidates:List((1.9254329319493189,2))
[INFO] *** bandit UCB chosen candidate's index:2
[INFO] *** bandit UCB candidates:List((1.8910916072638508,2))
[INFO] *** bandit UCB chosen candidate's index:2
[INFO] *** bandit UCB candidates:List((1.8837127533066593,0), (1.8837127533066593,3))
[INFO] *** bandit UCB chosen candidate's index:3
[INFO] *** bandit UCB candidates:List((1.4560623070550642,1))
[INFO] *** bandit UCB chosen candidate's index:1
      22 433bb5b50b64a008, 3 tests failed.
[INFO] *** bandit UCB candidates:List((1.1425725716970354,0))
[INFO] *** bandit UCB chosen candidate's index:0
[INFO] *** bandit UCB candidates:List((2.196349087117346,2))
[INFO] *** bandit UCB chosen candidate's index:2
[INFO] *** bandit UCB candidates:List((2.1272294020935414,1))
[INFO] *** bandit UCB chosen candidate's index:1
[INFO] *** bandit UCB candidates:List((1.8907758345613703,0))
[INFO] *** bandit UCB chosen candidate's index:0
      23 66809a782bf43de4, 3 tests failed.
[INFO] *** bandit UCB candidates:List((1.1338959905457537,0))
[INFO] *** bandit UCB chosen candidate's index:0
[INFO] *** bandit UCB candidates:List((2.1780139729986656,2))
[INFO] *** bandit UCB chosen candidate's index:2
[INFO] *** bandit UCB candidates:List((2.092289734784046,1))
[INFO] *** bandit UCB chosen candidate's index:1
[INFO] *** bandit UCB candidates:List((1.8982869840780336,1))
[INFO] *** bandit UCB chosen candidate's index:1
[INFO] *** bandit UCB candidates:List((1.8729051934188168,2))
[INFO] *** bandit UCB chosen candidate's index:2
[INFO] *** bandit UCB candidates:List((1.8455964237835567,2))
[INFO] *** bandit UCB chosen candidate's index:2
[INFO] *** bandit UCB candidates:List((1.8212841307373036,2))
[INFO] *** bandit UCB chosen candidate's index:2
      24 572341b810ffdb34, 4 tests failed.
[INFO] *** bandit UCB candidates:List((1.1256924071990935,0))
[INFO] *** bandit UCB chosen candidate's index:0
[INFO] *** bandit UCB candidates:List((2.1682005513993707,3), (2.1682005513993707,4), (2.1682005513993707,5))
[INFO] *** bandit UCB chosen candidate's index:5
[INFO] *** bandit UCB candidates:List((1.427435122937747,0))
[INFO] *** bandit UCB chosen candidate's index:0
[INFO] *** bandit UCB candidates:List((1.4228077237578367,1))
[INFO] *** bandit UCB chosen candidate's index:1
      25 2512cb9b3c34c93f, 4 tests failed.
[INFO] *** bandit UCB candidates:List((1.1179185766820396,0))
[INFO] *** bandit UCB chosen candidate's index:0
[INFO] *** bandit UCB candidates:List((2.1734404059691,3), (2.1734404059691,4))
[INFO] *** bandit UCB chosen candidate's index:3
      26 72dad7a5374659e4, 4 tests failed.
[INFO] *** bandit UCB candidates:List((1.1105367009742966,0))
[INFO] *** bandit UCB chosen candidate's index:0
[INFO] *** bandit UCB candidates:List((2.1785372170215833,4))
[INFO] *** bandit UCB chosen candidate's index:4
      27 79a5b58718b0a686, 4 tests failed.
[INFO] *** bandit UCB candidates:List((1.103513567612198,0))
[INFO] *** bandit UCB chosen candidate's index:0
[INFO] *** bandit UCB candidates:List((2.1681619509399965,2))
[INFO] *** bandit UCB chosen candidate's index:2
[INFO] *** bandit UCB candidates:List((2.0731924102785575,1))
[INFO] *** bandit UCB chosen candidate's index:1
[INFO] *** bandit UCB candidates:List((1.8289761257908528,2))
[INFO] *** bandit UCB chosen candidate's index:2
[INFO] *** bandit UCB candidates:List((1.8067503807965999,2))
[INFO] *** bandit UCB chosen candidate's index:2
[INFO] *** bandit UCB candidates:List((1.792534789679431,0), (1.792534789679431,3))
[INFO] *** bandit UCB chosen candidate's index:0
      28 6666de042dbcc690, 4 tests failed.
[INFO] *** bandit UCB candidates:List((1.0968198503649806,0))
[INFO] *** bandit UCB chosen candidate's index:0
[INFO] *** bandit UCB candidates:List((2.152306357770998,2))
[INFO] *** bandit UCB chosen candidate's index:2
[INFO] *** bandit UCB candidates:List((2.0455833136115196,1))
[INFO] *** bandit UCB chosen candidate's index:1
[INFO] *** bandit UCB candidates:List((1.7972500053800142,3))
[INFO] *** bandit UCB chosen candidate's index:3
[INFO] *** bandit UCB candidates:List((1.3849400150103164,1))
[INFO] *** bandit UCB chosen candidate's index:1
      29 7d3db60a36899abc, 4 tests failed.
[INFO] *** bandit UCB candidates:List((1.0904295369503343,0))
[INFO] *** bandit UCB chosen candidate's index:0
[INFO] *** bandit UCB candidates:List((2.1377278295267717,2))
[INFO] *** bandit UCB chosen candidate's index:2
[INFO] *** bandit UCB candidates:List((2.0210396178543446,1))
[INFO] *** bandit UCB chosen candidate's index:1
[INFO] *** bandit UCB candidates:List((1.7918368396273965,2))
[INFO] *** bandit UCB chosen candidate's index:2
[INFO] *** bandit UCB candidates:List((1.773227497146133,2))
[INFO] *** bandit UCB chosen candidate's index:2
[INFO] *** bandit UCB candidates:List((1.7561962420983284,2))
[INFO] *** bandit UCB chosen candidate's index:2
      30 66b0c7572a7ff949, 5 tests failed.
[INFO] *** bandit UCB candidates:List((1.0843194572452726,0))
[INFO] *** bandit UCB chosen candidate's index:0
[INFO] *** bandit UCB candidates:List((2.124256567416251,2))
[INFO] *** bandit UCB chosen candidate's index:2
[INFO] *** bandit UCB candidates:List((1.9990310825509858,1))
[INFO] *** bandit UCB chosen candidate's index:1
[INFO] *** bandit UCB candidates:List((1.7619543246480631,2))
[INFO] *** bandit UCB chosen candidate's index:2
[INFO] *** bandit UCB candidates:List((1.7626393629101407,1))
[INFO] *** bandit UCB chosen candidate's index:1
[INFO] *** bandit UCB candidates:List((1.7480804195662811,2))
[INFO] *** bandit UCB chosen candidate's index:2
[INFO] *** bandit UCB candidates:List((1.733286239507586,2))
[INFO] *** bandit UCB chosen candidate's index:2
      31 7073195f4478074f, 6 tests failed.
[INFO] *** bandit UCB candidates:List((1.0784688916732308,0))
[INFO] *** bandit UCB chosen candidate's index:0
[INFO] *** bandit UCB candidates:List((2.1117533014673064,2))
[INFO] *** bandit UCB chosen candidate's index:2
[INFO] *** bandit UCB candidates:List((1.9791472138141555,1))
[INFO] *** bandit UCB chosen candidate's index:1
[INFO] *** bandit UCB candidates:List((1.7382345966792494,2))
[INFO] *** bandit UCB chosen candidate's index:2
[INFO] *** bandit UCB candidates:List((1.7264490652444549,0), (1.7264490652444549,3))
[INFO] *** bandit UCB chosen candidate's index:0
      32  e50486a02022728, 6 tests failed.
[INFO] *** bandit UCB candidates:List((1.072859244063978,0))
[INFO] *** bandit UCB chosen candidate's index:0
[INFO] *** bandit UCB candidates:List((2.10010252447932,2))
[INFO] *** bandit UCB chosen candidate's index:2
[INFO] *** bandit UCB candidates:List((1.9610646853585403,1))
[INFO] *** bandit UCB chosen candidate's index:1
[INFO] *** bandit UCB candidates:List((1.7296963303603752,3))
[INFO] *** bandit UCB chosen candidate's index:3
[INFO] *** bandit UCB candidates:List((1.3718047375984224,0))
[INFO] *** bandit UCB chosen candidate's index:0
[INFO] *** bandit UCB candidates:List((1.3603120093614414,1))
[INFO] *** bandit UCB chosen candidate's index:1
      33 28d961ca0ac12e82, 6 tests failed.
[INFO] *** bandit UCB candidates:List((1.0674737667416805,0))
[INFO] *** bandit UCB chosen candidate's index:0
[INFO] *** bandit UCB candidates:List((2.089207479733112,2))
[INFO] *** bandit UCB chosen candidate's index:2
[INFO] *** bandit UCB candidates:List((1.9515407208415394,0))
[INFO] *** bandit UCB chosen candidate's index:0
[INFO] *** bandit UCB candidates:List((2.078986388335184,2))
[INFO] *** bandit UCB chosen candidate's index:2
[INFO] *** bandit UCB candidates:List((1.7277639003686456,2))
[INFO] *** bandit UCB chosen candidate's index:2
[INFO] *** bandit UCB candidates:List((1.7146632337907688,2))
[INFO] *** bandit UCB chosen candidate's index:2
[INFO] *** bandit UCB candidates:List((1.7024277030577537,2))
[INFO] *** bandit UCB chosen candidate's index:2
      34 3729e4b30cc61f61, 7 tests failed.
[INFO] *** bandit UCB candidates:List((1.062297328213896,0))
[INFO] *** bandit UCB chosen candidate's index:0
[INFO] *** bandit UCB candidates:List((2.059424426702853,2))
[INFO] *** bandit UCB chosen candidate's index:2
[INFO] *** bandit UCB candidates:List((1.9534329769385788,2), (1.9534329769385788,3), (1.9534329769385788,4))
[INFO] *** bandit UCB chosen candidate's index:4
[INFO] *** bandit UCB candidates:List((1.3316778947505694,1))
[INFO] *** bandit UCB chosen candidate's index:1
      35 8102b494089e6116, 7 tests failed.
[INFO] *** bandit UCB candidates:List((1.0573162158332934,0))
[INFO] *** bandit UCB chosen candidate's index:0
[INFO] *** bandit UCB candidates:List((2.0507859868275182,2))
[INFO] *** bandit UCB chosen candidate's index:2
[INFO] *** bandit UCB candidates:List((1.9581015157406196,2), (1.9581015157406196,3))
[INFO] *** bandit UCB chosen candidate's index:2
      36 65ddd1b61aaa637e, 7 tests failed.
[INFO] *** bandit UCB candidates:List((1.0525179673437517,0))
[INFO] *** bandit UCB chosen candidate's index:0
[INFO] *** bandit UCB candidates:List((2.0426048649320743,2))
[INFO] *** bandit UCB chosen candidate's index:2
[INFO] *** bandit UCB candidates:List((1.9626393629101404,3))
[INFO] *** bandit UCB chosen candidate's index:3
      37 764cc9831b53a60a, 7 tests failed.
[INFO] *** bandit UCB candidates:List((1.0478912264182645,0))
[INFO] *** bandit UCB chosen candidate's index:0
[INFO] *** bandit UCB candidates:List((2.034840248761797,2))
[INFO] *** bandit UCB chosen candidate's index:2
[INFO] *** bandit UCB candidates:List((1.9555462313937564,1))
[INFO] *** bandit UCB chosen candidate's index:1
[INFO] *** bandit UCB candidates:List((1.7065793479065074,2))
[INFO] *** bandit UCB chosen candidate's index:2
[INFO] *** bandit UCB candidates:List((1.6949897087341521,2))
[INFO] *** bandit UCB chosen candidate's index:2
[INFO] *** bandit UCB candidates:List((1.6841022649796649,2))
[INFO] *** bandit UCB chosen candidate's index:2
      38 71accd072d9aba73, 8 tests failed.
[INFO] *** bandit UCB candidates:List((1.0434256182316592,0))
[INFO] *** bandit UCB chosen candidate's index:0
[INFO] *** bandit UCB candidates:List((2.0274563562878605,2))
[INFO] *** bandit UCB chosen candidate's index:2
[INFO] *** bandit UCB candidates:List((1.9397447211559677,1))
[INFO] *** bandit UCB chosen candidate's index:1
[INFO] *** bandit UCB candidates:List((1.6878232552544183,2))
[INFO] *** bandit UCB chosen candidate's index:2
[INFO] *** bandit UCB candidates:List((1.6774652624358737,2))
[INFO] *** bandit UCB chosen candidate's index:2
[INFO] *** bandit UCB candidates:List((1.6700244570278984,0), (1.6700244570278984,3))
[INFO] *** bandit UCB chosen candidate's index:0
      39 73a8798b3335e38a, 8 tests failed.
[INFO] *** bandit UCB candidates:List((1.0391116418484299,0))
[INFO] *** bandit UCB chosen candidate's index:0
[INFO] *** bandit UCB candidates:List((2.0204216565513073,2))
[INFO] *** bandit UCB chosen candidate's index:2
[INFO] *** bandit UCB candidates:List((1.925157673602326,1))
[INFO] *** bandit UCB chosen candidate's index:1
[INFO] *** bandit UCB candidates:List((1.6724273789246458,3))
[INFO] *** bandit UCB chosen candidate's index:3
[INFO] *** bandit UCB candidates:List((1.325161340918281,0))
[INFO] *** bandit UCB chosen candidate's index:0
[INFO] *** bandit UCB candidates:List((1.3123344764134592,1))
[INFO] *** bandit UCB chosen candidate's index:1
      40 44907dab3e7f0a55, 8 tests failed.
[INFO] *** bandit UCB candidates:List((1.0349405767908721,0))
[INFO] *** bandit UCB chosen candidate's index:0
[INFO] *** bandit UCB candidates:List((2.013708234110811,2))
[INFO] *** bandit UCB chosen candidate's index:2
[INFO] *** bandit UCB candidates:List((1.9116361617804547,1))
[INFO] *** bandit UCB chosen candidate's index:1
[INFO] *** bandit UCB candidates:List((1.6716998494667759,1))
[INFO] *** bandit UCB chosen candidate's index:1
[INFO] *** bandit UCB candidates:List((1.6712854028299235,2))
[INFO] *** bandit UCB chosen candidate's index:2
[INFO] *** bandit UCB candidates:List((1.6619005287759454,2))
[INFO] *** bandit UCB chosen candidate's index:2
[INFO] *** bandit UCB candidates:List((1.6530052782183182,2))
[INFO] *** bandit UCB chosen candidate's index:2
      41 46e3ffb302d6b70f, 9 tests failed.
[INFO] *** bandit UCB candidates:List((1.0309044016196813,0))
[INFO] *** bandit UCB chosen candidate's index:0
[INFO] *** bandit UCB candidates:List((2.0072912666961322,2))
[INFO] *** bandit UCB chosen candidate's index:2
[INFO] *** bandit UCB candidates:List((1.8990555764835726,1))
[INFO] *** bandit UCB chosen candidate's index:1
[INFO] *** bandit UCB candidates:List((1.6561394127328302,2))
[INFO] *** bandit UCB chosen candidate's index:2
[INFO] *** bandit UCB candidates:List((1.6476170000361003,2))
[INFO] *** bandit UCB chosen candidate's index:2
[INFO] *** bandit UCB candidates:List((1.6395096852147988,2))
[INFO] *** bandit UCB chosen candidate's index:2
      42 903dd74e32475186, 10 tests failed.
[INFO] *** bandit UCB candidates:List((1.0269957227342394,0))
[INFO] *** bandit UCB chosen candidate's index:0
[INFO] *** bandit UCB candidates:List((2.001148592879887,2))
[INFO] *** bandit UCB chosen candidate's index:2
[INFO] *** bandit UCB candidates:List((1.8873107605378077,1))
[INFO] *** bandit UCB chosen candidate's index:1
[INFO] *** bandit UCB candidates:List((1.642381592899802,2))
[INFO] *** bandit UCB chosen candidate's index:2
[INFO] *** bandit UCB candidates:List((1.6345924565397367,2))
[INFO] *** bandit UCB chosen candidate's index:2
[INFO] *** bandit UCB candidates:List((1.6271590479317224,2))
[INFO] *** bandit UCB chosen candidate's index:2
      43 7974bf3b16645027, 11 tests failed.
[INFO] *** bandit UCB candidates:List((1.0232077119027718,0))
[INFO] *** bandit UCB chosen candidate's index:0
[INFO] *** bandit UCB candidates:List((1.9952603519084422,2))
[INFO] *** bandit UCB chosen candidate's index:2
[INFO] *** bandit UCB candidates:List((1.8763122803395793,1))
[INFO] *** bandit UCB chosen candidate's index:1
[INFO] *** bandit UCB candidates:List((1.6298067508667695,2))
[INFO] *** bandit UCB chosen candidate's index:2
[INFO] *** bandit UCB candidates:List((1.6270720161186492,0), (1.6270720161186492,3))
[INFO] *** bandit UCB chosen candidate's index:0
      44 6be018a71603cc94, 11 tests failed.
[INFO] *** bandit UCB candidates:List((1.019534051278612,0))
[INFO] *** bandit UCB chosen candidate's index:0
[INFO] *** bandit UCB candidates:List((1.9896086818119552,2))
[INFO] *** bandit UCB chosen candidate's index:2
[INFO] *** bandit UCB candidates:List((1.865983533671783,1))
[INFO] *** bandit UCB chosen candidate's index:1
[INFO] *** bandit UCB candidates:List((1.6288472316866653,3))
[INFO] *** bandit UCB chosen candidate's index:3
[INFO] *** bandit UCB candidates:List((1.2895977036101238,1))
[INFO] *** bandit UCB chosen candidate's index:1
      45  de8785f38307c43, 11 tests failed.
[INFO] *** bandit UCB candidates:List((1.0159688848596473,0))
[INFO] *** bandit UCB chosen candidate's index:0
[INFO] *** bandit UCB candidates:List((1.9841774649150137,2))
[INFO] *** bandit UCB chosen candidate's index:2
[INFO] *** bandit UCB candidates:List((1.8562584810674034,1))
[INFO] *** bandit UCB chosen candidate's index:1
[INFO] *** bandit UCB candidates:List((1.624355921434554,2))
[INFO] *** bandit UCB chosen candidate's index:2
[INFO] *** bandit UCB candidates:List((1.6174530188191687,2))
[INFO] *** bandit UCB chosen candidate's index:2
[INFO] *** bandit UCB candidates:List((1.610838930088557,2))
[INFO] *** bandit UCB chosen candidate's index:2
      46 43e6dcdf22215f20, 12 tests failed.
[INFO] *** bandit UCB candidates:List((1.012506775512791,0))
[INFO] *** bandit UCB chosen candidate's index:0
[INFO] *** bandit UCB candidates:List((1.9789521121542615,2))
[INFO] *** bandit UCB chosen candidate's index:2
[INFO] *** bandit UCB candidates:List((1.8540854249570602,2), (1.8540854249570602,3), (1.8540854249570602,4))
[INFO] *** bandit UCB chosen candidate's index:3
      47 7c984b5d1a209c21, 12 tests failed.
[INFO] *** bandit UCB candidates:List((1.0091426668210994,0))
[INFO] *** bandit UCB chosen candidate's index:0
[INFO] *** bandit UCB candidates:List((1.9739193793640877,2))
[INFO] *** bandit UCB chosen candidate's index:2
[INFO] *** bandit UCB candidates:List((1.8571783832983173,2), (1.8571783832983173,4))
[INFO] *** bandit UCB chosen candidate's index:2
      48 2a83b5bd2ae1ea70, 12 tests failed.
[INFO] *** bandit UCB candidates:List((1.0058718491235559,0))
[INFO] *** bandit UCB chosen candidate's index:0
[INFO] *** bandit UCB candidates:List((1.9690672100499553,2))
[INFO] *** bandit UCB chosen candidate's index:2
[INFO] *** bandit UCB candidates:List((1.8602050489586404,4))
[INFO] *** bandit UCB chosen candidate's index:4
[INFO] *** bandit UCB candidates:List((1.2853663388577,0))
[INFO] *** bandit UCB chosen candidate's index:0
[INFO] *** bandit UCB candidates:List((1.2738009276111946,1))
[INFO] *** bandit UCB chosen candidate's index:1
      49 6685050840640de1, 12 tests failed.
[INFO] *** bandit UCB candidates:List((1.002689929210979,0))
[INFO] *** bandit UCB chosen candidate's index:0
[INFO] *** bandit UCB candidates:List((1.9643846002288006,2))
[INFO] *** bandit UCB chosen candidate's index:2
[INFO] *** bandit UCB candidates:List((1.8509884038978124,1))
[INFO] *** bandit UCB chosen candidate's index:1
[INFO] *** bandit UCB candidates:List((1.6132200915996568,2))
[INFO] *** bandit UCB chosen candidate's index:2
[INFO] *** bandit UCB candidates:List((1.6068300981949086,2))
[INFO] *** bandit UCB chosen candidate's index:2
[INFO] *** bandit UCB candidates:List((1.6006930002652766,2))
[INFO] *** bandit UCB chosen candidate's index:2
      50  2d6f6cd03d01cb4, 13 tests failed.
[INFO] *** bandit UCB candidates:List((0.9995928032195058,0))
[INFO] *** bandit UCB chosen candidate's index:0
[INFO] *** bandit UCB candidates:List((1.9598614817488091,2))
[INFO] *** bandit UCB chosen candidate's index:2
[INFO] *** bandit UCB candidates:List((1.8421550856568063,1))
[INFO] *** bandit UCB chosen candidate's index:1
[INFO] *** bandit UCB candidates:List((1.6029138378257588,2))
[INFO] *** bandit UCB chosen candidate's index:2
[INFO] *** bandit UCB candidates:List((1.6033017662323505,1))
[INFO] *** bandit UCB chosen candidate's index:1
[INFO] *** bandit UCB candidates:List((1.5976742699484086,2))
[INFO] *** bandit UCB chosen candidate's index:2
[INFO] *** bandit UCB candidates:List((1.591938606248336,2))
[INFO] *** bandit UCB chosen candidate's index:2
      51 8b388ceb07e23410, 14 tests failed.
[INFO] *** bandit UCB candidates:List((0.9965766323284485,0))
[INFO] *** bandit UCB chosen candidate's index:0
[INFO] *** bandit UCB candidates:List((1.9554886211598048,2))
[INFO] *** bandit UCB chosen candidate's index:2
[INFO] *** bandit UCB candidates:List((1.8337840742847034,1))
[INFO] *** bandit UCB chosen candidate's index:1
[INFO] *** bandit UCB candidates:List((1.5940085380081244,2))
[INFO] *** bandit UCB chosen candidate's index:2
[INFO] *** bandit UCB candidates:List((1.588448469171321,2))
[INFO] *** bandit UCB chosen candidate's index:2
[INFO] *** bandit UCB candidates:List((1.5895811961817488,0), (1.5895811961817488,3))
[INFO] *** bandit UCB chosen candidate's index:0
      52 4f7e879b0e4cace2, 14 tests failed.
[INFO] *** bandit UCB candidates:List((0.9936378209242821,0))
[INFO] *** bandit UCB chosen candidate's index:0
[INFO] *** bandit UCB candidates:List((1.9512575317302419,2))
[INFO] *** bandit UCB chosen candidate's index:2
[INFO] *** bandit UCB candidates:List((1.8258359561946298,1))
[INFO] *** bandit UCB chosen candidate's index:1
[INFO] *** bandit UCB candidates:List((1.5909412593642245,3))
[INFO] *** bandit UCB chosen candidate's index:3
[INFO] *** bandit UCB candidates:List((1.2551209379311272,1))
[INFO] *** bandit UCB chosen candidate's index:1
      53 4c7f1e112f7be0ec, 14 tests failed.
[INFO] *** bandit UCB candidates:List((0.9907729969389141,0))
[INFO] *** bandit UCB chosen candidate's index:0
[INFO] *** bandit UCB candidates:List((1.9471603966271667,2))
[INFO] *** bandit UCB chosen candidate's index:2
[INFO] *** bandit UCB candidates:List((1.8248584158691732,0))
[INFO] *** bandit UCB chosen candidate's index:0
[INFO] *** bandit UCB candidates:List((1.9431900016143016,2))
[INFO] *** bandit UCB chosen candidate's index:2
[INFO] *** bandit UCB candidates:List((1.5843378670819506,2))
[INFO] *** bandit UCB chosen candidate's index:2
[INFO] *** bandit UCB candidates:List((1.5791325664330604,2))
[INFO] *** bandit UCB chosen candidate's index:2
[INFO] *** bandit UCB candidates:List((1.57410496499129,2))
[INFO] *** bandit UCB chosen candidate's index:2
      54 10f631783dc7013b, 15 tests failed.
[INFO] *** bandit UCB candidates:List((0.9879789941096688,0))
[INFO] *** bandit UCB chosen candidate's index:0
[INFO] *** bandit UCB candidates:List((1.9342947005924214,2))
[INFO] *** bandit UCB chosen candidate's index:2
[INFO] *** bandit UCB candidates:List((1.8204080916821639,1))
[INFO] *** bandit UCB chosen candidate's index:1
[INFO] *** bandit UCB candidates:List((1.5759743070788725,2))
[INFO] *** bandit UCB chosen candidate's index:2
[INFO] *** bandit UCB candidates:List((1.5710860312878472,2))
[INFO] *** bandit UCB chosen candidate's index:2
[INFO] *** bandit UCB candidates:List((1.5663571874115432,2))
[INFO] *** bandit UCB chosen candidate's index:2
      55 1be7db2e0056c237, 16 tests failed.
[INFO] *** bandit UCB candidates:List((0.9852528359418047,0))
[INFO] *** bandit UCB chosen candidate's index:0
[INFO] *** bandit UCB candidates:List((1.9306756331659076,2))
[INFO] *** bandit UCB chosen candidate's index:2
[INFO] *** bandit UCB candidates:List((1.8131322511302128,1))
[INFO] *** bandit UCB chosen candidate's index:1
[INFO] *** bandit UCB candidates:List((1.5681229657857423,2))
[INFO] *** bandit UCB chosen candidate's index:2
[INFO] *** bandit UCB candidates:List((1.563519488999633,2))
[INFO] *** bandit UCB chosen candidate's index:2
[INFO] *** bandit UCB candidates:List((1.5590597394104215,2))
[INFO] *** bandit UCB chosen candidate's index:2
      56 7ba3e1c53557bb86, 17 tests failed.
[INFO] *** bandit UCB candidates:List((0.9825917211828326,0))
[INFO] *** bandit UCB chosen candidate's index:0
[INFO] *** bandit UCB candidates:List((1.9271594728265602,2))
[INFO] *** bandit UCB chosen candidate's index:2
[INFO] *** bandit UCB candidates:List((1.8061899460011854,1))
[INFO] *** bandit UCB chosen candidate's index:1
[INFO] *** bandit UCB candidates:List((1.560732161552485,2))
[INFO] *** bandit UCB chosen candidate's index:2
[INFO] *** bandit UCB candidates:List((1.5563857255085634,2))
[INFO] *** bandit UCB chosen candidate's index:2
[INFO] *** bandit UCB candidates:List((1.5543455235500967,0), (1.5543455235500967,3))
[INFO] *** bandit UCB chosen candidate's index:3
[INFO] *** bandit UCB candidates:List((1.250894501623828,0))
[INFO] *** bandit UCB chosen candidate's index:0
[INFO] *** bandit UCB candidates:List((1.2418563766533297,1))
[INFO] *** bandit UCB chosen candidate's index:1
      57 7f5be57033817337, 17 tests failed.
[INFO] *** bandit UCB candidates:List((0.9799930106422337,0))
[INFO] *** bandit UCB chosen candidate's index:0
[INFO] *** bandit UCB candidates:List((1.923741230824267,2))
[INFO] *** bandit UCB chosen candidate's index:2
[INFO] *** bandit UCB candidates:List((1.7995561393981812,1))
[INFO] *** bandit UCB chosen candidate's index:1
[INFO] *** bandit UCB candidates:List((1.5554421166630488,0))
[INFO] *** bandit UCB chosen candidate's index:0
      58 816d9a4b1fa53eb1, 17 tests failed.
[INFO] *** bandit UCB candidates:List((0.9774542152110327,0))
[INFO] *** bandit UCB chosen candidate's index:0
[INFO] *** bandit UCB candidates:List((1.9204162575287012,2))
[INFO] *** bandit UCB chosen candidate's index:2
[INFO] *** bandit UCB candidates:List((1.7932083491717468,1))
[INFO] *** bandit UCB chosen candidate's index:1
[INFO] *** bandit UCB candidates:List((1.5531446143736447,2))
[INFO] *** bandit UCB chosen candidate's index:2
[INFO] *** bandit UCB candidates:List((1.5490314212677818,2))
[INFO] *** bandit UCB chosen candidate's index:2
[INFO] *** bandit UCB candidates:List((1.5458147257531385,1))
[INFO] *** bandit UCB chosen candidate's index:1
[INFO] *** bandit UCB candidates:List((1.5454962443731333,2))
[INFO] *** bandit UCB chosen candidate's index:2
      59 5709fa3011381cf5, 18 tests failed.
[INFO] *** bandit UCB candidates:List((0.9749729849536168,0))
[INFO] *** bandit UCB chosen candidate's index:0
[INFO] *** bandit UCB candidates:List((1.9171802129854358,2))
[INFO] *** bandit UCB chosen candidate's index:2
[INFO] *** bandit UCB candidates:List((1.7871263228194034,1))
[INFO] *** bandit UCB chosen candidate's index:1
[INFO] *** bandit UCB candidates:List((1.547027275382448,2))
[INFO] *** bandit UCB chosen candidate's index:2
[INFO] *** bandit UCB candidates:List((1.5431167305806737,2))
[INFO] *** bandit UCB chosen candidate's index:2
[INFO] *** bandit UCB candidates:List((1.5393146499868062,2))
[INFO] *** bandit UCB chosen candidate's index:2
      60 8d21f4b907f41bc8, 19 tests failed.
[INFO] *** bandit UCB candidates:List((0.9725470991596568,0))
[INFO] *** bandit UCB chosen candidate's index:0
[INFO] *** bandit UCB candidates:List((1.9140290405635243,2))
[INFO] *** bandit UCB chosen candidate's index:2
[INFO] *** bandit UCB candidates:List((1.7817578350387508,2), (1.7817578350387508,3), (1.7817578350387508,4))
[INFO] *** bandit UCB chosen candidate's index:4
[INFO] *** bandit UCB candidates:List((1.2261182476342722,1))
[INFO] *** bandit UCB chosen candidate's index:1
      61 8a0cfd0207a16674, 19 tests failed.
[INFO] *** bandit UCB candidates:List((0.9701744572573554,0))
[INFO] *** bandit UCB chosen candidate's index:0
[INFO] *** bandit UCB candidates:List((1.91095894331586,2))
[INFO] *** bandit UCB chosen candidate's index:2
[INFO] *** bandit UCB candidates:List((1.7838767699653775,2), (1.7838767699653775,3))
[INFO] *** bandit UCB chosen candidate's index:3
      62 8eb96fde1c23c3e1, 19 tests failed.
[INFO] *** bandit UCB candidates:List((0.9678530705008302,0))
[INFO] *** bandit UCB chosen candidate's index:0
[INFO] *** bandit UCB candidates:List((1.9079663627264016,2))
[INFO] *** bandit UCB chosen candidate's index:2
[INFO] *** bandit UCB candidates:List((1.7859606099664673,2))
[INFO] *** bandit UCB chosen candidate's index:2
      63 3f1b50c735ccd873, 19 tests failed.
[INFO] *** bandit UCB candidates:List((0.9655810543545074,0))
[INFO] *** bandit UCB chosen candidate's index:0
[INFO] *** bandit UCB candidates:List((1.9050479595628946,2))
[INFO] *** bandit UCB chosen candidate's index:2
[INFO] *** bandit UCB candidates:List((1.7838096506521657,1))
[INFO] *** bandit UCB chosen candidate's index:1
[INFO] *** bandit UCB candidates:List((1.5407736784322412,2))
[INFO] *** bandit UCB chosen candidate's index:2
[INFO] *** bandit UCB candidates:List((1.5370573984392295,2))
[INFO] *** bandit UCB chosen candidate's index:2
[INFO] *** bandit UCB candidates:List((1.533440422487991,2))
[INFO] *** bandit UCB chosen candidate's index:2
      64 2d9150ba3b734bbc, 20 tests failed.
[INFO] *** bandit UCB candidates:List((0.9633566215061604,0))
[INFO] *** bandit UCB chosen candidate's index:0
[INFO] *** bandit UCB candidates:List((1.902200596591486,2))
[INFO] *** bandit UCB chosen candidate's index:2
[INFO] *** bandit UCB candidates:List((1.7781320749737095,1))
[INFO] *** bandit UCB chosen candidate's index:1
[INFO] *** bandit UCB candidates:List((1.5348335297101698,2))
[INFO] *** bandit UCB chosen candidate's index:2
[INFO] *** bandit UCB candidates:List((1.5312952642713604,2))
[INFO] *** bandit UCB chosen candidate's index:2
[INFO] *** bandit UCB candidates:List((1.5278482068655665,2))
[INFO] *** bandit UCB chosen candidate's index:2
      65 2d89e9db14cd4e33, 21 tests failed.
[INFO] *** bandit UCB candidates:List((0.9611780754478865,0))
[INFO] *** bandit UCB chosen candidate's index:0
[INFO] *** bandit UCB candidates:List((1.899421322941719,2))
[INFO] *** bandit UCB chosen candidate's index:2
[INFO] *** bandit UCB candidates:List((1.7726738906535888,1))
[INFO] *** bandit UCB chosen candidate's index:1
[INFO] *** bandit UCB candidates:List((1.5291807507271336,2))
[INFO] *** bandit UCB chosen candidate's index:2
[INFO] *** bandit UCB candidates:List((1.5258061181735418,2))
[INFO] *** bandit UCB chosen candidate's index:2
[INFO] *** bandit UCB candidates:List((1.5262337100807857,0), (1.5262337100807857,3))
[INFO] *** bandit UCB chosen candidate's index:0
      66 83eb485c157a76bd, 21 tests failed.
[INFO] *** bandit UCB candidates:List((0.9590438045709933,0))
[INFO] *** bandit UCB chosen candidate's index:0
[INFO] *** bandit UCB candidates:List((1.8967073599377613,2))
[INFO] *** bandit UCB chosen candidate's index:2
[INFO] *** bandit UCB candidates:List((1.767421134844422,1))
[INFO] *** bandit UCB chosen candidate's index:1
[INFO] *** bandit UCB candidates:List((1.527105742592342,3))
[INFO] *** bandit UCB chosen candidate's index:3
[INFO] *** bandit UCB candidates:List((1.2206455787959225,0))
[INFO] *** bandit UCB chosen candidate's index:0
[INFO] *** bandit UCB candidates:List((1.2147445161891919,1))
[INFO] *** bandit UCB chosen candidate's index:1
      67 28d1f1a7209cde8a, 21 tests failed.
[INFO] *** bandit UCB candidates:List((0.9569522767266414,0))
[INFO] *** bandit UCB chosen candidate's index:0
[INFO] *** bandit UCB candidates:List((1.8940560882351378,2))
[INFO] *** bandit UCB chosen candidate's index:2
[INFO] *** bandit UCB candidates:List((1.7623610587887975,1))
[INFO] *** bandit UCB chosen candidate's index:1
[INFO] *** bandit UCB candidates:List((1.5232586348905284,2))
[INFO] *** bandit UCB chosen candidate's index:2
[INFO] *** bandit UCB candidates:List((1.5200353450141997,2))
[INFO] *** bandit UCB chosen candidate's index:2
[INFO] *** bandit UCB candidates:List((1.51688978875393,2))
[INFO] *** bandit UCB chosen candidate's index:2
      68 885136503d1f67bc, 22 tests failed.
[INFO] *** bandit UCB candidates:List((0.9549020342092371,0))
[INFO] *** bandit UCB chosen candidate's index:0
[INFO] *** bandit UCB candidates:List((1.891465036122314,2))
[INFO] *** bandit UCB chosen candidate's index:2
[INFO] *** bandit UCB candidates:List((1.7574819955782617,1))
[INFO] *** bandit UCB chosen candidate's index:1
[INFO] *** bandit UCB candidates:List((1.5181324540720675,2))
[INFO] *** bandit UCB chosen candidate's index:2
[INFO] *** bandit UCB candidates:List((1.5150485199426158,2))
[INFO] *** bandit UCB chosen candidate's index:2
[INFO] *** bandit UCB candidates:List((1.5120365792443762,2))
[INFO] *** bandit UCB chosen candidate's index:2
      69 1ea3cf211c7e0fdf, 23 tests failed.
[INFO] *** bandit UCB candidates:List((0.9528916891241009,0))
[INFO] *** bandit UCB chosen candidate's index:0
[INFO] *** bandit UCB candidates:List((1.888931868863757,2))
[INFO] *** bandit UCB chosen candidate's index:2
[INFO] *** bandit UCB candidates:List((1.7527732450736355,1))
[INFO] *** bandit UCB chosen candidate's index:1
[INFO] *** bandit UCB candidates:List((1.5132301592178852,2))
[INFO] *** bandit UCB chosen candidate's index:2
[INFO] *** bandit UCB candidates:List((1.5102753827666269,2))
[INFO] *** bandit UCB chosen candidate's index:2
[INFO] *** bandit UCB candidates:List((1.5073874453742944,2))
[INFO] *** bandit UCB chosen candidate's index:2
      70 74d7a32c045c0c2e, 24 tests failed.
[INFO] *** bandit UCB candidates:List((0.9509199191049429,0))
[INFO] *** bandit UCB chosen candidate's index:0
[INFO] *** bandit UCB candidates:List((1.8864543789760013,2))
[INFO] *** bandit UCB chosen candidate's index:2
[INFO] *** bandit UCB candidates:List((1.748224973418662,1))
[INFO] *** bandit UCB chosen candidate's index:1
[INFO] *** bandit UCB candidates:List((1.5085354508643518,2))
[INFO] *** bandit UCB chosen candidate's index:2
[INFO] *** bandit UCB candidates:List((1.5057006646379176,2))
[INFO] *** bandit UCB chosen candidate's index:2
[INFO] *** bandit UCB candidates:List((1.502928073662258,2))
[INFO] *** bandit UCB chosen candidate's index:2
      71 5c0c21e3035866bc, 25 tests failed.
[INFO] *** bandit UCB candidates:List((0.9489854633501982,0))
[INFO] *** bandit UCB chosen candidate's index:0
[INFO] *** bandit UCB candidates:List((1.884030477341131,2))
[INFO] *** bandit UCB chosen candidate's index:2
[INFO] *** bandit UCB candidates:List((1.7438281250119558,1))
[INFO] *** bandit UCB chosen candidate's index:1
[INFO] *** bandit UCB candidates:List((1.5040336599698274,2))
[INFO] *** bandit UCB chosen candidate's index:2
[INFO] *** bandit UCB candidates:List((1.501310596131057,2))
[INFO] *** bandit UCB chosen candidate's index:2
[INFO] *** bandit UCB candidates:List((1.5013662270016745,1))
[INFO] *** bandit UCB chosen candidate's index:1
[INFO] *** bandit UCB candidates:List((1.499982629865865,0), (1.499982629865865,3))
[INFO] *** bandit UCB chosen candidate's index:0
      72 131df2271c378618, 25 tests failed.
[INFO] *** bandit UCB candidates:List((0.9470871189504126,0))
[INFO] *** bandit UCB chosen candidate's index:0
[INFO] *** bandit UCB candidates:List((1.8816581850732708,2))
[INFO] *** bandit UCB chosen candidate's index:2
[INFO] *** bandit UCB candidates:List((1.7395743451543817,1))
[INFO] *** bandit UCB chosen candidate's index:1
[INFO] *** bandit UCB candidates:List((1.500697364125485,3))
[INFO] *** bandit UCB chosen candidate's index:3
[INFO] *** bandit UCB candidates:List((1.2012256958199856,1))
[INFO] *** bandit UCB chosen candidate's index:1
      73 8899551c24d493b7, 25 tests failed.
[INFO] *** bandit UCB candidates:List((0.9452237374816356,0))
[INFO] *** bandit UCB chosen candidate's index:0
[INFO] *** bandit UCB candidates:List((1.8793356260633793,2))
[INFO] *** bandit UCB chosen candidate's index:2
[INFO] *** bandit UCB candidates:List((1.7354559118767405,1))
[INFO] *** bandit UCB chosen candidate's index:1
[INFO] *** bandit UCB candidates:List((1.4995333561709943,2))
[INFO] *** bandit UCB chosen candidate's index:2
[INFO] *** bandit UCB candidates:List((1.4969105331534522,2))
[INFO] *** bandit UCB chosen candidate's index:2
[INFO] *** bandit UCB candidates:List((1.4943420922030035,2))
[INFO] *** bandit UCB chosen candidate's index:2
      74 3003311528925804, 26 tests failed.
[INFO] *** bandit UCB candidates:List((0.9433942218422369,0))
[INFO] *** bandit UCB chosen candidate's index:0
[INFO] *** bandit UCB candidates:List((1.877061020136105,2))
[INFO] *** bandit UCB chosen candidate's index:2
[INFO] *** bandit UCB candidates:List((1.7314656756889342,1))
[INFO] *** bandit UCB chosen candidate's index:1
[INFO] *** bandit UCB candidates:List((1.4953816737239067,2))
[INFO] *** bandit UCB chosen candidate's index:2
[INFO] *** bandit UCB candidates:List((1.4928565294037321,2))
[INFO] *** bandit UCB chosen candidate's index:2
[INFO] *** bandit UCB candidates:List((1.4903822942614586,2))
[INFO] *** bandit UCB chosen candidate's index:2
      75 1bb021a0182cc1d2, 27 tests failed.
[INFO] *** bandit UCB candidates:List((0.941597523312764,0))
[INFO] *** bandit UCB chosen candidate's index:0
[INFO] *** bandit UCB candidates:List((1.8748326767598495,2))
[INFO] *** bandit UCB chosen candidate's index:2
[INFO] *** bandit UCB candidates:List((1.7275970061866364,1))
[INFO] *** bandit UCB chosen candidate's index:1
[INFO] *** bandit UCB candidates:List((1.4913865604738308,2))
[INFO] *** bandit UCB chosen candidate's index:2
[INFO] *** bandit UCB candidates:List((1.488952907258156,2))
[INFO] *** bandit UCB chosen candidate's index:2
[INFO] *** bandit UCB candidates:List((1.4865669981939487,2))
[INFO] *** bandit UCB chosen candidate's index:2
      76 12f7e650353c15cc, 28 tests failed.
[INFO] *** bandit UCB candidates:List((0.9398326388203995,0))
[INFO] *** bandit UCB chosen candidate's index:0
[INFO] *** bandit UCB candidates:List((1.872648989257642,2))
[INFO] *** bandit UCB chosen candidate's index:2
[INFO] *** bandit UCB candidates:List((1.7276624943507675,0))
[INFO] *** bandit UCB chosen candidate's index:0
[INFO] *** bandit UCB candidates:List((1.8705084294721093,2))
[INFO] *** bandit UCB chosen candidate's index:2
[INFO] *** bandit UCB candidates:List((1.4875381371294039,2))
[INFO] *** bandit UCB chosen candidate's index:2
[INFO] *** bandit UCB candidates:List((1.485190331062617,2))
[INFO] *** bandit UCB chosen candidate's index:2
[INFO] *** bandit UCB candidates:List((1.4828873774928042,2))
[INFO] *** bandit UCB chosen candidate's index:2
      77 81eb89c705fcccfc, 29 tests failed.
[INFO] *** bandit UCB candidates:List((0.9380986083913245,0))
[INFO] *** bandit UCB chosen candidate's index:0
[INFO] *** bandit UCB candidates:List((1.8652062621028567,2))
[INFO] *** bandit UCB chosen candidate's index:2
[INFO] *** bandit UCB candidates:List((1.7251433938891414,2), (1.7251433938891414,3), (1.7251433938891414,4))
[INFO] *** bandit UCB chosen candidate's index:4
[INFO] *** bandit UCB candidates:List((1.1938096752427758,0))
[INFO] *** bandit UCB chosen candidate's index:0
[INFO] *** bandit UCB candidates:List((1.1913127397127918,1))
[INFO] *** bandit UCB chosen candidate's index:1
      78 4db8f48a384cfcbc, 29 tests failed.
[INFO] *** bandit UCB candidates:List((0.9363945127758542,0))
[INFO] *** bandit UCB chosen candidate's index:0
[INFO] *** bandit UCB candidates:List((1.8631960477447944,2))
[INFO] *** bandit UCB chosen candidate's index:2
[INFO] *** bandit UCB candidates:List((1.7266449886391917,2), (1.7266449886391917,3))
[INFO] *** bandit UCB chosen candidate's index:2
      79 89f23a52456a9b0c, 29 tests failed.
[INFO] *** bandit UCB candidates:List((0.9347194712326008,0))
[INFO] *** bandit UCB chosen candidate's index:0
[INFO] *** bandit UCB candidates:List((1.8612233786694172,2))
[INFO] *** bandit UCB chosen candidate's index:2
[INFO] *** bandit UCB candidates:List((1.7281270567061275,3))
[INFO] *** bandit UCB chosen candidate's index:3
      80 20e695942a96012a, 29 tests failed.
[INFO] *** bandit UCB candidates:List((0.9330726394591746,0))
[INFO] *** bandit UCB chosen candidate's index:0
[INFO] *** bandit UCB candidates:List((1.8592870564848898,2))
[INFO] *** bandit UCB chosen candidate's index:2
[INFO] *** bandit UCB candidates:List((1.7266539065786377,1))
[INFO] *** bandit UCB chosen candidate's index:1
[INFO] *** bandit UCB candidates:List((1.4838273843560825,2))
[INFO] *** bandit UCB chosen candidate's index:2
[INFO] *** bandit UCB candidates:List((1.4815602648012964,2))
[INFO] *** bandit UCB chosen candidate's index:2
[INFO] *** bandit UCB candidates:List((1.4793353495967807,2))
[INFO] *** bandit UCB chosen candidate's index:2
      81 5460ba9a005203b6, 30 tests failed.
[INFO] *** bandit UCB candidates:List((0.9314532076580517,0))
[INFO] *** bandit UCB chosen candidate's index:0
[INFO] *** bandit UCB candidates:List((1.8573859366754897,2))
[INFO] *** bandit UCB chosen candidate's index:2
[INFO] *** bandit UCB candidates:List((1.7229464316867817,1))
[INFO] *** bandit UCB chosen candidate's index:1
[INFO] *** bandit UCB candidates:List((1.480246048563031,2))
[INFO] *** bandit UCB chosen candidate's index:2
[INFO] *** bandit UCB candidates:List((1.478054885890451,2))
[INFO] *** bandit UCB chosen candidate's index:2
[INFO] *** bandit UCB candidates:List((1.476813485452523,0), (1.476813485452523,3))
[INFO] *** bandit UCB chosen candidate's index:0
      82 69437d8a0104ed32, 30 tests failed.
[INFO] *** bandit UCB candidates:List((0.9298603987272505,0))
[INFO] *** bandit UCB chosen candidate's index:0
[INFO] *** bandit UCB candidates:List((1.855518925491318,2))
[INFO] *** bandit UCB chosen candidate's index:2
[INFO] *** bandit UCB candidates:List((1.719345684982247,1))
[INFO] *** bandit UCB chosen candidate's index:1
[INFO] *** bandit UCB candidates:List((1.4774040649680045,3))
[INFO] *** bandit UCB chosen candidate's index:3
[INFO] *** bandit UCB candidates:List((1.1795203702090662,1))
[INFO] *** bandit UCB chosen candidate's index:1
      83 46d186dd4125cca4, 30 tests failed.
[INFO] *** bandit UCB candidates:List((0.9282934665663658,0))
[INFO] *** bandit UCB chosen candidate's index:0
[INFO] *** bandit UCB candidates:List((1.8536849770564088,2))
[INFO] *** bandit UCB chosen candidate's index:2
[INFO] *** bandit UCB candidates:List((1.7158465620626553,1))
[INFO] *** bandit UCB chosen candidate's index:1
[INFO] *** bandit UCB candidates:List((1.476372065462611,2))
[INFO] *** bandit UCB chosen candidate's index:2
[INFO] *** bandit UCB candidates:List((1.4742530143868917,2))
[INFO] *** bandit UCB chosen candidate's index:2
[INFO] *** bandit UCB candidates:List((1.4721715439108367,2))
[INFO] *** bandit UCB chosen candidate's index:2
      84 4c13e77638350c65, 31 tests failed.
[INFO] *** bandit UCB candidates:List((0.9267516944893273,0))
[INFO] *** bandit UCB chosen candidate's index:0
[INFO] *** bandit UCB candidates:List((1.851883090677235,2))
[INFO] *** bandit UCB chosen candidate's index:2
[INFO] *** bandit UCB candidates:List((1.7124442945577754,1))
[INFO] *** bandit UCB chosen candidate's index:1
[INFO] *** bandit UCB candidates:List((1.4730379160118134,2))
[INFO] *** bandit UCB chosen candidate's index:2
[INFO] *** bandit UCB candidates:List((1.4709864388318108,2))
[INFO] *** bandit UCB chosen candidate's index:2
[INFO] *** bandit UCB candidates:List((1.4689704791526546,2))
[INFO] *** bandit UCB chosen candidate's index:2
      85 82919b790367b5c5, 32 tests failed.
[INFO] *** bandit UCB candidates:List((0.925234393735991,0))
[INFO] *** bandit UCB chosen candidate's index:0
[INFO] *** bandit UCB candidates:List((1.8501123083353117,2))
[INFO] *** bandit UCB chosen candidate's index:2
[INFO] *** bandit UCB candidates:List((1.7091344222372113,1))
[INFO] *** bandit UCB chosen candidate's index:1
[INFO] *** bandit UCB candidates:List((1.469811672588221,2))
[INFO] *** bandit UCB chosen candidate's index:2
[INFO] *** bandit UCB candidates:List((1.4678240866695198,2))
[INFO] *** bandit UCB chosen candidate's index:2
[INFO] *** bandit UCB candidates:List((1.4658701130279024,2))
[INFO] *** bandit UCB chosen candidate's index:2
      86 57b4573231ecaef7, 33 tests failed.
[INFO] *** bandit UCB candidates:List((0.9237409020753382,0))
[INFO] *** bandit UCB chosen candidate's index:0
[INFO] *** bandit UCB candidates:List((1.8483717123491143,2))
[INFO] *** bandit UCB chosen candidate's index:2
[INFO] *** bandit UCB candidates:List((1.7059127678927846,1))
[INFO] *** bandit UCB chosen candidate's index:1
[INFO] *** bandit UCB candidates:List((1.4666874709599713,2))
[INFO] *** bandit UCB chosen candidate's index:2
[INFO] *** bandit UCB candidates:List((1.4647603731843315,2))
[INFO] *** bandit UCB chosen candidate's index:2
[INFO] *** bandit UCB candidates:List((1.4628651250098705,2))
[INFO] *** bandit UCB chosen candidate's index:2
      87 31303b36300e691c, 34 tests failed.
[INFO] *** bandit UCB candidates:List((0.922270582493663,0))
[INFO] *** bandit UCB chosen candidate's index:0
[INFO] *** bandit UCB candidates:List((1.8466604231918846,2))
[INFO] *** bandit UCB chosen candidate's index:2
[INFO] *** bandit UCB candidates:List((1.7027754146755893,1))
[INFO] *** bandit UCB chosen candidate's index:1
[INFO] *** bandit UCB candidates:List((1.4636598882942955,2))
[INFO] *** bandit UCB chosen candidate's index:2
[INFO] *** bandit UCB candidates:List((1.4639287988715077,1))
[INFO] *** bandit UCB chosen candidate's index:1
[INFO] *** bandit UCB candidates:List((1.4619909443752865,2))
[INFO] *** bandit UCB chosen candidate's index:2
[INFO] *** bandit UCB candidates:List((1.46014897304387,2))
[INFO] *** bandit UCB chosen candidate's index:2
      88 2166da561cdeb0ce, 35 tests failed.
[INFO] *** bandit UCB candidates:List((0.9208228219616766,0))
[INFO] *** bandit UCB chosen candidate's index:0
[INFO] *** bandit UCB candidates:List((1.8449775974531213,2))
[INFO] *** bandit UCB chosen candidate's index:2
[INFO] *** bandit UCB candidates:List((1.699718685609502,1))
[INFO] *** bandit UCB chosen candidate's index:1
[INFO] *** bandit UCB candidates:List((1.4609209745271787,2))
[INFO] *** bandit UCB chosen candidate's index:2
[INFO] *** bandit UCB candidates:List((1.4591032759562648,2))
[INFO] *** bandit UCB chosen candidate's index:2
[INFO] *** bandit UCB candidates:List((1.4573143236714219,2))
[INFO] *** bandit UCB chosen candidate's index:2
      89 7b2a0eac308fb13e, 36 tests failed.
[INFO] *** bandit UCB candidates:List((0.9193970302749516,0))
[INFO] *** bandit UCB chosen candidate's index:0
[INFO] *** bandit UCB candidates:List((1.843322425932645,2))
[INFO] *** bandit UCB chosen candidate's index:2
[INFO] *** bandit UCB candidates:List((1.6967391250386474,1))
[INFO] *** bandit UCB chosen candidate's index:1
[INFO] *** bandit UCB candidates:List((1.4580660069611442,2))
[INFO] *** bandit UCB chosen candidate's index:2
[INFO] *** bandit UCB candidates:List((1.4565544296816053,0), (1.4565544296816053,3))
[INFO] *** bandit UCB chosen candidate's index:0
      90  8473fb630ae87ef, 36 tests failed.
[INFO] *** bandit UCB candidates:List((0.9179926389625845,0))
[INFO] *** bandit UCB chosen candidate's index:0
[INFO] *** bandit UCB candidates:List((1.8416941318571045,2))
[INFO] *** bandit UCB chosen candidate's index:2
[INFO] *** bandit UCB candidates:List((1.6938334817969585,1))
[INFO] *** bandit UCB chosen candidate's index:1
[INFO] *** bandit UCB candidates:List((1.457043385841502,3))
[INFO] *** bandit UCB chosen candidate's index:3
[INFO] *** bandit UCB candidates:List((1.1697778967002337,0))
[INFO] *** bandit UCB chosen candidate's index:0
[INFO] *** bandit UCB candidates:List((1.1707665450519635,1))
[INFO] *** bandit UCB chosen candidate's index:1
      91 23f089ed2556055e, 36 tests failed.
[INFO] *** bandit UCB candidates:List((0.9166091002593604,0))
[INFO] *** bandit UCB chosen candidate's index:0
[INFO] *** bandit UCB candidates:List((1.840091969209693,2))
[INFO] *** bandit UCB chosen candidate's index:2
[INFO] *** bandit UCB candidates:List((1.6909986939142572,1))
[INFO] *** bandit UCB chosen candidate's index:1
[INFO] *** bandit UCB candidates:List((1.4566743314795976,2))
[INFO] *** bandit UCB chosen candidate's index:2
[INFO] *** bandit UCB candidates:List((1.4549314545363798,2))
[INFO] *** bandit UCB chosen candidate's index:2
[INFO] *** bandit UCB candidates:List((1.4532152955794546,2))
[INFO] *** bandit UCB chosen candidate's index:2
      92 4dce0625017986b6, 37 tests failed.
[INFO] *** bandit UCB candidates:List((0.9152458861370805,0))
[INFO] *** bandit UCB chosen candidate's index:0
[INFO] *** bandit UCB candidates:List((1.8385152211646179,2))
[INFO] *** bandit UCB chosen candidate's index:2
[INFO] *** bandit UCB candidates:List((1.6882318746959812,1))
[INFO] *** bandit UCB chosen candidate's index:1
[INFO] *** bandit UCB candidates:List((1.453940658697656,2))
[INFO] *** bandit UCB chosen candidate's index:2
[INFO] *** bandit UCB candidates:List((1.4522459542755253,2))
[INFO] *** bandit UCB chosen candidate's index:2
[INFO] *** bandit UCB candidates:List((1.450576693444693,2))
[INFO] *** bandit UCB chosen candidate's index:2
      93  377a2fb24ffde59, 38 tests failed.
[INFO] *** bandit UCB candidates:List((0.9139024873910508,0))
[INFO] *** bandit UCB chosen candidate's index:0
[INFO] *** bandit UCB candidates:List((1.8369631986186215,2))
[INFO] *** bandit UCB chosen candidate's index:2
[INFO] *** bandit UCB candidates:List((1.6855303000332444,1))
[INFO] *** bandit UCB chosen candidate's index:1
[INFO] *** bandit UCB candidates:List((1.45128397091483,2))
[INFO] *** bandit UCB chosen candidate's index:2
[INFO] *** bandit UCB candidates:List((1.4496351547584052,2))
[INFO] *** bandit UCB chosen candidate's index:2
[INFO] *** bandit UCB candidates:List((1.4480105928145037,2))
[INFO] *** bandit UCB chosen candidate's index:2
      94 5bf00c6a3d11f6cf, 39 tests failed.
[INFO] *** bandit UCB candidates:List((0.912578412778041,0))
[INFO] *** bandit UCB chosen candidate's index:0
[INFO] *** bandit UCB candidates:List((1.8354352388124642,2))
[INFO] *** bandit UCB chosen candidate's index:2
[INFO] *** bandit UCB candidates:List((1.6828913968168984,1))
[INFO] *** bandit UCB chosen candidate's index:1
[INFO] *** bandit UCB candidates:List((1.4487006175805508,2))
[INFO] *** bandit UCB chosen candidate's index:2
[INFO] *** bandit UCB candidates:List((1.447095556795416,2))
[INFO] *** bandit UCB chosen candidate's index:2
[INFO] *** bandit UCB candidates:List((1.4455136386422143,2))
[INFO] *** bandit UCB chosen candidate's index:2
      95  701136a43c9f7c1, 40 tests failed.
[INFO] *** bandit UCB candidates:List((0.9112731882023075,0))
[INFO] *** bandit UCB chosen candidate's index:0
[INFO] *** bandit UCB candidates:List((1.8339307040359072,2))
[INFO] *** bandit UCB chosen candidate's index:2
[INFO] *** bandit UCB candidates:List((1.6803127323439684,1))
[INFO] *** bandit UCB chosen candidate's index:1
[INFO] *** bandit UCB candidates:List((1.446187188668783,2))
[INFO] *** bandit UCB chosen candidate's index:2
[INFO] *** bandit UCB candidates:List((1.4446238889651848,2))
[INFO] *** bandit UCB chosen candidate's index:2
[INFO] *** bandit UCB candidates:List((1.4430826916317243,2))
[INFO] *** bandit UCB chosen candidate's index:2
      96  af39d7b440c7619, 41 tests failed.
[INFO] *** bandit UCB candidates:List((0.9099863559465282,0))
[INFO] *** bandit UCB chosen candidate's index:0
[INFO] *** bandit UCB candidates:List((1.8324489804102415,2))
[INFO] *** bandit UCB chosen candidate's index:2
[INFO] *** bandit UCB candidates:List((1.6777920046176664,1))
[INFO] *** bandit UCB chosen candidate's index:1
[INFO] *** bandit UCB candidates:List((1.4437404945871366,2))
[INFO] *** bandit UCB chosen candidate's index:2
[INFO] *** bandit UCB candidates:List((1.4422170888186476,2))
[INFO] *** bandit UCB chosen candidate's index:2
[INFO] *** bandit UCB candidates:List((1.4407148106486103,2))
[INFO] *** bandit UCB chosen candidate's index:2
      97 58d5d266207001dc, 42 tests failed.
[INFO] *** bandit UCB candidates:List((0.9087174739447398,0))
[INFO] *** bandit UCB chosen candidate's index:0
[INFO] *** bandit UCB candidates:List((1.8309894767429054,2))
[INFO] *** bandit UCB chosen candidate's index:2
[INFO] *** bandit UCB candidates:List((1.6775424468601425,2), (1.6775424468601425,3), (1.6775424468601425,4))
[INFO] *** bandit UCB chosen candidate's index:4
[INFO] *** bandit UCB candidates:List((1.1603506598274538,1))
[INFO] *** bandit UCB chosen candidate's index:1
      98 76b004ab0082dd30, 42 tests failed.
[INFO] *** bandit UCB candidates:List((0.9074661150945785,0))
[INFO] *** bandit UCB chosen candidate's index:0
[INFO] *** bandit UCB candidates:List((1.8295516234491764,2))
[INFO] *** bandit UCB chosen candidate's index:2
[INFO] *** bandit UCB candidates:List((1.6786519770247401,2), (1.6786519770247401,3))
[INFO] *** bandit UCB chosen candidate's index:2
      99  2a290d33cc03f82, 42 tests failed.
[INFO] *** bandit UCB candidates:List((0.9062318666063287,0))
[INFO] *** bandit UCB chosen candidate's index:0
[INFO] *** bandit UCB candidates:List((1.828134871536313,2))
[INFO] *** bandit UCB chosen candidate's index:2
[INFO] *** bandit UCB candidates:List((1.6797498661856904,3))
[INFO] *** bandit UCB chosen candidate's index:3
     100 51b2192d1171a160, 42 tests failed.
[INFO] *** bandit UCB candidates:List((0.9050143293864621,0))
[INFO] *** bandit UCB chosen candidate's index:0
[INFO] *** bandit UCB candidates:List((1.8267386916458996,2))
[INFO] *** bandit UCB chosen candidate's index:2
[INFO] *** bandit UCB candidates:List((1.6764652319235898,1))
[INFO] *** bandit UCB chosen candidate's index:1
[INFO] *** bandit UCB candidates:List((1.4413575481023675,2))
[INFO] *** bandit UCB chosen candidate's index:2
[INFO] *** bandit UCB candidates:List((1.4398722859466737,2))
[INFO] *** bandit UCB chosen candidate's index:2
[INFO] *** bandit UCB candidates:List((1.4384072368538205,2))
[INFO] *** bandit UCB chosen candidate's index:2
[INFO] 23 main paths executed.
[INFO] the shortest path has 2 transitions.
[INFO] the longest path has 8 transitions.
[INFO] path length results: Map(8 -> 1, 2 -> 2, 5 -> 4, 4 -> 4, 7 -> 4, 3 -> 2, 6 -> 6)
[INFO] the average length of paths is: 5.130434782608695
[INFO] the standard deviation for the length of paths is: 1.623317800225606
[INFO] the total number of nodes in path-based graph:66
[INFO] the total number of choice nodes in path-based graph: 0
[INFO] the total number of edges in path-based graph: 118
[INFO] the total number of non choice related edges in path-based graph: 118
[INFO] the total number of backtracked edges in path-based graph: 17
[INFO] the total number of failed edges in path-based graph: 6
[INFO] the total number of choice related edges in path-based graph: 0
[INFO] the total number of cycles in path-based graph: 30
[INFO] ---------------------- table data of PG -----------------------
Nodes & Edges & failEdges & Cycles & LIP & LP & SP & AVE & SD
66  & 118   & 6         & 30    & 23   & 8 & 2  & 5.130434782608695 & 1.623317800225606
--------------------------------------------------------------
[INFO] the total number of choice nodes in state-based graph: 0
[INFO] the total number of edges in state-based graph: 20
[INFO] the total number of non choice related edges in state-based graph: 19
[INFO] the total number of backtracked edges in state-based graph: 2
[INFO] the total number of failed edges in state-based graph: 1
[INFO] the total number of choice related edges in state-based graph: 0
[INFO] the total number of Jumped dotted edges in state-based graph: 1
[INFO] the total number of cycles in state-based graph: 6
[INFO] ---------------------- table data of SG -----------------------
Edges & failEdges & Cycles
20    & 1         & 6
--------------------------------------------------------------
[INFO] 100 tests executed, 57 ok, 43 failed.
[INFO] One type of test failure:
[INFO] 1) java.lang.AssertionError: assertion failed at readFrom
[INFO]    a410ce32fc39dfb 1690fa4e0c732f7d 7bb4b043219b1ba6 66809a782bf43de4 7d3db60a36899abc 66b0c7572a7ff949 28d961ca0ac12e82 764cc9831b53a60a 44907dab3e7f0a55 46e3ffb302d6b70f 903dd74e32475186 de8785f38307c43 6685050840640de1 2d6f6cd03d01cb4 4c7f1e112f7be0ec 10f631783dc7013b 1be7db2e0056c237 816d9a4b1fa53eb1 5709fa3011381cf5 3f1b50c735ccd873 2d9150ba3b734bbc 28d1f1a7209cde8a 885136503d1f67bc 1ea3cf211c7e0fdf 74d7a32c045c0c2e 8899551c24d493b7 3003311528925804 1bb021a0182cc1d2 12f7e650353c15cc 20e695942a96012a 46d186dd4125cca4 4c13e77638350c65 82919b790367b5c5 57b4573231ecaef7 31303b36300e691c 2166da561cdeb0ce 23f089ed2556055e 4dce0625017986b6 377a2fb24ffde59 5bf00c6a3d11f6cf 701136a43c9f7c1 af39d7b440c7619 51b2192d1171a160
[INFO] 6 states covered (100 % out of 6),
[INFO] 16 transitions covered (80 % out of 20).
[INFO] Precondition 1 always passed at transition modbat/examples/NioSocket1.scala:93 finishConnect
[INFO] Precondition 1 always passed at transition modbat/examples/NioSocket1.scala:97 sleep
[INFO] Random seed for next test would be: e33f5272c52bf71
