       1 3ba471c1785a0175
[FINE] Launching new model instance modbat.examples.NioSocket1-1...
[FINE] modbat.examples.NioSocket1-1: Executing transition reset => open...
[FINE] modbat.examples.NioSocket1-1: Executing transition open => closed...
[FINE] modbat.examples.NioSocket1-1: Executing transition closed => closed...
[FINE] modbat.examples.NioSocket1-1: Executing transition closed => closed...
[FINE] modbat.examples.NioSocket1-1: Executing transition closed => closed...
[FINE] modbat.examples.NioSocket1-1: Executing transition closed => closed...
[FINE] modbat.examples.NioSocket1-1: Executing transition closed => closed...
[FINE] modbat.examples.NioSocket1-1: Executing transition closed => closed...
[FINE] modbat.examples.NioSocket1-1: Executing transition closed => closed...
[FINE] modbat.examples.NioSocket1-1: Executing transition closed => err...
[FINE] java.nio.channels.ClosedChannelException generated as expected.
       2 402b73cd0066eaea
[FINE] Launching new model instance modbat.examples.NioSocket1-1...
[FINE] modbat.examples.NioSocket1-1: Executing transition reset => open...
[FINE] modbat.examples.NioSocket1-1: Executing transition open => maybeconnected...
[FINE] Precondition violated, backtracking to open.
[FINE] modbat.examples.NioSocket1-1: Executing transition open => err (1)...
[FINE] java.nio.channels.NoConnectionPendingException generated as expected.
       3 41530f4040856586
[FINE] Launching new model instance modbat.examples.NioSocket1-1...
[FINE] modbat.examples.NioSocket1-1: Executing transition reset => open...
[FINE] modbat.examples.NioSocket1-1: Executing transition open => maybeconnected...
[FINE] Precondition violated, backtracking to open.
[FINE] modbat.examples.NioSocket1-1: Executing transition open => err (1)...
[FINE] java.nio.channels.NoConnectionPendingException generated as expected.
       4  89a82931be29e65
[FINE] Launching new model instance modbat.examples.NioSocket1-1...
[FINE] modbat.examples.NioSocket1-1: Executing transition reset => open...
[FINE] modbat.examples.NioSocket1-1: Executing transition open => maybeconnected...
[FINE] Precondition violated, backtracking to open.
[FINE] modbat.examples.NioSocket1-1: Executing transition open => err (1)...
[FINE] java.nio.channels.NoConnectionPendingException generated as expected.
       5 49a846e52b813972
[FINE] Launching new model instance modbat.examples.NioSocket1-1...
[FINE] modbat.examples.NioSocket1-1: Executing transition reset => open...
[FINE] modbat.examples.NioSocket1-1: Executing transition open => connected...
[FINE] modbat.examples.NioSocket1-1: Executing transition connected => connected (1)...
[FINE] modbat.examples.NioSocket1-1: Executing transition connected => connected (1)...
[FINE] modbat.examples.NioSocket1-1: Executing transition connected => connected (1)...
[FINE] modbat.examples.NioSocket1-1: Executing transition connected => connected (1)...
[FINE] modbat.examples.NioSocket1-1: Executing transition connected => err...
[FINE] java.nio.channels.AlreadyConnectedException generated as expected.
       6 27fe2d950fc74b21
[FINE] Launching new model instance modbat.examples.NioSocket1-1...
[FINE] modbat.examples.NioSocket1-1: Executing transition reset => open...
[FINE] modbat.examples.NioSocket1-1: Executing transition open => maybeconnected...
[FINE] Precondition violated, backtracking to open.
[FINE] modbat.examples.NioSocket1-1: Executing transition open => connected...
[FINE] modbat.examples.NioSocket1-1: Executing transition connected => connected (1)...
[FINE] modbat.examples.NioSocket1-1: Executing transition connected => err...
[FINE] java.nio.channels.AlreadyConnectedException generated as expected.
       7 19b6aa1b14a29017
[FINE] Launching new model instance modbat.examples.NioSocket1-1...
[FINE] modbat.examples.NioSocket1-1: Executing transition reset => open...
[FINE] modbat.examples.NioSocket1-1: Executing transition open => maybeconnected...
[FINE] Precondition violated, backtracking to open.
[FINE] modbat.examples.NioSocket1-1: Executing transition open => err (1)...
[FINE] java.nio.channels.NoConnectionPendingException generated as expected.
       8 5ff50ec9279365d2
[FINE] Launching new model instance modbat.examples.NioSocket1-1...
[FINE] modbat.examples.NioSocket1-1: Executing transition reset => open...
[FINE] modbat.examples.NioSocket1-1: Executing transition open => maybeconnected...
[FINE] Precondition violated, backtracking to open.
[FINE] modbat.examples.NioSocket1-1: Executing transition open => connected...
[FINE] modbat.examples.NioSocket1-1: Executing transition connected => err...
[FINE] java.nio.channels.AlreadyConnectedException generated as expected.
       9  85780661bf76533
[FINE] Launching new model instance modbat.examples.NioSocket1-1...
[FINE] modbat.examples.NioSocket1-1: Executing transition reset => open...
[FINE] modbat.examples.NioSocket1-1: Executing transition open => maybeconnected...
[FINE] Precondition violated, backtracking to open.
[FINE] modbat.examples.NioSocket1-1: Executing transition open => err (1)...
[FINE] java.nio.channels.NoConnectionPendingException generated as expected.
      10 486e122d1bcbade7
[FINE] Launching new model instance modbat.examples.NioSocket1-1...
[FINE] modbat.examples.NioSocket1-1: Executing transition reset => open...
[FINE] modbat.examples.NioSocket1-1: Executing transition open => open...
[FINE] modbat.examples.NioSocket1-1: Executing transition open => err (1)...
[FINE] java.nio.channels.NoConnectionPendingException generated as expected.
      11  a410ce32fc39dfb
[FINE] Launching new model instance modbat.examples.NioSocket1-1...
[FINE] modbat.examples.NioSocket1-1: Executing transition reset => open...
[FINE] modbat.examples.NioSocket1-1: Executing transition open => maybeconnected...
[FINE] Precondition violated, backtracking to open.
[FINE] modbat.examples.NioSocket1-1: Executing transition open => connected...
[FINE] modbat.examples.NioSocket1-1: Executing transition connected => connected (1)...
[FINE] modbat.examples.NioSocket1-1: Executing transition connected => err...
[FINE] java.nio.channels.AlreadyConnectedException generated as expected.
      12  745035c2b643033
[FINE] Launching new model instance modbat.examples.NioSocket1-1...
[FINE] modbat.examples.NioSocket1-1: Executing transition reset => open...
[FINE] modbat.examples.NioSocket1-1: Executing transition open => err (1)...
[FINE] java.nio.channels.NoConnectionPendingException generated as expected.
      13  1e528010d3d2d54
[FINE] Launching new model instance modbat.examples.NioSocket1-1...
[FINE] modbat.examples.NioSocket1-1: Executing transition reset => open...
[FINE] modbat.examples.NioSocket1-1: Executing transition open => maybeconnected...
[FINE] Precondition violated, backtracking to open.
[FINE] modbat.examples.NioSocket1-1: Executing transition open => err (1)...
[FINE] java.nio.channels.NoConnectionPendingException generated as expected.
      14 1690fa4e0c732f7d
[FINE] Launching new model instance modbat.examples.NioSocket1-1...
[FINE] modbat.examples.NioSocket1-1: Executing transition reset => open...
[FINE] modbat.examples.NioSocket1-1: Executing transition open => open...
[FINE] modbat.examples.NioSocket1-1: Executing transition open => err (1)...
[FINE] java.nio.channels.NoConnectionPendingException generated as expected.
      15 8d32a08e0d0b1183
[FINE] Launching new model instance modbat.examples.NioSocket1-1...
[FINE] modbat.examples.NioSocket1-1: Executing transition reset => open...
[FINE] modbat.examples.NioSocket1-1: Executing transition open => connected...
[FINE] modbat.examples.NioSocket1-1: Executing transition connected => closed...
[FINE] modbat.examples.NioSocket1-1: Executing transition closed => err...
[FINE] java.nio.channels.ClosedChannelException generated as expected.
      16 5a92477004cf57fb
[FINE] Launching new model instance modbat.examples.NioSocket1-1...
[FINE] modbat.examples.NioSocket1-1: Executing transition reset => open...
[FINE] modbat.examples.NioSocket1-1: Executing transition open => err (1)...
[FINE] java.nio.channels.NoConnectionPendingException generated as expected.
      17 284ca782182a253f
[FINE] Launching new model instance modbat.examples.NioSocket1-1...
[FINE] modbat.examples.NioSocket1-1: Executing transition reset => open...
[FINE] modbat.examples.NioSocket1-1: Executing transition open => closed...
[FINE] modbat.examples.NioSocket1-1: Executing transition closed => err...
[FINE] java.nio.channels.ClosedChannelException generated as expected.
      18 5e7dfc9e0a3af5da
[FINE] Launching new model instance modbat.examples.NioSocket1-1...
[FINE] modbat.examples.NioSocket1-1: Executing transition reset => open...
[FINE] modbat.examples.NioSocket1-1: Executing transition open => err (1)...
[FINE] java.nio.channels.NoConnectionPendingException generated as expected.
      19 8e80db4b43867a5a
[FINE] Launching new model instance modbat.examples.NioSocket1-1...
[FINE] modbat.examples.NioSocket1-1: Executing transition reset => open...
[FINE] modbat.examples.NioSocket1-1: Executing transition open => err (1)...
[FINE] java.nio.channels.NoConnectionPendingException generated as expected.
      20 7bb4b043219b1ba6
[FINE] Launching new model instance modbat.examples.NioSocket1-1...
[FINE] modbat.examples.NioSocket1-1: Executing transition reset => open...
[FINE] modbat.examples.NioSocket1-1: Executing transition open => err (1)...
[FINE] java.nio.channels.NoConnectionPendingException generated as expected.
      21 636e772f0798297b
[FINE] Launching new model instance modbat.examples.NioSocket1-1...
[FINE] modbat.examples.NioSocket1-1: Executing transition reset => open...
[FINE] modbat.examples.NioSocket1-1: Executing transition open => open...
[FINE] modbat.examples.NioSocket1-1: Executing transition open => err (1)...
[FINE] java.nio.channels.NoConnectionPendingException generated as expected.
      22 433bb5b50b64a008
[FINE] Launching new model instance modbat.examples.NioSocket1-1...
[FINE] modbat.examples.NioSocket1-1: Executing transition reset => open...
[FINE] modbat.examples.NioSocket1-1: Executing transition open => open...
[FINE] modbat.examples.NioSocket1-1: Executing transition open => open...
[FINE] modbat.examples.NioSocket1-1: Executing transition open => closed...
[FINE] modbat.examples.NioSocket1-1: Executing transition closed => err...
[FINE] java.nio.channels.ClosedChannelException generated as expected.
      23 66809a782bf43de4
[FINE] Launching new model instance modbat.examples.NioSocket1-1...
[FINE] modbat.examples.NioSocket1-1: Executing transition reset => open...
[FINE] modbat.examples.NioSocket1-1: Executing transition open => err (1)...
[FINE] java.nio.channels.NoConnectionPendingException generated as expected.
      24 572341b810ffdb34
[FINE] Launching new model instance modbat.examples.NioSocket1-1...
[FINE] modbat.examples.NioSocket1-1: Executing transition reset => open...
[FINE] modbat.examples.NioSocket1-1: Executing transition open => open...
[FINE] modbat.examples.NioSocket1-1: Executing transition open => closed...
[FINE] modbat.examples.NioSocket1-1: Executing transition closed => err...
[FINE] java.nio.channels.ClosedChannelException generated as expected.
      25 2512cb9b3c34c93f
[FINE] Launching new model instance modbat.examples.NioSocket1-1...
[FINE] modbat.examples.NioSocket1-1: Executing transition reset => open...
[FINE] modbat.examples.NioSocket1-1: Executing transition open => closed...
[FINE] modbat.examples.NioSocket1-1: Executing transition closed => err...
[FINE] java.nio.channels.ClosedChannelException generated as expected.
      26 72dad7a5374659e4
[FINE] Launching new model instance modbat.examples.NioSocket1-1...
[FINE] modbat.examples.NioSocket1-1: Executing transition reset => open...
[FINE] modbat.examples.NioSocket1-1: Executing transition open => closed...
[FINE] modbat.examples.NioSocket1-1: Executing transition closed => err...
[FINE] java.nio.channels.ClosedChannelException generated as expected.
      27 79a5b58718b0a686
[FINE] Launching new model instance modbat.examples.NioSocket1-1...
[FINE] modbat.examples.NioSocket1-1: Executing transition reset => open...
[FINE] modbat.examples.NioSocket1-1: Executing transition open => err (2)...
[FINE] java.nio.channels.NotYetConnectedException generated as expected.
      28 6666de042dbcc690
[FINE] Launching new model instance modbat.examples.NioSocket1-1...
[FINE] modbat.examples.NioSocket1-1: Executing transition reset => open...
[FINE] modbat.examples.NioSocket1-1: Executing transition open => err (1)...
[FINE] java.nio.channels.NoConnectionPendingException generated as expected.
      29 7d3db60a36899abc
[FINE] Launching new model instance modbat.examples.NioSocket1-1...
[FINE] modbat.examples.NioSocket1-1: Executing transition reset => open...
[FINE] modbat.examples.NioSocket1-1: Executing transition open => closed...
[FINE] modbat.examples.NioSocket1-1: Executing transition closed => closed...
[FINE] modbat.examples.NioSocket1-1: Executing transition closed => err...
[FINE] java.nio.channels.ClosedChannelException generated as expected.
      30 66b0c7572a7ff949
[FINE] Launching new model instance modbat.examples.NioSocket1-1...
[FINE] modbat.examples.NioSocket1-1: Executing transition reset => open...
[FINE] modbat.examples.NioSocket1-1: Executing transition open => closed...
[FINE] modbat.examples.NioSocket1-1: Executing transition closed => err...
[FINE] java.nio.channels.ClosedChannelException generated as expected.
      31 7073195f4478074f
[FINE] Launching new model instance modbat.examples.NioSocket1-1...
[FINE] modbat.examples.NioSocket1-1: Executing transition reset => open...
[FINE] modbat.examples.NioSocket1-1: Executing transition open => maybeconnected...
[FINE] Precondition violated, backtracking to open.
[FINE] modbat.examples.NioSocket1-1: Executing transition open => err (1)...
[FINE] java.nio.channels.NoConnectionPendingException generated as expected.
      32  e50486a02022728
[FINE] Launching new model instance modbat.examples.NioSocket1-1...
[FINE] modbat.examples.NioSocket1-1: Executing transition reset => open...
[FINE] modbat.examples.NioSocket1-1: Executing transition open => closed...
[FINE] modbat.examples.NioSocket1-1: Executing transition closed => err...
[FINE] java.nio.channels.ClosedChannelException generated as expected.
      33 28d961ca0ac12e82
[FINE] Launching new model instance modbat.examples.NioSocket1-1...
[FINE] modbat.examples.NioSocket1-1: Executing transition reset => open...
[FINE] modbat.examples.NioSocket1-1: Executing transition open => err (2)...
[FINE] java.nio.channels.NotYetConnectedException generated as expected.
      34 3729e4b30cc61f61
[FINE] Launching new model instance modbat.examples.NioSocket1-1...
[FINE] modbat.examples.NioSocket1-1: Executing transition reset => open...
[FINE] modbat.examples.NioSocket1-1: Executing transition open => closed...
[FINE] modbat.examples.NioSocket1-1: Executing transition closed => closed...
[FINE] modbat.examples.NioSocket1-1: Executing transition closed => closed...
[FINE] modbat.examples.NioSocket1-1: Executing transition closed => closed...
[FINE] modbat.examples.NioSocket1-1: Executing transition closed => err...
[FINE] java.nio.channels.ClosedChannelException generated as expected.
      35 8102b494089e6116
[FINE] Launching new model instance modbat.examples.NioSocket1-1...
[FINE] modbat.examples.NioSocket1-1: Executing transition reset => open...
[FINE] modbat.examples.NioSocket1-1: Executing transition open => maybeconnected...
[FINE] Precondition violated, backtracking to open.
[FINE] modbat.examples.NioSocket1-1: Executing transition open => connected...
[FINE] modbat.examples.NioSocket1-1: Executing transition connected => err...
[FINE] java.nio.channels.AlreadyConnectedException generated as expected.
      36 65ddd1b61aaa637e
[FINE] Launching new model instance modbat.examples.NioSocket1-1...
[FINE] modbat.examples.NioSocket1-1: Executing transition reset => open...
[FINE] modbat.examples.NioSocket1-1: Executing transition open => maybeconnected...
[FINE] Precondition violated, backtracking to open.
[FINE] modbat.examples.NioSocket1-1: Executing transition open => err (1)...
[FINE] java.nio.channels.NoConnectionPendingException generated as expected.
      37 764cc9831b53a60a
[FINE] Launching new model instance modbat.examples.NioSocket1-1...
[FINE] modbat.examples.NioSocket1-1: Executing transition reset => open...
[FINE] modbat.examples.NioSocket1-1: Executing transition open => open...
[FINE] modbat.examples.NioSocket1-1: Executing transition open => err (2)...
[FINE] java.nio.channels.NotYetConnectedException generated as expected.
      38 71accd072d9aba73
[FINE] Launching new model instance modbat.examples.NioSocket1-1...
[FINE] modbat.examples.NioSocket1-1: Executing transition reset => open...
[FINE] modbat.examples.NioSocket1-1: Executing transition open => open...
[FINE] modbat.examples.NioSocket1-1: Executing transition open => maybeconnected...
[FINE] modbat.examples.NioSocket1-1: Executing transition maybeconnected => closed...
[FINE] modbat.examples.NioSocket1-1: Executing transition closed => err...
[FINE] java.nio.channels.ClosedChannelException generated as expected.
      39 73a8798b3335e38a
[FINE] Launching new model instance modbat.examples.NioSocket1-1...
[FINE] modbat.examples.NioSocket1-1: Executing transition reset => open...
[FINE] modbat.examples.NioSocket1-1: Executing transition open => err (2)...
[FINE] java.nio.channels.NotYetConnectedException generated as expected.
      40 44907dab3e7f0a55
[FINE] Launching new model instance modbat.examples.NioSocket1-1...
[FINE] modbat.examples.NioSocket1-1: Executing transition reset => open...
[FINE] modbat.examples.NioSocket1-1: Executing transition open => maybeconnected...
[FINE] Precondition violated, backtracking to open.
[FINE] modbat.examples.NioSocket1-1: Executing transition open => connected...
[FINE] modbat.examples.NioSocket1-1: Executing transition connected => closed...
[FINE] modbat.examples.NioSocket1-1: Executing transition closed => err...
[FINE] java.nio.channels.ClosedChannelException generated as expected.
      41 46e3ffb302d6b70f
[FINE] Launching new model instance modbat.examples.NioSocket1-1...
[FINE] modbat.examples.NioSocket1-1: Executing transition reset => open...
[FINE] modbat.examples.NioSocket1-1: Executing transition open => maybeconnected...
[FINE] Precondition violated, backtracking to open.
[FINE] modbat.examples.NioSocket1-1: Executing transition open => connected...
[FINE] modbat.examples.NioSocket1-1: Executing transition connected => closed...
[FINE] modbat.examples.NioSocket1-1: Executing transition closed => err...
[FINE] java.nio.channels.ClosedChannelException generated as expected.
      42 903dd74e32475186
[FINE] Launching new model instance modbat.examples.NioSocket1-1...
[FINE] modbat.examples.NioSocket1-1: Executing transition reset => open...
[FINE] modbat.examples.NioSocket1-1: Executing transition open => closed...
[FINE] modbat.examples.NioSocket1-1: Executing transition closed => err...
[FINE] java.nio.channels.ClosedChannelException generated as expected.
      43 7974bf3b16645027
[FINE] Launching new model instance modbat.examples.NioSocket1-1...
[FINE] modbat.examples.NioSocket1-1: Executing transition reset => open...
[FINE] modbat.examples.NioSocket1-1: Executing transition open => err (2)...
[FINE] java.nio.channels.NotYetConnectedException generated as expected.
      44 6be018a71603cc94
[FINE] Launching new model instance modbat.examples.NioSocket1-1...
[FINE] modbat.examples.NioSocket1-1: Executing transition reset => open...
[FINE] modbat.examples.NioSocket1-1: Executing transition open => err (2)...
[FINE] java.nio.channels.NotYetConnectedException generated as expected.
      45  de8785f38307c43
[FINE] Launching new model instance modbat.examples.NioSocket1-1...
[FINE] modbat.examples.NioSocket1-1: Executing transition reset => open...
[FINE] modbat.examples.NioSocket1-1: Executing transition open => err (1)...
[FINE] java.nio.channels.NoConnectionPendingException generated as expected.
      46 43e6dcdf22215f20
[FINE] Launching new model instance modbat.examples.NioSocket1-1...
[FINE] modbat.examples.NioSocket1-1: Executing transition reset => open...
[FINE] modbat.examples.NioSocket1-1: Executing transition open => closed...
[FINE] modbat.examples.NioSocket1-1: Executing transition closed => closed...
[FINE] modbat.examples.NioSocket1-1: Executing transition closed => err...
[FINE] java.nio.channels.ClosedChannelException generated as expected.
      47 7c984b5d1a209c21
[FINE] Launching new model instance modbat.examples.NioSocket1-1...
[FINE] modbat.examples.NioSocket1-1: Executing transition reset => open...
[FINE] modbat.examples.NioSocket1-1: Executing transition open => open...
[FINE] modbat.examples.NioSocket1-1: Executing transition open => err (1)...
[FINE] java.nio.channels.NoConnectionPendingException generated as expected.
      48 2a83b5bd2ae1ea70
[FINE] Launching new model instance modbat.examples.NioSocket1-1...
[FINE] modbat.examples.NioSocket1-1: Executing transition reset => open...
[FINE] modbat.examples.NioSocket1-1: Executing transition open => connected...
[FINE] modbat.examples.NioSocket1-1: Executing transition connected => closed...
[FINE] modbat.examples.NioSocket1-1: Executing transition closed => closed...
[FINE] modbat.examples.NioSocket1-1: Executing transition closed => closed...
[FINE] modbat.examples.NioSocket1-1: Executing transition closed => err...
[FINE] java.nio.channels.ClosedChannelException generated as expected.
      49 6685050840640de1
[FINE] Launching new model instance modbat.examples.NioSocket1-1...
[FINE] modbat.examples.NioSocket1-1: Executing transition reset => open...
[FINE] modbat.examples.NioSocket1-1: Executing transition open => err (1)...
[FINE] java.nio.channels.NoConnectionPendingException generated as expected.
      50  2d6f6cd03d01cb4
[FINE] Launching new model instance modbat.examples.NioSocket1-1...
[FINE] modbat.examples.NioSocket1-1: Executing transition reset => open...
[FINE] modbat.examples.NioSocket1-1: Executing transition open => closed...
[FINE] modbat.examples.NioSocket1-1: Executing transition closed => closed...
[FINE] modbat.examples.NioSocket1-1: Executing transition closed => closed...
[FINE] modbat.examples.NioSocket1-1: Executing transition closed => err...
[FINE] java.nio.channels.ClosedChannelException generated as expected.
      51 8b388ceb07e23410
[FINE] Launching new model instance modbat.examples.NioSocket1-1...
[FINE] modbat.examples.NioSocket1-1: Executing transition reset => open...
[FINE] modbat.examples.NioSocket1-1: Executing transition open => err (2)...
[FINE] java.nio.channels.NotYetConnectedException generated as expected.
      52 4f7e879b0e4cace2
[FINE] Launching new model instance modbat.examples.NioSocket1-1...
[FINE] modbat.examples.NioSocket1-1: Executing transition reset => open...
[FINE] modbat.examples.NioSocket1-1: Executing transition open => connected...
[FINE] modbat.examples.NioSocket1-1: Executing transition connected => connected (1)...
[FINE] modbat.examples.NioSocket1-1: Executing transition connected => closed...
[FINE] modbat.examples.NioSocket1-1: Executing transition closed => closed...
[FINE] modbat.examples.NioSocket1-1: Executing transition closed => closed...
[FINE] modbat.examples.NioSocket1-1: Executing transition closed => err...
[FINE] java.nio.channels.ClosedChannelException generated as expected.
      53 4c7f1e112f7be0ec
[FINE] Launching new model instance modbat.examples.NioSocket1-1...
[FINE] modbat.examples.NioSocket1-1: Executing transition reset => open...
[FINE] modbat.examples.NioSocket1-1: Executing transition open => connected...
[FINE] modbat.examples.NioSocket1-1: Executing transition connected => err...
[FINE] java.nio.channels.AlreadyConnectedException generated as expected.
      54 10f631783dc7013b
[FINE] Launching new model instance modbat.examples.NioSocket1-1...
[FINE] modbat.examples.NioSocket1-1: Executing transition reset => open...
[FINE] modbat.examples.NioSocket1-1: Executing transition open => maybeconnected...
[FINE] Precondition violated, backtracking to open.
[FINE] modbat.examples.NioSocket1-1: Executing transition open => err (1)...
[FINE] java.nio.channels.NoConnectionPendingException generated as expected.
      55 1be7db2e0056c237
[FINE] Launching new model instance modbat.examples.NioSocket1-1...
[FINE] modbat.examples.NioSocket1-1: Executing transition reset => open...
[FINE] modbat.examples.NioSocket1-1: Executing transition open => open...
[FINE] modbat.examples.NioSocket1-1: Executing transition open => open...
[FINE] modbat.examples.NioSocket1-1: Executing transition open => open...
[FINE] modbat.examples.NioSocket1-1: Executing transition open => closed...
[FINE] modbat.examples.NioSocket1-1: Executing transition closed => closed...
[FINE] modbat.examples.NioSocket1-1: Executing transition closed => err...
[FINE] java.nio.channels.ClosedChannelException generated as expected.
      56 7ba3e1c53557bb86
[FINE] Launching new model instance modbat.examples.NioSocket1-1...
[FINE] modbat.examples.NioSocket1-1: Executing transition reset => open...
[FINE] modbat.examples.NioSocket1-1: Executing transition open => closed...
[FINE] modbat.examples.NioSocket1-1: Executing transition closed => closed...
[FINE] modbat.examples.NioSocket1-1: Executing transition closed => closed...
[FINE] modbat.examples.NioSocket1-1: Executing transition closed => err...
[FINE] java.nio.channels.ClosedChannelException generated as expected.
      57 7f5be57033817337
[FINE] Launching new model instance modbat.examples.NioSocket1-1...
[FINE] modbat.examples.NioSocket1-1: Executing transition reset => open...
[FINE] modbat.examples.NioSocket1-1: Executing transition open => open...
[FINE] modbat.examples.NioSocket1-1: Executing transition open => open...
[FINE] modbat.examples.NioSocket1-1: Executing transition open => closed...
[FINE] modbat.examples.NioSocket1-1: Executing transition closed => closed...
[FINE] modbat.examples.NioSocket1-1: Executing transition closed => err...
[FINE] java.nio.channels.ClosedChannelException generated as expected.
      58 816d9a4b1fa53eb1
[FINE] Launching new model instance modbat.examples.NioSocket1-1...
[FINE] modbat.examples.NioSocket1-1: Executing transition reset => open...
[FINE] modbat.examples.NioSocket1-1: Executing transition open => open...
[FINE] modbat.examples.NioSocket1-1: Executing transition open => open...
[FINE] modbat.examples.NioSocket1-1: Executing transition open => err (2)...
[FINE] java.nio.channels.NotYetConnectedException generated as expected.
      59 5709fa3011381cf5
[FINE] Launching new model instance modbat.examples.NioSocket1-1...
[FINE] modbat.examples.NioSocket1-1: Executing transition reset => open...
[FINE] modbat.examples.NioSocket1-1: Executing transition open => open...
[FINE] modbat.examples.NioSocket1-1: Executing transition open => closed...
[FINE] modbat.examples.NioSocket1-1: Executing transition closed => closed...
[FINE] modbat.examples.NioSocket1-1: Executing transition closed => err...
[FINE] java.nio.channels.ClosedChannelException generated as expected.
      60 8d21f4b907f41bc8
[FINE] Launching new model instance modbat.examples.NioSocket1-1...
[FINE] modbat.examples.NioSocket1-1: Executing transition reset => open...
[FINE] modbat.examples.NioSocket1-1: Executing transition open => open...
[FINE] modbat.examples.NioSocket1-1: Executing transition open => err (2)...
[FINE] java.nio.channels.NotYetConnectedException generated as expected.
      61 8a0cfd0207a16674
[FINE] Launching new model instance modbat.examples.NioSocket1-1...
[FINE] modbat.examples.NioSocket1-1: Executing transition reset => open...
[FINE] modbat.examples.NioSocket1-1: Executing transition open => closed...
[FINE] modbat.examples.NioSocket1-1: Executing transition closed => closed...
[FINE] modbat.examples.NioSocket1-1: Executing transition closed => err...
[FINE] java.nio.channels.ClosedChannelException generated as expected.
      62 8eb96fde1c23c3e1
[FINE] Launching new model instance modbat.examples.NioSocket1-1...
[FINE] modbat.examples.NioSocket1-1: Executing transition reset => open...
[FINE] modbat.examples.NioSocket1-1: Executing transition open => err (2)...
[FINE] java.nio.channels.NotYetConnectedException generated as expected.
      63 3f1b50c735ccd873
[FINE] Launching new model instance modbat.examples.NioSocket1-1...
[FINE] modbat.examples.NioSocket1-1: Executing transition reset => open...
[FINE] modbat.examples.NioSocket1-1: Executing transition open => open...
[FINE] modbat.examples.NioSocket1-1: Executing transition open => closed...
[FINE] modbat.examples.NioSocket1-1: Executing transition closed => closed...
[FINE] modbat.examples.NioSocket1-1: Executing transition closed => err...
[FINE] java.nio.channels.ClosedChannelException generated as expected.
      64 2d9150ba3b734bbc
[FINE] Launching new model instance modbat.examples.NioSocket1-1...
[FINE] modbat.examples.NioSocket1-1: Executing transition reset => open...
[FINE] modbat.examples.NioSocket1-1: Executing transition open => closed...
[FINE] modbat.examples.NioSocket1-1: Executing transition closed => closed...
[FINE] modbat.examples.NioSocket1-1: Executing transition closed => closed...
[FINE] modbat.examples.NioSocket1-1: Executing transition closed => err...
[FINE] java.nio.channels.ClosedChannelException generated as expected.
      65 2d89e9db14cd4e33
[FINE] Launching new model instance modbat.examples.NioSocket1-1...
[FINE] modbat.examples.NioSocket1-1: Executing transition reset => open...
[FINE] modbat.examples.NioSocket1-1: Executing transition open => closed...
[FINE] modbat.examples.NioSocket1-1: Executing transition closed => closed...
[FINE] modbat.examples.NioSocket1-1: Executing transition closed => err...
[FINE] java.nio.channels.ClosedChannelException generated as expected.
      66 83eb485c157a76bd
[FINE] Launching new model instance modbat.examples.NioSocket1-1...
[FINE] modbat.examples.NioSocket1-1: Executing transition reset => open...
[FINE] modbat.examples.NioSocket1-1: Executing transition open => connected...
[FINE] modbat.examples.NioSocket1-1: Executing transition connected => err...
[FINE] java.nio.channels.AlreadyConnectedException generated as expected.
      67 28d1f1a7209cde8a
[FINE] Launching new model instance modbat.examples.NioSocket1-1...
[FINE] modbat.examples.NioSocket1-1: Executing transition reset => open...
[FINE] modbat.examples.NioSocket1-1: Executing transition open => connected...
[FINE] modbat.examples.NioSocket1-1: Executing transition connected => closed...
[FINE] modbat.examples.NioSocket1-1: Executing transition closed => closed...
[FINE] modbat.examples.NioSocket1-1: Executing transition closed => closed...
[FINE] modbat.examples.NioSocket1-1: Executing transition closed => err...
[FINE] java.nio.channels.ClosedChannelException generated as expected.
      68 885136503d1f67bc
[FINE] Launching new model instance modbat.examples.NioSocket1-1...
[FINE] modbat.examples.NioSocket1-1: Executing transition reset => open...
[FINE] modbat.examples.NioSocket1-1: Executing transition open => open...
[FINE] modbat.examples.NioSocket1-1: Executing transition open => err (2)...
[FINE] java.nio.channels.NotYetConnectedException generated as expected.
      69 1ea3cf211c7e0fdf
[FINE] Launching new model instance modbat.examples.NioSocket1-1...
[FINE] modbat.examples.NioSocket1-1: Executing transition reset => open...
[FINE] modbat.examples.NioSocket1-1: Executing transition open => closed...
[FINE] modbat.examples.NioSocket1-1: Executing transition closed => closed...
[FINE] modbat.examples.NioSocket1-1: Executing transition closed => closed...
[FINE] modbat.examples.NioSocket1-1: Executing transition closed => err...
[FINE] java.nio.channels.ClosedChannelException generated as expected.
      70 74d7a32c045c0c2e
[FINE] Launching new model instance modbat.examples.NioSocket1-1...
[FINE] modbat.examples.NioSocket1-1: Executing transition reset => open...
[FINE] modbat.examples.NioSocket1-1: Executing transition open => err (2)...
[FINE] java.nio.channels.NotYetConnectedException generated as expected.
      71 5c0c21e3035866bc
[FINE] Launching new model instance modbat.examples.NioSocket1-1...
[FINE] modbat.examples.NioSocket1-1: Executing transition reset => open...
[FINE] modbat.examples.NioSocket1-1: Executing transition open => maybeconnected...
[FINE] Precondition violated, backtracking to open.
[FINE] modbat.examples.NioSocket1-1: Executing transition open => err (1)...
[FINE] java.nio.channels.NoConnectionPendingException generated as expected.
      72 131df2271c378618
[FINE] Launching new model instance modbat.examples.NioSocket1-1...
[FINE] modbat.examples.NioSocket1-1: Executing transition reset => open...
[FINE] modbat.examples.NioSocket1-1: Executing transition open => connected...
[FINE] modbat.examples.NioSocket1-1: Executing transition connected => connected (1)...
[FINE] modbat.examples.NioSocket1-1: Executing transition connected => connected (2)...
[FINE] modbat.examples.NioSocket1-1: Executing transition connected => closed...
[FINE] modbat.examples.NioSocket1-1: Executing transition closed => closed...
[FINE] modbat.examples.NioSocket1-1: Executing transition closed => closed...
[FINE] modbat.examples.NioSocket1-1: Executing transition closed => err...
[FINE] java.nio.channels.ClosedChannelException generated as expected.
      73 8899551c24d493b7
[FINE] Launching new model instance modbat.examples.NioSocket1-1...
[FINE] modbat.examples.NioSocket1-1: Executing transition reset => open...
[FINE] modbat.examples.NioSocket1-1: Executing transition open => open...
[FINE] modbat.examples.NioSocket1-1: Executing transition open => closed...
[FINE] modbat.examples.NioSocket1-1: Executing transition closed => closed...
[FINE] modbat.examples.NioSocket1-1: Executing transition closed => err...
[FINE] java.nio.channels.ClosedChannelException generated as expected.
      74 3003311528925804
[FINE] Launching new model instance modbat.examples.NioSocket1-1...
[FINE] modbat.examples.NioSocket1-1: Executing transition reset => open...
[FINE] modbat.examples.NioSocket1-1: Executing transition open => maybeconnected...
[FINE] Precondition violated, backtracking to open.
[FINE] modbat.examples.NioSocket1-1: Executing transition open => connected...
[FINE] modbat.examples.NioSocket1-1: Executing transition connected => connected (2)...
[FINE] modbat.examples.NioSocket1-1: Executing transition connected => closed...
[FINE] modbat.examples.NioSocket1-1: Executing transition closed => closed...
[FINE] modbat.examples.NioSocket1-1: Executing transition closed => closed...
[FINE] modbat.examples.NioSocket1-1: Executing transition closed => err...
[FINE] java.nio.channels.ClosedChannelException generated as expected.
      75 1bb021a0182cc1d2
[FINE] Launching new model instance modbat.examples.NioSocket1-1...
[FINE] modbat.examples.NioSocket1-1: Executing transition reset => open...
[FINE] modbat.examples.NioSocket1-1: Executing transition open => closed...
[FINE] modbat.examples.NioSocket1-1: Executing transition closed => closed...
[FINE] modbat.examples.NioSocket1-1: Executing transition closed => err...
[FINE] java.nio.channels.ClosedChannelException generated as expected.
      76 12f7e650353c15cc
[FINE] Launching new model instance modbat.examples.NioSocket1-1...
[FINE] modbat.examples.NioSocket1-1: Executing transition reset => open...
[FINE] modbat.examples.NioSocket1-1: Executing transition open => err (1)...
[FINE] java.nio.channels.NoConnectionPendingException generated as expected.
      77 81eb89c705fcccfc
[FINE] Launching new model instance modbat.examples.NioSocket1-1...
[FINE] modbat.examples.NioSocket1-1: Executing transition reset => open...
[FINE] modbat.examples.NioSocket1-1: Executing transition open => maybeconnected...
[FINE] Precondition violated, backtracking to open.
[FINE] modbat.examples.NioSocket1-1: Executing transition open => err (1)...
[FINE] java.nio.channels.NoConnectionPendingException generated as expected.
      78 4db8f48a384cfcbc
[FINE] Launching new model instance modbat.examples.NioSocket1-1...
[FINE] modbat.examples.NioSocket1-1: Executing transition reset => open...
[FINE] modbat.examples.NioSocket1-1: Executing transition open => closed...
[FINE] modbat.examples.NioSocket1-1: Executing transition closed => closed...
[FINE] modbat.examples.NioSocket1-1: Executing transition closed => closed...
[FINE] modbat.examples.NioSocket1-1: Executing transition closed => err...
[FINE] java.nio.channels.ClosedChannelException generated as expected.
      79 89f23a52456a9b0c
[FINE] Launching new model instance modbat.examples.NioSocket1-1...
[FINE] modbat.examples.NioSocket1-1: Executing transition reset => open...
[FINE] modbat.examples.NioSocket1-1: Executing transition open => err (1)...
[FINE] java.nio.channels.NoConnectionPendingException generated as expected.
      80 20e695942a96012a
[FINE] Launching new model instance modbat.examples.NioSocket1-1...
[FINE] modbat.examples.NioSocket1-1: Executing transition reset => open...
[FINE] modbat.examples.NioSocket1-1: Executing transition open => connected...
[FINE] modbat.examples.NioSocket1-1: Executing transition connected => err...
[FINE] java.nio.channels.AlreadyConnectedException generated as expected.
      81 5460ba9a005203b6
[FINE] Launching new model instance modbat.examples.NioSocket1-1...
[FINE] modbat.examples.NioSocket1-1: Executing transition reset => open...
[FINE] modbat.examples.NioSocket1-1: Executing transition open => connected...
[FINE] modbat.examples.NioSocket1-1: Executing transition connected => closed...
[FINE] modbat.examples.NioSocket1-1: Executing transition closed => closed...
[FINE] modbat.examples.NioSocket1-1: Executing transition closed => closed...
[FINE] modbat.examples.NioSocket1-1: Executing transition closed => err...
[FINE] java.nio.channels.ClosedChannelException generated as expected.
      82 69437d8a0104ed32
[FINE] Launching new model instance modbat.examples.NioSocket1-1...
[FINE] modbat.examples.NioSocket1-1: Executing transition reset => open...
[FINE] modbat.examples.NioSocket1-1: Executing transition open => open...
[FINE] modbat.examples.NioSocket1-1: Executing transition open => closed...
[FINE] modbat.examples.NioSocket1-1: Executing transition closed => err...
[FINE] java.nio.channels.ClosedChannelException generated as expected.
      83 46d186dd4125cca4
[FINE] Launching new model instance modbat.examples.NioSocket1-1...
[FINE] modbat.examples.NioSocket1-1: Executing transition reset => open...
[FINE] modbat.examples.NioSocket1-1: Executing transition open => closed...
[FINE] modbat.examples.NioSocket1-1: Executing transition closed => closed...
[FINE] modbat.examples.NioSocket1-1: Executing transition closed => closed...
[FINE] modbat.examples.NioSocket1-1: Executing transition closed => err...
[FINE] java.nio.channels.ClosedChannelException generated as expected.
      84 4c13e77638350c65
[FINE] Launching new model instance modbat.examples.NioSocket1-1...
[FINE] modbat.examples.NioSocket1-1: Executing transition reset => open...
[FINE] modbat.examples.NioSocket1-1: Executing transition open => closed...
[FINE] modbat.examples.NioSocket1-1: Executing transition closed => err...
[FINE] java.nio.channels.ClosedChannelException generated as expected.
      85 82919b790367b5c5
[FINE] Launching new model instance modbat.examples.NioSocket1-1...
[FINE] modbat.examples.NioSocket1-1: Executing transition reset => open...
[FINE] modbat.examples.NioSocket1-1: Executing transition open => maybeconnected...
[FINE] Precondition violated, backtracking to open.
[FINE] modbat.examples.NioSocket1-1: Executing transition open => err (1)...
[FINE] java.nio.channels.NoConnectionPendingException generated as expected.
      86 57b4573231ecaef7
[FINE] Launching new model instance modbat.examples.NioSocket1-1...
[FINE] modbat.examples.NioSocket1-1: Executing transition reset => open...
[FINE] modbat.examples.NioSocket1-1: Executing transition open => closed...
[FINE] modbat.examples.NioSocket1-1: Executing transition closed => closed...
[FINE] modbat.examples.NioSocket1-1: Executing transition closed => err...
[FINE] java.nio.channels.ClosedChannelException generated as expected.
      87 31303b36300e691c
[FINE] Launching new model instance modbat.examples.NioSocket1-1...
[FINE] modbat.examples.NioSocket1-1: Executing transition reset => open...
[FINE] modbat.examples.NioSocket1-1: Executing transition open => maybeconnected...
[FINE] Precondition violated, backtracking to open.
[FINE] modbat.examples.NioSocket1-1: Executing transition open => connected...
[FINE] modbat.examples.NioSocket1-1: Executing transition connected => connected (2)...
[FINE] modbat.examples.NioSocket1-1: Executing transition connected => connected (2)...
[FINE] modbat.examples.NioSocket1-1: Executing transition connected => closed...
[FINE] modbat.examples.NioSocket1-1: Executing transition closed => err...
[FINE] java.nio.channels.ClosedChannelException generated as expected.
      88 2166da561cdeb0ce
[FINE] Launching new model instance modbat.examples.NioSocket1-1...
[FINE] modbat.examples.NioSocket1-1: Executing transition reset => open...
[FINE] modbat.examples.NioSocket1-1: Executing transition open => open...
[FINE] modbat.examples.NioSocket1-1: Executing transition open => err (1)...
[FINE] java.nio.channels.NoConnectionPendingException generated as expected.
      89 7b2a0eac308fb13e
[FINE] Launching new model instance modbat.examples.NioSocket1-1...
[FINE] modbat.examples.NioSocket1-1: Executing transition reset => open...
[FINE] modbat.examples.NioSocket1-1: Executing transition open => err (1)...
[FINE] java.nio.channels.NoConnectionPendingException generated as expected.
      90  8473fb630ae87ef
[FINE] Launching new model instance modbat.examples.NioSocket1-1...
[FINE] modbat.examples.NioSocket1-1: Executing transition reset => open...
[FINE] modbat.examples.NioSocket1-1: Executing transition open => err (1)...
[FINE] java.nio.channels.NoConnectionPendingException generated as expected.
      91 23f089ed2556055e
[FINE] Launching new model instance modbat.examples.NioSocket1-1...
[FINE] modbat.examples.NioSocket1-1: Executing transition reset => open...
[FINE] modbat.examples.NioSocket1-1: Executing transition open => err (2)...
[FINE] java.nio.channels.NotYetConnectedException generated as expected.
      92 4dce0625017986b6
[FINE] Launching new model instance modbat.examples.NioSocket1-1...
[FINE] modbat.examples.NioSocket1-1: Executing transition reset => open...
[FINE] modbat.examples.NioSocket1-1: Executing transition open => err (2)...
[FINE] java.nio.channels.NotYetConnectedException generated as expected.
      93  377a2fb24ffde59
[FINE] Launching new model instance modbat.examples.NioSocket1-1...
[FINE] modbat.examples.NioSocket1-1: Executing transition reset => open...
[FINE] modbat.examples.NioSocket1-1: Executing transition open => closed...
[FINE] modbat.examples.NioSocket1-1: Executing transition closed => err...
[FINE] java.nio.channels.ClosedChannelException generated as expected.
      94 5bf00c6a3d11f6cf
[FINE] Launching new model instance modbat.examples.NioSocket1-1...
[FINE] modbat.examples.NioSocket1-1: Executing transition reset => open...
[FINE] modbat.examples.NioSocket1-1: Executing transition open => open...
[FINE] modbat.examples.NioSocket1-1: Executing transition open => connected...
[FINE] Precondition violated, backtracking to open.
[FINE] modbat.examples.NioSocket1-1: Executing transition open => maybeconnected...
[FINE] modbat.examples.NioSocket1-1: Executing transition maybeconnected => maybeconnected (2)...
[FINE] Next state predicate at modbat/examples/NioSocket1.scala holds, go to state connected.
[FINE] modbat.examples.NioSocket1-1: Executing transition connected => connected (1)...
[FINE] modbat.examples.NioSocket1-1: Executing transition connected => closed...
[FINE] modbat.examples.NioSocket1-1: Executing transition closed => closed...
[FINE] modbat.examples.NioSocket1-1: Executing transition closed => err...
[FINE] java.nio.channels.ClosedChannelException generated as expected.
      95  701136a43c9f7c1
[FINE] Launching new model instance modbat.examples.NioSocket1-1...
[FINE] modbat.examples.NioSocket1-1: Executing transition reset => open...
[FINE] modbat.examples.NioSocket1-1: Executing transition open => err (1)...
[FINE] java.nio.channels.NoConnectionPendingException generated as expected.
      96  af39d7b440c7619
[FINE] Launching new model instance modbat.examples.NioSocket1-1...
[FINE] modbat.examples.NioSocket1-1: Executing transition reset => open...
[FINE] modbat.examples.NioSocket1-1: Executing transition open => connected...
[FINE] modbat.examples.NioSocket1-1: Executing transition connected => connected (1)...
[FINE] modbat.examples.NioSocket1-1: Executing transition connected => err...
[FINE] java.nio.channels.AlreadyConnectedException generated as expected.
      97 58d5d266207001dc
[FINE] Launching new model instance modbat.examples.NioSocket1-1...
[FINE] modbat.examples.NioSocket1-1: Executing transition reset => open...
[FINE] modbat.examples.NioSocket1-1: Executing transition open => connected...
[FINE] modbat.examples.NioSocket1-1: Executing transition connected => err...
[FINE] java.nio.channels.AlreadyConnectedException generated as expected.
      98 76b004ab0082dd30
[FINE] Launching new model instance modbat.examples.NioSocket1-1...
[FINE] modbat.examples.NioSocket1-1: Executing transition reset => open...
[FINE] modbat.examples.NioSocket1-1: Executing transition open => maybeconnected...
[FINE] Precondition violated, backtracking to open.
[FINE] modbat.examples.NioSocket1-1: Executing transition open => err (1)...
[FINE] java.nio.channels.NoConnectionPendingException generated as expected.
      99  2a290d33cc03f82
[FINE] Launching new model instance modbat.examples.NioSocket1-1...
[FINE] modbat.examples.NioSocket1-1: Executing transition reset => open...
[FINE] modbat.examples.NioSocket1-1: Executing transition open => open...
[FINE] modbat.examples.NioSocket1-1: Executing transition open => maybeconnected...
[FINE] modbat.examples.NioSocket1-1: Executing transition maybeconnected => err (2)...
[FINE] java.nio.channels.NotYetConnectedException generated as expected.
     100 51b2192d1171a160
[FINE] Launching new model instance modbat.examples.NioSocket1-1...
[FINE] modbat.examples.NioSocket1-1: Executing transition reset => open...
[FINE] modbat.examples.NioSocket1-1: Executing transition open => connected...
[FINE] modbat.examples.NioSocket1-1: Executing transition connected => err...
[FINE] java.nio.channels.AlreadyConnectedException generated as expected.
[INFO] 100 tests executed, 100 ok, 0 failed.
[INFO] 6 states covered (100 % out of 6),
[INFO] 16 transitions covered (80 % out of 20).
[INFO] Precondition 1 always passed at transition modbat/examples/NioSocket1.scala:97 sleep
[INFO] Random seed for next test would be: e33f5272c52bf71
