       1 3ba471c1785a0175
       2 402b73cd0066eaea
       3 41530f4040856586
       4  89a82931be29e65
       5 49a846e52b813972
       6 27fe2d950fc74b21
       7 19b6aa1b14a29017
       8 5ff50ec9279365d2
       9  85780661bf76533
      10 486e122d1bcbade7
      11  a410ce32fc39dfb
      12  745035c2b643033
      13  1e528010d3d2d54
      14 1690fa4e0c732f7d
      15 8d32a08e0d0b1183
      16 5a92477004cf57fb
      17 284ca782182a253f
      18 5e7dfc9e0a3af5da
      19 8e80db4b43867a5a
      20 7bb4b043219b1ba6
[INFO] 9 main paths executed.
[INFO] the shortest path has 2 transitions.
[INFO] the longest path has 5 transitions.
[INFO] path length results: Map(2 -> 1, 5 -> 1, 4 -> 4, 3 -> 3)
[INFO] the average length of paths is: 3.5555555555555554
[INFO] the standard deviation for the length of paths is: 0.8314794192830981
[INFO] the total number of nodes in path-based graph:26
[INFO] the total number of choice nodes in path-based graph: 0
[INFO] the total number of edges in path-based graph: 32
[INFO] the total number of non choice related edges in path-based graph: 32
[INFO] the total number of backtracked edges in path-based graph: 3
[INFO] the total number of failed edges in path-based graph: 0
[INFO] the total number of choice related edges in path-based graph: 0
[INFO] the total number of cycles in path-based graph: 4
[INFO] ---------------------- table data of PG -----------------------
Name & Test Cases & Nodes & Choice Nodes & Edges & failEdges & Cycles & LIP & LP & SP & AVE & SD
modbat.examples.NioSocket1 & 20 & 26  & 0  & 32   & 0         & 4    & 9 & 5 & 2  & 3.5555555555555554 & 0.8314794192830981
--------------------------------------------------------------
[INFO] the total number of choice nodes in state-based graph: 0
[INFO] the total number of edges in state-based graph: 11
[INFO] the total number of non choice related edges in state-based graph: 11
[INFO] the total number of backtracked edges in state-based graph: 1
[INFO] the total number of failed edges in state-based graph: 0
[INFO] the total number of choice related edges in state-based graph: 0
[INFO] the total number of Jumped dotted edges in state-based graph: 0
[INFO] the total number of cycles in state-based graph: 3
[INFO] ---------------------- table data of SG -----------------------
Name & Test Cases & Choice Nodes & Edges & failEdges & Cycles
modbat.examples.NioSocket1 & 20 & 0 & 11 & 0 & 3
--------------------------------------------------------------
[INFO] 20 tests executed, 20 ok, 0 failed.
[INFO] 5 states covered (83 % out of 6),
[INFO] 10 transitions covered (50 % out of 20).
[INFO] Precondition 1 always passed at transition modbat/examples/NioSocket1.scala:84 connect
[INFO] Precondition 1 always failed at transition modbat/examples/NioSocket1.scala:88 connect
[INFO] Random seed for next test would be: 636e772f0798297b
