       1 3ba471c1785a0175
[FINE] Launching new model instance modbat.examples.NioSocket1-1...
[FINE] modbat.examples.NioSocket1-1: Executing transition reset => open...
[FINE] modbat.examples.NioSocket1-1: Executing transition open => closed...
[FINE] modbat.examples.NioSocket1-1: Executing transition closed => closed...
[FINE] modbat.examples.NioSocket1-1: Executing transition closed => closed...
[FINE] modbat.examples.NioSocket1-1: Executing transition closed => closed...
[FINE] modbat.examples.NioSocket1-1: Executing transition closed => closed...
[FINE] modbat.examples.NioSocket1-1: Executing transition closed => closed...
[FINE] modbat.examples.NioSocket1-1: Executing transition closed => closed...
[FINE] modbat.examples.NioSocket1-1: Executing transition closed => closed...
[FINE] modbat.examples.NioSocket1-1: Executing transition closed => err...
[FINE] java.nio.channels.ClosedChannelException generated as expected.
       2 402b73cd0066eaea
[FINE] Launching new model instance modbat.examples.NioSocket1-1...
[FINE] modbat.examples.NioSocket1-1: Executing transition reset => open...
[FINE] modbat.examples.NioSocket1-1: Executing transition open => maybeconnected...
[FINE] Precondition violated, backtracking to open.
[FINE] modbat.examples.NioSocket1-1: Executing transition open => err (1)...
[FINE] java.nio.channels.NoConnectionPendingException generated as expected.
       3 41530f4040856586
[FINE] Launching new model instance modbat.examples.NioSocket1-1...
[FINE] modbat.examples.NioSocket1-1: Executing transition reset => open...
[FINE] modbat.examples.NioSocket1-1: Executing transition open => maybeconnected...
[FINE] Precondition violated, backtracking to open.
[FINE] modbat.examples.NioSocket1-1: Executing transition open => err (1)...
[FINE] java.nio.channels.NoConnectionPendingException generated as expected.
       4  89a82931be29e65
[FINE] Launching new model instance modbat.examples.NioSocket1-1...
[FINE] modbat.examples.NioSocket1-1: Executing transition reset => open...
[FINE] modbat.examples.NioSocket1-1: Executing transition open => maybeconnected...
[FINE] Precondition violated, backtracking to open.
[FINE] modbat.examples.NioSocket1-1: Executing transition open => err (1)...
[FINE] java.nio.channels.NoConnectionPendingException generated as expected.
       5 49a846e52b813972
[FINE] Launching new model instance modbat.examples.NioSocket1-1...
[FINE] modbat.examples.NioSocket1-1: Executing transition reset => open...
[FINE] modbat.examples.NioSocket1-1: Executing transition open => connected...
[FINE] modbat.examples.NioSocket1-1: Executing transition connected => connected (1)...
[FINE] modbat.examples.NioSocket1-1: Executing transition connected => connected (1)...
[FINE] modbat.examples.NioSocket1-1: Executing transition connected => connected (1)...
[FINE] modbat.examples.NioSocket1-1: Executing transition connected => connected (1)...
[FINE] modbat.examples.NioSocket1-1: Executing transition connected => err...
[FINE] java.nio.channels.AlreadyConnectedException generated as expected.
       6 27fe2d950fc74b21
[FINE] Launching new model instance modbat.examples.NioSocket1-1...
[FINE] modbat.examples.NioSocket1-1: Executing transition reset => open...
[FINE] modbat.examples.NioSocket1-1: Executing transition open => maybeconnected...
[FINE] Precondition violated, backtracking to open.
[FINE] modbat.examples.NioSocket1-1: Executing transition open => connected...
[FINE] modbat.examples.NioSocket1-1: Executing transition connected => connected (1)...
[FINE] modbat.examples.NioSocket1-1: Executing transition connected => err...
[FINE] java.nio.channels.AlreadyConnectedException generated as expected.
       7 19b6aa1b14a29017
[FINE] Launching new model instance modbat.examples.NioSocket1-1...
[FINE] modbat.examples.NioSocket1-1: Executing transition reset => open...
[FINE] modbat.examples.NioSocket1-1: Executing transition open => maybeconnected...
[FINE] Precondition violated, backtracking to open.
[FINE] modbat.examples.NioSocket1-1: Executing transition open => err (1)...
[FINE] java.nio.channels.NoConnectionPendingException generated as expected.
       8 5ff50ec9279365d2
[FINE] Launching new model instance modbat.examples.NioSocket1-1...
[FINE] modbat.examples.NioSocket1-1: Executing transition reset => open...
[FINE] modbat.examples.NioSocket1-1: Executing transition open => maybeconnected...
[FINE] Precondition violated, backtracking to open.
[FINE] modbat.examples.NioSocket1-1: Executing transition open => connected...
[FINE] modbat.examples.NioSocket1-1: Executing transition connected => err...
[FINE] java.nio.channels.AlreadyConnectedException generated as expected.
       9  85780661bf76533
[FINE] Launching new model instance modbat.examples.NioSocket1-1...
[FINE] modbat.examples.NioSocket1-1: Executing transition reset => open...
[FINE] modbat.examples.NioSocket1-1: Executing transition open => maybeconnected...
[FINE] Precondition violated, backtracking to open.
[FINE] modbat.examples.NioSocket1-1: Executing transition open => err (1)...
[FINE] java.nio.channels.NoConnectionPendingException generated as expected.
      10 486e122d1bcbade7
[FINE] Launching new model instance modbat.examples.NioSocket1-1...
[FINE] modbat.examples.NioSocket1-1: Executing transition reset => open...
[FINE] modbat.examples.NioSocket1-1: Executing transition open => open...
[FINE] modbat.examples.NioSocket1-1: Executing transition open => err (1)...
[FINE] java.nio.channels.NoConnectionPendingException generated as expected.
      11  a410ce32fc39dfb
[FINE] Launching new model instance modbat.examples.NioSocket1-1...
[FINE] modbat.examples.NioSocket1-1: Executing transition reset => open...
[FINE] modbat.examples.NioSocket1-1: Executing transition open => maybeconnected...
[FINE] Precondition violated, backtracking to open.
[FINE] modbat.examples.NioSocket1-1: Executing transition open => connected...
[FINE] modbat.examples.NioSocket1-1: Executing transition connected => connected (1)...
[FINE] modbat.examples.NioSocket1-1: Executing transition connected => err...
[FINE] java.nio.channels.AlreadyConnectedException generated as expected.
      12  745035c2b643033
[FINE] Launching new model instance modbat.examples.NioSocket1-1...
[FINE] modbat.examples.NioSocket1-1: Executing transition reset => open...
[FINE] modbat.examples.NioSocket1-1: Executing transition open => err (1)...
[FINE] java.nio.channels.NoConnectionPendingException generated as expected.
      13  1e528010d3d2d54
[FINE] Launching new model instance modbat.examples.NioSocket1-1...
[FINE] modbat.examples.NioSocket1-1: Executing transition reset => open...
[FINE] modbat.examples.NioSocket1-1: Executing transition open => maybeconnected...
[FINE] Precondition violated, backtracking to open.
[FINE] modbat.examples.NioSocket1-1: Executing transition open => err (1)...
[FINE] java.nio.channels.NoConnectionPendingException generated as expected.
      14 1690fa4e0c732f7d
[FINE] Launching new model instance modbat.examples.NioSocket1-1...
[FINE] modbat.examples.NioSocket1-1: Executing transition reset => open...
[FINE] modbat.examples.NioSocket1-1: Executing transition open => open...
[FINE] modbat.examples.NioSocket1-1: Executing transition open => err (1)...
[FINE] java.nio.channels.NoConnectionPendingException generated as expected.
      15 8d32a08e0d0b1183
[FINE] Launching new model instance modbat.examples.NioSocket1-1...
[FINE] modbat.examples.NioSocket1-1: Executing transition reset => open...
[FINE] modbat.examples.NioSocket1-1: Executing transition open => connected...
[FINE] modbat.examples.NioSocket1-1: Executing transition connected => closed...
[FINE] modbat.examples.NioSocket1-1: Executing transition closed => err...
[FINE] java.nio.channels.ClosedChannelException generated as expected.
      16 5a92477004cf57fb
[FINE] Launching new model instance modbat.examples.NioSocket1-1...
[FINE] modbat.examples.NioSocket1-1: Executing transition reset => open...
[FINE] modbat.examples.NioSocket1-1: Executing transition open => err (1)...
[FINE] java.nio.channels.NoConnectionPendingException generated as expected.
      17 284ca782182a253f
[FINE] Launching new model instance modbat.examples.NioSocket1-1...
[FINE] modbat.examples.NioSocket1-1: Executing transition reset => open...
[FINE] modbat.examples.NioSocket1-1: Executing transition open => closed...
[FINE] modbat.examples.NioSocket1-1: Executing transition closed => err...
[FINE] java.nio.channels.ClosedChannelException generated as expected.
      18 5e7dfc9e0a3af5da
[FINE] Launching new model instance modbat.examples.NioSocket1-1...
[FINE] modbat.examples.NioSocket1-1: Executing transition reset => open...
[FINE] modbat.examples.NioSocket1-1: Executing transition open => err (1)...
[FINE] java.nio.channels.NoConnectionPendingException generated as expected.
      19 8e80db4b43867a5a
[FINE] Launching new model instance modbat.examples.NioSocket1-1...
[FINE] modbat.examples.NioSocket1-1: Executing transition reset => open...
[FINE] modbat.examples.NioSocket1-1: Executing transition open => err (1)...
[FINE] java.nio.channels.NoConnectionPendingException generated as expected.
      20 7bb4b043219b1ba6
[FINE] Launching new model instance modbat.examples.NioSocket1-1...
[FINE] modbat.examples.NioSocket1-1: Executing transition reset => open...
[FINE] modbat.examples.NioSocket1-1: Executing transition open => err (1)...
[FINE] java.nio.channels.NoConnectionPendingException generated as expected.
      21 636e772f0798297b
[FINE] Launching new model instance modbat.examples.NioSocket1-1...
[FINE] modbat.examples.NioSocket1-1: Executing transition reset => open...
[FINE] modbat.examples.NioSocket1-1: Executing transition open => open...
[FINE] modbat.examples.NioSocket1-1: Executing transition open => err (1)...
[FINE] java.nio.channels.NoConnectionPendingException generated as expected.
      22 433bb5b50b64a008
[FINE] Launching new model instance modbat.examples.NioSocket1-1...
[FINE] modbat.examples.NioSocket1-1: Executing transition reset => open...
[FINE] modbat.examples.NioSocket1-1: Executing transition open => open...
[FINE] modbat.examples.NioSocket1-1: Executing transition open => open...
[FINE] modbat.examples.NioSocket1-1: Executing transition open => closed...
[FINE] modbat.examples.NioSocket1-1: Executing transition closed => err...
[FINE] java.nio.channels.ClosedChannelException generated as expected.
      23 66809a782bf43de4
[FINE] Launching new model instance modbat.examples.NioSocket1-1...
[FINE] modbat.examples.NioSocket1-1: Executing transition reset => open...
[FINE] modbat.examples.NioSocket1-1: Executing transition open => err (1)...
[FINE] java.nio.channels.NoConnectionPendingException generated as expected.
      24 572341b810ffdb34
[FINE] Launching new model instance modbat.examples.NioSocket1-1...
[FINE] modbat.examples.NioSocket1-1: Executing transition reset => open...
[FINE] modbat.examples.NioSocket1-1: Executing transition open => open...
[FINE] modbat.examples.NioSocket1-1: Executing transition open => closed...
[FINE] modbat.examples.NioSocket1-1: Executing transition closed => err...
[FINE] java.nio.channels.ClosedChannelException generated as expected.
      25 2512cb9b3c34c93f
[FINE] Launching new model instance modbat.examples.NioSocket1-1...
[FINE] modbat.examples.NioSocket1-1: Executing transition reset => open...
[FINE] modbat.examples.NioSocket1-1: Executing transition open => closed...
[FINE] modbat.examples.NioSocket1-1: Executing transition closed => err...
[FINE] java.nio.channels.ClosedChannelException generated as expected.
      26 72dad7a5374659e4
[FINE] Launching new model instance modbat.examples.NioSocket1-1...
[FINE] modbat.examples.NioSocket1-1: Executing transition reset => open...
[FINE] modbat.examples.NioSocket1-1: Executing transition open => closed...
[FINE] modbat.examples.NioSocket1-1: Executing transition closed => err...
[FINE] java.nio.channels.ClosedChannelException generated as expected.
      27 79a5b58718b0a686
[FINE] Launching new model instance modbat.examples.NioSocket1-1...
[FINE] modbat.examples.NioSocket1-1: Executing transition reset => open...
[FINE] modbat.examples.NioSocket1-1: Executing transition open => err (2)...
[FINE] java.nio.channels.NotYetConnectedException generated as expected.
      28 6666de042dbcc690
[FINE] Launching new model instance modbat.examples.NioSocket1-1...
[FINE] modbat.examples.NioSocket1-1: Executing transition reset => open...
[FINE] modbat.examples.NioSocket1-1: Executing transition open => err (1)...
[FINE] java.nio.channels.NoConnectionPendingException generated as expected.
      29 7d3db60a36899abc
[FINE] Launching new model instance modbat.examples.NioSocket1-1...
[FINE] modbat.examples.NioSocket1-1: Executing transition reset => open...
[FINE] modbat.examples.NioSocket1-1: Executing transition open => closed...
[FINE] modbat.examples.NioSocket1-1: Executing transition closed => closed...
[FINE] modbat.examples.NioSocket1-1: Executing transition closed => err...
[FINE] java.nio.channels.ClosedChannelException generated as expected.
      30 66b0c7572a7ff949
[FINE] Launching new model instance modbat.examples.NioSocket1-1...
[FINE] modbat.examples.NioSocket1-1: Executing transition reset => open...
[FINE] modbat.examples.NioSocket1-1: Executing transition open => closed...
[FINE] modbat.examples.NioSocket1-1: Executing transition closed => err...
[FINE] java.nio.channels.ClosedChannelException generated as expected.
      31 7073195f4478074f
[FINE] Launching new model instance modbat.examples.NioSocket1-1...
[FINE] modbat.examples.NioSocket1-1: Executing transition reset => open...
[FINE] modbat.examples.NioSocket1-1: Executing transition open => maybeconnected...
[FINE] Precondition violated, backtracking to open.
[FINE] modbat.examples.NioSocket1-1: Executing transition open => err (1)...
[FINE] java.nio.channels.NoConnectionPendingException generated as expected.
      32  e50486a02022728
[FINE] Launching new model instance modbat.examples.NioSocket1-1...
[FINE] modbat.examples.NioSocket1-1: Executing transition reset => open...
[FINE] modbat.examples.NioSocket1-1: Executing transition open => closed...
[FINE] modbat.examples.NioSocket1-1: Executing transition closed => err...
[FINE] java.nio.channels.ClosedChannelException generated as expected.
      33 28d961ca0ac12e82
[FINE] Launching new model instance modbat.examples.NioSocket1-1...
[FINE] modbat.examples.NioSocket1-1: Executing transition reset => open...
[FINE] modbat.examples.NioSocket1-1: Executing transition open => err (2)...
[FINE] java.nio.channels.NotYetConnectedException generated as expected.
      34 3729e4b30cc61f61
[FINE] Launching new model instance modbat.examples.NioSocket1-1...
[FINE] modbat.examples.NioSocket1-1: Executing transition reset => open...
[FINE] modbat.examples.NioSocket1-1: Executing transition open => closed...
[FINE] modbat.examples.NioSocket1-1: Executing transition closed => closed...
[FINE] modbat.examples.NioSocket1-1: Executing transition closed => closed...
[FINE] modbat.examples.NioSocket1-1: Executing transition closed => closed...
[FINE] modbat.examples.NioSocket1-1: Executing transition closed => err...
[FINE] java.nio.channels.ClosedChannelException generated as expected.
      35 8102b494089e6116
[FINE] Launching new model instance modbat.examples.NioSocket1-1...
[FINE] modbat.examples.NioSocket1-1: Executing transition reset => open...
[FINE] modbat.examples.NioSocket1-1: Executing transition open => maybeconnected...
[FINE] Precondition violated, backtracking to open.
[FINE] modbat.examples.NioSocket1-1: Executing transition open => connected...
[FINE] modbat.examples.NioSocket1-1: Executing transition connected => err...
[FINE] java.nio.channels.AlreadyConnectedException generated as expected.
      36 65ddd1b61aaa637e
[FINE] Launching new model instance modbat.examples.NioSocket1-1...
[FINE] modbat.examples.NioSocket1-1: Executing transition reset => open...
[FINE] modbat.examples.NioSocket1-1: Executing transition open => maybeconnected...
[FINE] Precondition violated, backtracking to open.
[FINE] modbat.examples.NioSocket1-1: Executing transition open => err (1)...
[FINE] java.nio.channels.NoConnectionPendingException generated as expected.
      37 764cc9831b53a60a
[FINE] Launching new model instance modbat.examples.NioSocket1-1...
[FINE] modbat.examples.NioSocket1-1: Executing transition reset => open...
[FINE] modbat.examples.NioSocket1-1: Executing transition open => open...
[FINE] modbat.examples.NioSocket1-1: Executing transition open => err (2)...
[FINE] java.nio.channels.NotYetConnectedException generated as expected.
      38 71accd072d9aba73
[FINE] Launching new model instance modbat.examples.NioSocket1-1...
[FINE] modbat.examples.NioSocket1-1: Executing transition reset => open...
[FINE] modbat.examples.NioSocket1-1: Executing transition open => open...
[FINE] modbat.examples.NioSocket1-1: Executing transition open => maybeconnected...
[FINE] modbat.examples.NioSocket1-1: Executing transition maybeconnected => closed...
[FINE] modbat.examples.NioSocket1-1: Executing transition closed => err...
[FINE] java.nio.channels.ClosedChannelException generated as expected.
      39 73a8798b3335e38a
[FINE] Launching new model instance modbat.examples.NioSocket1-1...
[FINE] modbat.examples.NioSocket1-1: Executing transition reset => open...
[FINE] modbat.examples.NioSocket1-1: Executing transition open => err (2)...
[FINE] java.nio.channels.NotYetConnectedException generated as expected.
      40 44907dab3e7f0a55
[FINE] Launching new model instance modbat.examples.NioSocket1-1...
[FINE] modbat.examples.NioSocket1-1: Executing transition reset => open...
[FINE] modbat.examples.NioSocket1-1: Executing transition open => maybeconnected...
[FINE] Precondition violated, backtracking to open.
[FINE] modbat.examples.NioSocket1-1: Executing transition open => connected...
[FINE] modbat.examples.NioSocket1-1: Executing transition connected => closed...
[FINE] modbat.examples.NioSocket1-1: Executing transition closed => err...
[FINE] java.nio.channels.ClosedChannelException generated as expected.
      41 46e3ffb302d6b70f
[FINE] Launching new model instance modbat.examples.NioSocket1-1...
[FINE] modbat.examples.NioSocket1-1: Executing transition reset => open...
[FINE] modbat.examples.NioSocket1-1: Executing transition open => maybeconnected...
[FINE] Precondition violated, backtracking to open.
[FINE] modbat.examples.NioSocket1-1: Executing transition open => connected...
[FINE] modbat.examples.NioSocket1-1: Executing transition connected => closed...
[FINE] modbat.examples.NioSocket1-1: Executing transition closed => err...
[FINE] java.nio.channels.ClosedChannelException generated as expected.
      42 903dd74e32475186
[FINE] Launching new model instance modbat.examples.NioSocket1-1...
[FINE] modbat.examples.NioSocket1-1: Executing transition reset => open...
[FINE] modbat.examples.NioSocket1-1: Executing transition open => closed...
[FINE] modbat.examples.NioSocket1-1: Executing transition closed => err...
[FINE] java.nio.channels.ClosedChannelException generated as expected.
      43 7974bf3b16645027
[FINE] Launching new model instance modbat.examples.NioSocket1-1...
[FINE] modbat.examples.NioSocket1-1: Executing transition reset => open...
[FINE] modbat.examples.NioSocket1-1: Executing transition open => err (2)...
[FINE] java.nio.channels.NotYetConnectedException generated as expected.
      44 6be018a71603cc94
[FINE] Launching new model instance modbat.examples.NioSocket1-1...
[FINE] modbat.examples.NioSocket1-1: Executing transition reset => open...
[FINE] modbat.examples.NioSocket1-1: Executing transition open => err (2)...
[FINE] java.nio.channels.NotYetConnectedException generated as expected.
      45  de8785f38307c43
[FINE] Launching new model instance modbat.examples.NioSocket1-1...
[FINE] modbat.examples.NioSocket1-1: Executing transition reset => open...
[FINE] modbat.examples.NioSocket1-1: Executing transition open => err (1)...
[FINE] java.nio.channels.NoConnectionPendingException generated as expected.
      46 43e6dcdf22215f20
[FINE] Launching new model instance modbat.examples.NioSocket1-1...
[FINE] modbat.examples.NioSocket1-1: Executing transition reset => open...
[FINE] modbat.examples.NioSocket1-1: Executing transition open => closed...
[FINE] modbat.examples.NioSocket1-1: Executing transition closed => closed...
[FINE] modbat.examples.NioSocket1-1: Executing transition closed => err...
[FINE] java.nio.channels.ClosedChannelException generated as expected.
      47 7c984b5d1a209c21
[FINE] Launching new model instance modbat.examples.NioSocket1-1...
[FINE] modbat.examples.NioSocket1-1: Executing transition reset => open...
[FINE] modbat.examples.NioSocket1-1: Executing transition open => open...
[FINE] modbat.examples.NioSocket1-1: Executing transition open => err (1)...
[FINE] java.nio.channels.NoConnectionPendingException generated as expected.
      48 2a83b5bd2ae1ea70
[FINE] Launching new model instance modbat.examples.NioSocket1-1...
[FINE] modbat.examples.NioSocket1-1: Executing transition reset => open...
[FINE] modbat.examples.NioSocket1-1: Executing transition open => connected...
[FINE] modbat.examples.NioSocket1-1: Executing transition connected => closed...
[FINE] modbat.examples.NioSocket1-1: Executing transition closed => closed...
[FINE] modbat.examples.NioSocket1-1: Executing transition closed => closed...
[FINE] modbat.examples.NioSocket1-1: Executing transition closed => err...
[FINE] java.nio.channels.ClosedChannelException generated as expected.
      49 6685050840640de1
[FINE] Launching new model instance modbat.examples.NioSocket1-1...
[FINE] modbat.examples.NioSocket1-1: Executing transition reset => open...
[FINE] modbat.examples.NioSocket1-1: Executing transition open => err (1)...
[FINE] java.nio.channels.NoConnectionPendingException generated as expected.
      50  2d6f6cd03d01cb4
[FINE] Launching new model instance modbat.examples.NioSocket1-1...
[FINE] modbat.examples.NioSocket1-1: Executing transition reset => open...
[FINE] modbat.examples.NioSocket1-1: Executing transition open => closed...
[FINE] modbat.examples.NioSocket1-1: Executing transition closed => closed...
[FINE] modbat.examples.NioSocket1-1: Executing transition closed => closed...
[FINE] modbat.examples.NioSocket1-1: Executing transition closed => err...
[FINE] java.nio.channels.ClosedChannelException generated as expected.
      51 8b388ceb07e23410
[FINE] Launching new model instance modbat.examples.NioSocket1-1...
[FINE] modbat.examples.NioSocket1-1: Executing transition reset => open...
[FINE] modbat.examples.NioSocket1-1: Executing transition open => err (2)...
[FINE] java.nio.channels.NotYetConnectedException generated as expected.
      52 4f7e879b0e4cace2
[FINE] Launching new model instance modbat.examples.NioSocket1-1...
[FINE] modbat.examples.NioSocket1-1: Executing transition reset => open...
[FINE] modbat.examples.NioSocket1-1: Executing transition open => connected...
[FINE] modbat.examples.NioSocket1-1: Executing transition connected => connected (1)...
[FINE] modbat.examples.NioSocket1-1: Executing transition connected => closed...
[FINE] modbat.examples.NioSocket1-1: Executing transition closed => closed...
[FINE] modbat.examples.NioSocket1-1: Executing transition closed => closed...
[FINE] modbat.examples.NioSocket1-1: Executing transition closed => err...
[FINE] java.nio.channels.ClosedChannelException generated as expected.
      53 4c7f1e112f7be0ec
[FINE] Launching new model instance modbat.examples.NioSocket1-1...
[FINE] modbat.examples.NioSocket1-1: Executing transition reset => open...
[FINE] modbat.examples.NioSocket1-1: Executing transition open => connected...
[FINE] modbat.examples.NioSocket1-1: Executing transition connected => err...
[FINE] java.nio.channels.AlreadyConnectedException generated as expected.
      54 10f631783dc7013b
[FINE] Launching new model instance modbat.examples.NioSocket1-1...
[FINE] modbat.examples.NioSocket1-1: Executing transition reset => open...
[FINE] modbat.examples.NioSocket1-1: Executing transition open => maybeconnected...
[FINE] Precondition violated, backtracking to open.
[FINE] modbat.examples.NioSocket1-1: Executing transition open => err (1)...
[FINE] java.nio.channels.NoConnectionPendingException generated as expected.
      55 1be7db2e0056c237
[FINE] Launching new model instance modbat.examples.NioSocket1-1...
[FINE] modbat.examples.NioSocket1-1: Executing transition reset => open...
[FINE] modbat.examples.NioSocket1-1: Executing transition open => open...
[FINE] modbat.examples.NioSocket1-1: Executing transition open => open...
[FINE] modbat.examples.NioSocket1-1: Executing transition open => open...
[FINE] modbat.examples.NioSocket1-1: Executing transition open => closed...
[FINE] modbat.examples.NioSocket1-1: Executing transition closed => closed...
[FINE] modbat.examples.NioSocket1-1: Executing transition closed => err...
[FINE] java.nio.channels.ClosedChannelException generated as expected.
      56 7ba3e1c53557bb86
[FINE] Launching new model instance modbat.examples.NioSocket1-1...
[FINE] modbat.examples.NioSocket1-1: Executing transition reset => open...
[FINE] modbat.examples.NioSocket1-1: Executing transition open => closed...
[FINE] modbat.examples.NioSocket1-1: Executing transition closed => closed...
[FINE] modbat.examples.NioSocket1-1: Executing transition closed => closed...
[FINE] modbat.examples.NioSocket1-1: Executing transition closed => err...
[FINE] java.nio.channels.ClosedChannelException generated as expected.
      57 7f5be57033817337
[FINE] Launching new model instance modbat.examples.NioSocket1-1...
[FINE] modbat.examples.NioSocket1-1: Executing transition reset => open...
[FINE] modbat.examples.NioSocket1-1: Executing transition open => open...
[FINE] modbat.examples.NioSocket1-1: Executing transition open => open...
[FINE] modbat.examples.NioSocket1-1: Executing transition open => closed...
[FINE] modbat.examples.NioSocket1-1: Executing transition closed => closed...
[FINE] modbat.examples.NioSocket1-1: Executing transition closed => err...
[FINE] java.nio.channels.ClosedChannelException generated as expected.
      58 816d9a4b1fa53eb1
[FINE] Launching new model instance modbat.examples.NioSocket1-1...
[FINE] modbat.examples.NioSocket1-1: Executing transition reset => open...
[FINE] modbat.examples.NioSocket1-1: Executing transition open => open...
[FINE] modbat.examples.NioSocket1-1: Executing transition open => open...
[FINE] modbat.examples.NioSocket1-1: Executing transition open => err (2)...
[FINE] java.nio.channels.NotYetConnectedException generated as expected.
      59 5709fa3011381cf5
[FINE] Launching new model instance modbat.examples.NioSocket1-1...
[FINE] modbat.examples.NioSocket1-1: Executing transition reset => open...
[FINE] modbat.examples.NioSocket1-1: Executing transition open => open...
[FINE] modbat.examples.NioSocket1-1: Executing transition open => closed...
[FINE] modbat.examples.NioSocket1-1: Executing transition closed => closed...
[FINE] modbat.examples.NioSocket1-1: Executing transition closed => err...
[FINE] java.nio.channels.ClosedChannelException generated as expected.
      60 8d21f4b907f41bc8
[FINE] Launching new model instance modbat.examples.NioSocket1-1...
[FINE] modbat.examples.NioSocket1-1: Executing transition reset => open...
[FINE] modbat.examples.NioSocket1-1: Executing transition open => open...
[FINE] modbat.examples.NioSocket1-1: Executing transition open => err (2)...
[FINE] java.nio.channels.NotYetConnectedException generated as expected.
      61 8a0cfd0207a16674
[FINE] Launching new model instance modbat.examples.NioSocket1-1...
[FINE] modbat.examples.NioSocket1-1: Executing transition reset => open...
[FINE] modbat.examples.NioSocket1-1: Executing transition open => closed...
[FINE] modbat.examples.NioSocket1-1: Executing transition closed => closed...
[FINE] modbat.examples.NioSocket1-1: Executing transition closed => err...
[FINE] java.nio.channels.ClosedChannelException generated as expected.
      62 8eb96fde1c23c3e1
[FINE] Launching new model instance modbat.examples.NioSocket1-1...
[FINE] modbat.examples.NioSocket1-1: Executing transition reset => open...
[FINE] modbat.examples.NioSocket1-1: Executing transition open => err (2)...
[FINE] java.nio.channels.NotYetConnectedException generated as expected.
      63 3f1b50c735ccd873
[FINE] Launching new model instance modbat.examples.NioSocket1-1...
[FINE] modbat.examples.NioSocket1-1: Executing transition reset => open...
[FINE] modbat.examples.NioSocket1-1: Executing transition open => open...
[FINE] modbat.examples.NioSocket1-1: Executing transition open => closed...
[FINE] modbat.examples.NioSocket1-1: Executing transition closed => closed...
[FINE] modbat.examples.NioSocket1-1: Executing transition closed => err...
[FINE] java.nio.channels.ClosedChannelException generated as expected.
      64 2d9150ba3b734bbc
[FINE] Launching new model instance modbat.examples.NioSocket1-1...
[FINE] modbat.examples.NioSocket1-1: Executing transition reset => open...
[FINE] modbat.examples.NioSocket1-1: Executing transition open => closed...
[FINE] modbat.examples.NioSocket1-1: Executing transition closed => closed...
[FINE] modbat.examples.NioSocket1-1: Executing transition closed => closed...
[FINE] modbat.examples.NioSocket1-1: Executing transition closed => err...
[FINE] java.nio.channels.ClosedChannelException generated as expected.
      65 2d89e9db14cd4e33
[FINE] Launching new model instance modbat.examples.NioSocket1-1...
[FINE] modbat.examples.NioSocket1-1: Executing transition reset => open...
[FINE] modbat.examples.NioSocket1-1: Executing transition open => closed...
[FINE] modbat.examples.NioSocket1-1: Executing transition closed => closed...
[FINE] modbat.examples.NioSocket1-1: Executing transition closed => err...
[FINE] java.nio.channels.ClosedChannelException generated as expected.
      66 83eb485c157a76bd
[FINE] Launching new model instance modbat.examples.NioSocket1-1...
[FINE] modbat.examples.NioSocket1-1: Executing transition reset => open...
[FINE] modbat.examples.NioSocket1-1: Executing transition open => connected...
[FINE] modbat.examples.NioSocket1-1: Executing transition connected => err...
[FINE] java.nio.channels.AlreadyConnectedException generated as expected.
      67 28d1f1a7209cde8a
[FINE] Launching new model instance modbat.examples.NioSocket1-1...
[FINE] modbat.examples.NioSocket1-1: Executing transition reset => open...
[FINE] modbat.examples.NioSocket1-1: Executing transition open => connected...
[FINE] modbat.examples.NioSocket1-1: Executing transition connected => closed...
[FINE] modbat.examples.NioSocket1-1: Executing transition closed => closed...
[FINE] modbat.examples.NioSocket1-1: Executing transition closed => closed...
[FINE] modbat.examples.NioSocket1-1: Executing transition closed => err...
[FINE] java.nio.channels.ClosedChannelException generated as expected.
      68 885136503d1f67bc
[FINE] Launching new model instance modbat.examples.NioSocket1-1...
[FINE] modbat.examples.NioSocket1-1: Executing transition reset => open...
[FINE] modbat.examples.NioSocket1-1: Executing transition open => open...
[FINE] modbat.examples.NioSocket1-1: Executing transition open => err (2)...
[FINE] java.nio.channels.NotYetConnectedException generated as expected.
      69 1ea3cf211c7e0fdf
[FINE] Launching new model instance modbat.examples.NioSocket1-1...
[FINE] modbat.examples.NioSocket1-1: Executing transition reset => open...
[FINE] modbat.examples.NioSocket1-1: Executing transition open => closed...
[FINE] modbat.examples.NioSocket1-1: Executing transition closed => closed...
[FINE] modbat.examples.NioSocket1-1: Executing transition closed => closed...
[FINE] modbat.examples.NioSocket1-1: Executing transition closed => err...
[FINE] java.nio.channels.ClosedChannelException generated as expected.
      70 74d7a32c045c0c2e
[FINE] Launching new model instance modbat.examples.NioSocket1-1...
[FINE] modbat.examples.NioSocket1-1: Executing transition reset => open...
[FINE] modbat.examples.NioSocket1-1: Executing transition open => err (2)...
[FINE] java.nio.channels.NotYetConnectedException generated as expected.
      71 5c0c21e3035866bc
[FINE] Launching new model instance modbat.examples.NioSocket1-1...
[FINE] modbat.examples.NioSocket1-1: Executing transition reset => open...
[FINE] modbat.examples.NioSocket1-1: Executing transition open => maybeconnected...
[FINE] Precondition violated, backtracking to open.
[FINE] modbat.examples.NioSocket1-1: Executing transition open => err (1)...
[FINE] java.nio.channels.NoConnectionPendingException generated as expected.
      72 131df2271c378618
[FINE] Launching new model instance modbat.examples.NioSocket1-1...
[FINE] modbat.examples.NioSocket1-1: Executing transition reset => open...
[FINE] modbat.examples.NioSocket1-1: Executing transition open => connected...
[FINE] modbat.examples.NioSocket1-1: Executing transition connected => connected (1)...
[FINE] modbat.examples.NioSocket1-1: Executing transition connected => connected (2)...
[FINE] modbat.examples.NioSocket1-1: Executing transition connected => closed...
[FINE] modbat.examples.NioSocket1-1: Executing transition closed => closed...
[FINE] modbat.examples.NioSocket1-1: Executing transition closed => closed...
[FINE] modbat.examples.NioSocket1-1: Executing transition closed => err...
[FINE] java.nio.channels.ClosedChannelException generated as expected.
      73 8899551c24d493b7
[FINE] Launching new model instance modbat.examples.NioSocket1-1...
[FINE] modbat.examples.NioSocket1-1: Executing transition reset => open...
[FINE] modbat.examples.NioSocket1-1: Executing transition open => open...
[FINE] modbat.examples.NioSocket1-1: Executing transition open => closed...
[FINE] modbat.examples.NioSocket1-1: Executing transition closed => closed...
[FINE] modbat.examples.NioSocket1-1: Executing transition closed => err...
[FINE] java.nio.channels.ClosedChannelException generated as expected.
      74 3003311528925804
[FINE] Launching new model instance modbat.examples.NioSocket1-1...
[FINE] modbat.examples.NioSocket1-1: Executing transition reset => open...
[FINE] modbat.examples.NioSocket1-1: Executing transition open => maybeconnected...
[FINE] Precondition violated, backtracking to open.
[FINE] modbat.examples.NioSocket1-1: Executing transition open => connected...
[FINE] modbat.examples.NioSocket1-1: Executing transition connected => connected (2)...
[FINE] modbat.examples.NioSocket1-1: Executing transition connected => closed...
[FINE] modbat.examples.NioSocket1-1: Executing transition closed => closed...
[FINE] modbat.examples.NioSocket1-1: Executing transition closed => closed...
[FINE] modbat.examples.NioSocket1-1: Executing transition closed => err...
[FINE] java.nio.channels.ClosedChannelException generated as expected.
      75 1bb021a0182cc1d2
[FINE] Launching new model instance modbat.examples.NioSocket1-1...
[FINE] modbat.examples.NioSocket1-1: Executing transition reset => open...
[FINE] modbat.examples.NioSocket1-1: Executing transition open => closed...
[FINE] modbat.examples.NioSocket1-1: Executing transition closed => closed...
[FINE] modbat.examples.NioSocket1-1: Executing transition closed => err...
[FINE] java.nio.channels.ClosedChannelException generated as expected.
      76 12f7e650353c15cc
[FINE] Launching new model instance modbat.examples.NioSocket1-1...
[FINE] modbat.examples.NioSocket1-1: Executing transition reset => open...
[FINE] modbat.examples.NioSocket1-1: Executing transition open => err (1)...
[FINE] java.nio.channels.NoConnectionPendingException generated as expected.
      77 81eb89c705fcccfc
[FINE] Launching new model instance modbat.examples.NioSocket1-1...
[FINE] modbat.examples.NioSocket1-1: Executing transition reset => open...
[FINE] modbat.examples.NioSocket1-1: Executing transition open => maybeconnected...
[FINE] Precondition violated, backtracking to open.
[FINE] modbat.examples.NioSocket1-1: Executing transition open => err (1)...
[FINE] java.nio.channels.NoConnectionPendingException generated as expected.
      78 4db8f48a384cfcbc
[FINE] Launching new model instance modbat.examples.NioSocket1-1...
[FINE] modbat.examples.NioSocket1-1: Executing transition reset => open...
[FINE] modbat.examples.NioSocket1-1: Executing transition open => closed...
[FINE] modbat.examples.NioSocket1-1: Executing transition closed => closed...
[FINE] modbat.examples.NioSocket1-1: Executing transition closed => closed...
[FINE] modbat.examples.NioSocket1-1: Executing transition closed => err...
[FINE] java.nio.channels.ClosedChannelException generated as expected.
      79 89f23a52456a9b0c
[FINE] Launching new model instance modbat.examples.NioSocket1-1...
[FINE] modbat.examples.NioSocket1-1: Executing transition reset => open...
[FINE] modbat.examples.NioSocket1-1: Executing transition open => err (1)...
[FINE] java.nio.channels.NoConnectionPendingException generated as expected.
      80 20e695942a96012a
[FINE] Launching new model instance modbat.examples.NioSocket1-1...
[FINE] modbat.examples.NioSocket1-1: Executing transition reset => open...
[FINE] modbat.examples.NioSocket1-1: Executing transition open => connected...
[FINE] modbat.examples.NioSocket1-1: Executing transition connected => err...
[FINE] java.nio.channels.AlreadyConnectedException generated as expected.
      81 5460ba9a005203b6
[FINE] Launching new model instance modbat.examples.NioSocket1-1...
[FINE] modbat.examples.NioSocket1-1: Executing transition reset => open...
[FINE] modbat.examples.NioSocket1-1: Executing transition open => connected...
[FINE] modbat.examples.NioSocket1-1: Executing transition connected => closed...
[FINE] modbat.examples.NioSocket1-1: Executing transition closed => closed...
[FINE] modbat.examples.NioSocket1-1: Executing transition closed => closed...
[FINE] modbat.examples.NioSocket1-1: Executing transition closed => err...
[FINE] java.nio.channels.ClosedChannelException generated as expected.
      82 69437d8a0104ed32
[FINE] Launching new model instance modbat.examples.NioSocket1-1...
[FINE] modbat.examples.NioSocket1-1: Executing transition reset => open...
[FINE] modbat.examples.NioSocket1-1: Executing transition open => open...
[FINE] modbat.examples.NioSocket1-1: Executing transition open => closed...
[FINE] modbat.examples.NioSocket1-1: Executing transition closed => err...
[FINE] java.nio.channels.ClosedChannelException generated as expected.
      83 46d186dd4125cca4
[FINE] Launching new model instance modbat.examples.NioSocket1-1...
[FINE] modbat.examples.NioSocket1-1: Executing transition reset => open...
[FINE] modbat.examples.NioSocket1-1: Executing transition open => closed...
[FINE] modbat.examples.NioSocket1-1: Executing transition closed => closed...
[FINE] modbat.examples.NioSocket1-1: Executing transition closed => closed...
[FINE] modbat.examples.NioSocket1-1: Executing transition closed => err...
[FINE] java.nio.channels.ClosedChannelException generated as expected.
      84 4c13e77638350c65
[FINE] Launching new model instance modbat.examples.NioSocket1-1...
[FINE] modbat.examples.NioSocket1-1: Executing transition reset => open...
[FINE] modbat.examples.NioSocket1-1: Executing transition open => closed...
[FINE] modbat.examples.NioSocket1-1: Executing transition closed => err...
[FINE] java.nio.channels.ClosedChannelException generated as expected.
      85 82919b790367b5c5
[FINE] Launching new model instance modbat.examples.NioSocket1-1...
[FINE] modbat.examples.NioSocket1-1: Executing transition reset => open...
[FINE] modbat.examples.NioSocket1-1: Executing transition open => maybeconnected...
[FINE] Precondition violated, backtracking to open.
[FINE] modbat.examples.NioSocket1-1: Executing transition open => err (1)...
[FINE] java.nio.channels.NoConnectionPendingException generated as expected.
      86 57b4573231ecaef7
[FINE] Launching new model instance modbat.examples.NioSocket1-1...
[FINE] modbat.examples.NioSocket1-1: Executing transition reset => open...
[FINE] modbat.examples.NioSocket1-1: Executing transition open => closed...
[FINE] modbat.examples.NioSocket1-1: Executing transition closed => closed...
[FINE] modbat.examples.NioSocket1-1: Executing transition closed => err...
[FINE] java.nio.channels.ClosedChannelException generated as expected.
      87 31303b36300e691c
[FINE] Launching new model instance modbat.examples.NioSocket1-1...
[FINE] modbat.examples.NioSocket1-1: Executing transition reset => open...
[FINE] modbat.examples.NioSocket1-1: Executing transition open => maybeconnected...
[FINE] Precondition violated, backtracking to open.
[FINE] modbat.examples.NioSocket1-1: Executing transition open => connected...
[FINE] modbat.examples.NioSocket1-1: Executing transition connected => connected (2)...
[FINE] modbat.examples.NioSocket1-1: Executing transition connected => connected (2)...
[FINE] modbat.examples.NioSocket1-1: Executing transition connected => closed...
[FINE] modbat.examples.NioSocket1-1: Executing transition closed => err...
[FINE] java.nio.channels.ClosedChannelException generated as expected.
      88 2166da561cdeb0ce
[FINE] Launching new model instance modbat.examples.NioSocket1-1...
[FINE] modbat.examples.NioSocket1-1: Executing transition reset => open...
[FINE] modbat.examples.NioSocket1-1: Executing transition open => open...
[FINE] modbat.examples.NioSocket1-1: Executing transition open => err (1)...
[FINE] java.nio.channels.NoConnectionPendingException generated as expected.
      89 7b2a0eac308fb13e
[FINE] Launching new model instance modbat.examples.NioSocket1-1...
[FINE] modbat.examples.NioSocket1-1: Executing transition reset => open...
[FINE] modbat.examples.NioSocket1-1: Executing transition open => err (1)...
[FINE] java.nio.channels.NoConnectionPendingException generated as expected.
      90  8473fb630ae87ef
[FINE] Launching new model instance modbat.examples.NioSocket1-1...
[FINE] modbat.examples.NioSocket1-1: Executing transition reset => open...
[FINE] modbat.examples.NioSocket1-1: Executing transition open => err (1)...
[FINE] java.nio.channels.NoConnectionPendingException generated as expected.
      91 23f089ed2556055e
[FINE] Launching new model instance modbat.examples.NioSocket1-1...
[FINE] modbat.examples.NioSocket1-1: Executing transition reset => open...
[FINE] modbat.examples.NioSocket1-1: Executing transition open => err (2)...
[FINE] java.nio.channels.NotYetConnectedException generated as expected.
      92 4dce0625017986b6
[FINE] Launching new model instance modbat.examples.NioSocket1-1...
[FINE] modbat.examples.NioSocket1-1: Executing transition reset => open...
[FINE] modbat.examples.NioSocket1-1: Executing transition open => err (2)...
[FINE] java.nio.channels.NotYetConnectedException generated as expected.
      93  377a2fb24ffde59
[FINE] Launching new model instance modbat.examples.NioSocket1-1...
[FINE] modbat.examples.NioSocket1-1: Executing transition reset => open...
[FINE] modbat.examples.NioSocket1-1: Executing transition open => closed...
[FINE] modbat.examples.NioSocket1-1: Executing transition closed => err...
[FINE] java.nio.channels.ClosedChannelException generated as expected.
      94 5bf00c6a3d11f6cf
[FINE] Launching new model instance modbat.examples.NioSocket1-1...
[FINE] modbat.examples.NioSocket1-1: Executing transition reset => open...
[FINE] modbat.examples.NioSocket1-1: Executing transition open => open...
[FINE] modbat.examples.NioSocket1-1: Executing transition open => connected...
[FINE] Precondition violated, backtracking to open.
[FINE] modbat.examples.NioSocket1-1: Executing transition open => maybeconnected...
[FINE] modbat.examples.NioSocket1-1: Executing transition maybeconnected => maybeconnected (2)...
[FINE] Next state predicate holds, go to state connected.
[FINE] modbat.examples.NioSocket1-1: Executing transition connected => connected (1)...
[FINE] modbat.examples.NioSocket1-1: Executing transition connected => closed...
[FINE] modbat.examples.NioSocket1-1: Executing transition closed => closed...
[FINE] modbat.examples.NioSocket1-1: Executing transition closed => err...
[FINE] java.nio.channels.ClosedChannelException generated as expected.
      95  701136a43c9f7c1
[FINE] Launching new model instance modbat.examples.NioSocket1-1...
[FINE] modbat.examples.NioSocket1-1: Executing transition reset => open...
[FINE] modbat.examples.NioSocket1-1: Executing transition open => err (1)...
[FINE] java.nio.channels.NoConnectionPendingException generated as expected.
      96  af39d7b440c7619
[FINE] Launching new model instance modbat.examples.NioSocket1-1...
[FINE] modbat.examples.NioSocket1-1: Executing transition reset => open...
[FINE] modbat.examples.NioSocket1-1: Executing transition open => connected...
[FINE] modbat.examples.NioSocket1-1: Executing transition connected => connected (1)...
[FINE] modbat.examples.NioSocket1-1: Executing transition connected => err...
[FINE] java.nio.channels.AlreadyConnectedException generated as expected.
      97 58d5d266207001dc
[FINE] Launching new model instance modbat.examples.NioSocket1-1...
[FINE] modbat.examples.NioSocket1-1: Executing transition reset => open...
[FINE] modbat.examples.NioSocket1-1: Executing transition open => connected...
[FINE] modbat.examples.NioSocket1-1: Executing transition connected => err...
[FINE] java.nio.channels.AlreadyConnectedException generated as expected.
      98 76b004ab0082dd30
[FINE] Launching new model instance modbat.examples.NioSocket1-1...
[FINE] modbat.examples.NioSocket1-1: Executing transition reset => open...
[FINE] modbat.examples.NioSocket1-1: Executing transition open => maybeconnected...
[FINE] Precondition violated, backtracking to open.
[FINE] modbat.examples.NioSocket1-1: Executing transition open => err (1)...
[FINE] java.nio.channels.NoConnectionPendingException generated as expected.
      99  2a290d33cc03f82
[FINE] Launching new model instance modbat.examples.NioSocket1-1...
[FINE] modbat.examples.NioSocket1-1: Executing transition reset => open...
[FINE] modbat.examples.NioSocket1-1: Executing transition open => open...
[FINE] modbat.examples.NioSocket1-1: Executing transition open => maybeconnected...
[FINE] modbat.examples.NioSocket1-1: Executing transition maybeconnected => err (2)...
[FINE] java.nio.channels.NotYetConnectedException generated as expected.
     100 51b2192d1171a160
[FINE] Launching new model instance modbat.examples.NioSocket1-1...
[FINE] modbat.examples.NioSocket1-1: Executing transition reset => open...
[FINE] modbat.examples.NioSocket1-1: Executing transition open => connected...
[FINE] modbat.examples.NioSocket1-1: Executing transition connected => err...
[FINE] java.nio.channels.AlreadyConnectedException generated as expected.
     101  e33f5272c52bf71
[FINE] Launching new model instance modbat.examples.NioSocket1-1...
[FINE] modbat.examples.NioSocket1-1: Executing transition reset => open...
[FINE] modbat.examples.NioSocket1-1: Executing transition open => maybeconnected...
[FINE] Precondition violated, backtracking to open.
[FINE] modbat.examples.NioSocket1-1: Executing transition open => err (1)...
[FINE] java.nio.channels.NoConnectionPendingException generated as expected.
     102 8a4a8b323494e5a2
[FINE] Launching new model instance modbat.examples.NioSocket1-1...
[FINE] modbat.examples.NioSocket1-1: Executing transition reset => open...
[FINE] modbat.examples.NioSocket1-1: Executing transition open => connected...
[FINE] modbat.examples.NioSocket1-1: Executing transition connected => connected (1)...
[FINE] modbat.examples.NioSocket1-1: Executing transition connected => connected (2)...
[FINE] modbat.examples.NioSocket1-1: Executing transition connected => connected (2)...
[FINE] modbat.examples.NioSocket1-1: Executing transition connected => connected (2)...
     103 4e85c1cc3f124334, one test failed.
[FINE] Launching new model instance modbat.examples.NioSocket1-1...
[FINE] modbat.examples.NioSocket1-1: Executing transition reset => open...
[FINE] modbat.examples.NioSocket1-1: Executing transition open => err (2)...
[FINE] java.nio.channels.NotYetConnectedException generated as expected.
     104 6d528b3112757752, one test failed.
[FINE] Launching new model instance modbat.examples.NioSocket1-1...
[FINE] modbat.examples.NioSocket1-1: Executing transition reset => open...
[FINE] modbat.examples.NioSocket1-1: Executing transition open => maybeconnected...
[FINE] Precondition violated, backtracking to open.
[FINE] modbat.examples.NioSocket1-1: Executing transition open => err (1)...
[FINE] java.nio.channels.NoConnectionPendingException generated as expected.
     105 4e85146b20c5c815, one test failed.
[FINE] Launching new model instance modbat.examples.NioSocket1-1...
[FINE] modbat.examples.NioSocket1-1: Executing transition reset => open...
[FINE] modbat.examples.NioSocket1-1: Executing transition open => connected...
[FINE] modbat.examples.NioSocket1-1: Executing transition connected => closed...
[FINE] modbat.examples.NioSocket1-1: Executing transition closed => err...
[FINE] java.nio.channels.ClosedChannelException generated as expected.
     106  b84de6836f46555, one test failed.
[FINE] Launching new model instance modbat.examples.NioSocket1-1...
[FINE] modbat.examples.NioSocket1-1: Executing transition reset => open...
[FINE] modbat.examples.NioSocket1-1: Executing transition open => err (1)...
[FINE] java.nio.channels.NoConnectionPendingException generated as expected.
     107 7d75c42c1bd51f84, one test failed.
[FINE] Launching new model instance modbat.examples.NioSocket1-1...
[FINE] modbat.examples.NioSocket1-1: Executing transition reset => open...
[FINE] modbat.examples.NioSocket1-1: Executing transition open => closed...
[FINE] modbat.examples.NioSocket1-1: Executing transition closed => err...
[FINE] java.nio.channels.ClosedChannelException generated as expected.
     108 6ea9b38108a80d15, one test failed.
[FINE] Launching new model instance modbat.examples.NioSocket1-1...
[FINE] modbat.examples.NioSocket1-1: Executing transition reset => open...
[FINE] modbat.examples.NioSocket1-1: Executing transition open => err (1)...
[FINE] java.nio.channels.NoConnectionPendingException generated as expected.
     109 65429e920397dd38, one test failed.
[FINE] Launching new model instance modbat.examples.NioSocket1-1...
[FINE] modbat.examples.NioSocket1-1: Executing transition reset => open...
[FINE] modbat.examples.NioSocket1-1: Executing transition open => err (1)...
[FINE] java.nio.channels.NoConnectionPendingException generated as expected.
     110 59738f243cc27517, one test failed.
[FINE] Launching new model instance modbat.examples.NioSocket1-1...
[FINE] modbat.examples.NioSocket1-1: Executing transition reset => open...
[FINE] modbat.examples.NioSocket1-1: Executing transition open => err (1)...
[FINE] java.nio.channels.NoConnectionPendingException generated as expected.
     111 50bf4f3720291df2, one test failed.
[FINE] Launching new model instance modbat.examples.NioSocket1-1...
[FINE] modbat.examples.NioSocket1-1: Executing transition reset => open...
[FINE] modbat.examples.NioSocket1-1: Executing transition open => err (2)...
[FINE] java.nio.channels.NotYetConnectedException generated as expected.
     112 2cafbe4e0839a7c9, one test failed.
[FINE] Launching new model instance modbat.examples.NioSocket1-1...
[FINE] modbat.examples.NioSocket1-1: Executing transition reset => open...
[FINE] modbat.examples.NioSocket1-1: Executing transition open => connected...
[FINE] modbat.examples.NioSocket1-1: Executing transition connected => closed...
[FINE] modbat.examples.NioSocket1-1: Executing transition closed => closed...
[FINE] modbat.examples.NioSocket1-1: Executing transition closed => err...
[FINE] java.nio.channels.ClosedChannelException generated as expected.
     113 6b5a1aad2e156d09, one test failed.
[FINE] Launching new model instance modbat.examples.NioSocket1-1...
[FINE] modbat.examples.NioSocket1-1: Executing transition reset => open...
[FINE] modbat.examples.NioSocket1-1: Executing transition open => closed...
[FINE] modbat.examples.NioSocket1-1: Executing transition closed => err...
[FINE] java.nio.channels.ClosedChannelException generated as expected.
     114  f0cac4f1df2b6e5, one test failed.
[FINE] Launching new model instance modbat.examples.NioSocket1-1...
[FINE] modbat.examples.NioSocket1-1: Executing transition reset => open...
[FINE] modbat.examples.NioSocket1-1: Executing transition open => err (2)...
[FINE] java.nio.channels.NotYetConnectedException generated as expected.
     115 61332b73323be382, one test failed.
[FINE] Launching new model instance modbat.examples.NioSocket1-1...
[FINE] modbat.examples.NioSocket1-1: Executing transition reset => open...
[FINE] modbat.examples.NioSocket1-1: Executing transition open => closed...
[FINE] modbat.examples.NioSocket1-1: Executing transition closed => err...
[FINE] java.nio.channels.ClosedChannelException generated as expected.
     116 1882e35e3e7cd6db, one test failed.
[FINE] Launching new model instance modbat.examples.NioSocket1-1...
[FINE] modbat.examples.NioSocket1-1: Executing transition reset => open...
[FINE] modbat.examples.NioSocket1-1: Executing transition open => maybeconnected...
[FINE] Precondition violated, backtracking to open.
[FINE] modbat.examples.NioSocket1-1: Executing transition open => connected...
[FINE] modbat.examples.NioSocket1-1: Executing transition connected => closed...
[FINE] modbat.examples.NioSocket1-1: Executing transition closed => err...
[FINE] java.nio.channels.ClosedChannelException generated as expected.
     117 80423a103b0344ec, one test failed.
[FINE] Launching new model instance modbat.examples.NioSocket1-1...
[FINE] modbat.examples.NioSocket1-1: Executing transition reset => open...
[FINE] modbat.examples.NioSocket1-1: Executing transition open => err (1)...
[FINE] java.nio.channels.NoConnectionPendingException generated as expected.
     118 20c150d212ee4cc3, one test failed.
[FINE] Launching new model instance modbat.examples.NioSocket1-1...
[FINE] modbat.examples.NioSocket1-1: Executing transition reset => open...
[FINE] modbat.examples.NioSocket1-1: Executing transition open => err (2)...
[FINE] java.nio.channels.NotYetConnectedException generated as expected.
     119 2d9766e3151561de, one test failed.
[FINE] Launching new model instance modbat.examples.NioSocket1-1...
[FINE] modbat.examples.NioSocket1-1: Executing transition reset => open...
[FINE] modbat.examples.NioSocket1-1: Executing transition open => connected...
[FINE] modbat.examples.NioSocket1-1: Executing transition connected => connected (2)...
[FINE] modbat.examples.NioSocket1-1: Executing transition connected => err...
[FINE] java.nio.channels.AlreadyConnectedException generated as expected.
     120 3a0a10b21ae15e75, one test failed.
[FINE] Launching new model instance modbat.examples.NioSocket1-1...
[FINE] modbat.examples.NioSocket1-1: Executing transition reset => open...
[FINE] modbat.examples.NioSocket1-1: Executing transition open => closed...
[FINE] modbat.examples.NioSocket1-1: Executing transition closed => closed...
[FINE] modbat.examples.NioSocket1-1: Executing transition closed => err...
[FINE] java.nio.channels.ClosedChannelException generated as expected.
     121  96b330c19f19d71, one test failed.
[FINE] Launching new model instance modbat.examples.NioSocket1-1...
[FINE] modbat.examples.NioSocket1-1: Executing transition reset => open...
[FINE] modbat.examples.NioSocket1-1: Executing transition open => err (1)...
[FINE] java.nio.channels.NoConnectionPendingException generated as expected.
     122 1ccbb9572b3e3341, one test failed.
[FINE] Launching new model instance modbat.examples.NioSocket1-1...
[FINE] modbat.examples.NioSocket1-1: Executing transition reset => open...
[FINE] modbat.examples.NioSocket1-1: Executing transition open => connected...
[FINE] modbat.examples.NioSocket1-1: Executing transition connected => closed...
[FINE] modbat.examples.NioSocket1-1: Executing transition closed => err...
[FINE] java.nio.channels.ClosedChannelException generated as expected.
     123 688d117a0e13f58e, one test failed.
[FINE] Launching new model instance modbat.examples.NioSocket1-1...
[FINE] modbat.examples.NioSocket1-1: Executing transition reset => open...
[FINE] modbat.examples.NioSocket1-1: Executing transition open => connected...
[FINE] modbat.examples.NioSocket1-1: Executing transition connected => connected (1)...
[FINE] modbat.examples.NioSocket1-1: Executing transition connected => err...
[FINE] java.nio.channels.AlreadyConnectedException generated as expected.
     124  9dc339743719e73, one test failed.
[FINE] Launching new model instance modbat.examples.NioSocket1-1...
[FINE] modbat.examples.NioSocket1-1: Executing transition reset => open...
[FINE] modbat.examples.NioSocket1-1: Executing transition open => err (2)...
[FINE] java.nio.channels.NotYetConnectedException generated as expected.
     125 1d1a22cb2b853961, one test failed.
[FINE] Launching new model instance modbat.examples.NioSocket1-1...
[FINE] modbat.examples.NioSocket1-1: Executing transition reset => open...
[FINE] modbat.examples.NioSocket1-1: Executing transition open => connected...
[FINE] modbat.examples.NioSocket1-1: Executing transition connected => err...
[FINE] java.nio.channels.AlreadyConnectedException generated as expected.
     126 13a0925d0fc29fd5, one test failed.
[FINE] Launching new model instance modbat.examples.NioSocket1-1...
[FINE] modbat.examples.NioSocket1-1: Executing transition reset => open...
[FINE] modbat.examples.NioSocket1-1: Executing transition open => err (2)...
[FINE] java.nio.channels.NotYetConnectedException generated as expected.
     127 52906bc52be64052, one test failed.
[FINE] Launching new model instance modbat.examples.NioSocket1-1...
[FINE] modbat.examples.NioSocket1-1: Executing transition reset => open...
[FINE] modbat.examples.NioSocket1-1: Executing transition open => open...
[FINE] modbat.examples.NioSocket1-1: Executing transition open => closed...
[FINE] modbat.examples.NioSocket1-1: Executing transition closed => closed...
[FINE] modbat.examples.NioSocket1-1: Executing transition closed => err...
[FINE] java.nio.channels.ClosedChannelException generated as expected.
     128 3ccb565d11aab186, one test failed.
[FINE] Launching new model instance modbat.examples.NioSocket1-1...
[FINE] modbat.examples.NioSocket1-1: Executing transition reset => open...
[FINE] modbat.examples.NioSocket1-1: Executing transition open => open...
[FINE] modbat.examples.NioSocket1-1: Executing transition open => err (2)...
[FINE] java.nio.channels.NotYetConnectedException generated as expected.
     129 30b7f8f030c22f8a, one test failed.
[FINE] Launching new model instance modbat.examples.NioSocket1-1...
[FINE] modbat.examples.NioSocket1-1: Executing transition reset => open...
[FINE] modbat.examples.NioSocket1-1: Executing transition open => closed...
[FINE] modbat.examples.NioSocket1-1: Executing transition closed => closed...
[FINE] modbat.examples.NioSocket1-1: Executing transition closed => err...
[FINE] java.nio.channels.ClosedChannelException generated as expected.
     130 8c6d4b270d0ec7e2, one test failed.
[FINE] Launching new model instance modbat.examples.NioSocket1-1...
[FINE] modbat.examples.NioSocket1-1: Executing transition reset => open...
[FINE] modbat.examples.NioSocket1-1: Executing transition open => err (2)...
[FINE] java.nio.channels.NotYetConnectedException generated as expected.
     131 2a654f6c36e64fae, one test failed.
[FINE] Launching new model instance modbat.examples.NioSocket1-1...
[FINE] modbat.examples.NioSocket1-1: Executing transition reset => open...
[FINE] modbat.examples.NioSocket1-1: Executing transition open => open...
[FINE] modbat.examples.NioSocket1-1: Executing transition open => err (2)...
[FINE] java.nio.channels.NotYetConnectedException generated as expected.
     132 2ccd7db115e2b146, one test failed.
[FINE] Launching new model instance modbat.examples.NioSocket1-1...
[FINE] modbat.examples.NioSocket1-1: Executing transition reset => open...
[FINE] modbat.examples.NioSocket1-1: Executing transition open => err (1)...
[FINE] java.nio.channels.NoConnectionPendingException generated as expected.
     133 46e74a6630b09fc2, one test failed.
[FINE] Launching new model instance modbat.examples.NioSocket1-1...
[FINE] modbat.examples.NioSocket1-1: Executing transition reset => open...
[FINE] modbat.examples.NioSocket1-1: Executing transition open => err (2)...
[FINE] java.nio.channels.NotYetConnectedException generated as expected.
     134 29f82abd2be12950, one test failed.
[FINE] Launching new model instance modbat.examples.NioSocket1-1...
[FINE] modbat.examples.NioSocket1-1: Executing transition reset => open...
[FINE] modbat.examples.NioSocket1-1: Executing transition open => connected...
[FINE] modbat.examples.NioSocket1-1: Executing transition connected => err...
[FINE] java.nio.channels.AlreadyConnectedException generated as expected.
     135 181c017d0b58f4e1, one test failed.
[FINE] Launching new model instance modbat.examples.NioSocket1-1...
[FINE] modbat.examples.NioSocket1-1: Executing transition reset => open...
[FINE] modbat.examples.NioSocket1-1: Executing transition open => err (2)...
[FINE] java.nio.channels.NotYetConnectedException generated as expected.
     136   d70461434217a8, one test failed.
[FINE] Launching new model instance modbat.examples.NioSocket1-1...
[FINE] modbat.examples.NioSocket1-1: Executing transition reset => open...
[FINE] modbat.examples.NioSocket1-1: Executing transition open => open...
[FINE] modbat.examples.NioSocket1-1: Executing transition open => maybeconnected...
[FINE] modbat.examples.NioSocket1-1: Executing transition maybeconnected => err (1)...
[FINE] java.nio.channels.ConnectionPendingException generated as expected.
     137  2785ca0067f97c2, one test failed.
[FINE] Launching new model instance modbat.examples.NioSocket1-1...
[FINE] modbat.examples.NioSocket1-1: Executing transition reset => open...
[FINE] modbat.examples.NioSocket1-1: Executing transition open => err (2)...
[FINE] java.nio.channels.NotYetConnectedException generated as expected.
     138 3440001829ae7f1f, one test failed.
[FINE] Launching new model instance modbat.examples.NioSocket1-1...
[FINE] modbat.examples.NioSocket1-1: Executing transition reset => open...
[FINE] modbat.examples.NioSocket1-1: Executing transition open => maybeconnected...
[FINE] Precondition violated, backtracking to open.
[FINE] modbat.examples.NioSocket1-1: Executing transition open => connected...
[FINE] modbat.examples.NioSocket1-1: Executing transition connected => connected (2)...
[FINE] modbat.examples.NioSocket1-1: Executing transition connected => connected (1)...
[FINE] modbat.examples.NioSocket1-1: Executing transition connected => err...
[FINE] java.nio.channels.AlreadyConnectedException generated as expected.
     139    dbe1822ea5d5e, one test failed.
[FINE] Launching new model instance modbat.examples.NioSocket1-1...
[FINE] modbat.examples.NioSocket1-1: Executing transition reset => open...
[FINE] modbat.examples.NioSocket1-1: Executing transition open => closed...
[FINE] modbat.examples.NioSocket1-1: Executing transition closed => err...
[FINE] java.nio.channels.ClosedChannelException generated as expected.
     140 6b3b77e519a5044a, one test failed.
[FINE] Launching new model instance modbat.examples.NioSocket1-1...
[FINE] modbat.examples.NioSocket1-1: Executing transition reset => open...
[FINE] modbat.examples.NioSocket1-1: Executing transition open => err (1)...
[FINE] java.nio.channels.NoConnectionPendingException generated as expected.
     141 43a26828012dacc5, one test failed.
[FINE] Launching new model instance modbat.examples.NioSocket1-1...
[FINE] modbat.examples.NioSocket1-1: Executing transition reset => open...
[FINE] modbat.examples.NioSocket1-1: Executing transition open => err (2)...
[FINE] java.nio.channels.NotYetConnectedException generated as expected.
     142 3ac17c0a2f73dcbd, one test failed.
[FINE] Launching new model instance modbat.examples.NioSocket1-1...
[FINE] modbat.examples.NioSocket1-1: Executing transition reset => open...
[FINE] modbat.examples.NioSocket1-1: Executing transition open => maybeconnected...
[FINE] Precondition violated, backtracking to open.
[FINE] modbat.examples.NioSocket1-1: Executing transition open => err (1)...
[FINE] java.nio.channels.NoConnectionPendingException generated as expected.
     143 45f8badb3ca0d883, one test failed.
[FINE] Launching new model instance modbat.examples.NioSocket1-1...
[FINE] modbat.examples.NioSocket1-1: Executing transition reset => open...
[FINE] modbat.examples.NioSocket1-1: Executing transition open => connected...
[FINE] modbat.examples.NioSocket1-1: Executing transition connected => closed...
[FINE] modbat.examples.NioSocket1-1: Executing transition closed => closed...
[FINE] modbat.examples.NioSocket1-1: Executing transition closed => err...
[FINE] java.nio.channels.ClosedChannelException generated as expected.
     144 696819cb3b77b790, one test failed.
[FINE] Launching new model instance modbat.examples.NioSocket1-1...
[FINE] modbat.examples.NioSocket1-1: Executing transition reset => open...
[FINE] modbat.examples.NioSocket1-1: Executing transition open => connected...
[FINE] modbat.examples.NioSocket1-1: Executing transition connected => closed...
[FINE] modbat.examples.NioSocket1-1: Executing transition closed => err...
[FINE] java.nio.channels.ClosedChannelException generated as expected.
     145  e8d2dab326af877, one test failed.
[FINE] Launching new model instance modbat.examples.NioSocket1-1...
[FINE] modbat.examples.NioSocket1-1: Executing transition reset => open...
[FINE] modbat.examples.NioSocket1-1: Executing transition open => closed...
[FINE] modbat.examples.NioSocket1-1: Executing transition closed => closed...
[FINE] modbat.examples.NioSocket1-1: Executing transition closed => err...
[FINE] java.nio.channels.ClosedChannelException generated as expected.
     146 19c2f9b0443e619a, one test failed.
[FINE] Launching new model instance modbat.examples.NioSocket1-1...
[FINE] modbat.examples.NioSocket1-1: Executing transition reset => open...
[FINE] modbat.examples.NioSocket1-1: Executing transition open => closed...
[FINE] modbat.examples.NioSocket1-1: Executing transition closed => err...
[FINE] java.nio.channels.ClosedChannelException generated as expected.
     147 8cd982f21acee05e, one test failed.
[FINE] Launching new model instance modbat.examples.NioSocket1-1...
[FINE] modbat.examples.NioSocket1-1: Executing transition reset => open...
[FINE] modbat.examples.NioSocket1-1: Executing transition open => open...
[FINE] modbat.examples.NioSocket1-1: Executing transition open => err (2)...
[FINE] java.nio.channels.NotYetConnectedException generated as expected.
     148 49de621b3d9fec2e, one test failed.
[FINE] Launching new model instance modbat.examples.NioSocket1-1...
[FINE] modbat.examples.NioSocket1-1: Executing transition reset => open...
[FINE] modbat.examples.NioSocket1-1: Executing transition open => err (2)...
[FINE] java.nio.channels.NotYetConnectedException generated as expected.
     149 3757b6f140de9fff, one test failed.
[FINE] Launching new model instance modbat.examples.NioSocket1-1...
[FINE] modbat.examples.NioSocket1-1: Executing transition reset => open...
[FINE] modbat.examples.NioSocket1-1: Executing transition open => err (2)...
[FINE] java.nio.channels.NotYetConnectedException generated as expected.
     150 6732d0302bf1fa8e, one test failed.
[FINE] Launching new model instance modbat.examples.NioSocket1-1...
[FINE] modbat.examples.NioSocket1-1: Executing transition reset => open...
[FINE] modbat.examples.NioSocket1-1: Executing transition open => connected...
[FINE] modbat.examples.NioSocket1-1: Executing transition connected => connected (2)...
[FINE] modbat.examples.NioSocket1-1: Executing transition connected => connected (1)...
[FINE] modbat.examples.NioSocket1-1: Executing transition connected => connected (1)...
[FINE] modbat.examples.NioSocket1-1: Executing transition connected => connected (1)...
[FINE] modbat.examples.NioSocket1-1: Executing transition connected => err...
[FINE] java.nio.channels.AlreadyConnectedException generated as expected.
     151 7570cae244d14c51, one test failed.
[FINE] Launching new model instance modbat.examples.NioSocket1-1...
[FINE] modbat.examples.NioSocket1-1: Executing transition reset => open...
[FINE] modbat.examples.NioSocket1-1: Executing transition open => closed...
[FINE] modbat.examples.NioSocket1-1: Executing transition closed => closed...
[FINE] modbat.examples.NioSocket1-1: Executing transition closed => closed...
[FINE] modbat.examples.NioSocket1-1: Executing transition closed => closed...
[FINE] modbat.examples.NioSocket1-1: Executing transition closed => closed...
[FINE] modbat.examples.NioSocket1-1: Executing transition closed => err...
[FINE] java.nio.channels.ClosedChannelException generated as expected.
     152 7272cc2214f64421, one test failed.
[FINE] Launching new model instance modbat.examples.NioSocket1-1...
[FINE] modbat.examples.NioSocket1-1: Executing transition reset => open...
[FINE] modbat.examples.NioSocket1-1: Executing transition open => err (2)...
[FINE] java.nio.channels.NotYetConnectedException generated as expected.
     153 73274c6412b66546, one test failed.
[FINE] Launching new model instance modbat.examples.NioSocket1-1...
[FINE] modbat.examples.NioSocket1-1: Executing transition reset => open...
[FINE] modbat.examples.NioSocket1-1: Executing transition open => open...
[FINE] modbat.examples.NioSocket1-1: Executing transition open => connected...
[FINE] Precondition violated, backtracking to open.
[FINE] modbat.examples.NioSocket1-1: Executing transition open => maybeconnected...
[FINE] modbat.examples.NioSocket1-1: Executing transition maybeconnected => connected...
[FINE] Precondition violated, backtracking to maybeconnected.
[FINE] modbat.examples.NioSocket1-1: Executing transition maybeconnected => maybeconnected (2)...
[FINE] Next state predicate holds, go to state connected.
[FINE] modbat.examples.NioSocket1-1: Executing transition connected => err...
[FINE] java.nio.channels.AlreadyConnectedException generated as expected.
     154 2b18082b1bd0dc96, one test failed.
[FINE] Launching new model instance modbat.examples.NioSocket1-1...
[FINE] modbat.examples.NioSocket1-1: Executing transition reset => open...
[FINE] modbat.examples.NioSocket1-1: Executing transition open => maybeconnected...
[FINE] Precondition violated, backtracking to open.
[FINE] modbat.examples.NioSocket1-1: Executing transition open => err (1)...
[FINE] java.nio.channels.NoConnectionPendingException generated as expected.
     155  49bb4bb3c960eb0, one test failed.
[FINE] Launching new model instance modbat.examples.NioSocket1-1...
[FINE] modbat.examples.NioSocket1-1: Executing transition reset => open...
[FINE] modbat.examples.NioSocket1-1: Executing transition open => connected...
[FINE] modbat.examples.NioSocket1-1: Executing transition connected => err...
[FINE] java.nio.channels.AlreadyConnectedException generated as expected.
     156 65f3554e0408f396, one test failed.
[FINE] Launching new model instance modbat.examples.NioSocket1-1...
[FINE] modbat.examples.NioSocket1-1: Executing transition reset => open...
[FINE] modbat.examples.NioSocket1-1: Executing transition open => maybeconnected...
[FINE] Precondition violated, backtracking to open.
[FINE] modbat.examples.NioSocket1-1: Executing transition open => connected...
[FINE] modbat.examples.NioSocket1-1: Executing transition connected => connected (1)...
[FINE] modbat.examples.NioSocket1-1: Executing transition connected => err...
[FINE] java.nio.channels.AlreadyConnectedException generated as expected.
     157 301f42f142e726e8, one test failed.
[FINE] Launching new model instance modbat.examples.NioSocket1-1...
[FINE] modbat.examples.NioSocket1-1: Executing transition reset => open...
[FINE] modbat.examples.NioSocket1-1: Executing transition open => connected...
[FINE] modbat.examples.NioSocket1-1: Executing transition connected => connected (1)...
[FINE] modbat.examples.NioSocket1-1: Executing transition connected => connected (2)...
[FINE] modbat.examples.NioSocket1-1: Executing transition connected => connected (2)...
[FINE] modbat.examples.NioSocket1-1: Executing transition connected => connected (1)...
[FINE] modbat.examples.NioSocket1-1: Executing transition connected => err...
[FINE] java.nio.channels.AlreadyConnectedException generated as expected.
     158 25c334f80aafdb67, one test failed.
[FINE] Launching new model instance modbat.examples.NioSocket1-1...
[FINE] modbat.examples.NioSocket1-1: Executing transition reset => open...
[FINE] modbat.examples.NioSocket1-1: Executing transition open => maybeconnected...
[FINE] Precondition violated, backtracking to open.
[FINE] modbat.examples.NioSocket1-1: Executing transition open => connected...
[FINE] modbat.examples.NioSocket1-1: Executing transition connected => err...
[FINE] java.nio.channels.AlreadyConnectedException generated as expected.
     159 1de15f7b3c42c4df, one test failed.
[FINE] Launching new model instance modbat.examples.NioSocket1-1...
[FINE] modbat.examples.NioSocket1-1: Executing transition reset => open...
[FINE] modbat.examples.NioSocket1-1: Executing transition open => maybeconnected...
[FINE] Precondition violated, backtracking to open.
[FINE] modbat.examples.NioSocket1-1: Executing transition open => connected...
[FINE] modbat.examples.NioSocket1-1: Executing transition connected => connected (2)...
[FINE] modbat.examples.NioSocket1-1: Executing transition connected => connected (2)...
[FINE] modbat.examples.NioSocket1-1: Executing transition connected => connected (1)...
[FINE] modbat.examples.NioSocket1-1: Executing transition connected => err...
[FINE] java.nio.channels.AlreadyConnectedException generated as expected.
     160 35dc77543612bbf2, one test failed.
[FINE] Launching new model instance modbat.examples.NioSocket1-1...
[FINE] modbat.examples.NioSocket1-1: Executing transition reset => open...
[FINE] modbat.examples.NioSocket1-1: Executing transition open => open...
[FINE] modbat.examples.NioSocket1-1: Executing transition open => open...
[FINE] modbat.examples.NioSocket1-1: Executing transition open => err (2)...
[FINE] java.nio.channels.NotYetConnectedException generated as expected.
     161 43506750339f1db2, one test failed.
[FINE] Launching new model instance modbat.examples.NioSocket1-1...
[FINE] modbat.examples.NioSocket1-1: Executing transition reset => open...
[FINE] modbat.examples.NioSocket1-1: Executing transition open => err (2)...
[FINE] java.nio.channels.NotYetConnectedException generated as expected.
     162 3a47a3200828273f, one test failed.
[FINE] Launching new model instance modbat.examples.NioSocket1-1...
[FINE] modbat.examples.NioSocket1-1: Executing transition reset => open...
[FINE] modbat.examples.NioSocket1-1: Executing transition open => open...
[FINE] modbat.examples.NioSocket1-1: Executing transition open => err (2)...
[FINE] java.nio.channels.NotYetConnectedException generated as expected.
     163 5c0522670ac785d8, one test failed.
[FINE] Launching new model instance modbat.examples.NioSocket1-1...
[FINE] modbat.examples.NioSocket1-1: Executing transition reset => open...
[FINE] modbat.examples.NioSocket1-1: Executing transition open => err (1)...
[FINE] java.nio.channels.NoConnectionPendingException generated as expected.
     164 1368684424c2ee47, one test failed.
[FINE] Launching new model instance modbat.examples.NioSocket1-1...
[FINE] modbat.examples.NioSocket1-1: Executing transition reset => open...
[FINE] modbat.examples.NioSocket1-1: Executing transition open => err (2)...
[FINE] java.nio.channels.NotYetConnectedException generated as expected.
     165 3ad1174c417204f2, one test failed.
[FINE] Launching new model instance modbat.examples.NioSocket1-1...
[FINE] modbat.examples.NioSocket1-1: Executing transition reset => open...
[FINE] modbat.examples.NioSocket1-1: Executing transition open => maybeconnected...
[FINE] Precondition violated, backtracking to open.
[FINE] modbat.examples.NioSocket1-1: Executing transition open => err (1)...
[FINE] java.nio.channels.NoConnectionPendingException generated as expected.
     166  d2488fd015bf912, one test failed.
[FINE] Launching new model instance modbat.examples.NioSocket1-1...
[FINE] modbat.examples.NioSocket1-1: Executing transition reset => open...
[FINE] modbat.examples.NioSocket1-1: Executing transition open => closed...
[FINE] modbat.examples.NioSocket1-1: Executing transition closed => err...
[FINE] java.nio.channels.ClosedChannelException generated as expected.
     167 4d468ce94468c2fb, one test failed.
[FINE] Launching new model instance modbat.examples.NioSocket1-1...
[FINE] modbat.examples.NioSocket1-1: Executing transition reset => open...
[FINE] modbat.examples.NioSocket1-1: Executing transition open => connected...
[FINE] modbat.examples.NioSocket1-1: Executing transition connected => connected (2)...
[FINE] modbat.examples.NioSocket1-1: Executing transition connected => connected (2)...
[FINE] modbat.examples.NioSocket1-1: Executing transition connected => connected (1)...
[FINE] modbat.examples.NioSocket1-1: Executing transition connected => closed...
[FINE] modbat.examples.NioSocket1-1: Executing transition closed => closed...
[FINE] modbat.examples.NioSocket1-1: Executing transition closed => closed...
[FINE] modbat.examples.NioSocket1-1: Executing transition closed => closed...
[FINE] modbat.examples.NioSocket1-1: Executing transition closed => closed...
[FINE] modbat.examples.NioSocket1-1: Executing transition closed => closed...
[FINE] modbat.examples.NioSocket1-1: Executing transition closed => closed...
[FINE] modbat.examples.NioSocket1-1: Executing transition closed => closed...
[FINE] modbat.examples.NioSocket1-1: Executing transition closed => closed...
[FINE] modbat.examples.NioSocket1-1: Executing transition closed => closed...
[FINE] modbat.examples.NioSocket1-1: Executing transition closed => err...
[FINE] java.nio.channels.ClosedChannelException generated as expected.
     168 4f7d28d7358dd4d8, one test failed.
[FINE] Launching new model instance modbat.examples.NioSocket1-1...
[FINE] modbat.examples.NioSocket1-1: Executing transition reset => open...
[FINE] modbat.examples.NioSocket1-1: Executing transition open => err (2)...
[FINE] java.nio.channels.NotYetConnectedException generated as expected.
     169 1709ffac3a75c90d, one test failed.
[FINE] Launching new model instance modbat.examples.NioSocket1-1...
[FINE] modbat.examples.NioSocket1-1: Executing transition reset => open...
[FINE] modbat.examples.NioSocket1-1: Executing transition open => err (1)...
[FINE] java.nio.channels.NoConnectionPendingException generated as expected.
     170 9039b49537389c85, one test failed.
[FINE] Launching new model instance modbat.examples.NioSocket1-1...
[FINE] modbat.examples.NioSocket1-1: Executing transition reset => open...
[FINE] modbat.examples.NioSocket1-1: Executing transition open => err (1)...
[FINE] java.nio.channels.NoConnectionPendingException generated as expected.
     171 65de71562afd7ec8, one test failed.
[FINE] Launching new model instance modbat.examples.NioSocket1-1...
[FINE] modbat.examples.NioSocket1-1: Executing transition reset => open...
[FINE] modbat.examples.NioSocket1-1: Executing transition open => err (1)...
[FINE] java.nio.channels.NoConnectionPendingException generated as expected.
     172 3fef422422d2797d, one test failed.
[FINE] Launching new model instance modbat.examples.NioSocket1-1...
[FINE] modbat.examples.NioSocket1-1: Executing transition reset => open...
[FINE] modbat.examples.NioSocket1-1: Executing transition open => err (2)...
[FINE] java.nio.channels.NotYetConnectedException generated as expected.
     173 254fa0b3215e47e2, one test failed.
[FINE] Launching new model instance modbat.examples.NioSocket1-1...
[FINE] modbat.examples.NioSocket1-1: Executing transition reset => open...
[FINE] modbat.examples.NioSocket1-1: Executing transition open => connected...
[FINE] modbat.examples.NioSocket1-1: Executing transition connected => closed...
[FINE] modbat.examples.NioSocket1-1: Executing transition closed => closed...
[FINE] modbat.examples.NioSocket1-1: Executing transition closed => closed...
[FINE] modbat.examples.NioSocket1-1: Executing transition closed => closed...
[FINE] modbat.examples.NioSocket1-1: Executing transition closed => closed...
[FINE] modbat.examples.NioSocket1-1: Executing transition closed => closed...
[FINE] modbat.examples.NioSocket1-1: Executing transition closed => closed...
[FINE] modbat.examples.NioSocket1-1: Executing transition closed => closed...
[FINE] modbat.examples.NioSocket1-1: Executing transition closed => closed...
[FINE] modbat.examples.NioSocket1-1: Executing transition closed => closed...
[FINE] modbat.examples.NioSocket1-1: Executing transition closed => err...
[FINE] java.nio.channels.ClosedChannelException generated as expected.
     174 5aa6beba13be63fe, one test failed.
[FINE] Launching new model instance modbat.examples.NioSocket1-1...
[FINE] modbat.examples.NioSocket1-1: Executing transition reset => open...
[FINE] modbat.examples.NioSocket1-1: Executing transition open => open...
[FINE] modbat.examples.NioSocket1-1: Executing transition open => closed...
[FINE] modbat.examples.NioSocket1-1: Executing transition closed => closed...
[FINE] modbat.examples.NioSocket1-1: Executing transition closed => err...
[FINE] java.nio.channels.ClosedChannelException generated as expected.
     175 6b9734f01b76c71e, one test failed.
[FINE] Launching new model instance modbat.examples.NioSocket1-1...
[FINE] modbat.examples.NioSocket1-1: Executing transition reset => open...
[FINE] modbat.examples.NioSocket1-1: Executing transition open => closed...
[FINE] modbat.examples.NioSocket1-1: Executing transition closed => closed...
[FINE] modbat.examples.NioSocket1-1: Executing transition closed => closed...
[FINE] modbat.examples.NioSocket1-1: Executing transition closed => closed...
[FINE] modbat.examples.NioSocket1-1: Executing transition closed => closed...
[FINE] modbat.examples.NioSocket1-1: Executing transition closed => closed...
[FINE] modbat.examples.NioSocket1-1: Executing transition closed => closed...
[FINE] modbat.examples.NioSocket1-1: Executing transition closed => closed...
[FINE] modbat.examples.NioSocket1-1: Executing transition closed => closed...
[FINE] modbat.examples.NioSocket1-1: Executing transition closed => closed...
[FINE] modbat.examples.NioSocket1-1: Executing transition closed => err...
[FINE] java.nio.channels.ClosedChannelException generated as expected.
     176 1ddd220736b088d6, one test failed.
[FINE] Launching new model instance modbat.examples.NioSocket1-1...
[FINE] modbat.examples.NioSocket1-1: Executing transition reset => open...
[FINE] modbat.examples.NioSocket1-1: Executing transition open => closed...
[FINE] modbat.examples.NioSocket1-1: Executing transition closed => closed...
[FINE] modbat.examples.NioSocket1-1: Executing transition closed => err...
[FINE] java.nio.channels.ClosedChannelException generated as expected.
     177 133202bc25957d90, one test failed.
[FINE] Launching new model instance modbat.examples.NioSocket1-1...
[FINE] modbat.examples.NioSocket1-1: Executing transition reset => open...
[FINE] modbat.examples.NioSocket1-1: Executing transition open => open...
[FINE] modbat.examples.NioSocket1-1: Executing transition open => connected...
[FINE] Precondition violated, backtracking to open.
[FINE] modbat.examples.NioSocket1-1: Executing transition open => maybeconnected...
[FINE] modbat.examples.NioSocket1-1: Executing transition maybeconnected => connected...
[FINE] Precondition violated, backtracking to maybeconnected.
[FINE] modbat.examples.NioSocket1-1: Executing transition maybeconnected => maybeconnected (2)...
[FINE] Next state predicate holds, go to state connected.
[FINE] modbat.examples.NioSocket1-1: Executing transition connected => err...
[FINE] java.nio.channels.AlreadyConnectedException generated as expected.
     178  18af24e227cc295, one test failed.
[FINE] Launching new model instance modbat.examples.NioSocket1-1...
[FINE] modbat.examples.NioSocket1-1: Executing transition reset => open...
[FINE] modbat.examples.NioSocket1-1: Executing transition open => connected...
[FINE] modbat.examples.NioSocket1-1: Executing transition connected => connected (2)...
[FINE] modbat.examples.NioSocket1-1: Executing transition connected => connected (1)...
[FINE] modbat.examples.NioSocket1-1: Executing transition connected => err...
[FINE] java.nio.channels.AlreadyConnectedException generated as expected.
     179 88af43883571af0c, one test failed.
[FINE] Launching new model instance modbat.examples.NioSocket1-1...
[FINE] modbat.examples.NioSocket1-1: Executing transition reset => open...
[FINE] modbat.examples.NioSocket1-1: Executing transition open => connected...
[FINE] modbat.examples.NioSocket1-1: Executing transition connected => connected (1)...
[FINE] modbat.examples.NioSocket1-1: Executing transition connected => err...
[FINE] java.nio.channels.AlreadyConnectedException generated as expected.
     180 2618bb7730143131, one test failed.
[FINE] Launching new model instance modbat.examples.NioSocket1-1...
[FINE] modbat.examples.NioSocket1-1: Executing transition reset => open...
[FINE] modbat.examples.NioSocket1-1: Executing transition open => err (2)...
[FINE] java.nio.channels.NotYetConnectedException generated as expected.
     181 69bff9e70d82f564, one test failed.
[FINE] Launching new model instance modbat.examples.NioSocket1-1...
[FINE] modbat.examples.NioSocket1-1: Executing transition reset => open...
[FINE] modbat.examples.NioSocket1-1: Executing transition open => connected...
[FINE] modbat.examples.NioSocket1-1: Executing transition connected => err...
[FINE] java.nio.channels.AlreadyConnectedException generated as expected.
     182 8cf8d97e436614c2, one test failed.
[FINE] Launching new model instance modbat.examples.NioSocket1-1...
[FINE] modbat.examples.NioSocket1-1: Executing transition reset => open...
[FINE] modbat.examples.NioSocket1-1: Executing transition open => connected...
[FINE] modbat.examples.NioSocket1-1: Executing transition connected => err...
[FINE] java.nio.channels.AlreadyConnectedException generated as expected.
     183 7ab0a1a605b3cc06, one test failed.
[FINE] Launching new model instance modbat.examples.NioSocket1-1...
[FINE] modbat.examples.NioSocket1-1: Executing transition reset => open...
[FINE] modbat.examples.NioSocket1-1: Executing transition open => open...
[FINE] modbat.examples.NioSocket1-1: Executing transition open => open...
[FINE] modbat.examples.NioSocket1-1: Executing transition open => connected...
[FINE] modbat.examples.NioSocket1-1: Executing transition connected => connected (1)...
[FINE] modbat.examples.NioSocket1-1: Executing transition connected => connected (1)...
[FINE] modbat.examples.NioSocket1-1: Executing transition connected => connected (1)...
[FINE] modbat.examples.NioSocket1-1: Executing transition connected => closed...
[FINE] modbat.examples.NioSocket1-1: Executing transition closed => closed...
[FINE] modbat.examples.NioSocket1-1: Executing transition closed => closed...
[FINE] modbat.examples.NioSocket1-1: Executing transition closed => err...
[FINE] java.nio.channels.ClosedChannelException generated as expected.
     184 5b3027c638096b93, one test failed.
[FINE] Launching new model instance modbat.examples.NioSocket1-1...
[FINE] modbat.examples.NioSocket1-1: Executing transition reset => open...
[FINE] modbat.examples.NioSocket1-1: Executing transition open => connected...
[FINE] modbat.examples.NioSocket1-1: Executing transition connected => connected (1)...
[FINE] modbat.examples.NioSocket1-1: Executing transition connected => connected (1)...
[FINE] modbat.examples.NioSocket1-1: Executing transition connected => connected (2)...
[FINE] modbat.examples.NioSocket1-1: Executing transition connected => err...
[FINE] java.nio.channels.AlreadyConnectedException generated as expected.
     185 16700b661d8c07f9, one test failed.
[FINE] Launching new model instance modbat.examples.NioSocket1-1...
[FINE] modbat.examples.NioSocket1-1: Executing transition reset => open...
[FINE] modbat.examples.NioSocket1-1: Executing transition open => open...
[FINE] modbat.examples.NioSocket1-1: Executing transition open => connected...
[FINE] Precondition violated, backtracking to open.
[FINE] modbat.examples.NioSocket1-1: Executing transition open => maybeconnected...
[FINE] modbat.examples.NioSocket1-1: Executing transition maybeconnected => maybeconnected (2)...
[FINE] modbat.examples.NioSocket1-1: Executing transition maybeconnected => maybeconnected (1)...
[FINE] modbat.examples.NioSocket1-1: Executing transition maybeconnected => closed...
[FINE] modbat.examples.NioSocket1-1: Executing transition closed => err...
[FINE] java.nio.channels.ClosedChannelException generated as expected.
     186  66e23460230b15c, one test failed.
[FINE] Launching new model instance modbat.examples.NioSocket1-1...
[FINE] modbat.examples.NioSocket1-1: Executing transition reset => open...
[FINE] modbat.examples.NioSocket1-1: Executing transition open => maybeconnected...
[FINE] Precondition violated, backtracking to open.
[FINE] modbat.examples.NioSocket1-1: Executing transition open => err (1)...
[FINE] java.nio.channels.NoConnectionPendingException generated as expected.
     187 13e5de2430b696f0, one test failed.
[FINE] Launching new model instance modbat.examples.NioSocket1-1...
[FINE] modbat.examples.NioSocket1-1: Executing transition reset => open...
[FINE] modbat.examples.NioSocket1-1: Executing transition open => connected...
[FINE] modbat.examples.NioSocket1-1: Executing transition connected => connected (1)...
[FINE] modbat.examples.NioSocket1-1: Executing transition connected => connected (1)...
[FINE] modbat.examples.NioSocket1-1: Executing transition connected => connected (1)...
[FINE] modbat.examples.NioSocket1-1: Executing transition connected => closed...
[FINE] modbat.examples.NioSocket1-1: Executing transition closed => closed...
[FINE] modbat.examples.NioSocket1-1: Executing transition closed => closed...
[FINE] modbat.examples.NioSocket1-1: Executing transition closed => err...
[FINE] java.nio.channels.ClosedChannelException generated as expected.
     188 7d4f70a92974fbb6, one test failed.
[FINE] Launching new model instance modbat.examples.NioSocket1-1...
[FINE] modbat.examples.NioSocket1-1: Executing transition reset => open...
[FINE] modbat.examples.NioSocket1-1: Executing transition open => maybeconnected...
[FINE] Precondition violated, backtracking to open.
[FINE] modbat.examples.NioSocket1-1: Executing transition open => err (1)...
[FINE] java.nio.channels.NoConnectionPendingException generated as expected.
     189 3f8dc2a045229654, one test failed.
[FINE] Launching new model instance modbat.examples.NioSocket1-1...
[FINE] modbat.examples.NioSocket1-1: Executing transition reset => open...
[FINE] modbat.examples.NioSocket1-1: Executing transition open => maybeconnected...
[FINE] Precondition violated, backtracking to open.
[FINE] modbat.examples.NioSocket1-1: Executing transition open => connected...
[FINE] modbat.examples.NioSocket1-1: Executing transition connected => connected (1)...
[FINE] modbat.examples.NioSocket1-1: Executing transition connected => connected (1)...
[FINE] modbat.examples.NioSocket1-1: Executing transition connected => closed...
[FINE] modbat.examples.NioSocket1-1: Executing transition closed => closed...
[FINE] modbat.examples.NioSocket1-1: Executing transition closed => closed...
[FINE] modbat.examples.NioSocket1-1: Executing transition closed => err...
[FINE] java.nio.channels.ClosedChannelException generated as expected.
     190 6dca132d294a3762, one test failed.
[FINE] Launching new model instance modbat.examples.NioSocket1-1...
[FINE] modbat.examples.NioSocket1-1: Executing transition reset => open...
[FINE] modbat.examples.NioSocket1-1: Executing transition open => err (1)...
[FINE] java.nio.channels.NoConnectionPendingException generated as expected.
     191  ad19b3f0f3643ea, one test failed.
[FINE] Launching new model instance modbat.examples.NioSocket1-1...
[FINE] modbat.examples.NioSocket1-1: Executing transition reset => open...
[FINE] modbat.examples.NioSocket1-1: Executing transition open => connected...
[FINE] modbat.examples.NioSocket1-1: Executing transition connected => connected (1)...
[FINE] modbat.examples.NioSocket1-1: Executing transition connected => closed...
[FINE] modbat.examples.NioSocket1-1: Executing transition closed => closed...
[FINE] modbat.examples.NioSocket1-1: Executing transition closed => closed...
[FINE] modbat.examples.NioSocket1-1: Executing transition closed => err...
[FINE] java.nio.channels.ClosedChannelException generated as expected.
     192 579327a812a74456, one test failed.
[FINE] Launching new model instance modbat.examples.NioSocket1-1...
[FINE] modbat.examples.NioSocket1-1: Executing transition reset => open...
[FINE] modbat.examples.NioSocket1-1: Executing transition open => open...
[FINE] modbat.examples.NioSocket1-1: Executing transition open => closed...
[FINE] modbat.examples.NioSocket1-1: Executing transition closed => err...
[FINE] java.nio.channels.ClosedChannelException generated as expected.
     193 165f1b7b12c4f187, one test failed.
[FINE] Launching new model instance modbat.examples.NioSocket1-1...
[FINE] modbat.examples.NioSocket1-1: Executing transition reset => open...
[FINE] modbat.examples.NioSocket1-1: Executing transition open => maybeconnected...
[FINE] Precondition violated, backtracking to open.
[FINE] modbat.examples.NioSocket1-1: Executing transition open => connected...
[FINE] modbat.examples.NioSocket1-1: Executing transition connected => closed...
[FINE] modbat.examples.NioSocket1-1: Executing transition closed => closed...
[FINE] modbat.examples.NioSocket1-1: Executing transition closed => closed...
[FINE] modbat.examples.NioSocket1-1: Executing transition closed => err...
[FINE] java.nio.channels.ClosedChannelException generated as expected.
     194  f808bd2425676f4, one test failed.
[FINE] Launching new model instance modbat.examples.NioSocket1-1...
[FINE] modbat.examples.NioSocket1-1: Executing transition reset => open...
[FINE] modbat.examples.NioSocket1-1: Executing transition open => closed...
[FINE] modbat.examples.NioSocket1-1: Executing transition closed => err...
[FINE] java.nio.channels.ClosedChannelException generated as expected.
     195 4edf88a220ac2696, one test failed.
[FINE] Launching new model instance modbat.examples.NioSocket1-1...
[FINE] modbat.examples.NioSocket1-1: Executing transition reset => open...
[FINE] modbat.examples.NioSocket1-1: Executing transition open => closed...
[FINE] modbat.examples.NioSocket1-1: Executing transition closed => closed...
[FINE] modbat.examples.NioSocket1-1: Executing transition closed => closed...
[FINE] modbat.examples.NioSocket1-1: Executing transition closed => err...
[FINE] java.nio.channels.ClosedChannelException generated as expected.
     196 4d1379510a99338c, one test failed.
[FINE] Launching new model instance modbat.examples.NioSocket1-1...
[FINE] modbat.examples.NioSocket1-1: Executing transition reset => open...
[FINE] modbat.examples.NioSocket1-1: Executing transition open => closed...
[FINE] modbat.examples.NioSocket1-1: Executing transition closed => closed...
[FINE] modbat.examples.NioSocket1-1: Executing transition closed => closed...
[FINE] modbat.examples.NioSocket1-1: Executing transition closed => closed...
[FINE] modbat.examples.NioSocket1-1: Executing transition closed => closed...
[FINE] modbat.examples.NioSocket1-1: Executing transition closed => err...
[FINE] java.nio.channels.ClosedChannelException generated as expected.
     197 446f9f4c0e286e59, one test failed.
[FINE] Launching new model instance modbat.examples.NioSocket1-1...
[FINE] modbat.examples.NioSocket1-1: Executing transition reset => open...
[FINE] modbat.examples.NioSocket1-1: Executing transition open => connected...
[FINE] modbat.examples.NioSocket1-1: Executing transition connected => connected (1)...
[FINE] modbat.examples.NioSocket1-1: Executing transition connected => connected (2)...
[FINE] modbat.examples.NioSocket1-1: Executing transition connected => connected (1)...
[FINE] modbat.examples.NioSocket1-1: Executing transition connected => connected (2)...
[FINE] modbat.examples.NioSocket1-1: Executing transition connected => closed...
[FINE] modbat.examples.NioSocket1-1: Executing transition closed => closed...
[FINE] modbat.examples.NioSocket1-1: Executing transition closed => closed...
[FINE] modbat.examples.NioSocket1-1: Executing transition closed => closed...
[FINE] modbat.examples.NioSocket1-1: Executing transition closed => err...
[FINE] java.nio.channels.ClosedChannelException generated as expected.
     198 59dc5a9b1e4edff8, one test failed.
[FINE] Launching new model instance modbat.examples.NioSocket1-1...
[FINE] modbat.examples.NioSocket1-1: Executing transition reset => open...
[FINE] modbat.examples.NioSocket1-1: Executing transition open => connected...
[FINE] modbat.examples.NioSocket1-1: Executing transition connected => err...
[FINE] java.nio.channels.AlreadyConnectedException generated as expected.
     199 331cb36f3d83ebce, one test failed.
[FINE] Launching new model instance modbat.examples.NioSocket1-1...
[FINE] modbat.examples.NioSocket1-1: Executing transition reset => open...
[FINE] modbat.examples.NioSocket1-1: Executing transition open => maybeconnected...
[FINE] Precondition violated, backtracking to open.
[FINE] modbat.examples.NioSocket1-1: Executing transition open => err (1)...
[FINE] java.nio.channels.NoConnectionPendingException generated as expected.
     200 65383ba340c441e3, one test failed.
[FINE] Launching new model instance modbat.examples.NioSocket1-1...
[FINE] modbat.examples.NioSocket1-1: Executing transition reset => open...
[FINE] modbat.examples.NioSocket1-1: Executing transition open => open...
[FINE] modbat.examples.NioSocket1-1: Executing transition open => connected...
[FINE] Precondition violated, backtracking to open.
[FINE] modbat.examples.NioSocket1-1: Executing transition open => maybeconnected...
[FINE] modbat.examples.NioSocket1-1: Executing transition maybeconnected => maybeconnected (1)...
[FINE] modbat.examples.NioSocket1-1: Executing transition maybeconnected => closed...
[FINE] modbat.examples.NioSocket1-1: Executing transition closed => closed...
[FINE] modbat.examples.NioSocket1-1: Executing transition closed => err...
[FINE] java.nio.channels.ClosedChannelException generated as expected.
[INFO] 200 tests executed, 199 ok, 1 failed.
[INFO] One type of test failure:
[INFO] 1) java.lang.AssertionError: assertion failed at readFrom
[INFO]    8a4a8b323494e5a2
[INFO] 6 states covered (100 % out of 6),
[INFO] 19 transitions covered (95 % out of 20).
[INFO] Precondition 1 always failed at transition modbat/examples/NioSocket1.scala:93 finishConnect
[INFO] Precondition 1 always passed at transition modbat/examples/NioSocket1.scala:97 sleep
[INFO] Random seed for next test would be: 21a48b131218e9b4
