       1 3ba471c1785a0175
       2 402b73cd0066eaea
       3 41530f4040856586
       4  89a82931be29e65
       5 49a846e52b813972
       6 27fe2d950fc74b21
       7 19b6aa1b14a29017
       8 5ff50ec9279365d2
       9  85780661bf76533
      10 486e122d1bcbade7
      11  a410ce32fc39dfb
      12  745035c2b643033
      13  1e528010d3d2d54
      14 1690fa4e0c732f7d
      15 8d32a08e0d0b1183
      16 5a92477004cf57fb
      17 284ca782182a253f
      18 5e7dfc9e0a3af5da
      19 8e80db4b43867a5a
      20 7bb4b043219b1ba6
      21 636e772f0798297b
      22 433bb5b50b64a008
      23 66809a782bf43de4
      24 572341b810ffdb34
      25 2512cb9b3c34c93f
      26 72dad7a5374659e4
      27 79a5b58718b0a686
      28 6666de042dbcc690
      29 7d3db60a36899abc
      30 66b0c7572a7ff949
      31 7073195f4478074f
      32  e50486a02022728
      33 28d961ca0ac12e82
      34 3729e4b30cc61f61
      35 8102b494089e6116
      36 65ddd1b61aaa637e
      37 764cc9831b53a60a
      38 71accd072d9aba73
      39 73a8798b3335e38a
      40 44907dab3e7f0a55
      41 46e3ffb302d6b70f
      42 903dd74e32475186
      43 7974bf3b16645027
      44 6be018a71603cc94
      45  de8785f38307c43
      46 43e6dcdf22215f20
      47 7c984b5d1a209c21
      48 2a83b5bd2ae1ea70
      49 6685050840640de1
      50  2d6f6cd03d01cb4
      51 8b388ceb07e23410
      52 4f7e879b0e4cace2
      53 4c7f1e112f7be0ec
      54 10f631783dc7013b
      55 1be7db2e0056c237
      56 7ba3e1c53557bb86
      57 7f5be57033817337
      58 816d9a4b1fa53eb1
      59 5709fa3011381cf5
      60 8d21f4b907f41bc8
      61 8a0cfd0207a16674
      62 8eb96fde1c23c3e1
      63 3f1b50c735ccd873
      64 2d9150ba3b734bbc
      65 2d89e9db14cd4e33
      66 83eb485c157a76bd
      67 28d1f1a7209cde8a
      68 885136503d1f67bc
      69 1ea3cf211c7e0fdf
      70 74d7a32c045c0c2e
      71 5c0c21e3035866bc
      72 131df2271c378618
      73 8899551c24d493b7
      74 3003311528925804
      75 1bb021a0182cc1d2
      76 12f7e650353c15cc
      77 81eb89c705fcccfc
      78 4db8f48a384cfcbc
      79 89f23a52456a9b0c
      80 20e695942a96012a
      81 5460ba9a005203b6
      82 69437d8a0104ed32
      83 46d186dd4125cca4
      84 4c13e77638350c65
      85 82919b790367b5c5
      86 57b4573231ecaef7
      87 31303b36300e691c
      88 2166da561cdeb0ce
      89 7b2a0eac308fb13e
      90  8473fb630ae87ef
      91 23f089ed2556055e
      92 4dce0625017986b6
      93  377a2fb24ffde59
      94 5bf00c6a3d11f6cf
      95  701136a43c9f7c1
      96  af39d7b440c7619
      97 58d5d266207001dc
      98 76b004ab0082dd30
      99  2a290d33cc03f82
     100 51b2192d1171a160
     101  e33f5272c52bf71
     102 8a4a8b323494e5a2
     103 4e85c1cc3f124334, one test failed.
     104 6d528b3112757752, one test failed.
     105 4e85146b20c5c815, one test failed.
     106  b84de6836f46555, one test failed.
     107 7d75c42c1bd51f84, one test failed.
     108 6ea9b38108a80d15, one test failed.
     109 65429e920397dd38, one test failed.
     110 59738f243cc27517, one test failed.
     111 50bf4f3720291df2, one test failed.
     112 2cafbe4e0839a7c9, one test failed.
     113 6b5a1aad2e156d09, one test failed.
     114  f0cac4f1df2b6e5, one test failed.
     115 61332b73323be382, one test failed.
     116 1882e35e3e7cd6db, one test failed.
     117 80423a103b0344ec, one test failed.
     118 20c150d212ee4cc3, one test failed.
     119 2d9766e3151561de, one test failed.
     120 3a0a10b21ae15e75, one test failed.
     121  96b330c19f19d71, one test failed.
     122 1ccbb9572b3e3341, one test failed.
     123 688d117a0e13f58e, one test failed.
     124  9dc339743719e73, one test failed.
     125 1d1a22cb2b853961, one test failed.
     126 13a0925d0fc29fd5, one test failed.
     127 52906bc52be64052, one test failed.
     128 3ccb565d11aab186, one test failed.
     129 30b7f8f030c22f8a, one test failed.
     130 8c6d4b270d0ec7e2, one test failed.
     131 2a654f6c36e64fae, one test failed.
     132 2ccd7db115e2b146, one test failed.
     133 46e74a6630b09fc2, one test failed.
     134 29f82abd2be12950, one test failed.
     135 181c017d0b58f4e1, one test failed.
     136   d70461434217a8, one test failed.
     137  2785ca0067f97c2, one test failed.
     138 3440001829ae7f1f, one test failed.
     139    dbe1822ea5d5e, one test failed.
     140 6b3b77e519a5044a, one test failed.
     141 43a26828012dacc5, one test failed.
     142 3ac17c0a2f73dcbd, one test failed.
     143 45f8badb3ca0d883, one test failed.
     144 696819cb3b77b790, one test failed.
     145  e8d2dab326af877, one test failed.
     146 19c2f9b0443e619a, one test failed.
     147 8cd982f21acee05e, one test failed.
     148 49de621b3d9fec2e, one test failed.
     149 3757b6f140de9fff, one test failed.
     150 6732d0302bf1fa8e, one test failed.
     151 7570cae244d14c51, one test failed.
     152 7272cc2214f64421, one test failed.
     153 73274c6412b66546, one test failed.
     154 2b18082b1bd0dc96, one test failed.
     155  49bb4bb3c960eb0, one test failed.
     156 65f3554e0408f396, one test failed.
     157 301f42f142e726e8, one test failed.
     158 25c334f80aafdb67, one test failed.
     159 1de15f7b3c42c4df, one test failed.
     160 35dc77543612bbf2, one test failed.
     161 43506750339f1db2, one test failed.
     162 3a47a3200828273f, one test failed.
     163 5c0522670ac785d8, one test failed.
     164 1368684424c2ee47, one test failed.
     165 3ad1174c417204f2, one test failed.
     166  d2488fd015bf912, one test failed.
     167 4d468ce94468c2fb, one test failed.
     168 4f7d28d7358dd4d8, one test failed.
     169 1709ffac3a75c90d, one test failed.
     170 9039b49537389c85, one test failed.
     171 65de71562afd7ec8, one test failed.
     172 3fef422422d2797d, one test failed.
     173 254fa0b3215e47e2, one test failed.
     174 5aa6beba13be63fe, one test failed.
     175 6b9734f01b76c71e, one test failed.
     176 1ddd220736b088d6, one test failed.
     177 133202bc25957d90, one test failed.
     178  18af24e227cc295, one test failed.
     179 88af43883571af0c, one test failed.
     180 2618bb7730143131, one test failed.
     181 69bff9e70d82f564, one test failed.
     182 8cf8d97e436614c2, one test failed.
     183 7ab0a1a605b3cc06, one test failed.
     184 5b3027c638096b93, one test failed.
     185 16700b661d8c07f9, one test failed.
     186  66e23460230b15c, one test failed.
     187 13e5de2430b696f0, one test failed.
     188 7d4f70a92974fbb6, one test failed.
     189 3f8dc2a045229654, one test failed.
     190 6dca132d294a3762, one test failed.
     191  ad19b3f0f3643ea, one test failed.
     192 579327a812a74456, one test failed.
     193 165f1b7b12c4f187, one test failed.
     194  f808bd2425676f4, one test failed.
     195 4edf88a220ac2696, one test failed.
     196 4d1379510a99338c, one test failed.
     197 446f9f4c0e286e59, one test failed.
     198 59dc5a9b1e4edff8, one test failed.
     199 331cb36f3d83ebce, one test failed.
     200 65383ba340c441e3, one test failed.
[INFO] 37 paths executed.
[INFO] 200 tests executed, 199 ok, 1 failed.
[INFO] One type of test failure:
[INFO] 1) java.lang.AssertionError: assertion failed at readFrom
[INFO]    8a4a8b323494e5a2
[INFO] 6 states covered (100 % out of 6),
[INFO] 19 transitions covered (95 % out of 20).
[INFO] Precondition 1 always failed at transition modbat/examples/NioSocket1.scala:93 finishConnect
[INFO] Precondition 1 always passed at transition modbat/examples/NioSocket1.scala:97 sleep
[INFO] Random seed for next test would be: 21a48b131218e9b4
