       1 3ba471c1785a0175
[FINE] Launching new model instance modbat.examples.NioSocket1-1...
[FINE] modbat.examples.NioSocket1-1: Executing transition reset => open...
[FINE] modbat.examples.NioSocket1-1: Executing transition open => closed...
[FINE] modbat.examples.NioSocket1-1: Executing transition closed => closed...
[FINE] modbat.examples.NioSocket1-1: Executing transition closed => closed...
[FINE] modbat.examples.NioSocket1-1: Executing transition closed => closed...
[FINE] modbat.examples.NioSocket1-1: Executing transition closed => closed...
[FINE] modbat.examples.NioSocket1-1: Executing transition closed => closed...
[FINE] modbat.examples.NioSocket1-1: Executing transition closed => closed...
[FINE] modbat.examples.NioSocket1-1: Executing transition closed => closed...
[FINE] modbat.examples.NioSocket1-1: Executing transition closed => err...
[FINE] java.nio.channels.ClosedChannelException generated as expected.
       2 402b73cd0066eaea
[FINE] Launching new model instance modbat.examples.NioSocket1-1...
[FINE] modbat.examples.NioSocket1-1: Executing transition reset => open...
[FINE] modbat.examples.NioSocket1-1: Executing transition open => maybeconnected...
[FINE] Precondition violated, backtracking to open.
[FINE] modbat.examples.NioSocket1-1: Executing transition open => err (1)...
[FINE] java.nio.channels.NoConnectionPendingException generated as expected.
       3 41530f4040856586
[FINE] Launching new model instance modbat.examples.NioSocket1-1...
[FINE] modbat.examples.NioSocket1-1: Executing transition reset => open...
[FINE] modbat.examples.NioSocket1-1: Executing transition open => maybeconnected...
[FINE] Precondition violated, backtracking to open.
[FINE] modbat.examples.NioSocket1-1: Executing transition open => err (1)...
[FINE] java.nio.channels.NoConnectionPendingException generated as expected.
       4  89a82931be29e65
[FINE] Launching new model instance modbat.examples.NioSocket1-1...
[FINE] modbat.examples.NioSocket1-1: Executing transition reset => open...
[FINE] modbat.examples.NioSocket1-1: Executing transition open => maybeconnected...
[FINE] Precondition violated, backtracking to open.
[FINE] modbat.examples.NioSocket1-1: Executing transition open => err (1)...
[FINE] java.nio.channels.NoConnectionPendingException generated as expected.
       5 49a846e52b813972
[FINE] Launching new model instance modbat.examples.NioSocket1-1...
[FINE] modbat.examples.NioSocket1-1: Executing transition reset => open...
[FINE] modbat.examples.NioSocket1-1: Executing transition open => connected...
       6 27fe2d950fc74b21, one test failed.
[FINE] Launching new model instance modbat.examples.NioSocket1-1...
[FINE] modbat.examples.NioSocket1-1: Executing transition reset => open...
[FINE] modbat.examples.NioSocket1-1: Executing transition open => maybeconnected...
[FINE] Precondition violated, backtracking to open.
[FINE] modbat.examples.NioSocket1-1: Executing transition open => connected...
       7 19b6aa1b14a29017, 2 tests failed.
[FINE] Launching new model instance modbat.examples.NioSocket1-1...
[FINE] modbat.examples.NioSocket1-1: Executing transition reset => open...
[FINE] modbat.examples.NioSocket1-1: Executing transition open => maybeconnected...
[FINE] Precondition violated, backtracking to open.
[FINE] modbat.examples.NioSocket1-1: Executing transition open => err (1)...
[FINE] java.nio.channels.NoConnectionPendingException generated as expected.
       8 5ff50ec9279365d2, 2 tests failed.
[FINE] Launching new model instance modbat.examples.NioSocket1-1...
[FINE] modbat.examples.NioSocket1-1: Executing transition reset => open...
[FINE] modbat.examples.NioSocket1-1: Executing transition open => maybeconnected...
[FINE] Precondition violated, backtracking to open.
[FINE] modbat.examples.NioSocket1-1: Executing transition open => connected...
       9  85780661bf76533, 3 tests failed.
[FINE] Launching new model instance modbat.examples.NioSocket1-1...
[FINE] modbat.examples.NioSocket1-1: Executing transition reset => open...
[FINE] modbat.examples.NioSocket1-1: Executing transition open => maybeconnected...
[FINE] Precondition violated, backtracking to open.
[FINE] modbat.examples.NioSocket1-1: Executing transition open => err (1)...
[FINE] java.nio.channels.NoConnectionPendingException generated as expected.
      10 486e122d1bcbade7, 3 tests failed.
[FINE] Launching new model instance modbat.examples.NioSocket1-1...
[FINE] modbat.examples.NioSocket1-1: Executing transition reset => open...
[FINE] modbat.examples.NioSocket1-1: Executing transition open => open...
[FINE] modbat.examples.NioSocket1-1: Executing transition open => err (1)...
[FINE] java.nio.channels.NoConnectionPendingException generated as expected.
      11  a410ce32fc39dfb, 3 tests failed.
[FINE] Launching new model instance modbat.examples.NioSocket1-1...
[FINE] modbat.examples.NioSocket1-1: Executing transition reset => open...
[FINE] modbat.examples.NioSocket1-1: Executing transition open => maybeconnected...
[FINE] Precondition violated, backtracking to open.
[FINE] modbat.examples.NioSocket1-1: Executing transition open => connected...
      12  745035c2b643033, 4 tests failed.
[FINE] Launching new model instance modbat.examples.NioSocket1-1...
[FINE] modbat.examples.NioSocket1-1: Executing transition reset => open...
[FINE] modbat.examples.NioSocket1-1: Executing transition open => err (1)...
[FINE] java.nio.channels.NoConnectionPendingException generated as expected.
      13  1e528010d3d2d54, 4 tests failed.
[FINE] Launching new model instance modbat.examples.NioSocket1-1...
[FINE] modbat.examples.NioSocket1-1: Executing transition reset => open...
[FINE] modbat.examples.NioSocket1-1: Executing transition open => maybeconnected...
[FINE] Precondition violated, backtracking to open.
[FINE] modbat.examples.NioSocket1-1: Executing transition open => err (1)...
[FINE] java.nio.channels.NoConnectionPendingException generated as expected.
      14 1690fa4e0c732f7d, 4 tests failed.
[FINE] Launching new model instance modbat.examples.NioSocket1-1...
[FINE] modbat.examples.NioSocket1-1: Executing transition reset => open...
[FINE] modbat.examples.NioSocket1-1: Executing transition open => open...
[FINE] modbat.examples.NioSocket1-1: Executing transition open => err (1)...
[FINE] java.nio.channels.NoConnectionPendingException generated as expected.
      15 8d32a08e0d0b1183, 4 tests failed.
[FINE] Launching new model instance modbat.examples.NioSocket1-1...
[FINE] modbat.examples.NioSocket1-1: Executing transition reset => open...
[FINE] modbat.examples.NioSocket1-1: Executing transition open => connected...
      16 5a92477004cf57fb, 5 tests failed.
[FINE] Launching new model instance modbat.examples.NioSocket1-1...
[FINE] modbat.examples.NioSocket1-1: Executing transition reset => open...
[FINE] modbat.examples.NioSocket1-1: Executing transition open => err (1)...
[FINE] java.nio.channels.NoConnectionPendingException generated as expected.
      17 284ca782182a253f, 5 tests failed.
[FINE] Launching new model instance modbat.examples.NioSocket1-1...
[FINE] modbat.examples.NioSocket1-1: Executing transition reset => open...
[FINE] modbat.examples.NioSocket1-1: Executing transition open => closed...
[FINE] modbat.examples.NioSocket1-1: Executing transition closed => err...
[FINE] java.nio.channels.ClosedChannelException generated as expected.
      18 5e7dfc9e0a3af5da, 5 tests failed.
[FINE] Launching new model instance modbat.examples.NioSocket1-1...
[FINE] modbat.examples.NioSocket1-1: Executing transition reset => open...
[FINE] modbat.examples.NioSocket1-1: Executing transition open => err (1)...
[FINE] java.nio.channels.NoConnectionPendingException generated as expected.
      19 8e80db4b43867a5a, 5 tests failed.
[FINE] Launching new model instance modbat.examples.NioSocket1-1...
[FINE] modbat.examples.NioSocket1-1: Executing transition reset => open...
[FINE] modbat.examples.NioSocket1-1: Executing transition open => err (1)...
[FINE] java.nio.channels.NoConnectionPendingException generated as expected.
      20 7bb4b043219b1ba6, 5 tests failed.
[FINE] Launching new model instance modbat.examples.NioSocket1-1...
[FINE] modbat.examples.NioSocket1-1: Executing transition reset => open...
[FINE] modbat.examples.NioSocket1-1: Executing transition open => err (1)...
[FINE] java.nio.channels.NoConnectionPendingException generated as expected.
[INFO] 20 tests executed, 15 ok, 5 failed.
[INFO] One type of test failure:
[INFO] 1) java.net.ConnectException: Connection refused at connect
[INFO]    49a846e52b813972 27fe2d950fc74b21 5ff50ec9279365d2 a410ce32fc39dfb 8d32a08e0d0b1183
[INFO] 4 states covered (66 % out of 6),
[INFO] 6 transitions covered (30 % out of 20).
[INFO] Precondition 1 always passed at transition modbat/examples/NioSocket1.scala:82 connect
[INFO] Precondition 1 always failed at transition modbat/examples/NioSocket1.scala:86 connect
[INFO] Random seed for next test would be: 636e772f0798297b
