       1 3ba471c1785a0175
       2 402b73cd0066eaea
       3 41530f4040856586
       4  89a82931be29e65
       5 49a846e52b813972
       6 27fe2d950fc74b21
       7 19b6aa1b14a29017
       8 5ff50ec9279365d2
       9  85780661bf76533
      10 486e122d1bcbade7
      11  a410ce32fc39dfb
      12  745035c2b643033
      13  1e528010d3d2d54
      14 1690fa4e0c732f7d
      15 8d32a08e0d0b1183
      16 5a92477004cf57fb
      17 284ca782182a253f
      18 5e7dfc9e0a3af5da
      19 8e80db4b43867a5a
      20 7bb4b043219b1ba6
      21 636e772f0798297b
      22 433bb5b50b64a008
      23 66809a782bf43de4
      24 572341b810ffdb34
      25 2512cb9b3c34c93f
      26 72dad7a5374659e4
      27 79a5b58718b0a686
      28 6666de042dbcc690
      29 7d3db60a36899abc
      30 66b0c7572a7ff949
      31 7073195f4478074f
      32  e50486a02022728
      33 28d961ca0ac12e82
      34 3729e4b30cc61f61
      35 8102b494089e6116
      36 65ddd1b61aaa637e
      37 764cc9831b53a60a
      38 71accd072d9aba73
      39 73a8798b3335e38a
      40 44907dab3e7f0a55
      41 46e3ffb302d6b70f
      42 903dd74e32475186
      43 7974bf3b16645027
      44 6be018a71603cc94
      45  de8785f38307c43
      46 43e6dcdf22215f20
      47 7c984b5d1a209c21
      48 2a83b5bd2ae1ea70
      49 6685050840640de1
      50  2d6f6cd03d01cb4
[INFO] 15 paths executed.
[INFO] 50 tests executed, 50 ok, 0 failed.
[INFO] 6 states covered (100 % out of 6),
[INFO] 13 transitions covered (65 % out of 20).
[INFO] Precondition 1 always passed at transition modbat/examples/NioSocket1.scala:82 connect
[INFO] Random seed for next test would be: 8b388ceb07e23410
